Mon Jul 19 21:48:15 Saved as file BACKUP1.MAX
Mon Jul 19 21:58:45 Saved as file BACKUP1.MAX
Mon Jul 19 22:09:15 Saved as file BACKUP1.MAX
Mon Jul 19 22:19:45 Saved as file BACKUP1.MAX
Mon Jul 19 22:30:15 Saved as file BACKUP1.MAX
Mon Jul 19 22:40:45 Saved as file BACKUP1.MAX
Mon Jul 19 22:51:15 Saved as file BACKUP1.MAX
Tue Jul 20 06:12:30 Saved as file BACKUP1.MAX
Tue Jul 20 06:12:36 Error code 0034.912 (266)
Tue Jul 20 06:12:36 Saved as file Backup0.max
Tue Jul 20 06:12:36 Windows which were open at time of error:
Tue Jul 20 06:12:36 	ActiveWindow: &Route
Tue Jul 20 06:12:36 	Icon: &Components
Tue Jul 20 06:12:36 	Icon: &Nets
Tue Jul 20 06:12:36 	Icon: Post Proces&s
Tue Jul 20 06:12:36 End-of-list
Tue Jul 20 06:12:36 Error code 0034.912 (266)
Sat Aug 14 11:36:34 Saved as file D:\SKEMAL~1\SENSOR~1.MAX
Sat Aug 14 11:40:59 Saved as file D:\SKEMAL~1\HBRIDG~1.MAX
Sat Aug 14 11:41:07 Saved as file D:\SKEMAL~1\HBRIDG~1.MAX
Sat Aug 14 11:41:09 Saved as file D:\SKEMAL~1\HBRIDG~1.MAX
Mon Aug 16 13:13:55 Saved as file BACKUP1.MAX
Mon Aug 16 13:24:25 Saved as file BACKUP1.MAX
Mon Aug 16 13:34:55 Saved as file BACKUP1.MAX
Mon Aug 16 13:45:25 Saved as file BACKUP1.MAX
Mon Aug 16 13:55:55 Saved as file BACKUP1.MAX
Mon Aug 16 14:06:25 Saved as file BACKUP1.MAX
Mon Aug 16 14:16:55 Saved as file BACKUP1.MAX
Mon Aug 16 14:27:25 Saved as file BACKUP1.MAX
Mon Aug 16 14:37:55 Saved as file BACKUP1.MAX
Mon Aug 16 14:48:25 Saved as file BACKUP1.MAX
Mon Aug 16 14:58:55 Saved as file BACKUP1.MAX
Mon Aug 16 15:09:25 Saved as file BACKUP1.MAX
Mon Aug 16 15:19:55 Saved as file BACKUP1.MAX
Mon Aug 16 15:30:25 Saved as file BACKUP1.MAX
Mon Aug 16 15:40:55 Saved as file BACKUP1.MAX
Mon Aug 16 15:51:25 Saved as file BACKUP1.MAX
Tue Dec 14 13:53:51 Saved as file BACKUP1.MAX
Tue Dec 14 14:04:21 Saved as file BACKUP1.MAX
Tue Dec 14 14:14:51 Saved as file BACKUP1.MAX
Tue Dec 14 14:25:21 Saved as file BACKUP1.MAX
Thu Jan 22 00:58:43 Saved as file BACKUP1.MAX
Thu Jan 22 01:09:13 Saved as file BACKUP1.MAX
Thu Jan 22 01:19:43 Saved as file BACKUP1.MAX
Fri Jan 23 12:26:59 Loaded file C:\Program Files\OrCAD\Layout_Plus\data\template.imp
Fri Jan 23 12:26:59 Loaded file C:\Program Files\OrCAD\Layout_Plus\data\template.imp
Fri Jan 23 12:27:01 Loaded file C:\Program Files\OrCAD\Layout_Plus\library\CLCC.llb
Fri Jan 23 12:27:03 Loaded file C:\Program Files\OrCAD\Layout_Plus\data\template.imp
Fri Jan 23 18:24:44 Saved as file BACKUP1.MAX
Fri Jan 23 18:35:14 Saved as file BACKUP1.MAX
Fri Jan 23 18:45:44 Saved as file BACKUP1.MAX
Fri Jan 23 18:56:14 Saved as file BACKUP1.MAX
Fri Jan 23 19:06:44 Saved as file BACKUP1.MAX
Fri Jan 23 19:17:14 Saved as file BACKUP1.MAX
Fri Jan 23 19:27:44 Saved as file BACKUP1.MAX
