
AVRASM ver. 2.1.30  D:\Punya Koko\LPKTA\USART string\master.asm Thu Oct 06 04:33:55 2011

D:\Punya Koko\LPKTA\USART string\master.asm(1059): warning: Register r5 already defined by the .DEF directive
D:\Punya Koko\LPKTA\USART string\master.asm(1060): warning: Register r4 already defined by the .DEF directive
D:\Punya Koko\LPKTA\USART string\master.asm(1061): warning: Register r7 already defined by the .DEF directive
D:\Punya Koko\LPKTA\USART string\master.asm(1062): warning: Register r6 already defined by the .DEF directive
D:\Punya Koko\LPKTA\USART string\master.asm(1063): warning: Register r9 already defined by the .DEF directive
D:\Punya Koko\LPKTA\USART string\master.asm(1064): warning: Register r8 already defined by the .DEF directive
D:\Punya Koko\LPKTA\USART string\master.asm(1065): warning: Register r10 already defined by the .DEF directive
D:\Punya Koko\LPKTA\USART string\master.asm(1066): warning: Register r12 already defined by the .DEF directive
                 
                 
                 ;CodeVisionAVR C Compiler V2.05.0 Professional
                 ;(C) Copyright 1998-2010 Pavel Haiduc, HP InfoTech s.r.l.
                 ;http://www.hpinfotech.com
                 
                 ;Chip type                : ATmega32
                 ;Program type             : Application
                 ;Clock frequency          : 12.000000 MHz
                 ;Memory model             : Small
                 ;Optimize for             : Size
                 ;(s)printf features       : int, width
                 ;(s)scanf features        : int, width
                 ;External RAM size        : 0
                 ;Data Stack size          : 512 byte(s)
                 ;Heap size                : 0 byte(s)
                 ;Promote 'char' to 'int'  : No
                 ;'char' is unsigned       : Yes
                 ;8 bit enums              : Yes
                 ;global 'const' stored in FLASH: No
                 ;Enhanced core instructions    : On
                 ;Smart register allocation     : On
                 ;Automatic register allocation : On
                 
                 	#pragma AVRPART ADMIN PART_NAME ATmega32
                 	#pragma AVRPART MEMORY PROG_FLASH 32768
                 	#pragma AVRPART MEMORY EEPROM 1024
                 	#pragma AVRPART MEMORY INT_SRAM SIZE 2143
                 	#pragma AVRPART MEMORY INT_SRAM START_ADDR 0x60
                 
                 	#define CALL_SUPPORTED 1
                 
                 	.LISTMAC
                 	.EQU UDRE=0x5
                 	.EQU RXC=0x7
                 	.EQU USR=0xB
                 	.EQU UDR=0xC
                 	.EQU SPSR=0xE
                 	.EQU SPDR=0xF
                 	.EQU EERE=0x0
                 	.EQU EEWE=0x1
                 	.EQU EEMWE=0x2
                 	.EQU EECR=0x1C
                 	.EQU EEDR=0x1D
                 	.EQU EEARL=0x1E
                 	.EQU EEARH=0x1F
                 	.EQU WDTCR=0x21
                 	.EQU MCUCR=0x35
                 	.EQU GICR=0x3B
                 	.EQU SPL=0x3D
                 	.EQU SPH=0x3E
                 	.EQU SREG=0x3F
                 
                 	.DEF R0X0=R0
                 	.DEF R0X1=R1
                 	.DEF R0X2=R2
                 	.DEF R0X3=R3
                 	.DEF R0X4=R4
                 	.DEF R0X5=R5
                 	.DEF R0X6=R6
                 	.DEF R0X7=R7
                 	.DEF R0X8=R8
                 	.DEF R0X9=R9
                 	.DEF R0XA=R10
                 	.DEF R0XB=R11
                 	.DEF R0XC=R12
                 	.DEF R0XD=R13
                 	.DEF R0XE=R14
                 	.DEF R0XF=R15
                 	.DEF R0X10=R16
                 	.DEF R0X11=R17
                 	.DEF R0X12=R18
                 	.DEF R0X13=R19
                 	.DEF R0X14=R20
                 	.DEF R0X15=R21
                 	.DEF R0X16=R22
                 	.DEF R0X17=R23
                 	.DEF R0X18=R24
                 	.DEF R0X19=R25
                 	.DEF R0X1A=R26
                 	.DEF R0X1B=R27
                 	.DEF R0X1C=R28
                 	.DEF R0X1D=R29
                 	.DEF R0X1E=R30
                 	.DEF R0X1F=R31
                 
                 	.EQU __SRAM_START=0x0060
                 	.EQU __SRAM_END=0x085F
                 	.EQU __DSTACK_SIZE=0x0200
                 	.EQU __HEAP_SIZE=0x0000
                 	.EQU __CLEAR_SRAM_SIZE=__SRAM_END-__SRAM_START+1
                 
                 	.MACRO __CPD1N
                 	CPI  R30,LOW(@0)
                 	LDI  R26,HIGH(@0)
                 	CPC  R31,R26
                 	LDI  R26,BYTE3(@0)
                 	CPC  R22,R26
                 	LDI  R26,BYTE4(@0)
                 	CPC  R23,R26
                 	.ENDM
                 
                 	.MACRO __CPD2N
                 	CPI  R26,LOW(@0)
                 	LDI  R30,HIGH(@0)
                 	CPC  R27,R30
                 	LDI  R30,BYTE3(@0)
                 	CPC  R24,R30
                 	LDI  R30,BYTE4(@0)
                 	CPC  R25,R30
                 	.ENDM
                 
                 	.MACRO __CPWRR
                 	CP   R@0,R@2
                 	CPC  R@1,R@3
                 	.ENDM
                 
                 	.MACRO __CPWRN
                 	CPI  R@0,LOW(@2)
                 	LDI  R30,HIGH(@2)
                 	CPC  R@1,R30
                 	.ENDM
                 
                 	.MACRO __ADDB1MN
                 	SUBI R30,LOW(-@0-(@1))
                 	.ENDM
                 
                 	.MACRO __ADDB2MN
                 	SUBI R26,LOW(-@0-(@1))
                 	.ENDM
                 
                 	.MACRO __ADDW1MN
                 	SUBI R30,LOW(-@0-(@1))
                 	SBCI R31,HIGH(-@0-(@1))
                 	.ENDM
                 
                 	.MACRO __ADDW2MN
                 	SUBI R26,LOW(-@0-(@1))
                 	SBCI R27,HIGH(-@0-(@1))
                 	.ENDM
                 
                 	.MACRO __ADDW1FN
                 	SUBI R30,LOW(-2*@0-(@1))
                 	SBCI R31,HIGH(-2*@0-(@1))
                 	.ENDM
                 
                 	.MACRO __ADDD1FN
                 	SUBI R30,LOW(-2*@0-(@1))
                 	SBCI R31,HIGH(-2*@0-(@1))
                 	SBCI R22,BYTE3(-2*@0-(@1))
                 	.ENDM
                 
                 	.MACRO __ADDD1N
                 	SUBI R30,LOW(-@0)
                 	SBCI R31,HIGH(-@0)
                 	SBCI R22,BYTE3(-@0)
                 	SBCI R23,BYTE4(-@0)
                 	.ENDM
                 
                 	.MACRO __ADDD2N
                 	SUBI R26,LOW(-@0)
                 	SBCI R27,HIGH(-@0)
                 	SBCI R24,BYTE3(-@0)
                 	SBCI R25,BYTE4(-@0)
                 	.ENDM
                 
                 	.MACRO __SUBD1N
                 	SUBI R30,LOW(@0)
                 	SBCI R31,HIGH(@0)
                 	SBCI R22,BYTE3(@0)
                 	SBCI R23,BYTE4(@0)
                 	.ENDM
                 
                 	.MACRO __SUBD2N
                 	SUBI R26,LOW(@0)
                 	SBCI R27,HIGH(@0)
                 	SBCI R24,BYTE3(@0)
                 	SBCI R25,BYTE4(@0)
                 	.ENDM
                 
                 	.MACRO __ANDBMNN
                 	LDS  R30,@0+(@1)
                 	ANDI R30,LOW(@2)
                 	STS  @0+(@1),R30
                 	.ENDM
                 
                 	.MACRO __ANDWMNN
                 	LDS  R30,@0+(@1)
                 	ANDI R30,LOW(@2)
                 	STS  @0+(@1),R30
                 	LDS  R30,@0+(@1)+1
                 	ANDI R30,HIGH(@2)
                 	STS  @0+(@1)+1,R30
                 	.ENDM
                 
                 	.MACRO __ANDD1N
                 	ANDI R30,LOW(@0)
                 	ANDI R31,HIGH(@0)
                 	ANDI R22,BYTE3(@0)
                 	ANDI R23,BYTE4(@0)
                 	.ENDM
                 
                 	.MACRO __ANDD2N
                 	ANDI R26,LOW(@0)
                 	ANDI R27,HIGH(@0)
                 	ANDI R24,BYTE3(@0)
                 	ANDI R25,BYTE4(@0)
                 	.ENDM
                 
                 	.MACRO __ORBMNN
                 	LDS  R30,@0+(@1)
                 	ORI  R30,LOW(@2)
                 	STS  @0+(@1),R30
                 	.ENDM
                 
                 	.MACRO __ORWMNN
                 	LDS  R30,@0+(@1)
                 	ORI  R30,LOW(@2)
                 	STS  @0+(@1),R30
                 	LDS  R30,@0+(@1)+1
                 	ORI  R30,HIGH(@2)
                 	STS  @0+(@1)+1,R30
                 	.ENDM
                 
                 	.MACRO __ORD1N
                 	ORI  R30,LOW(@0)
                 	ORI  R31,HIGH(@0)
                 	ORI  R22,BYTE3(@0)
                 	ORI  R23,BYTE4(@0)
                 	.ENDM
                 
                 	.MACRO __ORD2N
                 	ORI  R26,LOW(@0)
                 	ORI  R27,HIGH(@0)
                 	ORI  R24,BYTE3(@0)
                 	ORI  R25,BYTE4(@0)
                 	.ENDM
                 
                 	.MACRO __DELAY_USB
                 	LDI  R24,LOW(@0)
                 __DELAY_USB_LOOP:
                 	DEC  R24
                 	BRNE __DELAY_USB_LOOP
                 	.ENDM
                 
                 	.MACRO __DELAY_USW
                 	LDI  R24,LOW(@0)
                 	LDI  R25,HIGH(@0)
                 __DELAY_USW_LOOP:
                 	SBIW R24,1
                 	BRNE __DELAY_USW_LOOP
                 	.ENDM
                 
                 	.MACRO __GETD1S
                 	LDD  R30,Y+@0
                 	LDD  R31,Y+@0+1
                 	LDD  R22,Y+@0+2
                 	LDD  R23,Y+@0+3
                 	.ENDM
                 
                 	.MACRO __GETD2S
                 	LDD  R26,Y+@0
                 	LDD  R27,Y+@0+1
                 	LDD  R24,Y+@0+2
                 	LDD  R25,Y+@0+3
                 	.ENDM
                 
                 	.MACRO __PUTD1S
                 	STD  Y+@0,R30
                 	STD  Y+@0+1,R31
                 	STD  Y+@0+2,R22
                 	STD  Y+@0+3,R23
                 	.ENDM
                 
                 	.MACRO __PUTD2S
                 	STD  Y+@0,R26
                 	STD  Y+@0+1,R27
                 	STD  Y+@0+2,R24
                 	STD  Y+@0+3,R25
                 	.ENDM
                 
                 	.MACRO __PUTDZ2
                 	STD  Z+@0,R26
                 	STD  Z+@0+1,R27
                 	STD  Z+@0+2,R24
                 	STD  Z+@0+3,R25
                 	.ENDM
                 
                 	.MACRO __CLRD1S
                 	STD  Y+@0,R30
                 	STD  Y+@0+1,R30
                 	STD  Y+@0+2,R30
                 	STD  Y+@0+3,R30
                 	.ENDM
                 
                 	.MACRO __POINTB1MN
                 	LDI  R30,LOW(@0+(@1))
                 	.ENDM
                 
                 	.MACRO __POINTW1MN
                 	LDI  R30,LOW(@0+(@1))
                 	LDI  R31,HIGH(@0+(@1))
                 	.ENDM
                 
                 	.MACRO __POINTD1M
                 	LDI  R30,LOW(@0)
                 	LDI  R31,HIGH(@0)
                 	LDI  R22,BYTE3(@0)
                 	LDI  R23,BYTE4(@0)
                 	.ENDM
                 
                 	.MACRO __POINTW1FN
                 	LDI  R30,LOW(2*@0+(@1))
                 	LDI  R31,HIGH(2*@0+(@1))
                 	.ENDM
                 
                 	.MACRO __POINTD1FN
                 	LDI  R30,LOW(2*@0+(@1))
                 	LDI  R31,HIGH(2*@0+(@1))
                 	LDI  R22,BYTE3(2*@0+(@1))
                 	LDI  R23,BYTE4(2*@0+(@1))
                 	.ENDM
                 
                 	.MACRO __POINTB2MN
                 	LDI  R26,LOW(@0+(@1))
                 	.ENDM
                 
                 	.MACRO __POINTW2MN
                 	LDI  R26,LOW(@0+(@1))
                 	LDI  R27,HIGH(@0+(@1))
                 	.ENDM
                 
                 	.MACRO __POINTBRM
                 	LDI  R@0,LOW(@1)
                 	.ENDM
                 
                 	.MACRO __POINTWRM
                 	LDI  R@0,LOW(@2)
                 	LDI  R@1,HIGH(@2)
                 	.ENDM
                 
                 	.MACRO __POINTBRMN
                 	LDI  R@0,LOW(@1+(@2))
                 	.ENDM
                 
                 	.MACRO __POINTWRMN
                 	LDI  R@0,LOW(@2+(@3))
                 	LDI  R@1,HIGH(@2+(@3))
                 	.ENDM
                 
                 	.MACRO __POINTWRFN
                 	LDI  R@0,LOW(@2*2+(@3))
                 	LDI  R@1,HIGH(@2*2+(@3))
                 	.ENDM
                 
                 	.MACRO __GETD1N
                 	LDI  R30,LOW(@0)
                 	LDI  R31,HIGH(@0)
                 	LDI  R22,BYTE3(@0)
                 	LDI  R23,BYTE4(@0)
                 	.ENDM
                 
                 	.MACRO __GETD2N
                 	LDI  R26,LOW(@0)
                 	LDI  R27,HIGH(@0)
                 	LDI  R24,BYTE3(@0)
                 	LDI  R25,BYTE4(@0)
                 	.ENDM
                 
                 	.MACRO __GETB1MN
                 	LDS  R30,@0+(@1)
                 	.ENDM
                 
                 	.MACRO __GETB1HMN
                 	LDS  R31,@0+(@1)
                 	.ENDM
                 
                 	.MACRO __GETW1MN
                 	LDS  R30,@0+(@1)
                 	LDS  R31,@0+(@1)+1
                 	.ENDM
                 
                 	.MACRO __GETD1MN
                 	LDS  R30,@0+(@1)
                 	LDS  R31,@0+(@1)+1
                 	LDS  R22,@0+(@1)+2
                 	LDS  R23,@0+(@1)+3
                 	.ENDM
                 
                 	.MACRO __GETBRMN
                 	LDS  R@0,@1+(@2)
                 	.ENDM
                 
                 	.MACRO __GETWRMN
                 	LDS  R@0,@2+(@3)
                 	LDS  R@1,@2+(@3)+1
                 	.ENDM
                 
                 	.MACRO __GETWRZ
                 	LDD  R@0,Z+@2
                 	LDD  R@1,Z+@2+1
                 	.ENDM
                 
                 	.MACRO __GETD2Z
                 	LDD  R26,Z+@0
                 	LDD  R27,Z+@0+1
                 	LDD  R24,Z+@0+2
                 	LDD  R25,Z+@0+3
                 	.ENDM
                 
                 	.MACRO __GETB2MN
                 	LDS  R26,@0+(@1)
                 	.ENDM
                 
                 	.MACRO __GETW2MN
                 	LDS  R26,@0+(@1)
                 	LDS  R27,@0+(@1)+1
                 	.ENDM
                 
                 	.MACRO __GETD2MN
                 	LDS  R26,@0+(@1)
                 	LDS  R27,@0+(@1)+1
                 	LDS  R24,@0+(@1)+2
                 	LDS  R25,@0+(@1)+3
                 	.ENDM
                 
                 	.MACRO __PUTB1MN
                 	STS  @0+(@1),R30
                 	.ENDM
                 
                 	.MACRO __PUTW1MN
                 	STS  @0+(@1),R30
                 	STS  @0+(@1)+1,R31
                 	.ENDM
                 
                 	.MACRO __PUTD1MN
                 	STS  @0+(@1),R30
                 	STS  @0+(@1)+1,R31
                 	STS  @0+(@1)+2,R22
                 	STS  @0+(@1)+3,R23
                 	.ENDM
                 
                 	.MACRO __PUTB1EN
                 	LDI  R26,LOW(@0+(@1))
                 	LDI  R27,HIGH(@0+(@1))
                 	CALL __EEPROMWRB
                 	.ENDM
                 
                 	.MACRO __PUTW1EN
                 	LDI  R26,LOW(@0+(@1))
                 	LDI  R27,HIGH(@0+(@1))
                 	CALL __EEPROMWRW
                 	.ENDM
                 
                 	.MACRO __PUTD1EN
                 	LDI  R26,LOW(@0+(@1))
                 	LDI  R27,HIGH(@0+(@1))
                 	CALL __EEPROMWRD
                 	.ENDM
                 
                 	.MACRO __PUTBR0MN
                 	STS  @0+(@1),R0
                 	.ENDM
                 
                 	.MACRO __PUTBMRN
                 	STS  @0+(@1),R@2
                 	.ENDM
                 
                 	.MACRO __PUTWMRN
                 	STS  @0+(@1),R@2
                 	STS  @0+(@1)+1,R@3
                 	.ENDM
                 
                 	.MACRO __PUTBZR
                 	STD  Z+@1,R@0
                 	.ENDM
                 
                 	.MACRO __PUTWZR
                 	STD  Z+@2,R@0
                 	STD  Z+@2+1,R@1
                 	.ENDM
                 
                 	.MACRO __GETW1R
                 	MOV  R30,R@0
                 	MOV  R31,R@1
                 	.ENDM
                 
                 	.MACRO __GETW2R
                 	MOV  R26,R@0
                 	MOV  R27,R@1
                 	.ENDM
                 
                 	.MACRO __GETWRN
                 	LDI  R@0,LOW(@2)
                 	LDI  R@1,HIGH(@2)
                 	.ENDM
                 
                 	.MACRO __PUTW1R
                 	MOV  R@0,R30
                 	MOV  R@1,R31
                 	.ENDM
                 
                 	.MACRO __PUTW2R
                 	MOV  R@0,R26
                 	MOV  R@1,R27
                 	.ENDM
                 
                 	.MACRO __ADDWRN
                 	SUBI R@0,LOW(-@2)
                 	SBCI R@1,HIGH(-@2)
                 	.ENDM
                 
                 	.MACRO __ADDWRR
                 	ADD  R@0,R@2
                 	ADC  R@1,R@3
                 	.ENDM
                 
                 	.MACRO __SUBWRN
                 	SUBI R@0,LOW(@2)
                 	SBCI R@1,HIGH(@2)
                 	.ENDM
                 
                 	.MACRO __SUBWRR
                 	SUB  R@0,R@2
                 	SBC  R@1,R@3
                 	.ENDM
                 
                 	.MACRO __ANDWRN
                 	ANDI R@0,LOW(@2)
                 	ANDI R@1,HIGH(@2)
                 	.ENDM
                 
                 	.MACRO __ANDWRR
                 	AND  R@0,R@2
                 	AND  R@1,R@3
                 	.ENDM
                 
                 	.MACRO __ORWRN
                 	ORI  R@0,LOW(@2)
                 	ORI  R@1,HIGH(@2)
                 	.ENDM
                 
                 	.MACRO __ORWRR
                 	OR   R@0,R@2
                 	OR   R@1,R@3
                 	.ENDM
                 
                 	.MACRO __EORWRR
                 	EOR  R@0,R@2
                 	EOR  R@1,R@3
                 	.ENDM
                 
                 	.MACRO __GETWRS
                 	LDD  R@0,Y+@2
                 	LDD  R@1,Y+@2+1
                 	.ENDM
                 
                 	.MACRO __PUTBSR
                 	STD  Y+@1,R@0
                 	.ENDM
                 
                 	.MACRO __PUTWSR
                 	STD  Y+@2,R@0
                 	STD  Y+@2+1,R@1
                 	.ENDM
                 
                 	.MACRO __MOVEWRR
                 	MOV  R@0,R@2
                 	MOV  R@1,R@3
                 	.ENDM
                 
                 	.MACRO __INWR
                 	IN   R@0,@2
                 	IN   R@1,@2+1
                 	.ENDM
                 
                 	.MACRO __OUTWR
                 	OUT  @2+1,R@1
                 	OUT  @2,R@0
                 	.ENDM
                 
                 	.MACRO __CALL1MN
                 	LDS  R30,@0+(@1)
                 	LDS  R31,@0+(@1)+1
                 	ICALL
                 	.ENDM
                 
                 	.MACRO __CALL1FN
                 	LDI  R30,LOW(2*@0+(@1))
                 	LDI  R31,HIGH(2*@0+(@1))
                 	CALL __GETW1PF
                 	ICALL
                 	.ENDM
                 
                 	.MACRO __CALL2EN
                 	LDI  R26,LOW(@0+(@1))
                 	LDI  R27,HIGH(@0+(@1))
                 	CALL __EEPROMRDW
                 	ICALL
                 	.ENDM
                 
                 	.MACRO __GETW1STACK
                 	IN   R26,SPL
                 	IN   R27,SPH
                 	ADIW R26,@0+1
                 	LD   R30,X+
                 	LD   R31,X
                 	.ENDM
                 
                 	.MACRO __GETD1STACK
                 	IN   R26,SPL
                 	IN   R27,SPH
                 	ADIW R26,@0+1
                 	LD   R30,X+
                 	LD   R31,X+
                 	LD   R22,X
                 	.ENDM
                 
                 	.MACRO __NBST
                 	BST  R@0,@1
                 	IN   R30,SREG
                 	LDI  R31,0x40
                 	EOR  R30,R31
                 	OUT  SREG,R30
                 	.ENDM
                 
                 
                 	.MACRO __PUTB1SN
                 	LDD  R26,Y+@0
                 	LDD  R27,Y+@0+1
                 	SUBI R26,LOW(-@1)
                 	SBCI R27,HIGH(-@1)
                 	ST   X,R30
                 	.ENDM
                 
                 	.MACRO __PUTW1SN
                 	LDD  R26,Y+@0
                 	LDD  R27,Y+@0+1
                 	SUBI R26,LOW(-@1)
                 	SBCI R27,HIGH(-@1)
                 	ST   X+,R30
                 	ST   X,R31
                 	.ENDM
                 
                 	.MACRO __PUTD1SN
                 	LDD  R26,Y+@0
                 	LDD  R27,Y+@0+1
                 	SUBI R26,LOW(-@1)
                 	SBCI R27,HIGH(-@1)
                 	CALL __PUTDP1
                 	.ENDM
                 
                 	.MACRO __PUTB1SNS
                 	LDD  R26,Y+@0
                 	LDD  R27,Y+@0+1
                 	ADIW R26,@1
                 	ST   X,R30
                 	.ENDM
                 
                 	.MACRO __PUTW1SNS
                 	LDD  R26,Y+@0
                 	LDD  R27,Y+@0+1
                 	ADIW R26,@1
                 	ST   X+,R30
                 	ST   X,R31
                 	.ENDM
                 
                 	.MACRO __PUTD1SNS
                 	LDD  R26,Y+@0
                 	LDD  R27,Y+@0+1
                 	ADIW R26,@1
                 	CALL __PUTDP1
                 	.ENDM
                 
                 	.MACRO __PUTB1PMN
                 	LDS  R26,@0
                 	LDS  R27,@0+1
                 	SUBI R26,LOW(-@1)
                 	SBCI R27,HIGH(-@1)
                 	ST   X,R30
                 	.ENDM
                 
                 	.MACRO __PUTW1PMN
                 	LDS  R26,@0
                 	LDS  R27,@0+1
                 	SUBI R26,LOW(-@1)
                 	SBCI R27,HIGH(-@1)
                 	ST   X+,R30
                 	ST   X,R31
                 	.ENDM
                 
                 	.MACRO __PUTD1PMN
                 	LDS  R26,@0
                 	LDS  R27,@0+1
                 	SUBI R26,LOW(-@1)
                 	SBCI R27,HIGH(-@1)
                 	CALL __PUTDP1
                 	.ENDM
                 
                 	.MACRO __PUTB1PMNS
                 	LDS  R26,@0
                 	LDS  R27,@0+1
                 	ADIW R26,@1
                 	ST   X,R30
                 	.ENDM
                 
                 	.MACRO __PUTW1PMNS
                 	LDS  R26,@0
                 	LDS  R27,@0+1
                 	ADIW R26,@1
                 	ST   X+,R30
                 	ST   X,R31
                 	.ENDM
                 
                 	.MACRO __PUTD1PMNS
                 	LDS  R26,@0
                 	LDS  R27,@0+1
                 	ADIW R26,@1
                 	CALL __PUTDP1
                 	.ENDM
                 
                 	.MACRO __PUTB1RN
                 	MOVW R26,R@0
                 	SUBI R26,LOW(-@1)
                 	SBCI R27,HIGH(-@1)
                 	ST   X,R30
                 	.ENDM
                 
                 	.MACRO __PUTW1RN
                 	MOVW R26,R@0
                 	SUBI R26,LOW(-@1)
                 	SBCI R27,HIGH(-@1)
                 	ST   X+,R30
                 	ST   X,R31
                 	.ENDM
                 
                 	.MACRO __PUTD1RN
                 	MOVW R26,R@0
                 	SUBI R26,LOW(-@1)
                 	SBCI R27,HIGH(-@1)
                 	CALL __PUTDP1
                 	.ENDM
                 
                 	.MACRO __PUTB1RNS
                 	MOVW R26,R@0
                 	ADIW R26,@1
                 	ST   X,R30
                 	.ENDM
                 
                 	.MACRO __PUTW1RNS
                 	MOVW R26,R@0
                 	ADIW R26,@1
                 	ST   X+,R30
                 	ST   X,R31
                 	.ENDM
                 
                 	.MACRO __PUTD1RNS
                 	MOVW R26,R@0
                 	ADIW R26,@1
                 	CALL __PUTDP1
                 	.ENDM
                 
                 	.MACRO __PUTB1RON
                 	MOV  R26,R@0
                 	MOV  R27,R@1
                 	SUBI R26,LOW(-@2)
                 	SBCI R27,HIGH(-@2)
                 	ST   X,R30
                 	.ENDM
                 
                 	.MACRO __PUTW1RON
                 	MOV  R26,R@0
                 	MOV  R27,R@1
                 	SUBI R26,LOW(-@2)
                 	SBCI R27,HIGH(-@2)
                 	ST   X+,R30
                 	ST   X,R31
                 	.ENDM
                 
                 	.MACRO __PUTD1RON
                 	MOV  R26,R@0
                 	MOV  R27,R@1
                 	SUBI R26,LOW(-@2)
                 	SBCI R27,HIGH(-@2)
                 	CALL __PUTDP1
                 	.ENDM
                 
                 	.MACRO __PUTB1RONS
                 	MOV  R26,R@0
                 	MOV  R27,R@1
                 	ADIW R26,@2
                 	ST   X,R30
                 	.ENDM
                 
                 	.MACRO __PUTW1RONS
                 	MOV  R26,R@0
                 	MOV  R27,R@1
                 	ADIW R26,@2
                 	ST   X+,R30
                 	ST   X,R31
                 	.ENDM
                 
                 	.MACRO __PUTD1RONS
                 	MOV  R26,R@0
                 	MOV  R27,R@1
                 	ADIW R26,@2
                 	CALL __PUTDP1
                 	.ENDM
                 
                 
                 	.MACRO __GETB1SX
                 	MOVW R30,R28
                 	SUBI R30,LOW(-@0)
                 	SBCI R31,HIGH(-@0)
                 	LD   R30,Z
                 	.ENDM
                 
                 	.MACRO __GETB1HSX
                 	MOVW R30,R28
                 	SUBI R30,LOW(-@0)
                 	SBCI R31,HIGH(-@0)
                 	LD   R31,Z
                 	.ENDM
                 
                 	.MACRO __GETW1SX
                 	MOVW R30,R28
                 	SUBI R30,LOW(-@0)
                 	SBCI R31,HIGH(-@0)
                 	LD   R0,Z+
                 	LD   R31,Z
                 	MOV  R30,R0
                 	.ENDM
                 
                 	.MACRO __GETD1SX
                 	MOVW R30,R28
                 	SUBI R30,LOW(-@0)
                 	SBCI R31,HIGH(-@0)
                 	LD   R0,Z+
                 	LD   R1,Z+
                 	LD   R22,Z+
                 	LD   R23,Z
                 	MOVW R30,R0
                 	.ENDM
                 
                 	.MACRO __GETB2SX
                 	MOVW R26,R28
                 	SUBI R26,LOW(-@0)
                 	SBCI R27,HIGH(-@0)
                 	LD   R26,X
                 	.ENDM
                 
                 	.MACRO __GETW2SX
                 	MOVW R26,R28
                 	SUBI R26,LOW(-@0)
                 	SBCI R27,HIGH(-@0)
                 	LD   R0,X+
                 	LD   R27,X
                 	MOV  R26,R0
                 	.ENDM
                 
                 	.MACRO __GETD2SX
                 	MOVW R26,R28
                 	SUBI R26,LOW(-@0)
                 	SBCI R27,HIGH(-@0)
                 	LD   R0,X+
                 	LD   R1,X+
                 	LD   R24,X+
                 	LD   R25,X
                 	MOVW R26,R0
                 	.ENDM
                 
                 	.MACRO __GETBRSX
                 	MOVW R30,R28
                 	SUBI R30,LOW(-@1)
                 	SBCI R31,HIGH(-@1)
                 	LD   R@0,Z
                 	.ENDM
                 
                 	.MACRO __GETWRSX
                 	MOVW R30,R28
                 	SUBI R30,LOW(-@2)
                 	SBCI R31,HIGH(-@2)
                 	LD   R@0,Z+
                 	LD   R@1,Z
                 	.ENDM
                 
                 	.MACRO __GETBRSX2
                 	MOVW R26,R28
                 	SUBI R26,LOW(-@1)
                 	SBCI R27,HIGH(-@1)
                 	LD   R@0,X
                 	.ENDM
                 
                 	.MACRO __GETWRSX2
                 	MOVW R26,R28
                 	SUBI R26,LOW(-@2)
                 	SBCI R27,HIGH(-@2)
                 	LD   R@0,X+
                 	LD   R@1,X
                 	.ENDM
                 
                 	.MACRO __LSLW8SX
                 	MOVW R30,R28
                 	SUBI R30,LOW(-@0)
                 	SBCI R31,HIGH(-@0)
                 	LD   R31,Z
                 	CLR  R30
                 	.ENDM
                 
                 	.MACRO __PUTB1SX
                 	MOVW R26,R28
                 	SUBI R26,LOW(-@0)
                 	SBCI R27,HIGH(-@0)
                 	ST   X,R30
                 	.ENDM
                 
                 	.MACRO __PUTW1SX
                 	MOVW R26,R28
                 	SUBI R26,LOW(-@0)
                 	SBCI R27,HIGH(-@0)
                 	ST   X+,R30
                 	ST   X,R31
                 	.ENDM
                 
                 	.MACRO __PUTD1SX
                 	MOVW R26,R28
                 	SUBI R26,LOW(-@0)
                 	SBCI R27,HIGH(-@0)
                 	ST   X+,R30
                 	ST   X+,R31
                 	ST   X+,R22
                 	ST   X,R23
                 	.ENDM
                 
                 	.MACRO __CLRW1SX
                 	MOVW R26,R28
                 	SUBI R26,LOW(-@0)
                 	SBCI R27,HIGH(-@0)
                 	ST   X+,R30
                 	ST   X,R30
                 	.ENDM
                 
                 	.MACRO __CLRD1SX
                 	MOVW R26,R28
                 	SUBI R26,LOW(-@0)
                 	SBCI R27,HIGH(-@0)
                 	ST   X+,R30
                 	ST   X+,R30
                 	ST   X+,R30
                 	ST   X,R30
                 	.ENDM
                 
                 	.MACRO __PUTB2SX
                 	MOVW R30,R28
                 	SUBI R30,LOW(-@0)
                 	SBCI R31,HIGH(-@0)
                 	ST   Z,R26
                 	.ENDM
                 
                 	.MACRO __PUTW2SX
                 	MOVW R30,R28
                 	SUBI R30,LOW(-@0)
                 	SBCI R31,HIGH(-@0)
                 	ST   Z+,R26
                 	ST   Z,R27
                 	.ENDM
                 
                 	.MACRO __PUTD2SX
                 	MOVW R30,R28
                 	SUBI R30,LOW(-@0)
                 	SBCI R31,HIGH(-@0)
                 	ST   Z+,R26
                 	ST   Z+,R27
                 	ST   Z+,R24
                 	ST   Z,R25
                 	.ENDM
                 
                 	.MACRO __PUTBSRX
                 	MOVW R30,R28
                 	SUBI R30,LOW(-@1)
                 	SBCI R31,HIGH(-@1)
                 	ST   Z,R@0
                 	.ENDM
                 
                 	.MACRO __PUTWSRX
                 	MOVW R30,R28
                 	SUBI R30,LOW(-@2)
                 	SBCI R31,HIGH(-@2)
                 	ST   Z+,R@0
                 	ST   Z,R@1
                 	.ENDM
                 
                 	.MACRO __PUTB1SNX
                 	MOVW R26,R28
                 	SUBI R26,LOW(-@0)
                 	SBCI R27,HIGH(-@0)
                 	LD   R0,X+
                 	LD   R27,X
                 	MOV  R26,R0
                 	SUBI R26,LOW(-@1)
                 	SBCI R27,HIGH(-@1)
                 	ST   X,R30
                 	.ENDM
                 
                 	.MACRO __PUTW1SNX
                 	MOVW R26,R28
                 	SUBI R26,LOW(-@0)
                 	SBCI R27,HIGH(-@0)
                 	LD   R0,X+
                 	LD   R27,X
                 	MOV  R26,R0
                 	SUBI R26,LOW(-@1)
                 	SBCI R27,HIGH(-@1)
                 	ST   X+,R30
                 	ST   X,R31
                 	.ENDM
                 
                 	.MACRO __PUTD1SNX
                 	MOVW R26,R28
                 	SUBI R26,LOW(-@0)
                 	SBCI R27,HIGH(-@0)
                 	LD   R0,X+
                 	LD   R27,X
                 	MOV  R26,R0
                 	SUBI R26,LOW(-@1)
                 	SBCI R27,HIGH(-@1)
                 	ST   X+,R30
                 	ST   X+,R31
                 	ST   X+,R22
                 	ST   X,R23
                 	.ENDM
                 
                 	.MACRO __MULBRR
                 	MULS R@0,R@1
                 	MOVW R30,R0
                 	.ENDM
                 
                 	.MACRO __MULBRRU
                 	MUL  R@0,R@1
                 	MOVW R30,R0
                 	.ENDM
                 
                 	.MACRO __MULBRR0
                 	MULS R@0,R@1
                 	.ENDM
                 
                 	.MACRO __MULBRRU0
                 	MUL  R@0,R@1
                 	.ENDM
                 
                 	.MACRO __MULBNWRU
                 	LDI  R26,@2
                 	MUL  R26,R@0
                 	MOVW R30,R0
                 	MUL  R26,R@1
                 	ADD  R31,R0
                 	.ENDM
                 
                 ;NAME DEFINITIONS FOR GLOBAL VARIABLES ALLOCATED TO REGISTERS
                 	.DEF _rx_wr_index=R5
                 	.DEF _rx_rd_index=R4
                 	.DEF _rx_counter=R7
                 	.DEF _tx_wr_index=R6
                 	.DEF _tx_rd_index=R9
                 	.DEF _tx_counter=R8
                 	.DEF _i=R10
                 	.DEF _j=R12
                 
                 	.CSEG
                 	.ORG 0x00
                 
                 ;START OF CODE MARKER
                 __START_OF_CODE:
                 
                 ;INTERRUPT VECTORS
000000 940c 00c9 	JMP  __RESET
000002 940c 0000 	JMP  0x00
000004 940c 0000 	JMP  0x00
000006 940c 0000 	JMP  0x00
000008 940c 0000 	JMP  0x00
00000a 940c 0000 	JMP  0x00
00000c 940c 0000 	JMP  0x00
00000e 940c 0000 	JMP  0x00
000010 940c 0000 	JMP  0x00
000012 940c 0000 	JMP  0x00
000014 940c 0000 	JMP  0x00
000016 940c 0000 	JMP  0x00
000018 940c 0000 	JMP  0x00
00001a 940c 00f9 	JMP  _usart_rx_isr
00001c 940c 0000 	JMP  0x00
00001e 940c 012b 	JMP  _usart_tx_isr
000020 940c 0000 	JMP  0x00
000022 940c 0000 	JMP  0x00
000024 940c 0000 	JMP  0x00
000026 940c 0000 	JMP  0x00
000028 940c 0000 	JMP  0x00
                 
                 _tbl10_G101:
00002a 2710
00002b 03e8
00002c 0064
00002d 000a      	.DB  0x10,0x27,0xE8,0x3,0x64,0x0,0xA,0x0
00002e 0001      	.DB  0x1,0x0
                 _tbl16_G101:
00002f 1000
000030 0100
000031 0010
000032 0001      	.DB  0x0,0x10,0x0,0x1,0x10,0x0,0x1,0x0
                 
                 ;REGISTER BIT VARIABLES INITIALIZATION
                 __REG_BIT_VARS:
000033 0000      	.DW  0x0000
                 
                 _0x14:
000034 6550
000035 6173
000036 206e
000037 6570      	.DB  0x50,0x65,0x73,0x61,0x6E,0x20,0x70,0x65
000038 7472
000039 6d61
00003a 2061
00003b 203a      	.DB  0x72,0x74,0x61,0x6D,0x61,0x20,0x3A,0x20
00003c 6e49
00003d 2069
00003e 6461
00003f 6c61      	.DB  0x49,0x6E,0x69,0x20,0x61,0x64,0x61,0x6C
000040 6861
000041 7520
000042 696a
000043 6320      	.DB  0x61,0x68,0x20,0x75,0x6A,0x69,0x20,0x63
000044 626f
000045 2061
000046 6570
000047 676e      	.DB  0x6F,0x62,0x61,0x20,0x70,0x65,0x6E,0x67
000048 7269
000049 6d69
00004a 6e61
00004b 7320      	.DB  0x69,0x72,0x69,0x6D,0x61,0x6E,0x20,0x73
00004c 7274
00004d 6e69
00004e 2067
00004f 7261      	.DB  0x74,0x72,0x69,0x6E,0x67,0x20,0x61,0x72
000050 6172
000051 2079
000052 656d
000053 616c      	.DB  0x72,0x61,0x79,0x20,0x6D,0x65,0x6C,0x61
000054 756c
000055 2069
000056 5355
000057 5241      	.DB  0x6C,0x75,0x69,0x20,0x55,0x53,0x41,0x52
000058 4054
000059 0000
00005a 0000
00005b 0000      	.DB  0x54,0x40,0x0,0x0,0x0,0x0,0x0,0x0
00005c 6550
00005d 6173
00005e 206e
00005f 656b      	.DB  0x50,0x65,0x73,0x61,0x6E,0x20,0x6B,0x65
000060 7564
000061 2061
000062 203a
000063 694a      	.DB  0x64,0x75,0x61,0x20,0x3A,0x20,0x4A,0x69
000064 616b
000065 6220
000066 7265
000067 6168      	.DB  0x6B,0x61,0x20,0x62,0x65,0x72,0x68,0x61
000068 6973
000069 206c
00006a 656d
00006b 656e      	.DB  0x73,0x69,0x6C,0x20,0x6D,0x65,0x6E,0x65
00006c 6972
00006d 616d
00006e 6b20
00006f 7465      	.DB  0x72,0x69,0x6D,0x61,0x20,0x6B,0x65,0x74
000070 6769
000071 2061
000072 7473
000073 6972      	.DB  0x69,0x67,0x61,0x20,0x73,0x74,0x72,0x69
000074 676e
000075 202c
000076 616d
000077 616b      	.DB  0x6E,0x67,0x2C,0x20,0x6D,0x61,0x6B,0x61
000078 6920
000079 696e
00007a 6220
00007b 7265      	.DB  0x20,0x69,0x6E,0x69,0x20,0x62,0x65,0x72
00007c 6168
00007d 6973
00007e 406c
00007f 0000      	.DB  0x68,0x61,0x73,0x69,0x6C,0x40,0x0,0x0
000080 0000
000081 0000
000082 0000
000083 0000      	.DB  0x0,0x0,0x0,0x0,0x0,0x0,0x0,0x0
000084 6550
000085 6173
000086 206e
000087 656b      	.DB  0x50,0x65,0x73,0x61,0x6E,0x20,0x6B,0x65
000088 6974
000089 6167
00008a 3a20
00008b 4920      	.DB  0x74,0x69,0x67,0x61,0x20,0x3A,0x20,0x49
00008c 696e
00008d 6220
00008e 7369
00008f 2061      	.DB  0x6E,0x69,0x20,0x62,0x69,0x73,0x61,0x20
000090 6964
000091 7567
000092 616e
000093 616b      	.DB  0x64,0x69,0x67,0x75,0x6E,0x61,0x6B,0x61
000094 206e
000095 6164
000096 616c
000097 206d      	.DB  0x6E,0x20,0x64,0x61,0x6C,0x61,0x6D,0x20
000098 6964
000099 7473
00009a 6972
00009b 7562      	.DB  0x64,0x69,0x73,0x74,0x72,0x69,0x62,0x75
00009c 6973
00009d 7020
00009e 7265
00009f 6e69      	.DB  0x73,0x69,0x20,0x70,0x65,0x72,0x69,0x6E
0000a0 6174
0000a1 2068
0000a2 6e75
0000a3 7574      	.DB  0x74,0x61,0x68,0x20,0x75,0x6E,0x74,0x75
0000a4 206b
0000a5 756d
0000a6 746c
0000a7 2069      	.DB  0x6B,0x20,0x6D,0x75,0x6C,0x74,0x69,0x20
0000a8 696d
0000a9 726b
0000aa 406f      	.DB  0x6D,0x69,0x6B,0x72,0x6F,0x40
                 _0x0:
0000ab 6166
0000ac 6c69
0000ad 7420
0000ae 206f      	.DB  0x66,0x61,0x69,0x6C,0x20,0x74,0x6F,0x20
0000af 6964
0000b0 7073
0000b1 616c
0000b2 2079      	.DB  0x64,0x69,0x73,0x70,0x6C,0x61,0x79,0x20
0000b3 0021
0000b4 6542
0000b5 6872
0000b6 7361      	.DB  0x21,0x0,0x42,0x65,0x72,0x68,0x61,0x73
0000b7 6c69
0000b8 7420
0000b9 7265
0000ba 696b      	.DB  0x69,0x6C,0x20,0x74,0x65,0x72,0x6B,0x69
0000bb 6972
0000bc 206d
0000bd 0021      	.DB  0x72,0x69,0x6D,0x20,0x21,0x0
                 _0x2000003:
0000be c080      	.DB  0x80,0xC0
                 
                 __GLOBAL_INI_TBL:
0000bf 0001      	.DW  0x01
0000c0 0002      	.DW  0x02
0000c1 0066      	.DW  __REG_BIT_VARS*2
                 
0000c2 00ee      	.DW  0xEE
0000c3 0276      	.DW  _kalimat
0000c4 0068      	.DW  _0x14*2
                 
0000c5 0002      	.DW  0x02
0000c6 0366      	.DW  __base_y_G100
0000c7 017c      	.DW  _0x2000003*2
                 
                 _0xFFFFFFFF:
0000c8 0000      	.DW  0
                 
                 __RESET:
0000c9 94f8      	CLI
0000ca 27ee      	CLR  R30
0000cb bbec      	OUT  EECR,R30
                 
                 ;INTERRUPT VECTORS ARE PLACED
                 ;AT THE START OF FLASH
0000cc e0f1      	LDI  R31,1
0000cd bffb      	OUT  GICR,R31
0000ce bfeb      	OUT  GICR,R30
0000cf bfe5      	OUT  MCUCR,R30
                 
                 ;DISABLE WATCHDOG
0000d0 e1f8      	LDI  R31,0x18
0000d1 bdf1      	OUT  WDTCR,R31
0000d2 bde1      	OUT  WDTCR,R30
                 
                 ;CLEAR R2-R14
0000d3 e08d      	LDI  R24,(14-2)+1
0000d4 e0a2      	LDI  R26,2
0000d5 27bb      	CLR  R27
                 __CLEAR_REG:
0000d6 93ed      	ST   X+,R30
0000d7 958a      	DEC  R24
0000d8 f7e9      	BRNE __CLEAR_REG
                 
                 ;CLEAR SRAM
0000d9 e080      	LDI  R24,LOW(__CLEAR_SRAM_SIZE)
0000da e098      	LDI  R25,HIGH(__CLEAR_SRAM_SIZE)
0000db e6a0      	LDI  R26,__SRAM_START
                 __CLEAR_SRAM:
0000dc 93ed      	ST   X+,R30
0000dd 9701      	SBIW R24,1
0000de f7e9      	BRNE __CLEAR_SRAM
                 
                 ;GLOBAL VARIABLES INITIALIZATION
0000df e7ee      	LDI  R30,LOW(__GLOBAL_INI_TBL*2)
0000e0 e0f1      	LDI  R31,HIGH(__GLOBAL_INI_TBL*2)
                 __GLOBAL_INI_NEXT:
0000e1 9185      	LPM  R24,Z+
0000e2 9195      	LPM  R25,Z+
0000e3 9700      	SBIW R24,0
0000e4 f061      	BREQ __GLOBAL_INI_END
0000e5 91a5      	LPM  R26,Z+
0000e6 91b5      	LPM  R27,Z+
0000e7 9005      	LPM  R0,Z+
0000e8 9015      	LPM  R1,Z+
0000e9 01bf      	MOVW R22,R30
0000ea 01f0      	MOVW R30,R0
                 __GLOBAL_INI_LOOP:
0000eb 9005      	LPM  R0,Z+
0000ec 920d      	ST   X+,R0
0000ed 9701      	SBIW R24,1
0000ee f7e1      	BRNE __GLOBAL_INI_LOOP
0000ef 01fb      	MOVW R30,R22
0000f0 cff0      	RJMP __GLOBAL_INI_NEXT
                 __GLOBAL_INI_END:
                 
                 ;HARDWARE STACK POINTER INITIALIZATION
0000f1 e5ef      	LDI  R30,LOW(__SRAM_END-__HEAP_SIZE)
0000f2 bfed      	OUT  SPL,R30
0000f3 e0e8      	LDI  R30,HIGH(__SRAM_END-__HEAP_SIZE)
0000f4 bfee      	OUT  SPH,R30
                 
                 ;DATA STACK POINTER INITIALIZATION
0000f5 e6c0      	LDI  R28,LOW(__SRAM_START+__DSTACK_SIZE)
0000f6 e0d2      	LDI  R29,HIGH(__SRAM_START+__DSTACK_SIZE)
                 
0000f7 940c 0217 	JMP  _main
                 
                 	.ESEG
                 	.ORG 0
                 
                 	.DSEG
                 	.ORG 0x260
                 
                 	.CSEG
                 ;/*****************************************************
                 ;This program was produced by the
                 ;CodeWizardAVR V1.25.3 Professional
                 ;Automatic Program Generator
                 ;© Copyright 1998-2007 Pavel Haiduc, HP InfoTech s.r.l.
                 ;http://www.hpinfotech.com
                 ;
                 ;Project :
                 ;Version :
                 ;Date    : 10/2/2011
                 ;Author  : F4CG
                 ;Company : F4CG
                 ;Comments:
                 ;
                 ;
                 ;Chip type           : ATmega32
                 ;Program type        : Application
                 ;Clock frequency     : 12.000000 MHz
                 ;Memory model        : Small
                 ;External SRAM size  : 0
                 ;Data Stack size     : 512
                 ;*****************************************************/
                 ;
                 ;#include <mega32ndelay.h>
                 ;#include <lcd.h>
                 ;#include <usartMEGA32.h>
                 
                 	.CSEG
                 _usart_rx_isr:
0000f9 93ea      	ST   -Y,R30
0000fa 93fa      	ST   -Y,R31
0000fb b7ef      	IN   R30,SREG
0000fc 93ea      	ST   -Y,R30
0000fd 931a      	ST   -Y,R17
0000fe 930a      	ST   -Y,R16
                 ;	status -> R17
                 ;	data -> R16
0000ff b11b      	IN   R17,11
000100 b10c      	IN   R16,12
000101 2fe1      	MOV  R30,R17
000102 71ec      	ANDI R30,LOW(0x1C)
000103 f489      	BRNE _0x3
000104 2de5      	MOV  R30,R5
000105 e0f0      	LDI  R31,0
000106 5ae0      	SUBI R30,LOW(-_rx_buffer)
000107 4ffd      	SBCI R31,HIGH(-_rx_buffer)
000108 8300      	ST   Z,R16
000109 9453      	INC  R5
00010a e0e8      	LDI  R30,LOW(8)
00010b 15e5      	CP   R30,R5
00010c f409      	BRNE _0x4
00010d 2455      	CLR  R5
                 _0x4:
00010e 9473      	INC  R7
00010f e0e8      	LDI  R30,LOW(8)
000110 15e7      	CP   R30,R7
000111 f419      	BRNE _0x5
000112 2477      	CLR  R7
000113 9468      	SET
000114 f820      	BLD  R2,0
                 _0x5:
                 _0x3:
000115 9109      	LD   R16,Y+
000116 9119      	LD   R17,Y+
000117 c025      	RJMP _0x2C
                 _getchar:
000118 931a      	ST   -Y,R17
                 ;	data -> R17
                 _0x6:
000119 2077      	TST  R7
00011a f3f1      	BREQ _0x6
00011b 2de4      	MOV  R30,R4
00011c e0f0      	LDI  R31,0
00011d 5ae0      	SUBI R30,LOW(-_rx_buffer)
00011e 4ffd      	SBCI R31,HIGH(-_rx_buffer)
00011f 8110      	LD   R17,Z
000120 9443      	INC  R4
000121 e0e8      	LDI  R30,LOW(8)
000122 15e4      	CP   R30,R4
000123 f409      	BRNE _0x9
000124 2444      	CLR  R4
                 _0x9:
000125 94f8      	cli
000126 947a      	DEC  R7
000127 9478      	sei
000128 2fe1      	MOV  R30,R17
000129 9119      	LD   R17,Y+
00012a 9508      	RET
                 _usart_tx_isr:
00012b 93ea      	ST   -Y,R30
00012c 93fa      	ST   -Y,R31
00012d b7ef      	IN   R30,SREG
00012e 93ea      	ST   -Y,R30
00012f 2088      	TST  R8
000130 f061      	BREQ _0xA
000131 948a      	DEC  R8
000132 2de9      	MOV  R30,R9
000133 e0f0      	LDI  R31,0
000134 59e8      	SUBI R30,LOW(-_tx_buffer)
000135 4ffd      	SBCI R31,HIGH(-_tx_buffer)
000136 81e0      	LD   R30,Z
000137 b9ec      	OUT  0xC,R30
000138 9493      	INC  R9
000139 e0e8      	LDI  R30,LOW(8)
00013a 15e9      	CP   R30,R9
00013b f409      	BRNE _0xB
00013c 2499      	CLR  R9
                 _0xB:
                 _0xA:
                 _0x2C:
00013d 91e9      	LD   R30,Y+
00013e bfef      	OUT  SREG,R30
00013f 91f9      	LD   R31,Y+
000140 91e9      	LD   R30,Y+
000141 9518      	RETI
                 _putchar:
                 ;	c -> Y+0
                 _0xC:
000142 e0e8      	LDI  R30,LOW(8)
000143 15e8      	CP   R30,R8
000144 f3e9      	BREQ _0xC
000145 94f8      	cli
000146 2088      	TST  R8
000147 f411      	BRNE _0x10
000148 995d      	SBIC 0xB,5
000149 c00d      	RJMP _0xF
                 _0x10:
00014a 2de6      	MOV  R30,R6
00014b e0f0      	LDI  R31,0
00014c 59e8      	SUBI R30,LOW(-_tx_buffer)
00014d 4ffd      	SBCI R31,HIGH(-_tx_buffer)
00014e 81a8      	LD   R26,Y
00014f 83a0      	STD  Z+0,R26
000150 9463      	INC  R6
000151 e0e8      	LDI  R30,LOW(8)
000152 15e6      	CP   R30,R6
000153 f409      	BRNE _0x12
000154 2466      	CLR  R6
                 _0x12:
000155 9483      	INC  R8
000156 c002      	RJMP _0x13
                 _0xF:
000157 81e8      	LD   R30,Y
000158 b9ec      	OUT  0xC,R30
                 _0x13:
000159 9478      	sei
00015a 940c 030d 	JMP  _0x2080001
                 _init_usart_port:
00015c e0e1      	LDI  R30,LOW(1)
00015d bbe2      	OUT  0x12,R30
00015e e0e2      	LDI  R30,LOW(2)
00015f bbe1      	OUT  0x11,R30
000160 e0e0      	LDI  R30,LOW(0)
000161 b9eb      	OUT  0xB,R30
000162 ede8      	LDI  R30,LOW(216)
000163 b9ea      	OUT  0xA,R30
000164 e8e6      	LDI  R30,LOW(134)
000165 bde0      	OUT  0x20,R30
000166 e0e0      	LDI  R30,LOW(0)
000167 bde0      	OUT  0x20,R30
000168 e4ed      	LDI  R30,LOW(77)
000169 b9e9      	OUT  0x9,R30
00016a 9508      	RET
                 ;#include <ctype.h>
                 ;#include <string.h>
                 ;
                 ;#asm
                    .equ __lcd_port=0x1B ;PORTA
                 ; 0000 0020 #endasm
                 ;
                 ;#define n 20
                 ;
                 ;int i,j,k,m,z;
                 ;char kalimat[3][80] =
                 ;//       0123456789abcdefghij0123456789abcdefghij0123456789abcdefghij0123456789abcdefghij
                 ;{       "Pesan pertama : Ini adalah uji coba pengiriman string array melalui USART@",
                 ;        "Pesan kedua : Jika berhasil menerima ketiga string, maka ini berhasil@",
                 ;        "Pesan ketiga : Ini bisa digunakan dalam distribusi perintah untuk multi mikro@"
                 ;};
                 
                 	.DSEG
                 ;
                 ;void queue();
                 ;void try_transmit(int INDEX);
                 ;void isPrepared();
                 ;void transmit(int TX_INDEX);
                 ;int success_detect();
                 ;int display(int DISP_INDEX);
                 ;
                 ;void queue()
                 ; 0000 0034 {       start:
                 
                 	.CSEG
                 _queue:
                 _0x15:
                 ; 0000 0035         for(z=0;z<3;z++)
00016b e0e0      	LDI  R30,LOW(0)
00016c 93e0 0274 	STS  _z,R30
00016e 93e0 0275 	STS  _z+1,R30
                 _0x17:
000170 91a0 0274 	LDS  R26,_z
000172 91b0 0275 	LDS  R27,_z+1
000174 9713      	SBIW R26,3
000175 f48c      	BRGE _0x18
                 ; 0000 0036         {       try_transmit(z);
000176 91e0 0274 	LDS  R30,_z
000178 91f0 0275 	LDS  R31,_z+1
00017a 93fa      	ST   -Y,R31
00017b 93ea      	ST   -Y,R30
00017c d085      	RCALL _try_transmit
                 ; 0000 0037                 delay_ms(1000);
00017d 940e 030f 	CALL SUBOPT_0x0
                 ; 0000 0038         }
00017f e7a4      	LDI  R26,LOW(_z)
000180 e0b2      	LDI  R27,HIGH(_z)
000181 91ed      	LD   R30,X+
000182 91fd      	LD   R31,X+
000183 9631      	ADIW R30,1
000184 93fe      	ST   -X,R31
000185 93ee      	ST   -X,R30
000186 cfe9      	RJMP _0x17
                 _0x18:
                 ; 0000 0039         goto start;
000187 cfe3      	RJMP _0x15
                 ; 0000 003A }
                 ;
                 ;void isPrepared()
                 ; 0000 003D {       putchar('P');
                 _isPrepared:
000188 e5e0      	LDI  R30,LOW(80)
000189 93ea      	ST   -Y,R30
00018a dfb7      	RCALL _putchar
                 ; 0000 003E         if(getchar()=='P');
00018b df8c      	RCALL _getchar
                 ; 0000 003F }
00018c 9508      	RET
                 ;
                 ;void transmit(int TX_INDEX)
                 ; 0000 0042 {       if(!display(TX_INDEX))
                 _transmit:
                 ;	TX_INDEX -> Y+0
00018d 81e8      	LD   R30,Y
00018e 81f9      	LDD  R31,Y+1
00018f 93fa      	ST   -Y,R31
000190 93ea      	ST   -Y,R30
000191 d024      	RCALL _display
000192 9730      	SBIW R30,0
000193 f441      	BRNE _0x1A
                 ; 0000 0043         {       lcd_clear();
000194 940e 0315 	CALL SUBOPT_0x1
                 ; 0000 0044                 lcd_gotoxy(0,0);
                 ; 0000 0045                 lcd_putsf("fail to display !");
                +
000196 e5e6     +LDI R30 , LOW ( 2 * _0x0 + ( 0 ) )
000197 e0f1     +LDI R31 , HIGH ( 2 * _0x0 + ( 0 ) )
                 	__POINTW1FN _0x0,0
000198 93fa      	ST   -Y,R31
000199 93ea      	ST   -Y,R30
00019a 940e 02b9 	CALL _lcd_putsf
                 ; 0000 0046         }
                 ; 0000 0047         j = 0;
                 _0x1A:
00019c 24cc      	CLR  R12
00019d 24dd      	CLR  R13
                 ; 0000 0048         do
                 _0x1C:
                 ; 0000 0049         {       if(kalimat[TX_INDEX][j]=='\0')  {goto end;}
00019e 940e 031c 	CALL SUBOPT_0x2
0001a0 30e0      	CPI  R30,0
0001a1 f041      	BREQ _0x1F
                 ; 0000 004A                 putchar(kalimat[TX_INDEX][j]);
0001a2 940e 031c 	CALL SUBOPT_0x2
0001a4 93ea      	ST   -Y,R30
0001a5 df9c      	RCALL _putchar
                 ; 0000 004B                 j++;
0001a6 01f6      	MOVW R30,R12
0001a7 9631      	ADIW R30,1
0001a8 016f      	MOVW R12,R30
                 ; 0000 004C         }while(1);
0001a9 cff4      	RJMP _0x1C
                 ; 0000 004D         end:
                 _0x1F:
                 ; 0000 004E }
0001aa 940c 0278 	JMP  _0x2080002
                 ;
                 ;int success_detect()
                 ; 0000 0051 {       if(getchar()=='@')
                 _success_detect:
0001ac df6b      	RCALL _getchar
0001ad 34e0      	CPI  R30,LOW(0x40)
0001ae f419      	BRNE _0x20
                 ; 0000 0052         return 1;
0001af e0e1      	LDI  R30,LOW(1)
0001b0 e0f0      	LDI  R31,HIGH(1)
0001b1 9508      	RET
                 ; 0000 0053         else return 0;
                 _0x20:
0001b2 e0e0      	LDI  R30,LOW(0)
0001b3 e0f0      	LDI  R31,HIGH(0)
0001b4 9508      	RET
                 ; 0000 0054 }
0001b5 9508      	RET
                 ;
                 ;int display(int DISP_INDEX)
                 ; 0000 0057 {       k = 0;
                 _display:
                 ;	DISP_INDEX -> Y+0
0001b6 e0e0      	LDI  R30,LOW(0)
0001b7 93e0 0270 	STS  _k,R30
0001b9 93e0 0271 	STS  _k+1,R30
                 ; 0000 0058         m = 0;
0001bb 93e0 0272 	STS  _m,R30
0001bd 93e0 0273 	STS  _m+1,R30
                 ; 0000 0059         lcd_clear();
0001bf 940e 027a 	CALL _lcd_clear
                 ; 0000 005A         for(i=0;i<80;i++)
0001c1 24aa      	CLR  R10
0001c2 24bb      	CLR  R11
                 _0x23:
0001c3 e5e0      	LDI  R30,LOW(80)
0001c4 e0f0      	LDI  R31,HIGH(80)
0001c5 16ae      	CP   R10,R30
0001c6 06bf      	CPC  R11,R31
0001c7 f5b4      	BRGE _0x24
                 ; 0000 005B         {       if(kalimat[DISP_INDEX][i]=='@')  goto quit;
0001c8 940e 0327 	CALL SUBOPT_0x3
0001ca 81a0      	LD   R26,Z
0001cb 34a0      	CPI  R26,LOW(0x40)
0001cc f189      	BREQ _0x26
                 ; 0000 005C                 lcd_gotoxy(i,m);
0001cd 92aa      	ST   -Y,R10
0001ce 940e 0331 	CALL SUBOPT_0x4
                 ; 0000 005D                 if(i>19)        {m=1;   k=i-20; lcd_gotoxy(k,m);}
0001d0 e1e3      	LDI  R30,LOW(19)
0001d1 e0f0      	LDI  R31,HIGH(19)
0001d2 15ea      	CP   R30,R10
0001d3 05fb      	CPC  R31,R11
0001d4 f43c      	BRGE _0x27
0001d5 e0e1      	LDI  R30,LOW(1)
0001d6 e0f0      	LDI  R31,HIGH(1)
0001d7 940e 0336 	CALL SUBOPT_0x5
0001d9 9774      	SBIW R30,20
0001da 940e 033c 	CALL SUBOPT_0x6
                 ; 0000 005E                 if(i>39)        {m=2;   k=i-40; lcd_gotoxy(k,m);}
                 _0x27:
0001dc e2e7      	LDI  R30,LOW(39)
0001dd e0f0      	LDI  R31,HIGH(39)
0001de 15ea      	CP   R30,R10
0001df 05fb      	CPC  R31,R11
0001e0 f43c      	BRGE _0x28
0001e1 e0e2      	LDI  R30,LOW(2)
0001e2 e0f0      	LDI  R31,HIGH(2)
0001e3 940e 0336 	CALL SUBOPT_0x5
0001e5 97b8      	SBIW R30,40
0001e6 940e 033c 	CALL SUBOPT_0x6
                 ; 0000 005F                 if(i>59)        {m=3;   k=i-60; lcd_gotoxy(k,m);}
                 _0x28:
0001e8 e3eb      	LDI  R30,LOW(59)
0001e9 e0f0      	LDI  R31,HIGH(59)
0001ea 15ea      	CP   R30,R10
0001eb 05fb      	CPC  R31,R11
0001ec f43c      	BRGE _0x29
0001ed e0e3      	LDI  R30,LOW(3)
0001ee e0f0      	LDI  R31,HIGH(3)
0001ef 940e 0336 	CALL SUBOPT_0x5
0001f1 97fc      	SBIW R30,60
0001f2 940e 033c 	CALL SUBOPT_0x6
                 ; 0000 0060                 lcd_putchar(kalimat[DISP_INDEX][i]);
                 _0x29:
0001f4 940e 0327 	CALL SUBOPT_0x3
0001f6 81e0      	LD   R30,Z
0001f7 93ea      	ST   -Y,R30
0001f8 940e 0292 	CALL _lcd_putchar
                 ; 0000 0061         }
0001fa 01f5      	MOVW R30,R10
0001fb 9631      	ADIW R30,1
0001fc 015f      	MOVW R10,R30
0001fd cfc5      	RJMP _0x23
                 _0x24:
                 ; 0000 0062         quit:
                 _0x26:
                 ; 0000 0063         return 1;
0001fe e0e1      	LDI  R30,LOW(1)
0001ff e0f0      	LDI  R31,HIGH(1)
000200 940c 0278 	JMP  _0x2080002
                 ; 0000 0064 }
                 ;
                 ;void try_transmit(int INDEX)
                 ; 0000 0067 {       isPrepared();
                 _try_transmit:
                 ;	INDEX -> Y+0
000202 df85      	RCALL _isPrepared
                 ; 0000 0068         transmit(INDEX);
000203 81e8      	LD   R30,Y
000204 81f9      	LDD  R31,Y+1
000205 93fa      	ST   -Y,R31
000206 93ea      	ST   -Y,R30
000207 df85      	RCALL _transmit
                 ; 0000 0069         if(success_detect())
000208 dfa3      	RCALL _success_detect
000209 9730      	SBIW R30,0
00020a f051      	BREQ _0x2A
                 ; 0000 006A         {       delay_ms(1000);
00020b 940e 030f 	CALL SUBOPT_0x0
                 ; 0000 006B                 lcd_clear();
00020d 940e 0315 	CALL SUBOPT_0x1
                 ; 0000 006C                 lcd_gotoxy(0,0);
                 ; 0000 006D                 lcd_putsf("Berhasil terkirim !");
                +
00020f e6e8     +LDI R30 , LOW ( 2 * _0x0 + ( 18 ) )
000210 e0f1     +LDI R31 , HIGH ( 2 * _0x0 + ( 18 ) )
                 	__POINTW1FN _0x0,18
000211 93fa      	ST   -Y,R31
000212 93ea      	ST   -Y,R30
000213 940e 02b9 	CALL _lcd_putsf
                 ; 0000 006E         }
                 ; 0000 006F }
                 _0x2A:
000215 940c 0278 	JMP  _0x2080002
                 ;
                 ;void main()
                 ; 0000 0072 {       PORTA=0x00;
                 _main:
000217 e0e0      	LDI  R30,LOW(0)
000218 bbeb      	OUT  0x1B,R30
                 ; 0000 0073         DDRA=0xFF;
000219 efef      	LDI  R30,LOW(255)
00021a bbea      	OUT  0x1A,R30
                 ; 0000 0074 
                 ; 0000 0075         ACSR=0x80;
00021b e8e0      	LDI  R30,LOW(128)
00021c b9e8      	OUT  0x8,R30
                 ; 0000 0076         SFIOR=0x00;
00021d e0e0      	LDI  R30,LOW(0)
00021e bfe0      	OUT  0x30,R30
                 ; 0000 0077 
                 ; 0000 0078         lcd_init(20);
00021f e1e4      	LDI  R30,LOW(20)
000220 93ea      	ST   -Y,R30
000221 940e 02da 	CALL _lcd_init
                 ; 0000 0079         init_usart_port();
000223 df38      	RCALL _init_usart_port
                 ; 0000 007A 
                 ; 0000 007B         #asm("sei")
000224 9478      	sei
                 ; 0000 007C 
                 ; 0000 007D         queue();
000225 df45      	RCALL _queue
                 ; 0000 007E }
                 _0x2B:
000226 cfff      	RJMP _0x2B
                 ;
                     .equ __lcd_direction=__lcd_port-1
                     .equ __lcd_pin=__lcd_port-2
                     .equ __lcd_rs=0
                     .equ __lcd_rd=1
                     .equ __lcd_enable=2
                     .equ __lcd_busy_flag=7
                 
                 	.DSEG
                 
                 	.CSEG
                 __lcd_delay_G100:
000227 e0ff          ldi   r31,15
                 __lcd_delay0:
000228 95fa          dec   r31
000229 f7f1          brne  __lcd_delay0
00022a 9508      	RET
                 __lcd_ready:
00022b b3aa          in    r26,__lcd_direction
00022c 70af          andi  r26,0xf                 ;set as input
00022d bbaa          out   __lcd_direction,r26
00022e 9ad9          sbi   __lcd_port,__lcd_rd     ;RD=1
00022f 98d8          cbi   __lcd_port,__lcd_rs     ;RS=0
                 __lcd_busy:
000230 dff6      	RCALL __lcd_delay_G100
000231 9ada          sbi   __lcd_port,__lcd_enable ;EN=1
000232 dff4      	RCALL __lcd_delay_G100
000233 b3a9          in    r26,__lcd_pin
000234 98da          cbi   __lcd_port,__lcd_enable ;EN=0
000235 dff1      	RCALL __lcd_delay_G100
000236 9ada          sbi   __lcd_port,__lcd_enable ;EN=1
000237 dfef      	RCALL __lcd_delay_G100
000238 98da          cbi   __lcd_port,__lcd_enable ;EN=0
000239 fda7          sbrc  r26,__lcd_busy_flag
00023a cff5          rjmp  __lcd_busy
00023b 9508      	RET
                 __lcd_write_nibble_G100:
00023c 7fa0          andi  r26,0xf0
00023d 2bab          or    r26,r27
00023e bbab          out   __lcd_port,r26          ;write
00023f 9ada          sbi   __lcd_port,__lcd_enable ;EN=1
000240 940e 0227 	CALL __lcd_delay_G100
000242 98da          cbi   __lcd_port,__lcd_enable ;EN=0
000243 940e 0227 	CALL __lcd_delay_G100
000245 9508      	RET
                 __lcd_write_data:
000246 98d9          cbi  __lcd_port,__lcd_rd 	  ;RD=0
000247 b3aa          in    r26,__lcd_direction
000248 6fa7          ori   r26,0xf0 | (1<<__lcd_rs) | (1<<__lcd_rd) | (1<<__lcd_enable) ;set as output
000249 bbaa          out   __lcd_direction,r26
00024a b3bb          in    r27,__lcd_port
00024b 70bf          andi  r27,0xf
00024c 81a8          ld    r26,y
00024d dfee      	RCALL __lcd_write_nibble_G100
00024e 81a8          ld    r26,y
00024f 95a2          swap  r26
000250 dfeb      	RCALL __lcd_write_nibble_G100
000251 9ad9          sbi   __lcd_port,__lcd_rd     ;RD=1
000252 940c 030d 	JMP  _0x2080001
                 __lcd_read_nibble_G100:
000254 9ada          sbi   __lcd_port,__lcd_enable ;EN=1
000255 940e 0227 	CALL __lcd_delay_G100
000257 b3e9          in    r30,__lcd_pin           ;read
000258 98da          cbi   __lcd_port,__lcd_enable ;EN=0
000259 940e 0227 	CALL __lcd_delay_G100
00025b 7fe0          andi  r30,0xf0
00025c 9508      	RET
                 _lcd_read_byte0_G100:
00025d 940e 0227 	CALL __lcd_delay_G100
00025f dff4      	RCALL __lcd_read_nibble_G100
000260 2fae          mov   r26,r30
000261 dff2      	RCALL __lcd_read_nibble_G100
000262 98d9          cbi   __lcd_port,__lcd_rd     ;RD=0
000263 95e2          swap  r30
000264 2bea          or    r30,r26
000265 9508      	RET
                 _lcd_gotoxy:
000266 940e 022b 	CALL __lcd_ready
000268 81e8      	LD   R30,Y
000269 e0f0      	LDI  R31,0
00026a 59ea      	SUBI R30,LOW(-__base_y_G100)
00026b 4ffc      	SBCI R31,HIGH(-__base_y_G100)
00026c 81e0      	LD   R30,Z
00026d 81a9      	LDD  R26,Y+1
00026e 0fea      	ADD  R30,R26
00026f 93ea      	ST   -Y,R30
000270 940e 0246 	CALL __lcd_write_data
000272 81e9      	LDD  R30,Y+1
000273 93e0 036a 	STS  __lcd_x,R30
000275 81e8      	LD   R30,Y
000276 93e0 036b 	STS  __lcd_y,R30
                 _0x2080002:
000278 9622      	ADIW R28,2
000279 9508      	RET
                 _lcd_clear:
00027a 940e 022b 	CALL __lcd_ready
00027c e0e2      	LDI  R30,LOW(2)
00027d 93ea      	ST   -Y,R30
00027e 940e 0246 	CALL __lcd_write_data
000280 940e 022b 	CALL __lcd_ready
000282 e0ec      	LDI  R30,LOW(12)
000283 93ea      	ST   -Y,R30
000284 940e 0246 	CALL __lcd_write_data
000286 940e 022b 	CALL __lcd_ready
000288 e0e1      	LDI  R30,LOW(1)
000289 93ea      	ST   -Y,R30
00028a 940e 0246 	CALL __lcd_write_data
00028c e0e0      	LDI  R30,LOW(0)
00028d 93e0 036b 	STS  __lcd_y,R30
00028f 93e0 036a 	STS  __lcd_x,R30
000291 9508      	RET
                 _lcd_putchar:
000292 93ef          push r30
000293 93ff          push r31
000294 81a8          ld   r26,y
000295 9468          set
000296 30aa          cpi  r26,10
000297 f039          breq __lcd_putchar1
000298 94e8          clt
000299 91e0 036c 	LDS  R30,__lcd_maxx
00029b 91a0 036a 	LDS  R26,__lcd_x
00029d 17ae      	CP   R26,R30
00029e f060      	BRLO _0x2000004
                 	__lcd_putchar1:
00029f 91e0 036b 	LDS  R30,__lcd_y
0002a1 5fef      	SUBI R30,-LOW(1)
0002a2 93e0 036b 	STS  __lcd_y,R30
0002a4 e0e0      	LDI  R30,LOW(0)
0002a5 93ea      	ST   -Y,R30
0002a6 91e0 036b 	LDS  R30,__lcd_y
0002a8 93ea      	ST   -Y,R30
0002a9 dfbc      	RCALL _lcd_gotoxy
0002aa f056      	brts __lcd_putchar0
                 _0x2000004:
0002ab 91e0 036a 	LDS  R30,__lcd_x
0002ad 5fef      	SUBI R30,-LOW(1)
0002ae 93e0 036a 	STS  __lcd_x,R30
0002b0 df7a          rcall __lcd_ready
0002b1 9ad8          sbi  __lcd_port,__lcd_rs ;RS=1
0002b2 81a8          ld   r26,y
0002b3 93aa          st   -y,r26
0002b4 df91          rcall __lcd_write_data
                 __lcd_putchar0:
0002b5 91ff          pop  r31
0002b6 91ef          pop  r30
0002b7 940c 030d 	JMP  _0x2080001
                 _lcd_putsf:
0002b9 931a      	ST   -Y,R17
                 _0x2000008:
0002ba 81e9      	LDD  R30,Y+1
0002bb 81fa      	LDD  R31,Y+1+1
0002bc 9631      	ADIW R30,1
0002bd 83e9      	STD  Y+1,R30
0002be 83fa      	STD  Y+1+1,R31
0002bf 9731      	SBIW R30,1
0002c0 91e4      	LPM  R30,Z
0002c1 2f1e      	MOV  R17,R30
0002c2 30e0      	CPI  R30,0
0002c3 f019      	BREQ _0x200000A
0002c4 931a      	ST   -Y,R17
0002c5 dfcc      	RCALL _lcd_putchar
0002c6 cff3      	RJMP _0x2000008
                 _0x200000A:
0002c7 8118      	LDD  R17,Y+0
0002c8 9623      	ADIW R28,3
0002c9 9508      	RET
                 __long_delay_G100:
0002ca 27aa          clr   r26
0002cb 27bb          clr   r27
                 __long_delay0:
0002cc 9711          sbiw  r26,1         ;2 cycles
0002cd f7f1          brne  __long_delay0 ;2 cycles
0002ce 9508      	RET
                 __lcd_init_write_G100:
0002cf 98d9          cbi  __lcd_port,__lcd_rd 	  ;RD=0
0002d0 b3aa          in    r26,__lcd_direction
0002d1 6fa7          ori   r26,0xf7                ;set as output
0002d2 bbaa          out   __lcd_direction,r26
0002d3 b3bb          in    r27,__lcd_port
0002d4 70bf          andi  r27,0xf
0002d5 81a8          ld    r26,y
0002d6 940e 023c 	CALL __lcd_write_nibble_G100
0002d8 9ad9          sbi   __lcd_port,__lcd_rd     ;RD=1
0002d9 c033      	RJMP _0x2080001
                 _lcd_init:
0002da 98da          cbi   __lcd_port,__lcd_enable ;EN=0
0002db 98d8          cbi   __lcd_port,__lcd_rs     ;RS=0
0002dc 81e8      	LD   R30,Y
0002dd 93e0 036c 	STS  __lcd_maxx,R30
0002df 58e0      	SUBI R30,-LOW(128)
                +
0002e0 93e0 0368+STS __base_y_G100 + ( 2 ) , R30
                 	__PUTB1MN __base_y_G100,2
0002e2 81e8      	LD   R30,Y
0002e3 54e0      	SUBI R30,-LOW(192)
                +
0002e4 93e0 0369+STS __base_y_G100 + ( 3 ) , R30
                 	__PUTB1MN __base_y_G100,3
0002e6 940e 0344 	CALL SUBOPT_0x7
0002e8 940e 0344 	CALL SUBOPT_0x7
0002ea 940e 0344 	CALL SUBOPT_0x7
0002ec dfdd      	RCALL __long_delay_G100
0002ed e2e0      	LDI  R30,LOW(32)
0002ee 93ea      	ST   -Y,R30
0002ef dfdf      	RCALL __lcd_init_write_G100
0002f0 dfd9      	RCALL __long_delay_G100
0002f1 e2e8      	LDI  R30,LOW(40)
0002f2 940e 034a 	CALL SUBOPT_0x8
0002f4 e0e4      	LDI  R30,LOW(4)
0002f5 940e 034a 	CALL SUBOPT_0x8
0002f7 e8e5      	LDI  R30,LOW(133)
0002f8 940e 034a 	CALL SUBOPT_0x8
0002fa b3aa          in    r26,__lcd_direction
0002fb 70af          andi  r26,0xf                 ;set as input
0002fc bbaa          out   __lcd_direction,r26
0002fd 9ad9          sbi   __lcd_port,__lcd_rd     ;RD=1
0002fe 940e 025d 	CALL _lcd_read_byte0_G100
000300 30e5      	CPI  R30,LOW(0x5)
000301 f011      	BREQ _0x200000B
000302 e0e0      	LDI  R30,LOW(0)
000303 c009      	RJMP _0x2080001
                 _0x200000B:
000304 940e 022b 	CALL __lcd_ready
000306 e0e6      	LDI  R30,LOW(6)
000307 93ea      	ST   -Y,R30
000308 940e 0246 	CALL __lcd_write_data
00030a 940e 027a 	CALL _lcd_clear
00030c e0e1      	LDI  R30,LOW(1)
                 _0x2080001:
00030d 9621      	ADIW R28,1
00030e 9508      	RET
                 	#ifndef __SLEEP_DEFINED__
                 	#define __SLEEP_DEFINED__
                 	.EQU __se_bit=0x80
                 	.EQU __sm_mask=0x70
                 	.EQU __sm_powerdown=0x20
                 	.EQU __sm_powersave=0x30
                 	.EQU __sm_standby=0x60
                 	.EQU __sm_ext_standby=0x70
                 	.EQU __sm_adc_noise_red=0x10
                 	.SET power_ctrl_reg=mcucr
                 	#endif
                 
                 	.CSEG
                 
                 	.CSEG
                 
                 	.CSEG
                 
                 	.DSEG
                 _rx_buffer:
000260           	.BYTE 0x8
                 _tx_buffer:
000268           	.BYTE 0x8
                 _k:
000270           	.BYTE 0x2
                 _m:
000272           	.BYTE 0x2
                 _z:
000274           	.BYTE 0x2
                 _kalimat:
000276           	.BYTE 0xF0
                 __base_y_G100:
000366           	.BYTE 0x4
                 __lcd_x:
00036a           	.BYTE 0x1
                 __lcd_y:
00036b           	.BYTE 0x1
                 __lcd_maxx:
00036c           	.BYTE 0x1
                 
                 	.CSEG
                 ;OPTIMIZER ADDED SUBROUTINE, CALLED 2 TIMES, CODE SIZE REDUCTION:1 WORDS
                 SUBOPT_0x0:
00030f eee8      	LDI  R30,LOW(1000)
000310 e0f3      	LDI  R31,HIGH(1000)
000311 93fa      	ST   -Y,R31
000312 93ea      	ST   -Y,R30
000313 940c 034f 	JMP  _delay_ms
                 
                 ;OPTIMIZER ADDED SUBROUTINE, CALLED 2 TIMES, CODE SIZE REDUCTION:3 WORDS
                 SUBOPT_0x1:
000315 940e 027a 	CALL _lcd_clear
000317 e0e0      	LDI  R30,LOW(0)
000318 93ea      	ST   -Y,R30
000319 93ea      	ST   -Y,R30
00031a 940c 0266 	JMP  _lcd_gotoxy
                 
                 ;OPTIMIZER ADDED SUBROUTINE, CALLED 2 TIMES, CODE SIZE REDUCTION:5 WORDS
                 SUBOPT_0x2:
00031c 81a8      	LD   R26,Y
00031d 81b9      	LDD  R27,Y+1
00031e e5e0      	LDI  R30,LOW(80)
00031f 940e 035b 	CALL __MULB1W2U
000321 58ea      	SUBI R30,LOW(-_kalimat)
000322 4ffd      	SBCI R31,HIGH(-_kalimat)
000323 0dec      	ADD  R30,R12
000324 1dfd      	ADC  R31,R13
000325 81e0      	LD   R30,Z
000326 9508      	RET
                 
                 ;OPTIMIZER ADDED SUBROUTINE, CALLED 2 TIMES, CODE SIZE REDUCTION:4 WORDS
                 SUBOPT_0x3:
000327 81a8      	LD   R26,Y
000328 81b9      	LDD  R27,Y+1
000329 e5e0      	LDI  R30,LOW(80)
00032a 940e 035b 	CALL __MULB1W2U
00032c 58ea      	SUBI R30,LOW(-_kalimat)
00032d 4ffd      	SBCI R31,HIGH(-_kalimat)
00032e 0dea      	ADD  R30,R10
00032f 1dfb      	ADC  R31,R11
000330 9508      	RET
                 
                 ;OPTIMIZER ADDED SUBROUTINE, CALLED 4 TIMES, CODE SIZE REDUCTION:6 WORDS
                 SUBOPT_0x4:
000331 91e0 0272 	LDS  R30,_m
000333 93ea      	ST   -Y,R30
000334 940c 0266 	JMP  _lcd_gotoxy
                 
                 ;OPTIMIZER ADDED SUBROUTINE, CALLED 3 TIMES, CODE SIZE REDUCTION:3 WORDS
                 SUBOPT_0x5:
000336 93e0 0272 	STS  _m,R30
000338 93f0 0273 	STS  _m+1,R31
00033a 01f5      	MOVW R30,R10
00033b 9508      	RET
                 
                 ;OPTIMIZER ADDED SUBROUTINE, CALLED 3 TIMES, CODE SIZE REDUCTION:11 WORDS
                 SUBOPT_0x6:
00033c 93e0 0270 	STS  _k,R30
00033e 93f0 0271 	STS  _k+1,R31
000340 91e0 0270 	LDS  R30,_k
000342 93ea      	ST   -Y,R30
000343 cfed      	RJMP SUBOPT_0x4
                 
                 ;OPTIMIZER ADDED SUBROUTINE, CALLED 3 TIMES, CODE SIZE REDUCTION:5 WORDS
                 SUBOPT_0x7:
000344 940e 02ca 	CALL __long_delay_G100
000346 e3e0      	LDI  R30,LOW(48)
000347 93ea      	ST   -Y,R30
000348 940c 02cf 	JMP  __lcd_init_write_G100
                 
                 ;OPTIMIZER ADDED SUBROUTINE, CALLED 3 TIMES, CODE SIZE REDUCTION:3 WORDS
                 SUBOPT_0x8:
00034a 93ea      	ST   -Y,R30
00034b 940e 0246 	CALL __lcd_write_data
00034d 940c 02ca 	JMP  __long_delay_G100
                 
                 
                 	.CSEG
                 _delay_ms:
00034f 91e9      	ld   r30,y+
000350 91f9      	ld   r31,y+
000351 9630      	adiw r30,0
000352 f039      	breq __delay_ms1
                 __delay_ms0:
                +
000353 eb88     +LDI R24 , LOW ( 0xBB8 )
000354 e09b     +LDI R25 , HIGH ( 0xBB8 )
                +__DELAY_USW_LOOP :
000355 9701     +SBIW R24 , 1
000356 f7f1     +BRNE __DELAY_USW_LOOP
                 	__DELAY_USW 0xBB8
000357 95a8      	wdr
000358 9731      	sbiw r30,1
000359 f7c9      	brne __delay_ms0
                 __delay_ms1:
00035a 9508      	ret
                 
                 __MULB1W2U:
00035b 2f6e      	MOV  R22,R30
00035c 9f6a      	MUL  R22,R26
00035d 01f0      	MOVW R30,R0
00035e 9f6b      	MUL  R22,R27
00035f 0df0      	ADD  R31,R0
000360 9508      	RET
                 
                 ;END OF CODE MARKER
                 __END_OF_CODE:


RESOURCE USE INFORMATION
------------------------

Notice:
The register and instruction counts are symbol table hit counts,
and hence implicitly used resources are not counted, eg, the
'lpm' instruction without operands implicitly uses r0 and z,
none of which are counted.

x,y,z are separate entities in the symbol table and are
counted separately from r26..r31 here.

.dseg memory usage only counts static data declared with .byte

ATmega32 register use summary:
r0 :   6 r1 :   1 r2 :   1 r3 :   0 r4 :   4 r5 :   4 r6 :   4 r7 :   5 
r8 :   5 r9 :   4 r10:  10 r11:   6 r12:   4 r13:   2 r14:   0 r15:   0 
r16:   4 r17:  12 r18:   0 r19:   0 r20:   0 r21:   0 r22:   5 r23:   0 
r24:   9 r25:   3 r26:  46 r27:  13 r28:   4 r29:   1 r30: 216 r31:  60 
x  :   7 y  :  77 z  :  16 
Registers used: 27 out of 35 (77.1%)

ATmega32 instruction use summary:
.lds  :   0 .lds.l:   0 .sts  :   0 .sts.l:   0 adc   :   2 add   :   4 
adiw  :   8 and   :   0 andi  :   7 asr   :   0 bclr  :   0 bld   :   1 
brbc  :   0 brbs  :   0 brcc  :   0 brcs  :   0 break :   0 breq  :  11 
brge  :   5 brhc  :   0 brhs  :   0 brid  :   0 brie  :   0 brlo  :   1 
brlt  :   0 brmi  :   0 brne  :  16 brpl  :   0 brsh  :   0 brtc  :   0 
brts  :   1 brvc  :   0 brvs  :   0 bset  :   0 bst   :   0 call  :  49 
cbi   :  10 cbr   :   0 clc   :   0 clh   :   0 cli   :   3 cln   :   0 
clr   :  13 cls   :   0 clt   :   1 clv   :   0 clz   :   0 com   :   0 
cp    :  11 cpc   :   4 cpi   :   6 cpse  :   0 dec   :   4 des   :   0 
eor   :   0 fmul  :   0 fmuls :   0 fmulsu:   0 icall :   0 ijmp  :   0 
in    :  12 inc   :   6 jmp   :  33 ld    :  31 ldd   :   9 ldi   :  86 
lds   :  11 lpm   :   9 lsl   :   0 lsr   :   0 mov   :   9 movw  :   9 
mul   :   2 muls  :   0 mulsu :   0 neg   :   0 nop   :   0 or    :   2 
ori   :   2 out   :  27 pop   :   2 push  :   2 rcall :  26 ret   :  21 
reti  :   1 rjmp  :  14 rol   :   0 ror   :   0 sbc   :   0 sbci  :   7 
sbi   :   9 sbic  :   1 sbis  :   0 sbiw  :  13 sbr   :   0 sbrc  :   1 
sbrs  :   0 sec   :   0 seh   :   0 sei   :   3 sen   :   0 ser   :   0 
ses   :   0 set   :   2 sev   :   0 sez   :   0 sleep :   0 spm   :   0 
st    :  49 std   :   3 sts   :  19 sub   :   0 subi  :  11 swap  :   2 
tst   :   3 wdr   :   1 
Instructions used: 53 out of 116 (45.7%)

ATmega32 memory use summary [bytes]:
Segment   Begin    End      Code   Data   Used    Size   Use%
---------------------------------------------------------------
[.cseg] 0x000000 0x0006c2   1412    318   1730   32768   5.3%
[.dseg] 0x000060 0x00036d      0    269    269    2143  12.6%
[.eseg] 0x000000 0x000000      0      0      0    1024   0.0%

Assembly complete, 0 errors, 8 warnings
