
AVRASM ver. 2.1.30  D:\Uji PKM\List\base.asm Wed May 02 06:04:56 2012

D:\Uji PKM\List\base.asm(1059): warning: Register r5 already defined by the .DEF directive
D:\Uji PKM\List\base.asm(1060): warning: Register r4 already defined by the .DEF directive
D:\Uji PKM\List\base.asm(1061): warning: Register r7 already defined by the .DEF directive
                 
                 
                 ;CodeVisionAVR C Compiler V2.05.0 Professional
                 ;(C) Copyright 1998-2010 Pavel Haiduc, HP InfoTech s.r.l.
                 ;http://www.hpinfotech.com
                 
                 ;Chip type                : ATmega32
                 ;Program type             : Application
                 ;Clock frequency          : 11.059200 MHz
                 ;Memory model             : Small
                 ;Optimize for             : Size
                 ;(s)printf features       : int, width
                 ;(s)scanf features        : int, width
                 ;External RAM size        : 0
                 ;Data Stack size          : 512 byte(s)
                 ;Heap size                : 0 byte(s)
                 ;Promote 'char' to 'int'  : Yes
                 ;'char' is unsigned       : Yes
                 ;8 bit enums              : Yes
                 ;global 'const' stored in FLASH: No
                 ;Enhanced core instructions    : On
                 ;Smart register allocation     : On
                 ;Automatic register allocation : On
                 
                 	#pragma AVRPART ADMIN PART_NAME ATmega32
                 	#pragma AVRPART MEMORY PROG_FLASH 32768
                 	#pragma AVRPART MEMORY EEPROM 1024
                 	#pragma AVRPART MEMORY INT_SRAM SIZE 2143
                 	#pragma AVRPART MEMORY INT_SRAM START_ADDR 0x60
                 
                 	#define CALL_SUPPORTED 1
                 
                 	.LISTMAC
                 	.EQU UDRE=0x5
                 	.EQU RXC=0x7
                 	.EQU USR=0xB
                 	.EQU UDR=0xC
                 	.EQU SPSR=0xE
                 	.EQU SPDR=0xF
                 	.EQU EERE=0x0
                 	.EQU EEWE=0x1
                 	.EQU EEMWE=0x2
                 	.EQU EECR=0x1C
                 	.EQU EEDR=0x1D
                 	.EQU EEARL=0x1E
                 	.EQU EEARH=0x1F
                 	.EQU WDTCR=0x21
                 	.EQU MCUCR=0x35
                 	.EQU GICR=0x3B
                 	.EQU SPL=0x3D
                 	.EQU SPH=0x3E
                 	.EQU SREG=0x3F
                 
                 	.DEF R0X0=R0
                 	.DEF R0X1=R1
                 	.DEF R0X2=R2
                 	.DEF R0X3=R3
                 	.DEF R0X4=R4
                 	.DEF R0X5=R5
                 	.DEF R0X6=R6
                 	.DEF R0X7=R7
                 	.DEF R0X8=R8
                 	.DEF R0X9=R9
                 	.DEF R0XA=R10
                 	.DEF R0XB=R11
                 	.DEF R0XC=R12
                 	.DEF R0XD=R13
                 	.DEF R0XE=R14
                 	.DEF R0XF=R15
                 	.DEF R0X10=R16
                 	.DEF R0X11=R17
                 	.DEF R0X12=R18
                 	.DEF R0X13=R19
                 	.DEF R0X14=R20
                 	.DEF R0X15=R21
                 	.DEF R0X16=R22
                 	.DEF R0X17=R23
                 	.DEF R0X18=R24
                 	.DEF R0X19=R25
                 	.DEF R0X1A=R26
                 	.DEF R0X1B=R27
                 	.DEF R0X1C=R28
                 	.DEF R0X1D=R29
                 	.DEF R0X1E=R30
                 	.DEF R0X1F=R31
                 
                 	.EQU __SRAM_START=0x0060
                 	.EQU __SRAM_END=0x085F
                 	.EQU __DSTACK_SIZE=0x0200
                 	.EQU __HEAP_SIZE=0x0000
                 	.EQU __CLEAR_SRAM_SIZE=__SRAM_END-__SRAM_START+1
                 
                 	.MACRO __CPD1N
                 	CPI  R30,LOW(@0)
                 	LDI  R26,HIGH(@0)
                 	CPC  R31,R26
                 	LDI  R26,BYTE3(@0)
                 	CPC  R22,R26
                 	LDI  R26,BYTE4(@0)
                 	CPC  R23,R26
                 	.ENDM
                 
                 	.MACRO __CPD2N
                 	CPI  R26,LOW(@0)
                 	LDI  R30,HIGH(@0)
                 	CPC  R27,R30
                 	LDI  R30,BYTE3(@0)
                 	CPC  R24,R30
                 	LDI  R30,BYTE4(@0)
                 	CPC  R25,R30
                 	.ENDM
                 
                 	.MACRO __CPWRR
                 	CP   R@0,R@2
                 	CPC  R@1,R@3
                 	.ENDM
                 
                 	.MACRO __CPWRN
                 	CPI  R@0,LOW(@2)
                 	LDI  R30,HIGH(@2)
                 	CPC  R@1,R30
                 	.ENDM
                 
                 	.MACRO __ADDB1MN
                 	SUBI R30,LOW(-@0-(@1))
                 	.ENDM
                 
                 	.MACRO __ADDB2MN
                 	SUBI R26,LOW(-@0-(@1))
                 	.ENDM
                 
                 	.MACRO __ADDW1MN
                 	SUBI R30,LOW(-@0-(@1))
                 	SBCI R31,HIGH(-@0-(@1))
                 	.ENDM
                 
                 	.MACRO __ADDW2MN
                 	SUBI R26,LOW(-@0-(@1))
                 	SBCI R27,HIGH(-@0-(@1))
                 	.ENDM
                 
                 	.MACRO __ADDW1FN
                 	SUBI R30,LOW(-2*@0-(@1))
                 	SBCI R31,HIGH(-2*@0-(@1))
                 	.ENDM
                 
                 	.MACRO __ADDD1FN
                 	SUBI R30,LOW(-2*@0-(@1))
                 	SBCI R31,HIGH(-2*@0-(@1))
                 	SBCI R22,BYTE3(-2*@0-(@1))
                 	.ENDM
                 
                 	.MACRO __ADDD1N
                 	SUBI R30,LOW(-@0)
                 	SBCI R31,HIGH(-@0)
                 	SBCI R22,BYTE3(-@0)
                 	SBCI R23,BYTE4(-@0)
                 	.ENDM
                 
                 	.MACRO __ADDD2N
                 	SUBI R26,LOW(-@0)
                 	SBCI R27,HIGH(-@0)
                 	SBCI R24,BYTE3(-@0)
                 	SBCI R25,BYTE4(-@0)
                 	.ENDM
                 
                 	.MACRO __SUBD1N
                 	SUBI R30,LOW(@0)
                 	SBCI R31,HIGH(@0)
                 	SBCI R22,BYTE3(@0)
                 	SBCI R23,BYTE4(@0)
                 	.ENDM
                 
                 	.MACRO __SUBD2N
                 	SUBI R26,LOW(@0)
                 	SBCI R27,HIGH(@0)
                 	SBCI R24,BYTE3(@0)
                 	SBCI R25,BYTE4(@0)
                 	.ENDM
                 
                 	.MACRO __ANDBMNN
                 	LDS  R30,@0+(@1)
                 	ANDI R30,LOW(@2)
                 	STS  @0+(@1),R30
                 	.ENDM
                 
                 	.MACRO __ANDWMNN
                 	LDS  R30,@0+(@1)
                 	ANDI R30,LOW(@2)
                 	STS  @0+(@1),R30
                 	LDS  R30,@0+(@1)+1
                 	ANDI R30,HIGH(@2)
                 	STS  @0+(@1)+1,R30
                 	.ENDM
                 
                 	.MACRO __ANDD1N
                 	ANDI R30,LOW(@0)
                 	ANDI R31,HIGH(@0)
                 	ANDI R22,BYTE3(@0)
                 	ANDI R23,BYTE4(@0)
                 	.ENDM
                 
                 	.MACRO __ANDD2N
                 	ANDI R26,LOW(@0)
                 	ANDI R27,HIGH(@0)
                 	ANDI R24,BYTE3(@0)
                 	ANDI R25,BYTE4(@0)
                 	.ENDM
                 
                 	.MACRO __ORBMNN
                 	LDS  R30,@0+(@1)
                 	ORI  R30,LOW(@2)
                 	STS  @0+(@1),R30
                 	.ENDM
                 
                 	.MACRO __ORWMNN
                 	LDS  R30,@0+(@1)
                 	ORI  R30,LOW(@2)
                 	STS  @0+(@1),R30
                 	LDS  R30,@0+(@1)+1
                 	ORI  R30,HIGH(@2)
                 	STS  @0+(@1)+1,R30
                 	.ENDM
                 
                 	.MACRO __ORD1N
                 	ORI  R30,LOW(@0)
                 	ORI  R31,HIGH(@0)
                 	ORI  R22,BYTE3(@0)
                 	ORI  R23,BYTE4(@0)
                 	.ENDM
                 
                 	.MACRO __ORD2N
                 	ORI  R26,LOW(@0)
                 	ORI  R27,HIGH(@0)
                 	ORI  R24,BYTE3(@0)
                 	ORI  R25,BYTE4(@0)
                 	.ENDM
                 
                 	.MACRO __DELAY_USB
                 	LDI  R24,LOW(@0)
                 __DELAY_USB_LOOP:
                 	DEC  R24
                 	BRNE __DELAY_USB_LOOP
                 	.ENDM
                 
                 	.MACRO __DELAY_USW
                 	LDI  R24,LOW(@0)
                 	LDI  R25,HIGH(@0)
                 __DELAY_USW_LOOP:
                 	SBIW R24,1
                 	BRNE __DELAY_USW_LOOP
                 	.ENDM
                 
                 	.MACRO __GETD1S
                 	LDD  R30,Y+@0
                 	LDD  R31,Y+@0+1
                 	LDD  R22,Y+@0+2
                 	LDD  R23,Y+@0+3
                 	.ENDM
                 
                 	.MACRO __GETD2S
                 	LDD  R26,Y+@0
                 	LDD  R27,Y+@0+1
                 	LDD  R24,Y+@0+2
                 	LDD  R25,Y+@0+3
                 	.ENDM
                 
                 	.MACRO __PUTD1S
                 	STD  Y+@0,R30
                 	STD  Y+@0+1,R31
                 	STD  Y+@0+2,R22
                 	STD  Y+@0+3,R23
                 	.ENDM
                 
                 	.MACRO __PUTD2S
                 	STD  Y+@0,R26
                 	STD  Y+@0+1,R27
                 	STD  Y+@0+2,R24
                 	STD  Y+@0+3,R25
                 	.ENDM
                 
                 	.MACRO __PUTDZ2
                 	STD  Z+@0,R26
                 	STD  Z+@0+1,R27
                 	STD  Z+@0+2,R24
                 	STD  Z+@0+3,R25
                 	.ENDM
                 
                 	.MACRO __CLRD1S
                 	STD  Y+@0,R30
                 	STD  Y+@0+1,R30
                 	STD  Y+@0+2,R30
                 	STD  Y+@0+3,R30
                 	.ENDM
                 
                 	.MACRO __POINTB1MN
                 	LDI  R30,LOW(@0+(@1))
                 	.ENDM
                 
                 	.MACRO __POINTW1MN
                 	LDI  R30,LOW(@0+(@1))
                 	LDI  R31,HIGH(@0+(@1))
                 	.ENDM
                 
                 	.MACRO __POINTD1M
                 	LDI  R30,LOW(@0)
                 	LDI  R31,HIGH(@0)
                 	LDI  R22,BYTE3(@0)
                 	LDI  R23,BYTE4(@0)
                 	.ENDM
                 
                 	.MACRO __POINTW1FN
                 	LDI  R30,LOW(2*@0+(@1))
                 	LDI  R31,HIGH(2*@0+(@1))
                 	.ENDM
                 
                 	.MACRO __POINTD1FN
                 	LDI  R30,LOW(2*@0+(@1))
                 	LDI  R31,HIGH(2*@0+(@1))
                 	LDI  R22,BYTE3(2*@0+(@1))
                 	LDI  R23,BYTE4(2*@0+(@1))
                 	.ENDM
                 
                 	.MACRO __POINTB2MN
                 	LDI  R26,LOW(@0+(@1))
                 	.ENDM
                 
                 	.MACRO __POINTW2MN
                 	LDI  R26,LOW(@0+(@1))
                 	LDI  R27,HIGH(@0+(@1))
                 	.ENDM
                 
                 	.MACRO __POINTBRM
                 	LDI  R@0,LOW(@1)
                 	.ENDM
                 
                 	.MACRO __POINTWRM
                 	LDI  R@0,LOW(@2)
                 	LDI  R@1,HIGH(@2)
                 	.ENDM
                 
                 	.MACRO __POINTBRMN
                 	LDI  R@0,LOW(@1+(@2))
                 	.ENDM
                 
                 	.MACRO __POINTWRMN
                 	LDI  R@0,LOW(@2+(@3))
                 	LDI  R@1,HIGH(@2+(@3))
                 	.ENDM
                 
                 	.MACRO __POINTWRFN
                 	LDI  R@0,LOW(@2*2+(@3))
                 	LDI  R@1,HIGH(@2*2+(@3))
                 	.ENDM
                 
                 	.MACRO __GETD1N
                 	LDI  R30,LOW(@0)
                 	LDI  R31,HIGH(@0)
                 	LDI  R22,BYTE3(@0)
                 	LDI  R23,BYTE4(@0)
                 	.ENDM
                 
                 	.MACRO __GETD2N
                 	LDI  R26,LOW(@0)
                 	LDI  R27,HIGH(@0)
                 	LDI  R24,BYTE3(@0)
                 	LDI  R25,BYTE4(@0)
                 	.ENDM
                 
                 	.MACRO __GETB1MN
                 	LDS  R30,@0+(@1)
                 	.ENDM
                 
                 	.MACRO __GETB1HMN
                 	LDS  R31,@0+(@1)
                 	.ENDM
                 
                 	.MACRO __GETW1MN
                 	LDS  R30,@0+(@1)
                 	LDS  R31,@0+(@1)+1
                 	.ENDM
                 
                 	.MACRO __GETD1MN
                 	LDS  R30,@0+(@1)
                 	LDS  R31,@0+(@1)+1
                 	LDS  R22,@0+(@1)+2
                 	LDS  R23,@0+(@1)+3
                 	.ENDM
                 
                 	.MACRO __GETBRMN
                 	LDS  R@0,@1+(@2)
                 	.ENDM
                 
                 	.MACRO __GETWRMN
                 	LDS  R@0,@2+(@3)
                 	LDS  R@1,@2+(@3)+1
                 	.ENDM
                 
                 	.MACRO __GETWRZ
                 	LDD  R@0,Z+@2
                 	LDD  R@1,Z+@2+1
                 	.ENDM
                 
                 	.MACRO __GETD2Z
                 	LDD  R26,Z+@0
                 	LDD  R27,Z+@0+1
                 	LDD  R24,Z+@0+2
                 	LDD  R25,Z+@0+3
                 	.ENDM
                 
                 	.MACRO __GETB2MN
                 	LDS  R26,@0+(@1)
                 	.ENDM
                 
                 	.MACRO __GETW2MN
                 	LDS  R26,@0+(@1)
                 	LDS  R27,@0+(@1)+1
                 	.ENDM
                 
                 	.MACRO __GETD2MN
                 	LDS  R26,@0+(@1)
                 	LDS  R27,@0+(@1)+1
                 	LDS  R24,@0+(@1)+2
                 	LDS  R25,@0+(@1)+3
                 	.ENDM
                 
                 	.MACRO __PUTB1MN
                 	STS  @0+(@1),R30
                 	.ENDM
                 
                 	.MACRO __PUTW1MN
                 	STS  @0+(@1),R30
                 	STS  @0+(@1)+1,R31
                 	.ENDM
                 
                 	.MACRO __PUTD1MN
                 	STS  @0+(@1),R30
                 	STS  @0+(@1)+1,R31
                 	STS  @0+(@1)+2,R22
                 	STS  @0+(@1)+3,R23
                 	.ENDM
                 
                 	.MACRO __PUTB1EN
                 	LDI  R26,LOW(@0+(@1))
                 	LDI  R27,HIGH(@0+(@1))
                 	CALL __EEPROMWRB
                 	.ENDM
                 
                 	.MACRO __PUTW1EN
                 	LDI  R26,LOW(@0+(@1))
                 	LDI  R27,HIGH(@0+(@1))
                 	CALL __EEPROMWRW
                 	.ENDM
                 
                 	.MACRO __PUTD1EN
                 	LDI  R26,LOW(@0+(@1))
                 	LDI  R27,HIGH(@0+(@1))
                 	CALL __EEPROMWRD
                 	.ENDM
                 
                 	.MACRO __PUTBR0MN
                 	STS  @0+(@1),R0
                 	.ENDM
                 
                 	.MACRO __PUTBMRN
                 	STS  @0+(@1),R@2
                 	.ENDM
                 
                 	.MACRO __PUTWMRN
                 	STS  @0+(@1),R@2
                 	STS  @0+(@1)+1,R@3
                 	.ENDM
                 
                 	.MACRO __PUTBZR
                 	STD  Z+@1,R@0
                 	.ENDM
                 
                 	.MACRO __PUTWZR
                 	STD  Z+@2,R@0
                 	STD  Z+@2+1,R@1
                 	.ENDM
                 
                 	.MACRO __GETW1R
                 	MOV  R30,R@0
                 	MOV  R31,R@1
                 	.ENDM
                 
                 	.MACRO __GETW2R
                 	MOV  R26,R@0
                 	MOV  R27,R@1
                 	.ENDM
                 
                 	.MACRO __GETWRN
                 	LDI  R@0,LOW(@2)
                 	LDI  R@1,HIGH(@2)
                 	.ENDM
                 
                 	.MACRO __PUTW1R
                 	MOV  R@0,R30
                 	MOV  R@1,R31
                 	.ENDM
                 
                 	.MACRO __PUTW2R
                 	MOV  R@0,R26
                 	MOV  R@1,R27
                 	.ENDM
                 
                 	.MACRO __ADDWRN
                 	SUBI R@0,LOW(-@2)
                 	SBCI R@1,HIGH(-@2)
                 	.ENDM
                 
                 	.MACRO __ADDWRR
                 	ADD  R@0,R@2
                 	ADC  R@1,R@3
                 	.ENDM
                 
                 	.MACRO __SUBWRN
                 	SUBI R@0,LOW(@2)
                 	SBCI R@1,HIGH(@2)
                 	.ENDM
                 
                 	.MACRO __SUBWRR
                 	SUB  R@0,R@2
                 	SBC  R@1,R@3
                 	.ENDM
                 
                 	.MACRO __ANDWRN
                 	ANDI R@0,LOW(@2)
                 	ANDI R@1,HIGH(@2)
                 	.ENDM
                 
                 	.MACRO __ANDWRR
                 	AND  R@0,R@2
                 	AND  R@1,R@3
                 	.ENDM
                 
                 	.MACRO __ORWRN
                 	ORI  R@0,LOW(@2)
                 	ORI  R@1,HIGH(@2)
                 	.ENDM
                 
                 	.MACRO __ORWRR
                 	OR   R@0,R@2
                 	OR   R@1,R@3
                 	.ENDM
                 
                 	.MACRO __EORWRR
                 	EOR  R@0,R@2
                 	EOR  R@1,R@3
                 	.ENDM
                 
                 	.MACRO __GETWRS
                 	LDD  R@0,Y+@2
                 	LDD  R@1,Y+@2+1
                 	.ENDM
                 
                 	.MACRO __PUTBSR
                 	STD  Y+@1,R@0
                 	.ENDM
                 
                 	.MACRO __PUTWSR
                 	STD  Y+@2,R@0
                 	STD  Y+@2+1,R@1
                 	.ENDM
                 
                 	.MACRO __MOVEWRR
                 	MOV  R@0,R@2
                 	MOV  R@1,R@3
                 	.ENDM
                 
                 	.MACRO __INWR
                 	IN   R@0,@2
                 	IN   R@1,@2+1
                 	.ENDM
                 
                 	.MACRO __OUTWR
                 	OUT  @2+1,R@1
                 	OUT  @2,R@0
                 	.ENDM
                 
                 	.MACRO __CALL1MN
                 	LDS  R30,@0+(@1)
                 	LDS  R31,@0+(@1)+1
                 	ICALL
                 	.ENDM
                 
                 	.MACRO __CALL1FN
                 	LDI  R30,LOW(2*@0+(@1))
                 	LDI  R31,HIGH(2*@0+(@1))
                 	CALL __GETW1PF
                 	ICALL
                 	.ENDM
                 
                 	.MACRO __CALL2EN
                 	LDI  R26,LOW(@0+(@1))
                 	LDI  R27,HIGH(@0+(@1))
                 	CALL __EEPROMRDW
                 	ICALL
                 	.ENDM
                 
                 	.MACRO __GETW1STACK
                 	IN   R26,SPL
                 	IN   R27,SPH
                 	ADIW R26,@0+1
                 	LD   R30,X+
                 	LD   R31,X
                 	.ENDM
                 
                 	.MACRO __GETD1STACK
                 	IN   R26,SPL
                 	IN   R27,SPH
                 	ADIW R26,@0+1
                 	LD   R30,X+
                 	LD   R31,X+
                 	LD   R22,X
                 	.ENDM
                 
                 	.MACRO __NBST
                 	BST  R@0,@1
                 	IN   R30,SREG
                 	LDI  R31,0x40
                 	EOR  R30,R31
                 	OUT  SREG,R30
                 	.ENDM
                 
                 
                 	.MACRO __PUTB1SN
                 	LDD  R26,Y+@0
                 	LDD  R27,Y+@0+1
                 	SUBI R26,LOW(-@1)
                 	SBCI R27,HIGH(-@1)
                 	ST   X,R30
                 	.ENDM
                 
                 	.MACRO __PUTW1SN
                 	LDD  R26,Y+@0
                 	LDD  R27,Y+@0+1
                 	SUBI R26,LOW(-@1)
                 	SBCI R27,HIGH(-@1)
                 	ST   X+,R30
                 	ST   X,R31
                 	.ENDM
                 
                 	.MACRO __PUTD1SN
                 	LDD  R26,Y+@0
                 	LDD  R27,Y+@0+1
                 	SUBI R26,LOW(-@1)
                 	SBCI R27,HIGH(-@1)
                 	CALL __PUTDP1
                 	.ENDM
                 
                 	.MACRO __PUTB1SNS
                 	LDD  R26,Y+@0
                 	LDD  R27,Y+@0+1
                 	ADIW R26,@1
                 	ST   X,R30
                 	.ENDM
                 
                 	.MACRO __PUTW1SNS
                 	LDD  R26,Y+@0
                 	LDD  R27,Y+@0+1
                 	ADIW R26,@1
                 	ST   X+,R30
                 	ST   X,R31
                 	.ENDM
                 
                 	.MACRO __PUTD1SNS
                 	LDD  R26,Y+@0
                 	LDD  R27,Y+@0+1
                 	ADIW R26,@1
                 	CALL __PUTDP1
                 	.ENDM
                 
                 	.MACRO __PUTB1PMN
                 	LDS  R26,@0
                 	LDS  R27,@0+1
                 	SUBI R26,LOW(-@1)
                 	SBCI R27,HIGH(-@1)
                 	ST   X,R30
                 	.ENDM
                 
                 	.MACRO __PUTW1PMN
                 	LDS  R26,@0
                 	LDS  R27,@0+1
                 	SUBI R26,LOW(-@1)
                 	SBCI R27,HIGH(-@1)
                 	ST   X+,R30
                 	ST   X,R31
                 	.ENDM
                 
                 	.MACRO __PUTD1PMN
                 	LDS  R26,@0
                 	LDS  R27,@0+1
                 	SUBI R26,LOW(-@1)
                 	SBCI R27,HIGH(-@1)
                 	CALL __PUTDP1
                 	.ENDM
                 
                 	.MACRO __PUTB1PMNS
                 	LDS  R26,@0
                 	LDS  R27,@0+1
                 	ADIW R26,@1
                 	ST   X,R30
                 	.ENDM
                 
                 	.MACRO __PUTW1PMNS
                 	LDS  R26,@0
                 	LDS  R27,@0+1
                 	ADIW R26,@1
                 	ST   X+,R30
                 	ST   X,R31
                 	.ENDM
                 
                 	.MACRO __PUTD1PMNS
                 	LDS  R26,@0
                 	LDS  R27,@0+1
                 	ADIW R26,@1
                 	CALL __PUTDP1
                 	.ENDM
                 
                 	.MACRO __PUTB1RN
                 	MOVW R26,R@0
                 	SUBI R26,LOW(-@1)
                 	SBCI R27,HIGH(-@1)
                 	ST   X,R30
                 	.ENDM
                 
                 	.MACRO __PUTW1RN
                 	MOVW R26,R@0
                 	SUBI R26,LOW(-@1)
                 	SBCI R27,HIGH(-@1)
                 	ST   X+,R30
                 	ST   X,R31
                 	.ENDM
                 
                 	.MACRO __PUTD1RN
                 	MOVW R26,R@0
                 	SUBI R26,LOW(-@1)
                 	SBCI R27,HIGH(-@1)
                 	CALL __PUTDP1
                 	.ENDM
                 
                 	.MACRO __PUTB1RNS
                 	MOVW R26,R@0
                 	ADIW R26,@1
                 	ST   X,R30
                 	.ENDM
                 
                 	.MACRO __PUTW1RNS
                 	MOVW R26,R@0
                 	ADIW R26,@1
                 	ST   X+,R30
                 	ST   X,R31
                 	.ENDM
                 
                 	.MACRO __PUTD1RNS
                 	MOVW R26,R@0
                 	ADIW R26,@1
                 	CALL __PUTDP1
                 	.ENDM
                 
                 	.MACRO __PUTB1RON
                 	MOV  R26,R@0
                 	MOV  R27,R@1
                 	SUBI R26,LOW(-@2)
                 	SBCI R27,HIGH(-@2)
                 	ST   X,R30
                 	.ENDM
                 
                 	.MACRO __PUTW1RON
                 	MOV  R26,R@0
                 	MOV  R27,R@1
                 	SUBI R26,LOW(-@2)
                 	SBCI R27,HIGH(-@2)
                 	ST   X+,R30
                 	ST   X,R31
                 	.ENDM
                 
                 	.MACRO __PUTD1RON
                 	MOV  R26,R@0
                 	MOV  R27,R@1
                 	SUBI R26,LOW(-@2)
                 	SBCI R27,HIGH(-@2)
                 	CALL __PUTDP1
                 	.ENDM
                 
                 	.MACRO __PUTB1RONS
                 	MOV  R26,R@0
                 	MOV  R27,R@1
                 	ADIW R26,@2
                 	ST   X,R30
                 	.ENDM
                 
                 	.MACRO __PUTW1RONS
                 	MOV  R26,R@0
                 	MOV  R27,R@1
                 	ADIW R26,@2
                 	ST   X+,R30
                 	ST   X,R31
                 	.ENDM
                 
                 	.MACRO __PUTD1RONS
                 	MOV  R26,R@0
                 	MOV  R27,R@1
                 	ADIW R26,@2
                 	CALL __PUTDP1
                 	.ENDM
                 
                 
                 	.MACRO __GETB1SX
                 	MOVW R30,R28
                 	SUBI R30,LOW(-@0)
                 	SBCI R31,HIGH(-@0)
                 	LD   R30,Z
                 	.ENDM
                 
                 	.MACRO __GETB1HSX
                 	MOVW R30,R28
                 	SUBI R30,LOW(-@0)
                 	SBCI R31,HIGH(-@0)
                 	LD   R31,Z
                 	.ENDM
                 
                 	.MACRO __GETW1SX
                 	MOVW R30,R28
                 	SUBI R30,LOW(-@0)
                 	SBCI R31,HIGH(-@0)
                 	LD   R0,Z+
                 	LD   R31,Z
                 	MOV  R30,R0
                 	.ENDM
                 
                 	.MACRO __GETD1SX
                 	MOVW R30,R28
                 	SUBI R30,LOW(-@0)
                 	SBCI R31,HIGH(-@0)
                 	LD   R0,Z+
                 	LD   R1,Z+
                 	LD   R22,Z+
                 	LD   R23,Z
                 	MOVW R30,R0
                 	.ENDM
                 
                 	.MACRO __GETB2SX
                 	MOVW R26,R28
                 	SUBI R26,LOW(-@0)
                 	SBCI R27,HIGH(-@0)
                 	LD   R26,X
                 	.ENDM
                 
                 	.MACRO __GETW2SX
                 	MOVW R26,R28
                 	SUBI R26,LOW(-@0)
                 	SBCI R27,HIGH(-@0)
                 	LD   R0,X+
                 	LD   R27,X
                 	MOV  R26,R0
                 	.ENDM
                 
                 	.MACRO __GETD2SX
                 	MOVW R26,R28
                 	SUBI R26,LOW(-@0)
                 	SBCI R27,HIGH(-@0)
                 	LD   R0,X+
                 	LD   R1,X+
                 	LD   R24,X+
                 	LD   R25,X
                 	MOVW R26,R0
                 	.ENDM
                 
                 	.MACRO __GETBRSX
                 	MOVW R30,R28
                 	SUBI R30,LOW(-@1)
                 	SBCI R31,HIGH(-@1)
                 	LD   R@0,Z
                 	.ENDM
                 
                 	.MACRO __GETWRSX
                 	MOVW R30,R28
                 	SUBI R30,LOW(-@2)
                 	SBCI R31,HIGH(-@2)
                 	LD   R@0,Z+
                 	LD   R@1,Z
                 	.ENDM
                 
                 	.MACRO __GETBRSX2
                 	MOVW R26,R28
                 	SUBI R26,LOW(-@1)
                 	SBCI R27,HIGH(-@1)
                 	LD   R@0,X
                 	.ENDM
                 
                 	.MACRO __GETWRSX2
                 	MOVW R26,R28
                 	SUBI R26,LOW(-@2)
                 	SBCI R27,HIGH(-@2)
                 	LD   R@0,X+
                 	LD   R@1,X
                 	.ENDM
                 
                 	.MACRO __LSLW8SX
                 	MOVW R30,R28
                 	SUBI R30,LOW(-@0)
                 	SBCI R31,HIGH(-@0)
                 	LD   R31,Z
                 	CLR  R30
                 	.ENDM
                 
                 	.MACRO __PUTB1SX
                 	MOVW R26,R28
                 	SUBI R26,LOW(-@0)
                 	SBCI R27,HIGH(-@0)
                 	ST   X,R30
                 	.ENDM
                 
                 	.MACRO __PUTW1SX
                 	MOVW R26,R28
                 	SUBI R26,LOW(-@0)
                 	SBCI R27,HIGH(-@0)
                 	ST   X+,R30
                 	ST   X,R31
                 	.ENDM
                 
                 	.MACRO __PUTD1SX
                 	MOVW R26,R28
                 	SUBI R26,LOW(-@0)
                 	SBCI R27,HIGH(-@0)
                 	ST   X+,R30
                 	ST   X+,R31
                 	ST   X+,R22
                 	ST   X,R23
                 	.ENDM
                 
                 	.MACRO __CLRW1SX
                 	MOVW R26,R28
                 	SUBI R26,LOW(-@0)
                 	SBCI R27,HIGH(-@0)
                 	ST   X+,R30
                 	ST   X,R30
                 	.ENDM
                 
                 	.MACRO __CLRD1SX
                 	MOVW R26,R28
                 	SUBI R26,LOW(-@0)
                 	SBCI R27,HIGH(-@0)
                 	ST   X+,R30
                 	ST   X+,R30
                 	ST   X+,R30
                 	ST   X,R30
                 	.ENDM
                 
                 	.MACRO __PUTB2SX
                 	MOVW R30,R28
                 	SUBI R30,LOW(-@0)
                 	SBCI R31,HIGH(-@0)
                 	ST   Z,R26
                 	.ENDM
                 
                 	.MACRO __PUTW2SX
                 	MOVW R30,R28
                 	SUBI R30,LOW(-@0)
                 	SBCI R31,HIGH(-@0)
                 	ST   Z+,R26
                 	ST   Z,R27
                 	.ENDM
                 
                 	.MACRO __PUTD2SX
                 	MOVW R30,R28
                 	SUBI R30,LOW(-@0)
                 	SBCI R31,HIGH(-@0)
                 	ST   Z+,R26
                 	ST   Z+,R27
                 	ST   Z+,R24
                 	ST   Z,R25
                 	.ENDM
                 
                 	.MACRO __PUTBSRX
                 	MOVW R30,R28
                 	SUBI R30,LOW(-@1)
                 	SBCI R31,HIGH(-@1)
                 	ST   Z,R@0
                 	.ENDM
                 
                 	.MACRO __PUTWSRX
                 	MOVW R30,R28
                 	SUBI R30,LOW(-@2)
                 	SBCI R31,HIGH(-@2)
                 	ST   Z+,R@0
                 	ST   Z,R@1
                 	.ENDM
                 
                 	.MACRO __PUTB1SNX
                 	MOVW R26,R28
                 	SUBI R26,LOW(-@0)
                 	SBCI R27,HIGH(-@0)
                 	LD   R0,X+
                 	LD   R27,X
                 	MOV  R26,R0
                 	SUBI R26,LOW(-@1)
                 	SBCI R27,HIGH(-@1)
                 	ST   X,R30
                 	.ENDM
                 
                 	.MACRO __PUTW1SNX
                 	MOVW R26,R28
                 	SUBI R26,LOW(-@0)
                 	SBCI R27,HIGH(-@0)
                 	LD   R0,X+
                 	LD   R27,X
                 	MOV  R26,R0
                 	SUBI R26,LOW(-@1)
                 	SBCI R27,HIGH(-@1)
                 	ST   X+,R30
                 	ST   X,R31
                 	.ENDM
                 
                 	.MACRO __PUTD1SNX
                 	MOVW R26,R28
                 	SUBI R26,LOW(-@0)
                 	SBCI R27,HIGH(-@0)
                 	LD   R0,X+
                 	LD   R27,X
                 	MOV  R26,R0
                 	SUBI R26,LOW(-@1)
                 	SBCI R27,HIGH(-@1)
                 	ST   X+,R30
                 	ST   X+,R31
                 	ST   X+,R22
                 	ST   X,R23
                 	.ENDM
                 
                 	.MACRO __MULBRR
                 	MULS R@0,R@1
                 	MOVW R30,R0
                 	.ENDM
                 
                 	.MACRO __MULBRRU
                 	MUL  R@0,R@1
                 	MOVW R30,R0
                 	.ENDM
                 
                 	.MACRO __MULBRR0
                 	MULS R@0,R@1
                 	.ENDM
                 
                 	.MACRO __MULBRRU0
                 	MUL  R@0,R@1
                 	.ENDM
                 
                 	.MACRO __MULBNWRU
                 	LDI  R26,@2
                 	MUL  R26,R@0
                 	MOVW R30,R0
                 	MUL  R26,R@1
                 	ADD  R31,R0
                 	.ENDM
                 
                 ;NAME DEFINITIONS FOR GLOBAL VARIABLES ALLOCATED TO REGISTERS
                 	.DEF __lcd_x=R5
                 	.DEF __lcd_y=R4
                 	.DEF __lcd_maxx=R7
                 
                 	.CSEG
                 	.ORG 0x00
                 
                 ;START OF CODE MARKER
                 __START_OF_CODE:
                 
                 ;INTERRUPT VECTORS
000000 940c 0124 	JMP  __RESET
000002 940c 0000 	JMP  0x00
000004 940c 0000 	JMP  0x00
000006 940c 0000 	JMP  0x00
000008 940c 0000 	JMP  0x00
00000a 940c 0000 	JMP  0x00
00000c 940c 0000 	JMP  0x00
00000e 940c 0000 	JMP  0x00
000010 940c 0000 	JMP  0x00
000012 940c 0000 	JMP  0x00
000014 940c 0000 	JMP  0x00
000016 940c 0000 	JMP  0x00
000018 940c 0000 	JMP  0x00
00001a 940c 0000 	JMP  0x00
00001c 940c 0000 	JMP  0x00
00001e 940c 0000 	JMP  0x00
000020 940c 0000 	JMP  0x00
000022 940c 0000 	JMP  0x00
000024 940c 0000 	JMP  0x00
000026 940c 0000 	JMP  0x00
000028 940c 0000 	JMP  0x00
                 
                 _tbl10_G101:
00002a 2710
00002b 03e8
00002c 0064
00002d 000a      	.DB  0x10,0x27,0xE8,0x3,0x64,0x0,0xA,0x0
00002e 0001      	.DB  0x1,0x0
                 _tbl16_G101:
00002f 1000
000030 0100
000031 0010
000032 0001      	.DB  0x0,0x10,0x0,0x1,0x10,0x0,0x1,0x0
                 
                 _0x0:
000033 696b
000034 6972
000035 206d
000036 6570      	.DB  0x6B,0x69,0x72,0x69,0x6D,0x20,0x70,0x65
000037 6972
000038 746e
000039 6861
00003a 2400      	.DB  0x72,0x69,0x6E,0x74,0x61,0x68,0x0,0x24
00003b 2424
00003c 2424
00003d 5424
00003e 4c45      	.DB  0x24,0x24,0x24,0x24,0x24,0x54,0x45,0x4C
00003f 532c
000040 5445
000041 572d
000042 4b41      	.DB  0x2C,0x53,0x45,0x54,0x2D,0x57,0x41,0x4B
000043 2c45
000044 5341
000045 2d4b
000046 4d4f      	.DB  0x45,0x2C,0x41,0x53,0x4B,0x2D,0x4F,0x4D
000047 4745
000048 3241
000049 412c
00004a 4b53      	.DB  0x45,0x47,0x41,0x32,0x2C,0x41,0x53,0x4B
00004b 492d
00004c 2c44
00004d 5341
00004e 2c4b      	.DB  0x2D,0x49,0x44,0x2C,0x41,0x53,0x4B,0x2C
00004f 4d4f
000050 4745
000051 3341
000052 532c      	.DB  0x4F,0x4D,0x45,0x47,0x41,0x33,0x2C,0x53
000053 4441
000054 542d
000055 412c
000056 4b53      	.DB  0x41,0x44,0x2D,0x54,0x2C,0x41,0x53,0x4B
000057 4f2d
000058 454d
000059 4147
00005a 2c31      	.DB  0x2D,0x4F,0x4D,0x45,0x47,0x41,0x31,0x2C
00005b 4553
00005c 2d54
00005d 4c53
00005e 4545      	.DB  0x53,0x45,0x54,0x2D,0x53,0x4C,0x45,0x45
00005f 2350
000060 2323
000061 0023
000062 656d      	.DB  0x50,0x23,0x23,0x23,0x23,0x0,0x6D,0x65
000063 756e
000064 676e
000065 7567
000066 6420      	.DB  0x6E,0x75,0x6E,0x67,0x67,0x75,0x20,0x64
000067 7461
000068 2061
000069 6964
00006a 6574      	.DB  0x61,0x74,0x61,0x20,0x64,0x69,0x74,0x65
00006b 6972
00006c 616d
00006d 2e2e
00006e 2e2e      	.DB  0x72,0x69,0x6D,0x61,0x2E,0x2E,0x2E,0x2E
00006f 2e2e
000070 2e2e
000071 2e2e
000072 2e2e      	.DB  0x2E,0x2E,0x2E,0x2E,0x2E,0x2E,0x2E,0x2E
000073 002e
000074 4144
000075 4154
000076 4420      	.DB  0x2E,0x0,0x44,0x41,0x54,0x41,0x20,0x44
000077 5241
000078 2049
000079 5453
00007a 5341      	.DB  0x41,0x52,0x49,0x20,0x53,0x54,0x41,0x53
00007b 5549
00007c 204e
00007d 4554
00007e 454c      	.DB  0x49,0x55,0x4E,0x20,0x54,0x45,0x4C,0x45
00007f 2400
000080 2424
000081 2424
000082 5424      	.DB  0x0,0x24,0x24,0x24,0x24,0x24,0x24,0x54
000083 4c45
000084 412c
000085 4b53
000086 532d      	.DB  0x45,0x4C,0x2C,0x41,0x53,0x4B,0x2D,0x53
000087 4154
000088 2c54
000089 5341
00008a 2d4b      	.DB  0x54,0x41,0x54,0x2C,0x41,0x53,0x4B,0x2D
00008b 4d4f
00008c 4745
00008d 3241
00008e 412c      	.DB  0x4F,0x4D,0x45,0x47,0x41,0x32,0x2C,0x41
00008f 4b53
000090 492d
000091 2c44
000092 5341      	.DB  0x53,0x4B,0x2D,0x49,0x44,0x2C,0x41,0x53
000093 2d4b
000094 4d4f
000095 4745
000096 3341      	.DB  0x4B,0x2D,0x4F,0x4D,0x45,0x47,0x41,0x33
000097 532c
000098 4441
000099 542d
00009a 412c      	.DB  0x2C,0x53,0x41,0x44,0x2D,0x54,0x2C,0x41
00009b 4b53
00009c 4f2d
00009d 454d
00009e 4147      	.DB  0x53,0x4B,0x2D,0x4F,0x4D,0x45,0x47,0x41
00009f 2c31
0000a0 4553
0000a1 2d54
0000a2 4157      	.DB  0x31,0x2C,0x53,0x45,0x54,0x2D,0x57,0x41
0000a3 454b
0000a4 2323
0000a5 2323
0000a6 2400      	.DB  0x4B,0x45,0x23,0x23,0x23,0x23,0x0,0x24
0000a7 2424
0000a8 2424
0000a9 5424
0000aa 4c45      	.DB  0x24,0x24,0x24,0x24,0x24,0x54,0x45,0x4C
0000ab 412c
0000ac 4b53
0000ad 532d
0000ae 4154      	.DB  0x2C,0x41,0x53,0x4B,0x2D,0x53,0x54,0x41
0000af 2c54
0000b0 4153
0000b1 2d44
0000b2 2c54      	.DB  0x54,0x2C,0x53,0x41,0x44,0x2D,0x54,0x2C
0000b3 4553
0000b4 2d54
0000b5 4157
0000b6 454b      	.DB  0x53,0x45,0x54,0x2D,0x57,0x41,0x4B,0x45
0000b7 412c
0000b8 4b53
0000b9 492d
0000ba 2c44      	.DB  0x2C,0x41,0x53,0x4B,0x2D,0x49,0x44,0x2C
0000bb 5341
0000bc 2d4b
0000bd 5453
0000be 5441      	.DB  0x41,0x53,0x4B,0x2D,0x53,0x54,0x41,0x54
0000bf 412c
0000c0 4b53
0000c1 4f2d
0000c2 454d      	.DB  0x2C,0x41,0x53,0x4B,0x2D,0x4F,0x4D,0x45
0000c3 4147
0000c4 2c31
0000c5 5341
0000c6 2d4b      	.DB  0x47,0x41,0x31,0x2C,0x41,0x53,0x4B,0x2D
0000c7 4d4f
0000c8 4745
0000c9 3241
0000ca 412c      	.DB  0x4F,0x4D,0x45,0x47,0x41,0x32,0x2C,0x41
0000cb 4b53
0000cc 4f2d
0000cd 454d
0000ce 4147      	.DB  0x53,0x4B,0x2D,0x4F,0x4D,0x45,0x47,0x41
0000cf 2c33
0000d0 4553
0000d1 2d54
0000d2 4c53      	.DB  0x33,0x2C,0x53,0x45,0x54,0x2D,0x53,0x4C
0000d3 4545
0000d4 2350
0000d5 2323
0000d6 0023      	.DB  0x45,0x45,0x50,0x23,0x23,0x23,0x23,0x0
0000d7 2424
0000d8 2424
0000d9 2424
0000da 2424      	.DB  0x24,0x24,0x24,0x24,0x24,0x24,0x24,0x24
0000db 2424
0000dc 2424
0000dd 2424
0000de 2424      	.DB  0x24,0x24,0x24,0x24,0x24,0x24,0x24,0x24
0000df 2424
0000e0 2424
0000e1 2424
0000e2 2424      	.DB  0x24,0x24,0x24,0x24,0x24,0x24,0x24,0x24
0000e3 2424
0000e4 2424
0000e5 2424
0000e6 2424      	.DB  0x24,0x24,0x24,0x24,0x24,0x24,0x24,0x24
0000e7 2424
0000e8 2424
0000e9 2323
0000ea 2323      	.DB  0x24,0x24,0x24,0x24,0x23,0x23,0x23,0x23
0000eb 2323
0000ec 2323
0000ed 2323
0000ee 2323      	.DB  0x23,0x23,0x23,0x23,0x23,0x23,0x23,0x23
0000ef 2323
0000f0 2323
0000f1 2323
0000f2 2323      	.DB  0x23,0x23,0x23,0x23,0x23,0x23,0x23,0x23
0000f3 2323
0000f4 2323
0000f5 2323
0000f6 2323      	.DB  0x23,0x23,0x23,0x23,0x23,0x23,0x23,0x23
0000f7 2323
0000f8 2323
0000f9 2323
0000fa 2400      	.DB  0x23,0x23,0x23,0x23,0x23,0x23,0x0,0x24
0000fb 2424
0000fc 2424
0000fd 5424
0000fe 4c45      	.DB  0x24,0x24,0x24,0x24,0x24,0x54,0x45,0x4C
0000ff 532c
000100 5445
000101 572d
000102 4b41      	.DB  0x2C,0x53,0x45,0x54,0x2D,0x57,0x41,0x4B
000103 2c45
000104 4641
000105 4b78
000106 4e2d      	.DB  0x45,0x2C,0x41,0x46,0x78,0x4B,0x2D,0x4E
000107 574f
000108 2323
000109 2323
00010a 0023      	.DB  0x4F,0x57,0x23,0x23,0x23,0x23,0x23,0x0
00010b 2424
00010c 2424
00010d 2424
00010e 2424      	.DB  0x24,0x24,0x24,0x24,0x24,0x24,0x24,0x24
00010f 2424
000110 2424
000111 2424
000112 2424      	.DB  0x24,0x24,0x24,0x24,0x24,0x24,0x24,0x24
000113 2424
000114 2424
000115 2424
000116 2424      	.DB  0x24,0x24,0x24,0x24,0x24,0x24,0x24,0x24
000117 2424
000118 2324
000119 2323
00011a 2323      	.DB  0x24,0x24,0x24,0x23,0x23,0x23,0x23,0x23
00011b 2323
00011c 2323
00011d 2323
00011e 0023      	.DB  0x23,0x23,0x23,0x23,0x23,0x23,0x23,0x0
                 _0x2000003:
00011f c080      	.DB  0x80,0xC0
                 
                 __GLOBAL_INI_TBL:
000120 0002      	.DW  0x02
000121 0260      	.DW  __base_y_G100
000122 023e      	.DW  _0x2000003*2
                 
                 _0xFFFFFFFF:
000123 0000      	.DW  0
                 
                 __RESET:
000124 94f8      	CLI
000125 27ee      	CLR  R30
000126 bbec      	OUT  EECR,R30
                 
                 ;INTERRUPT VECTORS ARE PLACED
                 ;AT THE START OF FLASH
000127 e0f1      	LDI  R31,1
000128 bffb      	OUT  GICR,R31
000129 bfeb      	OUT  GICR,R30
00012a bfe5      	OUT  MCUCR,R30
                 
                 ;DISABLE WATCHDOG
00012b e1f8      	LDI  R31,0x18
00012c bdf1      	OUT  WDTCR,R31
00012d bde1      	OUT  WDTCR,R30
                 
                 ;CLEAR R2-R14
00012e e08d      	LDI  R24,(14-2)+1
00012f e0a2      	LDI  R26,2
000130 27bb      	CLR  R27
                 __CLEAR_REG:
000131 93ed      	ST   X+,R30
000132 958a      	DEC  R24
000133 f7e9      	BRNE __CLEAR_REG
                 
                 ;CLEAR SRAM
000134 e080      	LDI  R24,LOW(__CLEAR_SRAM_SIZE)
000135 e098      	LDI  R25,HIGH(__CLEAR_SRAM_SIZE)
000136 e6a0      	LDI  R26,__SRAM_START
                 __CLEAR_SRAM:
000137 93ed      	ST   X+,R30
000138 9701      	SBIW R24,1
000139 f7e9      	BRNE __CLEAR_SRAM
                 
                 ;GLOBAL VARIABLES INITIALIZATION
00013a e4e0      	LDI  R30,LOW(__GLOBAL_INI_TBL*2)
00013b e0f2      	LDI  R31,HIGH(__GLOBAL_INI_TBL*2)
                 __GLOBAL_INI_NEXT:
00013c 9185      	LPM  R24,Z+
00013d 9195      	LPM  R25,Z+
00013e 9700      	SBIW R24,0
00013f f061      	BREQ __GLOBAL_INI_END
000140 91a5      	LPM  R26,Z+
000141 91b5      	LPM  R27,Z+
000142 9005      	LPM  R0,Z+
000143 9015      	LPM  R1,Z+
000144 01bf      	MOVW R22,R30
000145 01f0      	MOVW R30,R0
                 __GLOBAL_INI_LOOP:
000146 9005      	LPM  R0,Z+
000147 920d      	ST   X+,R0
000148 9701      	SBIW R24,1
000149 f7e1      	BRNE __GLOBAL_INI_LOOP
00014a 01fb      	MOVW R30,R22
00014b cff0      	RJMP __GLOBAL_INI_NEXT
                 __GLOBAL_INI_END:
                 
                 ;HARDWARE STACK POINTER INITIALIZATION
00014c e5ef      	LDI  R30,LOW(__SRAM_END-__HEAP_SIZE)
00014d bfed      	OUT  SPL,R30
00014e e0e8      	LDI  R30,HIGH(__SRAM_END-__HEAP_SIZE)
00014f bfee      	OUT  SPH,R30
                 
                 ;DATA STACK POINTER INITIALIZATION
000150 e6c0      	LDI  R28,LOW(__SRAM_START+__DSTACK_SIZE)
000151 e0d2      	LDI  R29,HIGH(__SRAM_START+__DSTACK_SIZE)
                 
000152 940c 0187 	JMP  _main
                 
                 	.ESEG
                 	.ORG 0
                 
                 	.DSEG
                 	.ORG 0x260
                 
                 	.CSEG
                 ;/*****************************************************
                 ;This program was produced by the
                 ;CodeWizardAVR V2.05.0 Professional
                 ;Automatic Program Generator
                 ;© Copyright 1998-2010 Pavel Haiduc, HP InfoTech s.r.l.
                 ;http://www.hpinfotech.com
                 ;
                 ;Project :
                 ;Version :
                 ;Date    : 5/1/2012
                 ;Author  :
                 ;Company :
                 ;Comments:
                 ;
                 ;
                 ;Chip type               : ATmega32
                 ;Program type            : Application
                 ;AVR Core Clock frequency: 11.059200 MHz
                 ;Memory model            : Small
                 ;External RAM size       : 0
                 ;Data Stack size         : 512
                 ;*****************************************************/
                 ;
                 ;#include <mega32.h>
                 	#ifndef __SLEEP_DEFINED__
                 	#define __SLEEP_DEFINED__
                 	.EQU __se_bit=0x80
                 	.EQU __sm_mask=0x70
                 	.EQU __sm_powerdown=0x20
                 	.EQU __sm_powersave=0x30
                 	.EQU __sm_standby=0x60
                 	.EQU __sm_ext_standby=0x70
                 	.EQU __sm_adc_noise_red=0x10
                 	.SET power_ctrl_reg=mcucr
                 	#endif
                 ;#include <delay.h>
                 ;#include <alcd.h>
                 ;#include <stdio.h>
                 ;
                 ;char eeprom data_rx[1000];
                 ;
                 ;void tampil_lcd(void)
                 ; 0000 0020 {
                 
                 	.CSEG
                 _tampil_lcd:
                 ; 0000 0021       	char i;
                 ; 0000 0022         for(i=0;;i++)
000154 931a      	ST   -Y,R17
                 ;	i -> R17
000155 e010      	LDI  R17,LOW(0)
                 _0x4:
                 ; 0000 0023         {
                 ; 0000 0024                 if(data_rx[i]=='#') goto out;
000156 940e 02c3 	CALL SUBOPT_0x0
000158 32e3      	CPI  R30,LOW(0x23)
000159 f069      	BREQ _0x7
                 ; 0000 0025                 if(data_rx[i]==',') {delay_ms(500);lcd_clear();}
00015a 940e 02c3 	CALL SUBOPT_0x0
00015c 32ec      	CPI  R30,LOW(0x2C)
00015d f419      	BRNE _0x8
00015e 940e 02ca 	CALL SUBOPT_0x1
000160 d0eb      	RCALL _lcd_clear
                 ; 0000 0026                 lcd_putchar(data_rx[i]);
                 _0x8:
000161 940e 02c3 	CALL SUBOPT_0x0
000163 93ea      	ST   -Y,R30
000164 d0f4      	RCALL _lcd_putchar
                 ; 0000 0027         }
000165 5f1f      	SUBI R17,-1
000166 cfef      	RJMP _0x4
                 ; 0000 0028         out:
                 _0x7:
                 ; 0000 0029 }
000167 9119      	LD   R17,Y+
000168 9508      	RET
                 ;
                 ;void terima_data(void)
                 ; 0000 002C {
                 _terima_data:
                 ; 0000 002D 	char i,c_buff;
                 ; 0000 002E         while(getchar()!='$');
000169 931a      	ST   -Y,R17
00016a 930a      	ST   -Y,R16
                 ;	i -> R17
                 ;	c_buff -> R16
                 _0x9:
00016b 940e 02ac 	CALL _getchar
00016d 32e4      	CPI  R30,LOW(0x24)
00016e f7e1      	BRNE _0x9
                 ; 0000 002F         while(getchar()=='$');
                 _0xC:
00016f 940e 02ac 	CALL _getchar
000171 32e4      	CPI  R30,LOW(0x24)
000172 f3e1      	BREQ _0xC
                 ; 0000 0030         for(i=0;;i++)
000173 e010      	LDI  R17,LOW(0)
                 _0x10:
                 ; 0000 0031         {
                 ; 0000 0032         	c_buff = getchar();
000174 940e 02ac 	CALL _getchar
000176 2f0e      	MOV  R16,R30
                 ; 0000 0033                 data_rx[i]=c_buff;
000177 2fa1      	MOV  R26,R17
000178 e0b0      	LDI  R27,0
000179 50a0      	SUBI R26,LOW(-_data_rx)
00017a 40b0      	SBCI R27,HIGH(-_data_rx)
00017b 2fe0      	MOV  R30,R16
00017c 940e 0332 	CALL __EEPROMWRB
                 ; 0000 0034                 if(data_rx[i]=='#') goto out;
00017e 940e 02c3 	CALL SUBOPT_0x0
000180 32e3      	CPI  R30,LOW(0x23)
000181 f011      	BREQ _0x13
                 ; 0000 0035         }
000182 5f1f      	SUBI R17,-1
000183 cff0      	RJMP _0x10
                 ; 0000 0036         out:
                 _0x13:
                 ; 0000 0037 }
000184 9109      	LD   R16,Y+
000185 9119      	LD   R17,Y+
000186 9508      	RET
                 ;
                 ;void main(void)
                 ; 0000 003A {
                 _main:
                 ; 0000 003B // Declare your local variables here
                 ; 0000 003C 
                 ; 0000 003D // Input/Output Ports initialization
                 ; 0000 003E // Port A initialization
                 ; 0000 003F // Func7=Out Func6=In Func5=In Func4=In Func3=In Func2=In Func1=In Func0=Out
                 ; 0000 0040 // State7=0 State6=T State5=T State4=T State3=T State2=T State1=T State0=0
                 ; 0000 0041 PORTA=0x00;
000187 e0e0      	LDI  R30,LOW(0)
000188 bbeb      	OUT  0x1B,R30
                 ; 0000 0042 DDRA=0x81;
000189 e8e1      	LDI  R30,LOW(129)
00018a bbea      	OUT  0x1A,R30
                 ; 0000 0043 
                 ; 0000 0044 // Port B initialization
                 ; 0000 0045 // Func7=In Func6=In Func5=In Func4=In Func3=In Func2=In Func1=In Func0=In
                 ; 0000 0046 // State7=T State6=T State5=T State4=T State3=T State2=T State1=T State0=T
                 ; 0000 0047 PORTB=0x00;
00018b e0e0      	LDI  R30,LOW(0)
00018c bbe8      	OUT  0x18,R30
                 ; 0000 0048 DDRB=0x00;
00018d bbe7      	OUT  0x17,R30
                 ; 0000 0049 
                 ; 0000 004A // Port C initialization
                 ; 0000 004B // Func7=In Func6=In Func5=In Func4=In Func3=In Func2=In Func1=In Func0=In
                 ; 0000 004C // State7=T State6=T State5=T State4=T State3=T State2=T State1=T State0=T
                 ; 0000 004D PORTC=0x00;
00018e bbe5      	OUT  0x15,R30
                 ; 0000 004E DDRC=0x00;
00018f bbe4      	OUT  0x14,R30
                 ; 0000 004F 
                 ; 0000 0050 // Port D initialization
                 ; 0000 0051 // Func7=In Func6=In Func5=In Func4=In Func3=In Func2=In Func1=Out Func0=In
                 ; 0000 0052 // State7=P State6=P State5=P State4=P State3=T State2=T State1=1 State0=P
                 ; 0000 0053 PORTD=0xF3;
000190 efe3      	LDI  R30,LOW(243)
000191 bbe2      	OUT  0x12,R30
                 ; 0000 0054 DDRD=0x02;
000192 e0e2      	LDI  R30,LOW(2)
000193 bbe1      	OUT  0x11,R30
                 ; 0000 0055 
                 ; 0000 0056 // Timer/Counter 0 initialization
                 ; 0000 0057 // Clock source: System Clock
                 ; 0000 0058 // Clock value: Timer 0 Stopped
                 ; 0000 0059 // Mode: Normal top=0xFF
                 ; 0000 005A // OC0 output: Disconnected
                 ; 0000 005B TCCR0=0x00;
000194 e0e0      	LDI  R30,LOW(0)
000195 bfe3      	OUT  0x33,R30
                 ; 0000 005C TCNT0=0x00;
000196 bfe2      	OUT  0x32,R30
                 ; 0000 005D OCR0=0x00;
000197 bfec      	OUT  0x3C,R30
                 ; 0000 005E 
                 ; 0000 005F // Timer/Counter 1 initialization
                 ; 0000 0060 // Clock source: System Clock
                 ; 0000 0061 // Clock value: Timer1 Stopped
                 ; 0000 0062 // Mode: Normal top=0xFFFF
                 ; 0000 0063 // OC1A output: Discon.
                 ; 0000 0064 // OC1B output: Discon.
                 ; 0000 0065 // Noise Canceler: Off
                 ; 0000 0066 // Input Capture on Falling Edge
                 ; 0000 0067 // Timer1 Overflow Interrupt: Off
                 ; 0000 0068 // Input Capture Interrupt: Off
                 ; 0000 0069 // Compare A Match Interrupt: Off
                 ; 0000 006A // Compare B Match Interrupt: Off
                 ; 0000 006B TCCR1A=0x00;
000198 bdef      	OUT  0x2F,R30
                 ; 0000 006C TCCR1B=0x00;
000199 bdee      	OUT  0x2E,R30
                 ; 0000 006D TCNT1H=0x00;
00019a bded      	OUT  0x2D,R30
                 ; 0000 006E TCNT1L=0x00;
00019b bdec      	OUT  0x2C,R30
                 ; 0000 006F ICR1H=0x00;
00019c bde7      	OUT  0x27,R30
                 ; 0000 0070 ICR1L=0x00;
00019d bde6      	OUT  0x26,R30
                 ; 0000 0071 OCR1AH=0x00;
00019e bdeb      	OUT  0x2B,R30
                 ; 0000 0072 OCR1AL=0x00;
00019f bdea      	OUT  0x2A,R30
                 ; 0000 0073 OCR1BH=0x00;
0001a0 bde9      	OUT  0x29,R30
                 ; 0000 0074 OCR1BL=0x00;
0001a1 bde8      	OUT  0x28,R30
                 ; 0000 0075 
                 ; 0000 0076 // Timer/Counter 2 initialization
                 ; 0000 0077 // Clock source: System Clock
                 ; 0000 0078 // Clock value: Timer2 Stopped
                 ; 0000 0079 // Mode: Normal top=0xFF
                 ; 0000 007A // OC2 output: Disconnected
                 ; 0000 007B ASSR=0x00;
0001a2 bde2      	OUT  0x22,R30
                 ; 0000 007C TCCR2=0x00;
0001a3 bde5      	OUT  0x25,R30
                 ; 0000 007D TCNT2=0x00;
0001a4 bde4      	OUT  0x24,R30
                 ; 0000 007E OCR2=0x00;
0001a5 bde3      	OUT  0x23,R30
                 ; 0000 007F 
                 ; 0000 0080 // External Interrupt(s) initialization
                 ; 0000 0081 // INT0: Off
                 ; 0000 0082 // INT1: Off
                 ; 0000 0083 // INT2: Off
                 ; 0000 0084 MCUCR=0x00;
0001a6 bfe5      	OUT  0x35,R30
                 ; 0000 0085 MCUCSR=0x00;
0001a7 bfe4      	OUT  0x34,R30
                 ; 0000 0086 
                 ; 0000 0087 // Timer(s)/Counter(s) Interrupt(s) initialization
                 ; 0000 0088 TIMSK=0x00;
0001a8 bfe9      	OUT  0x39,R30
                 ; 0000 0089 
                 ; 0000 008A // USART initialization
                 ; 0000 008B // Communication Parameters: 8 Data, 1 Stop, No Parity
                 ; 0000 008C // USART Receiver: On
                 ; 0000 008D // USART Transmitter: On
                 ; 0000 008E // USART Mode: Asynchronous
                 ; 0000 008F // USART Baud Rate: 1200
                 ; 0000 0090 UCSRA=0x00;
0001a9 b9eb      	OUT  0xB,R30
                 ; 0000 0091 UCSRB=0x18;
0001aa e1e8      	LDI  R30,LOW(24)
0001ab b9ea      	OUT  0xA,R30
                 ; 0000 0092 UCSRC=0x86;
0001ac e8e6      	LDI  R30,LOW(134)
0001ad bde0      	OUT  0x20,R30
                 ; 0000 0093 UBRRH=0x02;
0001ae e0e2      	LDI  R30,LOW(2)
0001af bde0      	OUT  0x20,R30
                 ; 0000 0094 UBRRL=0x3F;
0001b0 e3ef      	LDI  R30,LOW(63)
0001b1 b9e9      	OUT  0x9,R30
                 ; 0000 0095 
                 ; 0000 0096 // Analog Comparator initialization
                 ; 0000 0097 // Analog Comparator: Off
                 ; 0000 0098 // Analog Comparator Input Capture by Timer/Counter 1: Off
                 ; 0000 0099 ACSR=0x80;
0001b2 e8e0      	LDI  R30,LOW(128)
0001b3 b9e8      	OUT  0x8,R30
                 ; 0000 009A SFIOR=0x00;
0001b4 e0e0      	LDI  R30,LOW(0)
0001b5 bfe0      	OUT  0x30,R30
                 ; 0000 009B 
                 ; 0000 009C // ADC initialization
                 ; 0000 009D // ADC disabled
                 ; 0000 009E ADCSRA=0x00;
0001b6 b9e6      	OUT  0x6,R30
                 ; 0000 009F 
                 ; 0000 00A0 // SPI initialization
                 ; 0000 00A1 // SPI disabled
                 ; 0000 00A2 SPCR=0x00;
0001b7 b9ed      	OUT  0xD,R30
                 ; 0000 00A3 
                 ; 0000 00A4 // TWI initialization
                 ; 0000 00A5 // TWI disabled
                 ; 0000 00A6 TWCR=0x00;
0001b8 bfe6      	OUT  0x36,R30
                 ; 0000 00A7 
                 ; 0000 00A8 // Alphanumeric LCD initialization
                 ; 0000 00A9 // Connections specified in the
                 ; 0000 00AA // Project|Configure|C Compiler|Libraries|Alphanumeric LCD menu:
                 ; 0000 00AB // RS - PORTB Bit 0
                 ; 0000 00AC // RD - PORTB Bit 1
                 ; 0000 00AD // EN - PORTB Bit 2
                 ; 0000 00AE // D4 - PORTB Bit 4
                 ; 0000 00AF // D5 - PORTB Bit 5
                 ; 0000 00B0 // D6 - PORTB Bit 6
                 ; 0000 00B1 // D7 - PORTB Bit 7
                 ; 0000 00B2 // Characters/line: 16
                 ; 0000 00B3 lcd_init(16);
0001b9 e1e0      	LDI  R30,LOW(16)
0001ba 93ea      	ST   -Y,R30
0001bb d0bd      	RCALL _lcd_init
                 ; 0000 00B4 delay_ms(2000);
0001bc ede0      	LDI  R30,LOW(2000)
0001bd e0f7      	LDI  R31,HIGH(2000)
0001be 940e 02d0 	CALL SUBOPT_0x2
                 ; 0000 00B5 delay_ms(4000);
0001c0 eae0      	LDI  R30,LOW(4000)
0001c1 e0ff      	LDI  R31,HIGH(4000)
0001c2 940e 02d0 	CALL SUBOPT_0x2
                 ; 0000 00B6 while (1)
                 _0x14:
                 ; 0000 00B7       	{
                 ; 0000 00B8         	lcd_clear();
0001c4 940e 02d4 	CALL SUBOPT_0x3
                 ; 0000 00B9                 lcd_putsf("kirim perintah");
                 ; 0000 00BA                 delay_ms(500);
                 ; 0000 00BB                 PORTA.0 = 1;
0001c6 940e 02dd 	CALL SUBOPT_0x4
                 ; 0000 00BC                 PORTD.1 = 1;
                 ; 0000 00BD                 delay_ms(300);
                 ; 0000 00BE                 putsf("$$$$$$TEL,SET-WAKE,ASK-OMEGA2,ASK-ID,ASK,OMEGA3,SAD-T,ASK-OMEGA1,SET-SLEEP####");
                +
0001c8 e7e5     +LDI R30 , LOW ( 2 * _0x0 + ( 15 ) )
0001c9 e0f0     +LDI R31 , HIGH ( 2 * _0x0 + ( 15 ) )
                 	__POINTW1FN _0x0,15
0001ca 940e 02e2 	CALL SUBOPT_0x5
                 ; 0000 00BF                 lcd_clear();
                 ; 0000 00C0                 lcd_putsf("menunggu data diterima.............");
                 ; 0000 00C1                 PORTA.0 = 0;
                 ; 0000 00C2                 terima_data();
                 ; 0000 00C3                 lcd_clear();
                 ; 0000 00C4                 lcd_putsf("DATA DARI STASIUN TELE");
                 ; 0000 00C5                 delay_ms(500);
                 ; 0000 00C6                 lcd_clear();
0001cc 940e 02fa 	CALL SUBOPT_0x6
                 ; 0000 00C7                 tampil_lcd();
                 ; 0000 00C8                 delay_ms(3000);
                 ; 0000 00C9 
                 ; 0000 00CA                 lcd_clear();
0001ce 940e 02d4 	CALL SUBOPT_0x3
                 ; 0000 00CB                 lcd_putsf("kirim perintah");
                 ; 0000 00CC                 delay_ms(500);
                 ; 0000 00CD                 PORTA.0 = 1;
0001d0 940e 02dd 	CALL SUBOPT_0x4
                 ; 0000 00CE                 PORTD.1 = 1;
                 ; 0000 00CF                 delay_ms(300);
                 ; 0000 00D0                 putsf("$$$$$$TEL,ASK-STAT,ASK-OMEGA2,ASK-ID,ASK-OMEGA3,SAD-T,ASK-OMEGA1,SET-WAKE####");
                +
0001d2 efef     +LDI R30 , LOW ( 2 * _0x0 + ( 153 ) )
0001d3 e0f0     +LDI R31 , HIGH ( 2 * _0x0 + ( 153 ) )
                 	__POINTW1FN _0x0,153
0001d4 940e 02e2 	CALL SUBOPT_0x5
                 ; 0000 00D1                 lcd_clear();
                 ; 0000 00D2                 lcd_putsf("menunggu data diterima.............");
                 ; 0000 00D3                 PORTA.0 = 0;
                 ; 0000 00D4                 terima_data();
                 ; 0000 00D5                 lcd_clear();
                 ; 0000 00D6                 lcd_putsf("DATA DARI STASIUN TELE");
                 ; 0000 00D7                 delay_ms(500);
                 ; 0000 00D8                 lcd_clear();
0001d6 940e 02fa 	CALL SUBOPT_0x6
                 ; 0000 00D9                 tampil_lcd();
                 ; 0000 00DA                 delay_ms(3000);
                 ; 0000 00DB 
                 ; 0000 00DC                 lcd_clear();
0001d8 940e 02d4 	CALL SUBOPT_0x3
                 ; 0000 00DD                 lcd_putsf("kirim perintah");
                 ; 0000 00DE                 delay_ms(500);
                 ; 0000 00DF                 PORTA.0 = 1;
0001da 940e 02dd 	CALL SUBOPT_0x4
                 ; 0000 00E0                 PORTD.1 = 1;
                 ; 0000 00E1                 delay_ms(300);
                 ; 0000 00E2                 putsf("$$$$$$TEL,ASK-STAT,SAD-T,SET-WAKE,ASK-ID,ASK-STAT,ASK-OMEGA1,ASK-OMEGA2,ASK-OMEGA3,SET-SLEEP####");
                +
0001dc e4ed     +LDI R30 , LOW ( 2 * _0x0 + ( 231 ) )
0001dd e0f1     +LDI R31 , HIGH ( 2 * _0x0 + ( 231 ) )
                 	__POINTW1FN _0x0,231
0001de 940e 02e2 	CALL SUBOPT_0x5
                 ; 0000 00E3                 lcd_clear();
                 ; 0000 00E4                 lcd_putsf("menunggu data diterima.............");
                 ; 0000 00E5                 PORTA.0 = 0;
                 ; 0000 00E6                 terima_data();
                 ; 0000 00E7                 lcd_clear();
                 ; 0000 00E8                 lcd_putsf("DATA DARI STASIUN TELE");
                 ; 0000 00E9                 delay_ms(500);
                 ; 0000 00EA                 lcd_clear();
0001e0 940e 02fa 	CALL SUBOPT_0x6
                 ; 0000 00EB                 tampil_lcd();
                 ; 0000 00EC                 delay_ms(3000);
                 ; 0000 00ED 
                 ; 0000 00EE                 lcd_clear();
0001e2 940e 02d4 	CALL SUBOPT_0x3
                 ; 0000 00EF                 lcd_putsf("kirim perintah");
                 ; 0000 00F0                 delay_ms(500);
                 ; 0000 00F1                 PORTA.0 = 1;
0001e4 940e 02dd 	CALL SUBOPT_0x4
                 ; 0000 00F2                 PORTD.1 = 1;
                 ; 0000 00F3                 delay_ms(300);
                 ; 0000 00F4                 putsf("$$$$$$$$$$$$$$$$$$$$$$$$$$$$$$$$$$$$##################################");
                +
0001e6 eaee     +LDI R30 , LOW ( 2 * _0x0 + ( 328 ) )
0001e7 e0f1     +LDI R31 , HIGH ( 2 * _0x0 + ( 328 ) )
                 	__POINTW1FN _0x0,328
0001e8 940e 02e2 	CALL SUBOPT_0x5
                 ; 0000 00F5                 lcd_clear();
                 ; 0000 00F6                 lcd_putsf("menunggu data diterima.............");
                 ; 0000 00F7                 PORTA.0 = 0;
                 ; 0000 00F8                 terima_data();
                 ; 0000 00F9                 lcd_clear();
                 ; 0000 00FA                 lcd_putsf("DATA DARI STASIUN TELE");
                 ; 0000 00FB                 delay_ms(500);
                 ; 0000 00FC                 lcd_clear();
0001ea 940e 02fa 	CALL SUBOPT_0x6
                 ; 0000 00FD                 tampil_lcd();
                 ; 0000 00FE                 delay_ms(3000);
                 ; 0000 00FF 
                 ; 0000 0100                 lcd_clear();
0001ec 940e 02d4 	CALL SUBOPT_0x3
                 ; 0000 0101                 lcd_putsf("kirim perintah");
                 ; 0000 0102                 delay_ms(500);
                 ; 0000 0103                 PORTA.0 = 1;
0001ee 940e 02dd 	CALL SUBOPT_0x4
                 ; 0000 0104                 PORTD.1 = 1;
                 ; 0000 0105                 delay_ms(300);
                 ; 0000 0106                 putsf("$$$$$$$$$$$$$$$$$$$$$$$$$$$$$$$$$$$$##################################");
                +
0001f0 eaee     +LDI R30 , LOW ( 2 * _0x0 + ( 328 ) )
0001f1 e0f1     +LDI R31 , HIGH ( 2 * _0x0 + ( 328 ) )
                 	__POINTW1FN _0x0,328
0001f2 940e 02e2 	CALL SUBOPT_0x5
                 ; 0000 0107                 lcd_clear();
                 ; 0000 0108                 lcd_putsf("menunggu data diterima.............");
                 ; 0000 0109                 PORTA.0 = 0;
                 ; 0000 010A                 terima_data();
                 ; 0000 010B                 lcd_clear();
                 ; 0000 010C                 lcd_putsf("DATA DARI STASIUN TELE");
                 ; 0000 010D                 delay_ms(500);
                 ; 0000 010E                 lcd_clear();
0001f4 940e 02fa 	CALL SUBOPT_0x6
                 ; 0000 010F                 tampil_lcd();
                 ; 0000 0110                 delay_ms(3000);
                 ; 0000 0111 
                 ; 0000 0112                 lcd_clear();
0001f6 940e 02d4 	CALL SUBOPT_0x3
                 ; 0000 0113                 lcd_putsf("kirim perintah");
                 ; 0000 0114                 delay_ms(500);
                 ; 0000 0115                 PORTA.0 = 1;
0001f8 940e 02dd 	CALL SUBOPT_0x4
                 ; 0000 0116                 PORTD.1 = 1;
                 ; 0000 0117                 delay_ms(300);
                 ; 0000 0118                 putsf("$$$$$$TEL,SET-WAKE,AFxK-NOW#####");
                +
0001fa efe5     +LDI R30 , LOW ( 2 * _0x0 + ( 399 ) )
0001fb e0f1     +LDI R31 , HIGH ( 2 * _0x0 + ( 399 ) )
                 	__POINTW1FN _0x0,399
0001fc 940e 02e2 	CALL SUBOPT_0x5
                 ; 0000 0119                 lcd_clear();
                 ; 0000 011A                 lcd_putsf("menunggu data diterima.............");
                 ; 0000 011B                 PORTA.0 = 0;
                 ; 0000 011C                 terima_data();
                 ; 0000 011D                 lcd_clear();
                 ; 0000 011E                 lcd_putsf("DATA DARI STASIUN TELE");
                 ; 0000 011F                 delay_ms(500);
                 ; 0000 0120                 lcd_clear();
0001fe 940e 02fa 	CALL SUBOPT_0x6
                 ; 0000 0121                 tampil_lcd();
                 ; 0000 0122                 delay_ms(3000);
                 ; 0000 0123 
                 ; 0000 0124                 lcd_clear();
000200 940e 02d4 	CALL SUBOPT_0x3
                 ; 0000 0125                 lcd_putsf("kirim perintah");
                 ; 0000 0126                 delay_ms(500);
                 ; 0000 0127                 PORTA.0 = 1;
000202 940e 02dd 	CALL SUBOPT_0x4
                 ; 0000 0128                 PORTD.1 = 1;
                 ; 0000 0129                 delay_ms(300);
                 ; 0000 012A                 putsf("$$$$$$$$$$$$$$$$$$$$$$$$$$$############");
                +
000204 e1e6     +LDI R30 , LOW ( 2 * _0x0 + ( 432 ) )
000205 e0f2     +LDI R31 , HIGH ( 2 * _0x0 + ( 432 ) )
                 	__POINTW1FN _0x0,432
000206 940e 02e2 	CALL SUBOPT_0x5
                 ; 0000 012B                 lcd_clear();
                 ; 0000 012C                 lcd_putsf("menunggu data diterima.............");
                 ; 0000 012D                 PORTA.0 = 0;
                 ; 0000 012E                 terima_data();
                 ; 0000 012F                 lcd_clear();
                 ; 0000 0130                 lcd_putsf("DATA DARI STASIUN TELE");
                 ; 0000 0131                 delay_ms(500);
                 ; 0000 0132                 lcd_clear();
000208 940e 02fa 	CALL SUBOPT_0x6
                 ; 0000 0133                 tampil_lcd();
                 ; 0000 0134                 delay_ms(3000);
                 ; 0000 0135       	}
00020a cfb9      	RJMP _0x14
                 ; 0000 0136 }
                 _0x41:
00020b cfff      	RJMP _0x41
                 	#ifndef __SLEEP_DEFINED__
                 	#endif
                 
                 	.DSEG
                 
                 	.CSEG
                 __lcd_write_nibble_G100:
00020c 81e8      	LD   R30,Y
00020d 71e0      	ANDI R30,LOW(0x10)
00020e f011      	BREQ _0x2000004
00020f 9ac4      	SBI  0x18,4
000210 c001      	RJMP _0x2000005
                 _0x2000004:
000211 98c4      	CBI  0x18,4
                 _0x2000005:
000212 81e8      	LD   R30,Y
000213 72e0      	ANDI R30,LOW(0x20)
000214 f011      	BREQ _0x2000006
000215 9ac5      	SBI  0x18,5
000216 c001      	RJMP _0x2000007
                 _0x2000006:
000217 98c5      	CBI  0x18,5
                 _0x2000007:
000218 81e8      	LD   R30,Y
000219 74e0      	ANDI R30,LOW(0x40)
00021a f011      	BREQ _0x2000008
00021b 9ac6      	SBI  0x18,6
00021c c001      	RJMP _0x2000009
                 _0x2000008:
00021d 98c6      	CBI  0x18,6
                 _0x2000009:
00021e 81e8      	LD   R30,Y
00021f 78e0      	ANDI R30,LOW(0x80)
000220 f011      	BREQ _0x200000A
000221 9ac7      	SBI  0x18,7
000222 c001      	RJMP _0x200000B
                 _0x200000A:
000223 98c7      	CBI  0x18,7
                 _0x200000B:
                +
000224 e087     +LDI R24 , LOW ( 7 )
                +__DELAY_USB_LOOP :
000225 958a     +DEC R24
000226 f7f1     +BRNE __DELAY_USB_LOOP
                 	__DELAY_USB 7
000227 9ac2      	SBI  0x18,2
                +
000228 e182     +LDI R24 , LOW ( 18 )
                +__DELAY_USB_LOOP :
000229 958a     +DEC R24
00022a f7f1     +BRNE __DELAY_USB_LOOP
                 	__DELAY_USB 18
00022b 98c2      	CBI  0x18,2
                +
00022c e182     +LDI R24 , LOW ( 18 )
                +__DELAY_USB_LOOP :
00022d 958a     +DEC R24
00022e f7f1     +BRNE __DELAY_USB_LOOP
                 	__DELAY_USB 18
00022f 940c 02b4 	JMP  _0x2080002
                 __lcd_write_data:
000231 81e8      	LD   R30,Y
000232 93ea      	ST   -Y,R30
000233 dfd8      	RCALL __lcd_write_nibble_G100
000234 81e8          ld    r30,y
000235 95e2          swap  r30
000236 83e8          st    y,r30
000237 81e8      	LD   R30,Y
000238 93ea      	ST   -Y,R30
000239 dfd2      	RCALL __lcd_write_nibble_G100
                +
00023a eb88     +LDI R24 , LOW ( 184 )
                +__DELAY_USB_LOOP :
00023b 958a     +DEC R24
00023c f7f1     +BRNE __DELAY_USB_LOOP
                 	__DELAY_USB 184
00023d 940c 02b4 	JMP  _0x2080002
                 _lcd_gotoxy:
00023f 81e8      	LD   R30,Y
000240 e0f0      	LDI  R31,0
000241 5ae0      	SUBI R30,LOW(-__base_y_G100)
000242 4ffd      	SBCI R31,HIGH(-__base_y_G100)
000243 81e0      	LD   R30,Z
000244 81a9      	LDD  R26,Y+1
000245 0fea      	ADD  R30,R26
000246 93ea      	ST   -Y,R30
000247 dfe9      	RCALL __lcd_write_data
000248 8059      	LDD  R5,Y+1
000249 8048      	LDD  R4,Y+0
00024a 9622      	ADIW R28,2
00024b 9508      	RET
                 _lcd_clear:
00024c e0e2      	LDI  R30,LOW(2)
00024d 940e 0301 	CALL SUBOPT_0x7
00024f e0ec      	LDI  R30,LOW(12)
000250 93ea      	ST   -Y,R30
000251 dfdf      	RCALL __lcd_write_data
000252 e0e1      	LDI  R30,LOW(1)
000253 940e 0301 	CALL SUBOPT_0x7
000255 e0e0      	LDI  R30,LOW(0)
000256 2e4e      	MOV  R4,R30
000257 2e5e      	MOV  R5,R30
000258 9508      	RET
                 _lcd_putchar:
000259 81a8      	LD   R26,Y
00025a 30aa      	CPI  R26,LOW(0xA)
00025b f011      	BREQ _0x2000011
00025c 1457      	CP   R5,R7
00025d f050      	BRLO _0x2000010
                 _0x2000011:
00025e e0e0      	LDI  R30,LOW(0)
00025f 93ea      	ST   -Y,R30
000260 9443      	INC  R4
000261 924a      	ST   -Y,R4
000262 dfdc      	RCALL _lcd_gotoxy
000263 81a8      	LD   R26,Y
000264 30aa      	CPI  R26,LOW(0xA)
000265 f411      	BRNE _0x2000013
000266 940c 02b4 	JMP  _0x2080002
                 _0x2000013:
                 _0x2000010:
000268 9453      	INC  R5
000269 9ac0      	SBI  0x18,0
00026a 81e8      	LD   R30,Y
00026b 93ea      	ST   -Y,R30
00026c dfc4      	RCALL __lcd_write_data
00026d 98c0      	CBI  0x18,0
00026e 940c 02b4 	JMP  _0x2080002
                 _lcd_putsf:
000270 931a      	ST   -Y,R17
                 _0x2000017:
000271 940e 0307 	CALL SUBOPT_0x8
000273 f019      	BREQ _0x2000019
000274 931a      	ST   -Y,R17
000275 dfe3      	RCALL _lcd_putchar
000276 cffa      	RJMP _0x2000017
                 _0x2000019:
000277 940c 02c0 	JMP  _0x2080001
                 _lcd_init:
000279 9abc      	SBI  0x17,4
00027a 9abd      	SBI  0x17,5
00027b 9abe      	SBI  0x17,6
00027c 9abf      	SBI  0x17,7
00027d 9aba      	SBI  0x17,2
00027e 9ab8      	SBI  0x17,0
00027f 9ab9      	SBI  0x17,1
000280 98c2      	CBI  0x18,2
000281 98c0      	CBI  0x18,0
000282 98c1      	CBI  0x18,1
000283 8078      	LDD  R7,Y+0
000284 81e8      	LD   R30,Y
000285 58e0      	SUBI R30,-LOW(128)
                +
000286 93e0 0262+STS __base_y_G100 + ( 2 ) , R30
                 	__PUTB1MN __base_y_G100,2
000288 81e8      	LD   R30,Y
000289 54e0      	SUBI R30,-LOW(192)
                +
00028a 93e0 0263+STS __base_y_G100 + ( 3 ) , R30
                 	__PUTB1MN __base_y_G100,3
00028c e1e4      	LDI  R30,LOW(20)
00028d e0f0      	LDI  R31,HIGH(20)
00028e 940e 02d0 	CALL SUBOPT_0x2
000290 940e 0311 	CALL SUBOPT_0x9
000292 940e 0311 	CALL SUBOPT_0x9
000294 940e 0311 	CALL SUBOPT_0x9
000296 e2e0      	LDI  R30,LOW(32)
000297 93ea      	ST   -Y,R30
000298 df73      	RCALL __lcd_write_nibble_G100
                +
000299 e184     +LDI R24 , LOW ( 276 )
00029a e091     +LDI R25 , HIGH ( 276 )
                +__DELAY_USW_LOOP :
00029b 9701     +SBIW R24 , 1
00029c f7f1     +BRNE __DELAY_USW_LOOP
                 	__DELAY_USW 276
00029d e2e8      	LDI  R30,LOW(40)
00029e 93ea      	ST   -Y,R30
00029f df91      	RCALL __lcd_write_data
0002a0 e0e4      	LDI  R30,LOW(4)
0002a1 93ea      	ST   -Y,R30
0002a2 df8e      	RCALL __lcd_write_data
0002a3 e8e5      	LDI  R30,LOW(133)
0002a4 93ea      	ST   -Y,R30
0002a5 df8b      	RCALL __lcd_write_data
0002a6 e0e6      	LDI  R30,LOW(6)
0002a7 93ea      	ST   -Y,R30
0002a8 df88      	RCALL __lcd_write_data
0002a9 dfa2      	RCALL _lcd_clear
0002aa 940c 02b4 	JMP  _0x2080002
                 	#ifndef __SLEEP_DEFINED__
                 	#endif
                 
                 	.CSEG
                 _getchar:
                 getchar0:
0002ac 9b5f           sbis usr,rxc
0002ad cffe           rjmp getchar0
0002ae b1ec           in   r30,udr
0002af 9508      	RET
                 _putchar:
                 putchar0:
0002b0 9b5d           sbis usr,udre
0002b1 cffe           rjmp putchar0
0002b2 81e8           ld   r30,y
0002b3 b9ec           out  udr,r30
                 _0x2080002:
0002b4 9621      	ADIW R28,1
0002b5 9508      	RET
                 _putsf:
0002b6 931a      	ST   -Y,R17
                 _0x2020006:
0002b7 940e 0307 	CALL SUBOPT_0x8
0002b9 f019      	BREQ _0x2020008
0002ba 931a      	ST   -Y,R17
0002bb dff4      	RCALL _putchar
0002bc cffa      	RJMP _0x2020006
                 _0x2020008:
0002bd e0ea      	LDI  R30,LOW(10)
0002be 93ea      	ST   -Y,R30
0002bf dff0      	RCALL _putchar
                 _0x2080001:
0002c0 8118      	LDD  R17,Y+0
0002c1 9623      	ADIW R28,3
0002c2 9508      	RET
                 
                 	.CSEG
                 
                 	.CSEG
                 
                 	.ESEG
                 _data_rx:
000000           	.BYTE 0x3E8
                 
                 	.DSEG
                 __base_y_G100:
000260           	.BYTE 0x4
                 
                 	.CSEG
                 ;OPTIMIZER ADDED SUBROUTINE, CALLED 4 TIMES, CODE SIZE REDUCTION:15 WORDS
                 SUBOPT_0x0:
0002c3 2fa1      	MOV  R26,R17
0002c4 e0b0      	LDI  R27,0
0002c5 50a0      	SUBI R26,LOW(-_data_rx)
0002c6 40b0      	SBCI R27,HIGH(-_data_rx)
0002c7 940e 0326 	CALL __EEPROMRDB
0002c9 9508      	RET
                 
                 ;OPTIMIZER ADDED SUBROUTINE, CALLED 15 TIMES, CODE SIZE REDUCTION:53 WORDS
                 SUBOPT_0x1:
0002ca efe4      	LDI  R30,LOW(500)
0002cb e0f1      	LDI  R31,HIGH(500)
0002cc 93fa      	ST   -Y,R31
0002cd 93ea      	ST   -Y,R30
0002ce 940c 031a 	JMP  _delay_ms
                 
                 ;OPTIMIZER ADDED SUBROUTINE, CALLED 19 TIMES, CODE SIZE REDUCTION:33 WORDS
                 SUBOPT_0x2:
0002d0 93fa      	ST   -Y,R31
0002d1 93ea      	ST   -Y,R30
0002d2 940c 031a 	JMP  _delay_ms
                 
                 ;OPTIMIZER ADDED SUBROUTINE, CALLED 7 TIMES, CODE SIZE REDUCTION:45 WORDS
                 SUBOPT_0x3:
0002d4 940e 024c 	CALL _lcd_clear
                +
0002d6 e6e6     +LDI R30 , LOW ( 2 * _0x0 + ( 0 ) )
0002d7 e0f0     +LDI R31 , HIGH ( 2 * _0x0 + ( 0 ) )
                 	__POINTW1FN _0x0,0
0002d8 93fa      	ST   -Y,R31
0002d9 93ea      	ST   -Y,R30
0002da 940e 0270 	CALL _lcd_putsf
0002dc cfed      	RJMP SUBOPT_0x1
                 
                 ;OPTIMIZER ADDED SUBROUTINE, CALLED 7 TIMES, CODE SIZE REDUCTION:21 WORDS
                 SUBOPT_0x4:
0002dd 9ad8      	SBI  0x1B,0
0002de 9a91      	SBI  0x12,1
0002df e2ec      	LDI  R30,LOW(300)
0002e0 e0f1      	LDI  R31,HIGH(300)
0002e1 cfee      	RJMP SUBOPT_0x2
                 
                 ;OPTIMIZER ADDED SUBROUTINE, CALLED 7 TIMES, CODE SIZE REDUCTION:135 WORDS
                 SUBOPT_0x5:
0002e2 93fa      	ST   -Y,R31
0002e3 93ea      	ST   -Y,R30
0002e4 940e 02b6 	CALL _putsf
0002e6 940e 024c 	CALL _lcd_clear
                +
0002e8 ece4     +LDI R30 , LOW ( 2 * _0x0 + ( 94 ) )
0002e9 e0f0     +LDI R31 , HIGH ( 2 * _0x0 + ( 94 ) )
                 	__POINTW1FN _0x0,94
0002ea 93fa      	ST   -Y,R31
0002eb 93ea      	ST   -Y,R30
0002ec 940e 0270 	CALL _lcd_putsf
0002ee 98d8      	CBI  0x1B,0
0002ef 940e 0169 	CALL _terima_data
0002f1 940e 024c 	CALL _lcd_clear
                +
0002f3 eee8     +LDI R30 , LOW ( 2 * _0x0 + ( 130 ) )
0002f4 e0f0     +LDI R31 , HIGH ( 2 * _0x0 + ( 130 ) )
                 	__POINTW1FN _0x0,130
0002f5 93fa      	ST   -Y,R31
0002f6 93ea      	ST   -Y,R30
0002f7 940e 0270 	CALL _lcd_putsf
0002f9 cfd0      	RJMP SUBOPT_0x1
                 
                 ;OPTIMIZER ADDED SUBROUTINE, CALLED 7 TIMES, CODE SIZE REDUCTION:33 WORDS
                 SUBOPT_0x6:
0002fa 940e 024c 	CALL _lcd_clear
0002fc 940e 0154 	CALL _tampil_lcd
0002fe ebe8      	LDI  R30,LOW(3000)
0002ff e0fb      	LDI  R31,HIGH(3000)
000300 cfcf      	RJMP SUBOPT_0x2
                 
                 ;OPTIMIZER ADDED SUBROUTINE, CALLED 2 TIMES, CODE SIZE REDUCTION:2 WORDS
                 SUBOPT_0x7:
000301 93ea      	ST   -Y,R30
000302 940e 0231 	CALL __lcd_write_data
000304 e0e3      	LDI  R30,LOW(3)
000305 e0f0      	LDI  R31,HIGH(3)
000306 cfc9      	RJMP SUBOPT_0x2
                 
                 ;OPTIMIZER ADDED SUBROUTINE, CALLED 2 TIMES, CODE SIZE REDUCTION:4 WORDS
                 SUBOPT_0x8:
000307 81e9      	LDD  R30,Y+1
000308 81fa      	LDD  R31,Y+1+1
000309 9631      	ADIW R30,1
00030a 83e9      	STD  Y+1,R30
00030b 83fa      	STD  Y+1+1,R31
00030c 9731      	SBIW R30,1
00030d 91e4      	LPM  R30,Z
00030e 2f1e      	MOV  R17,R30
00030f 30e0      	CPI  R30,0
000310 9508      	RET
                 
                 ;OPTIMIZER ADDED SUBROUTINE, CALLED 3 TIMES, CODE SIZE REDUCTION:9 WORDS
                 SUBOPT_0x9:
000311 e3e0      	LDI  R30,LOW(48)
000312 93ea      	ST   -Y,R30
000313 940e 020c 	CALL __lcd_write_nibble_G100
                +
000315 e184     +LDI R24 , LOW ( 276 )
000316 e091     +LDI R25 , HIGH ( 276 )
                +__DELAY_USW_LOOP :
000317 9701     +SBIW R24 , 1
000318 f7f1     +BRNE __DELAY_USW_LOOP
                 	__DELAY_USW 276
000319 9508      	RET
                 
                 
                 	.CSEG
                 _delay_ms:
00031a 91e9      	ld   r30,y+
00031b 91f9      	ld   r31,y+
00031c 9630      	adiw r30,0
00031d f039      	breq __delay_ms1
                 __delay_ms0:
                +
00031e ec8d     +LDI R24 , LOW ( 0xACD )
00031f e09a     +LDI R25 , HIGH ( 0xACD )
                +__DELAY_USW_LOOP :
000320 9701     +SBIW R24 , 1
000321 f7f1     +BRNE __DELAY_USW_LOOP
                 	__DELAY_USW 0xACD
000322 95a8      	wdr
000323 9731      	sbiw r30,1
000324 f7c9      	brne __delay_ms0
                 __delay_ms1:
000325 9508      	ret
                 
                 __EEPROMRDB:
000326 99e1      	SBIC EECR,EEWE
000327 cffe      	RJMP __EEPROMRDB
000328 93ff      	PUSH R31
000329 b7ff      	IN   R31,SREG
00032a 94f8      	CLI
00032b bbae      	OUT  EEARL,R26
00032c bbbf      	OUT  EEARH,R27
00032d 9ae0      	SBI  EECR,EERE
00032e b3ed      	IN   R30,EEDR
00032f bfff      	OUT  SREG,R31
000330 91ff      	POP  R31
000331 9508      	RET
                 
                 __EEPROMWRB:
000332 9be1      	SBIS EECR,EEWE
000333 c002      	RJMP __EEPROMWRB1
000334 95a8      	WDR
000335 cffc      	RJMP __EEPROMWRB
                 __EEPROMWRB1:
000336 b79f      	IN   R25,SREG
000337 94f8      	CLI
000338 bbae      	OUT  EEARL,R26
000339 bbbf      	OUT  EEARH,R27
00033a 9ae0      	SBI  EECR,EERE
00033b b38d      	IN   R24,EEDR
00033c 17e8      	CP   R30,R24
00033d f019      	BREQ __EEPROMWRB0
00033e bbed      	OUT  EEDR,R30
00033f 9ae2      	SBI  EECR,EEMWE
000340 9ae1      	SBI  EECR,EEWE
                 __EEPROMWRB0:
000341 bf9f      	OUT  SREG,R25
000342 9508      	RET
                 
                 ;END OF CODE MARKER
                 __END_OF_CODE:


RESOURCE USE INFORMATION
------------------------

Notice:
The register and instruction counts are symbol table hit counts,
and hence implicitly used resources are not counted, eg, the
'lpm' instruction without operands implicitly uses r0 and z,
none of which are counted.

x,y,z are separate entities in the symbol table and are
counted separately from r26..r31 here.

.dseg memory usage only counts static data declared with .byte

ATmega32 register use summary:
r0 :   4 r1 :   1 r2 :   0 r3 :   0 r4 :   4 r5 :   4 r6 :   0 r7 :   2 
r8 :   0 r9 :   0 r10:   0 r11:   0 r12:   0 r13:   0 r14:   0 r15:   0 
r16:   4 r17:  16 r18:   0 r19:   0 r20:   0 r21:   0 r22:   2 r23:   0 
r24:  23 r25:   7 r26:  15 r27:   8 r28:   4 r29:   1 r30: 166 r31:  37 
x  :   3 y  :  65 z  :   9 
Registers used: 19 out of 35 (54.3%)

ATmega32 instruction use summary:
.lds  :   0 .lds.l:   0 .sts  :   0 .sts.l:   0 adc   :   0 add   :   1 
adiw  :   5 and   :   0 andi  :   4 asr   :   0 bclr  :   0 bld   :   0 
brbc  :   0 brbs  :   0 brcc  :   0 brcs  :   0 break :   0 breq  :  13 
brge  :   0 brhc  :   0 brhs  :   0 brid  :   0 brie  :   0 brlo  :   1 
brlt  :   0 brmi  :   0 brne  :  14 brpl  :   0 brsh  :   0 brtc  :   0 
brts  :   0 brvc  :   0 brvs  :   0 bset  :   0 bst   :   0 call  :  60 
cbi   :  10 cbr   :   0 clc   :   0 clh   :   0 cli   :   3 cln   :   0 
clr   :   2 cls   :   0 clt   :   0 clv   :   0 clz   :   0 com   :   0 
cp    :   2 cpc   :   0 cpi   :   8 cpse  :   0 dec   :   5 des   :   0 
eor   :   0 fmul  :   0 fmuls :   0 fmulsu:   0 icall :   0 ijmp  :   0 
in    :   5 inc   :   2 jmp   :  30 ld    :  20 ldd   :   7 ldi   :  87 
lds   :   0 lpm   :   9 lsl   :   0 lsr   :   0 mov   :   7 movw  :   3 
mul   :   0 muls  :   0 mulsu :   0 neg   :   0 nop   :   0 or    :   0 
ori   :   0 out   :  54 pop   :   1 push  :   1 rcall :  18 ret   :  13 
reti  :   0 rjmp  :  21 rol   :   0 ror   :   0 sbc   :   0 sbci  :   3 
sbi   :  19 sbic  :   1 sbis  :   3 sbiw  :   8 sbr   :   0 sbrc  :   0 
sbrs  :   0 sec   :   0 seh   :   0 sei   :   0 sen   :   0 ser   :   0 
ses   :   0 set   :   0 sev   :   0 sez   :   0 sleep :   0 spm   :   0 
st    :  40 std   :   2 sts   :   2 sub   :   0 subi  :   7 swap  :   1 
tst   :   0 wdr   :   2 
Instructions used: 39 out of 116 (33.6%)

ATmega32 memory use summary [bytes]:
Segment   Begin    End      Code   Data   Used    Size   Use%
---------------------------------------------------------------
[.cseg] 0x000000 0x000686   1170    500   1670   32768   5.1%
[.dseg] 0x000060 0x000264      0      4      4    2143   0.2%
[.eseg] 0x000000 0x0003e8      0   1000   1000    1024  97.7%

Assembly complete, 0 errors, 3 warnings
