
AVRASM ver. 2.1.30  D:\Punya Koko\LPKTA\LF PUTU\List\2.asm Sat Nov 24 06:58:57 2012

D:\Punya Koko\LPKTA\LF PUTU\List\2.asm(1059): warning: Register r5 already defined by the .DEF directive
D:\Punya Koko\LPKTA\LF PUTU\List\2.asm(1060): warning: Register r4 already defined by the .DEF directive
D:\Punya Koko\LPKTA\LF PUTU\List\2.asm(1061): warning: Register r7 already defined by the .DEF directive
D:\Punya Koko\LPKTA\LF PUTU\List\2.asm(1062): warning: Register r6 already defined by the .DEF directive
D:\Punya Koko\LPKTA\LF PUTU\List\2.asm(1063): warning: Register r9 already defined by the .DEF directive
D:\Punya Koko\LPKTA\LF PUTU\List\2.asm(1064): warning: Register r10 already defined by the .DEF directive
D:\Punya Koko\LPKTA\LF PUTU\List\2.asm(1065): warning: Register r12 already defined by the .DEF directive
D:\Punya Koko\LPKTA\LF PUTU\List\2.asm(1066): warning: Register r8 already defined by the .DEF directive
                 
                 
                 ;CodeVisionAVR C Compiler V2.05.0 Professional
                 ;(C) Copyright 1998-2010 Pavel Haiduc, HP InfoTech s.r.l.
                 ;http://www.hpinfotech.com
                 
                 ;Chip type                : ATmega16
                 ;Program type             : Application
                 ;Clock frequency          : 16.000000 MHz
                 ;Memory model             : Small
                 ;Optimize for             : Size
                 ;(s)printf features       : int, width
                 ;(s)scanf features        : int, width
                 ;External RAM size        : 0
                 ;Data Stack size          : 256 byte(s)
                 ;Heap size                : 0 byte(s)
                 ;Promote 'char' to 'int'  : Yes
                 ;'char' is unsigned       : Yes
                 ;8 bit enums              : Yes
                 ;global 'const' stored in FLASH: No
                 ;Enhanced core instructions    : On
                 ;Smart register allocation     : On
                 ;Automatic register allocation : On
                 
                 	#pragma AVRPART ADMIN PART_NAME ATmega16
                 	#pragma AVRPART MEMORY PROG_FLASH 16384
                 	#pragma AVRPART MEMORY EEPROM 512
                 	#pragma AVRPART MEMORY INT_SRAM SIZE 1119
                 	#pragma AVRPART MEMORY INT_SRAM START_ADDR 0x60
                 
                 	#define CALL_SUPPORTED 1
                 
                 	.LISTMAC
                 	.EQU UDRE=0x5
                 	.EQU RXC=0x7
                 	.EQU USR=0xB
                 	.EQU UDR=0xC
                 	.EQU SPSR=0xE
                 	.EQU SPDR=0xF
                 	.EQU EERE=0x0
                 	.EQU EEWE=0x1
                 	.EQU EEMWE=0x2
                 	.EQU EECR=0x1C
                 	.EQU EEDR=0x1D
                 	.EQU EEARL=0x1E
                 	.EQU EEARH=0x1F
                 	.EQU WDTCR=0x21
                 	.EQU MCUCR=0x35
                 	.EQU GICR=0x3B
                 	.EQU SPL=0x3D
                 	.EQU SPH=0x3E
                 	.EQU SREG=0x3F
                 
                 	.DEF R0X0=R0
                 	.DEF R0X1=R1
                 	.DEF R0X2=R2
                 	.DEF R0X3=R3
                 	.DEF R0X4=R4
                 	.DEF R0X5=R5
                 	.DEF R0X6=R6
                 	.DEF R0X7=R7
                 	.DEF R0X8=R8
                 	.DEF R0X9=R9
                 	.DEF R0XA=R10
                 	.DEF R0XB=R11
                 	.DEF R0XC=R12
                 	.DEF R0XD=R13
                 	.DEF R0XE=R14
                 	.DEF R0XF=R15
                 	.DEF R0X10=R16
                 	.DEF R0X11=R17
                 	.DEF R0X12=R18
                 	.DEF R0X13=R19
                 	.DEF R0X14=R20
                 	.DEF R0X15=R21
                 	.DEF R0X16=R22
                 	.DEF R0X17=R23
                 	.DEF R0X18=R24
                 	.DEF R0X19=R25
                 	.DEF R0X1A=R26
                 	.DEF R0X1B=R27
                 	.DEF R0X1C=R28
                 	.DEF R0X1D=R29
                 	.DEF R0X1E=R30
                 	.DEF R0X1F=R31
                 
                 	.EQU __SRAM_START=0x0060
                 	.EQU __SRAM_END=0x045F
                 	.EQU __DSTACK_SIZE=0x0100
                 	.EQU __HEAP_SIZE=0x0000
                 	.EQU __CLEAR_SRAM_SIZE=__SRAM_END-__SRAM_START+1
                 
                 	.MACRO __CPD1N
                 	CPI  R30,LOW(@0)
                 	LDI  R26,HIGH(@0)
                 	CPC  R31,R26
                 	LDI  R26,BYTE3(@0)
                 	CPC  R22,R26
                 	LDI  R26,BYTE4(@0)
                 	CPC  R23,R26
                 	.ENDM
                 
                 	.MACRO __CPD2N
                 	CPI  R26,LOW(@0)
                 	LDI  R30,HIGH(@0)
                 	CPC  R27,R30
                 	LDI  R30,BYTE3(@0)
                 	CPC  R24,R30
                 	LDI  R30,BYTE4(@0)
                 	CPC  R25,R30
                 	.ENDM
                 
                 	.MACRO __CPWRR
                 	CP   R@0,R@2
                 	CPC  R@1,R@3
                 	.ENDM
                 
                 	.MACRO __CPWRN
                 	CPI  R@0,LOW(@2)
                 	LDI  R30,HIGH(@2)
                 	CPC  R@1,R30
                 	.ENDM
                 
                 	.MACRO __ADDB1MN
                 	SUBI R30,LOW(-@0-(@1))
                 	.ENDM
                 
                 	.MACRO __ADDB2MN
                 	SUBI R26,LOW(-@0-(@1))
                 	.ENDM
                 
                 	.MACRO __ADDW1MN
                 	SUBI R30,LOW(-@0-(@1))
                 	SBCI R31,HIGH(-@0-(@1))
                 	.ENDM
                 
                 	.MACRO __ADDW2MN
                 	SUBI R26,LOW(-@0-(@1))
                 	SBCI R27,HIGH(-@0-(@1))
                 	.ENDM
                 
                 	.MACRO __ADDW1FN
                 	SUBI R30,LOW(-2*@0-(@1))
                 	SBCI R31,HIGH(-2*@0-(@1))
                 	.ENDM
                 
                 	.MACRO __ADDD1FN
                 	SUBI R30,LOW(-2*@0-(@1))
                 	SBCI R31,HIGH(-2*@0-(@1))
                 	SBCI R22,BYTE3(-2*@0-(@1))
                 	.ENDM
                 
                 	.MACRO __ADDD1N
                 	SUBI R30,LOW(-@0)
                 	SBCI R31,HIGH(-@0)
                 	SBCI R22,BYTE3(-@0)
                 	SBCI R23,BYTE4(-@0)
                 	.ENDM
                 
                 	.MACRO __ADDD2N
                 	SUBI R26,LOW(-@0)
                 	SBCI R27,HIGH(-@0)
                 	SBCI R24,BYTE3(-@0)
                 	SBCI R25,BYTE4(-@0)
                 	.ENDM
                 
                 	.MACRO __SUBD1N
                 	SUBI R30,LOW(@0)
                 	SBCI R31,HIGH(@0)
                 	SBCI R22,BYTE3(@0)
                 	SBCI R23,BYTE4(@0)
                 	.ENDM
                 
                 	.MACRO __SUBD2N
                 	SUBI R26,LOW(@0)
                 	SBCI R27,HIGH(@0)
                 	SBCI R24,BYTE3(@0)
                 	SBCI R25,BYTE4(@0)
                 	.ENDM
                 
                 	.MACRO __ANDBMNN
                 	LDS  R30,@0+(@1)
                 	ANDI R30,LOW(@2)
                 	STS  @0+(@1),R30
                 	.ENDM
                 
                 	.MACRO __ANDWMNN
                 	LDS  R30,@0+(@1)
                 	ANDI R30,LOW(@2)
                 	STS  @0+(@1),R30
                 	LDS  R30,@0+(@1)+1
                 	ANDI R30,HIGH(@2)
                 	STS  @0+(@1)+1,R30
                 	.ENDM
                 
                 	.MACRO __ANDD1N
                 	ANDI R30,LOW(@0)
                 	ANDI R31,HIGH(@0)
                 	ANDI R22,BYTE3(@0)
                 	ANDI R23,BYTE4(@0)
                 	.ENDM
                 
                 	.MACRO __ANDD2N
                 	ANDI R26,LOW(@0)
                 	ANDI R27,HIGH(@0)
                 	ANDI R24,BYTE3(@0)
                 	ANDI R25,BYTE4(@0)
                 	.ENDM
                 
                 	.MACRO __ORBMNN
                 	LDS  R30,@0+(@1)
                 	ORI  R30,LOW(@2)
                 	STS  @0+(@1),R30
                 	.ENDM
                 
                 	.MACRO __ORWMNN
                 	LDS  R30,@0+(@1)
                 	ORI  R30,LOW(@2)
                 	STS  @0+(@1),R30
                 	LDS  R30,@0+(@1)+1
                 	ORI  R30,HIGH(@2)
                 	STS  @0+(@1)+1,R30
                 	.ENDM
                 
                 	.MACRO __ORD1N
                 	ORI  R30,LOW(@0)
                 	ORI  R31,HIGH(@0)
                 	ORI  R22,BYTE3(@0)
                 	ORI  R23,BYTE4(@0)
                 	.ENDM
                 
                 	.MACRO __ORD2N
                 	ORI  R26,LOW(@0)
                 	ORI  R27,HIGH(@0)
                 	ORI  R24,BYTE3(@0)
                 	ORI  R25,BYTE4(@0)
                 	.ENDM
                 
                 	.MACRO __DELAY_USB
                 	LDI  R24,LOW(@0)
                 __DELAY_USB_LOOP:
                 	DEC  R24
                 	BRNE __DELAY_USB_LOOP
                 	.ENDM
                 
                 	.MACRO __DELAY_USW
                 	LDI  R24,LOW(@0)
                 	LDI  R25,HIGH(@0)
                 __DELAY_USW_LOOP:
                 	SBIW R24,1
                 	BRNE __DELAY_USW_LOOP
                 	.ENDM
                 
                 	.MACRO __GETD1S
                 	LDD  R30,Y+@0
                 	LDD  R31,Y+@0+1
                 	LDD  R22,Y+@0+2
                 	LDD  R23,Y+@0+3
                 	.ENDM
                 
                 	.MACRO __GETD2S
                 	LDD  R26,Y+@0
                 	LDD  R27,Y+@0+1
                 	LDD  R24,Y+@0+2
                 	LDD  R25,Y+@0+3
                 	.ENDM
                 
                 	.MACRO __PUTD1S
                 	STD  Y+@0,R30
                 	STD  Y+@0+1,R31
                 	STD  Y+@0+2,R22
                 	STD  Y+@0+3,R23
                 	.ENDM
                 
                 	.MACRO __PUTD2S
                 	STD  Y+@0,R26
                 	STD  Y+@0+1,R27
                 	STD  Y+@0+2,R24
                 	STD  Y+@0+3,R25
                 	.ENDM
                 
                 	.MACRO __PUTDZ2
                 	STD  Z+@0,R26
                 	STD  Z+@0+1,R27
                 	STD  Z+@0+2,R24
                 	STD  Z+@0+3,R25
                 	.ENDM
                 
                 	.MACRO __CLRD1S
                 	STD  Y+@0,R30
                 	STD  Y+@0+1,R30
                 	STD  Y+@0+2,R30
                 	STD  Y+@0+3,R30
                 	.ENDM
                 
                 	.MACRO __POINTB1MN
                 	LDI  R30,LOW(@0+(@1))
                 	.ENDM
                 
                 	.MACRO __POINTW1MN
                 	LDI  R30,LOW(@0+(@1))
                 	LDI  R31,HIGH(@0+(@1))
                 	.ENDM
                 
                 	.MACRO __POINTD1M
                 	LDI  R30,LOW(@0)
                 	LDI  R31,HIGH(@0)
                 	LDI  R22,BYTE3(@0)
                 	LDI  R23,BYTE4(@0)
                 	.ENDM
                 
                 	.MACRO __POINTW1FN
                 	LDI  R30,LOW(2*@0+(@1))
                 	LDI  R31,HIGH(2*@0+(@1))
                 	.ENDM
                 
                 	.MACRO __POINTD1FN
                 	LDI  R30,LOW(2*@0+(@1))
                 	LDI  R31,HIGH(2*@0+(@1))
                 	LDI  R22,BYTE3(2*@0+(@1))
                 	LDI  R23,BYTE4(2*@0+(@1))
                 	.ENDM
                 
                 	.MACRO __POINTB2MN
                 	LDI  R26,LOW(@0+(@1))
                 	.ENDM
                 
                 	.MACRO __POINTW2MN
                 	LDI  R26,LOW(@0+(@1))
                 	LDI  R27,HIGH(@0+(@1))
                 	.ENDM
                 
                 	.MACRO __POINTBRM
                 	LDI  R@0,LOW(@1)
                 	.ENDM
                 
                 	.MACRO __POINTWRM
                 	LDI  R@0,LOW(@2)
                 	LDI  R@1,HIGH(@2)
                 	.ENDM
                 
                 	.MACRO __POINTBRMN
                 	LDI  R@0,LOW(@1+(@2))
                 	.ENDM
                 
                 	.MACRO __POINTWRMN
                 	LDI  R@0,LOW(@2+(@3))
                 	LDI  R@1,HIGH(@2+(@3))
                 	.ENDM
                 
                 	.MACRO __POINTWRFN
                 	LDI  R@0,LOW(@2*2+(@3))
                 	LDI  R@1,HIGH(@2*2+(@3))
                 	.ENDM
                 
                 	.MACRO __GETD1N
                 	LDI  R30,LOW(@0)
                 	LDI  R31,HIGH(@0)
                 	LDI  R22,BYTE3(@0)
                 	LDI  R23,BYTE4(@0)
                 	.ENDM
                 
                 	.MACRO __GETD2N
                 	LDI  R26,LOW(@0)
                 	LDI  R27,HIGH(@0)
                 	LDI  R24,BYTE3(@0)
                 	LDI  R25,BYTE4(@0)
                 	.ENDM
                 
                 	.MACRO __GETB1MN
                 	LDS  R30,@0+(@1)
                 	.ENDM
                 
                 	.MACRO __GETB1HMN
                 	LDS  R31,@0+(@1)
                 	.ENDM
                 
                 	.MACRO __GETW1MN
                 	LDS  R30,@0+(@1)
                 	LDS  R31,@0+(@1)+1
                 	.ENDM
                 
                 	.MACRO __GETD1MN
                 	LDS  R30,@0+(@1)
                 	LDS  R31,@0+(@1)+1
                 	LDS  R22,@0+(@1)+2
                 	LDS  R23,@0+(@1)+3
                 	.ENDM
                 
                 	.MACRO __GETBRMN
                 	LDS  R@0,@1+(@2)
                 	.ENDM
                 
                 	.MACRO __GETWRMN
                 	LDS  R@0,@2+(@3)
                 	LDS  R@1,@2+(@3)+1
                 	.ENDM
                 
                 	.MACRO __GETWRZ
                 	LDD  R@0,Z+@2
                 	LDD  R@1,Z+@2+1
                 	.ENDM
                 
                 	.MACRO __GETD2Z
                 	LDD  R26,Z+@0
                 	LDD  R27,Z+@0+1
                 	LDD  R24,Z+@0+2
                 	LDD  R25,Z+@0+3
                 	.ENDM
                 
                 	.MACRO __GETB2MN
                 	LDS  R26,@0+(@1)
                 	.ENDM
                 
                 	.MACRO __GETW2MN
                 	LDS  R26,@0+(@1)
                 	LDS  R27,@0+(@1)+1
                 	.ENDM
                 
                 	.MACRO __GETD2MN
                 	LDS  R26,@0+(@1)
                 	LDS  R27,@0+(@1)+1
                 	LDS  R24,@0+(@1)+2
                 	LDS  R25,@0+(@1)+3
                 	.ENDM
                 
                 	.MACRO __PUTB1MN
                 	STS  @0+(@1),R30
                 	.ENDM
                 
                 	.MACRO __PUTW1MN
                 	STS  @0+(@1),R30
                 	STS  @0+(@1)+1,R31
                 	.ENDM
                 
                 	.MACRO __PUTD1MN
                 	STS  @0+(@1),R30
                 	STS  @0+(@1)+1,R31
                 	STS  @0+(@1)+2,R22
                 	STS  @0+(@1)+3,R23
                 	.ENDM
                 
                 	.MACRO __PUTB1EN
                 	LDI  R26,LOW(@0+(@1))
                 	LDI  R27,HIGH(@0+(@1))
                 	CALL __EEPROMWRB
                 	.ENDM
                 
                 	.MACRO __PUTW1EN
                 	LDI  R26,LOW(@0+(@1))
                 	LDI  R27,HIGH(@0+(@1))
                 	CALL __EEPROMWRW
                 	.ENDM
                 
                 	.MACRO __PUTD1EN
                 	LDI  R26,LOW(@0+(@1))
                 	LDI  R27,HIGH(@0+(@1))
                 	CALL __EEPROMWRD
                 	.ENDM
                 
                 	.MACRO __PUTBR0MN
                 	STS  @0+(@1),R0
                 	.ENDM
                 
                 	.MACRO __PUTBMRN
                 	STS  @0+(@1),R@2
                 	.ENDM
                 
                 	.MACRO __PUTWMRN
                 	STS  @0+(@1),R@2
                 	STS  @0+(@1)+1,R@3
                 	.ENDM
                 
                 	.MACRO __PUTBZR
                 	STD  Z+@1,R@0
                 	.ENDM
                 
                 	.MACRO __PUTWZR
                 	STD  Z+@2,R@0
                 	STD  Z+@2+1,R@1
                 	.ENDM
                 
                 	.MACRO __GETW1R
                 	MOV  R30,R@0
                 	MOV  R31,R@1
                 	.ENDM
                 
                 	.MACRO __GETW2R
                 	MOV  R26,R@0
                 	MOV  R27,R@1
                 	.ENDM
                 
                 	.MACRO __GETWRN
                 	LDI  R@0,LOW(@2)
                 	LDI  R@1,HIGH(@2)
                 	.ENDM
                 
                 	.MACRO __PUTW1R
                 	MOV  R@0,R30
                 	MOV  R@1,R31
                 	.ENDM
                 
                 	.MACRO __PUTW2R
                 	MOV  R@0,R26
                 	MOV  R@1,R27
                 	.ENDM
                 
                 	.MACRO __ADDWRN
                 	SUBI R@0,LOW(-@2)
                 	SBCI R@1,HIGH(-@2)
                 	.ENDM
                 
                 	.MACRO __ADDWRR
                 	ADD  R@0,R@2
                 	ADC  R@1,R@3
                 	.ENDM
                 
                 	.MACRO __SUBWRN
                 	SUBI R@0,LOW(@2)
                 	SBCI R@1,HIGH(@2)
                 	.ENDM
                 
                 	.MACRO __SUBWRR
                 	SUB  R@0,R@2
                 	SBC  R@1,R@3
                 	.ENDM
                 
                 	.MACRO __ANDWRN
                 	ANDI R@0,LOW(@2)
                 	ANDI R@1,HIGH(@2)
                 	.ENDM
                 
                 	.MACRO __ANDWRR
                 	AND  R@0,R@2
                 	AND  R@1,R@3
                 	.ENDM
                 
                 	.MACRO __ORWRN
                 	ORI  R@0,LOW(@2)
                 	ORI  R@1,HIGH(@2)
                 	.ENDM
                 
                 	.MACRO __ORWRR
                 	OR   R@0,R@2
                 	OR   R@1,R@3
                 	.ENDM
                 
                 	.MACRO __EORWRR
                 	EOR  R@0,R@2
                 	EOR  R@1,R@3
                 	.ENDM
                 
                 	.MACRO __GETWRS
                 	LDD  R@0,Y+@2
                 	LDD  R@1,Y+@2+1
                 	.ENDM
                 
                 	.MACRO __PUTBSR
                 	STD  Y+@1,R@0
                 	.ENDM
                 
                 	.MACRO __PUTWSR
                 	STD  Y+@2,R@0
                 	STD  Y+@2+1,R@1
                 	.ENDM
                 
                 	.MACRO __MOVEWRR
                 	MOV  R@0,R@2
                 	MOV  R@1,R@3
                 	.ENDM
                 
                 	.MACRO __INWR
                 	IN   R@0,@2
                 	IN   R@1,@2+1
                 	.ENDM
                 
                 	.MACRO __OUTWR
                 	OUT  @2+1,R@1
                 	OUT  @2,R@0
                 	.ENDM
                 
                 	.MACRO __CALL1MN
                 	LDS  R30,@0+(@1)
                 	LDS  R31,@0+(@1)+1
                 	ICALL
                 	.ENDM
                 
                 	.MACRO __CALL1FN
                 	LDI  R30,LOW(2*@0+(@1))
                 	LDI  R31,HIGH(2*@0+(@1))
                 	CALL __GETW1PF
                 	ICALL
                 	.ENDM
                 
                 	.MACRO __CALL2EN
                 	LDI  R26,LOW(@0+(@1))
                 	LDI  R27,HIGH(@0+(@1))
                 	CALL __EEPROMRDW
                 	ICALL
                 	.ENDM
                 
                 	.MACRO __GETW1STACK
                 	IN   R26,SPL
                 	IN   R27,SPH
                 	ADIW R26,@0+1
                 	LD   R30,X+
                 	LD   R31,X
                 	.ENDM
                 
                 	.MACRO __GETD1STACK
                 	IN   R26,SPL
                 	IN   R27,SPH
                 	ADIW R26,@0+1
                 	LD   R30,X+
                 	LD   R31,X+
                 	LD   R22,X
                 	.ENDM
                 
                 	.MACRO __NBST
                 	BST  R@0,@1
                 	IN   R30,SREG
                 	LDI  R31,0x40
                 	EOR  R30,R31
                 	OUT  SREG,R30
                 	.ENDM
                 
                 
                 	.MACRO __PUTB1SN
                 	LDD  R26,Y+@0
                 	LDD  R27,Y+@0+1
                 	SUBI R26,LOW(-@1)
                 	SBCI R27,HIGH(-@1)
                 	ST   X,R30
                 	.ENDM
                 
                 	.MACRO __PUTW1SN
                 	LDD  R26,Y+@0
                 	LDD  R27,Y+@0+1
                 	SUBI R26,LOW(-@1)
                 	SBCI R27,HIGH(-@1)
                 	ST   X+,R30
                 	ST   X,R31
                 	.ENDM
                 
                 	.MACRO __PUTD1SN
                 	LDD  R26,Y+@0
                 	LDD  R27,Y+@0+1
                 	SUBI R26,LOW(-@1)
                 	SBCI R27,HIGH(-@1)
                 	CALL __PUTDP1
                 	.ENDM
                 
                 	.MACRO __PUTB1SNS
                 	LDD  R26,Y+@0
                 	LDD  R27,Y+@0+1
                 	ADIW R26,@1
                 	ST   X,R30
                 	.ENDM
                 
                 	.MACRO __PUTW1SNS
                 	LDD  R26,Y+@0
                 	LDD  R27,Y+@0+1
                 	ADIW R26,@1
                 	ST   X+,R30
                 	ST   X,R31
                 	.ENDM
                 
                 	.MACRO __PUTD1SNS
                 	LDD  R26,Y+@0
                 	LDD  R27,Y+@0+1
                 	ADIW R26,@1
                 	CALL __PUTDP1
                 	.ENDM
                 
                 	.MACRO __PUTB1PMN
                 	LDS  R26,@0
                 	LDS  R27,@0+1
                 	SUBI R26,LOW(-@1)
                 	SBCI R27,HIGH(-@1)
                 	ST   X,R30
                 	.ENDM
                 
                 	.MACRO __PUTW1PMN
                 	LDS  R26,@0
                 	LDS  R27,@0+1
                 	SUBI R26,LOW(-@1)
                 	SBCI R27,HIGH(-@1)
                 	ST   X+,R30
                 	ST   X,R31
                 	.ENDM
                 
                 	.MACRO __PUTD1PMN
                 	LDS  R26,@0
                 	LDS  R27,@0+1
                 	SUBI R26,LOW(-@1)
                 	SBCI R27,HIGH(-@1)
                 	CALL __PUTDP1
                 	.ENDM
                 
                 	.MACRO __PUTB1PMNS
                 	LDS  R26,@0
                 	LDS  R27,@0+1
                 	ADIW R26,@1
                 	ST   X,R30
                 	.ENDM
                 
                 	.MACRO __PUTW1PMNS
                 	LDS  R26,@0
                 	LDS  R27,@0+1
                 	ADIW R26,@1
                 	ST   X+,R30
                 	ST   X,R31
                 	.ENDM
                 
                 	.MACRO __PUTD1PMNS
                 	LDS  R26,@0
                 	LDS  R27,@0+1
                 	ADIW R26,@1
                 	CALL __PUTDP1
                 	.ENDM
                 
                 	.MACRO __PUTB1RN
                 	MOVW R26,R@0
                 	SUBI R26,LOW(-@1)
                 	SBCI R27,HIGH(-@1)
                 	ST   X,R30
                 	.ENDM
                 
                 	.MACRO __PUTW1RN
                 	MOVW R26,R@0
                 	SUBI R26,LOW(-@1)
                 	SBCI R27,HIGH(-@1)
                 	ST   X+,R30
                 	ST   X,R31
                 	.ENDM
                 
                 	.MACRO __PUTD1RN
                 	MOVW R26,R@0
                 	SUBI R26,LOW(-@1)
                 	SBCI R27,HIGH(-@1)
                 	CALL __PUTDP1
                 	.ENDM
                 
                 	.MACRO __PUTB1RNS
                 	MOVW R26,R@0
                 	ADIW R26,@1
                 	ST   X,R30
                 	.ENDM
                 
                 	.MACRO __PUTW1RNS
                 	MOVW R26,R@0
                 	ADIW R26,@1
                 	ST   X+,R30
                 	ST   X,R31
                 	.ENDM
                 
                 	.MACRO __PUTD1RNS
                 	MOVW R26,R@0
                 	ADIW R26,@1
                 	CALL __PUTDP1
                 	.ENDM
                 
                 	.MACRO __PUTB1RON
                 	MOV  R26,R@0
                 	MOV  R27,R@1
                 	SUBI R26,LOW(-@2)
                 	SBCI R27,HIGH(-@2)
                 	ST   X,R30
                 	.ENDM
                 
                 	.MACRO __PUTW1RON
                 	MOV  R26,R@0
                 	MOV  R27,R@1
                 	SUBI R26,LOW(-@2)
                 	SBCI R27,HIGH(-@2)
                 	ST   X+,R30
                 	ST   X,R31
                 	.ENDM
                 
                 	.MACRO __PUTD1RON
                 	MOV  R26,R@0
                 	MOV  R27,R@1
                 	SUBI R26,LOW(-@2)
                 	SBCI R27,HIGH(-@2)
                 	CALL __PUTDP1
                 	.ENDM
                 
                 	.MACRO __PUTB1RONS
                 	MOV  R26,R@0
                 	MOV  R27,R@1
                 	ADIW R26,@2
                 	ST   X,R30
                 	.ENDM
                 
                 	.MACRO __PUTW1RONS
                 	MOV  R26,R@0
                 	MOV  R27,R@1
                 	ADIW R26,@2
                 	ST   X+,R30
                 	ST   X,R31
                 	.ENDM
                 
                 	.MACRO __PUTD1RONS
                 	MOV  R26,R@0
                 	MOV  R27,R@1
                 	ADIW R26,@2
                 	CALL __PUTDP1
                 	.ENDM
                 
                 
                 	.MACRO __GETB1SX
                 	MOVW R30,R28
                 	SUBI R30,LOW(-@0)
                 	SBCI R31,HIGH(-@0)
                 	LD   R30,Z
                 	.ENDM
                 
                 	.MACRO __GETB1HSX
                 	MOVW R30,R28
                 	SUBI R30,LOW(-@0)
                 	SBCI R31,HIGH(-@0)
                 	LD   R31,Z
                 	.ENDM
                 
                 	.MACRO __GETW1SX
                 	MOVW R30,R28
                 	SUBI R30,LOW(-@0)
                 	SBCI R31,HIGH(-@0)
                 	LD   R0,Z+
                 	LD   R31,Z
                 	MOV  R30,R0
                 	.ENDM
                 
                 	.MACRO __GETD1SX
                 	MOVW R30,R28
                 	SUBI R30,LOW(-@0)
                 	SBCI R31,HIGH(-@0)
                 	LD   R0,Z+
                 	LD   R1,Z+
                 	LD   R22,Z+
                 	LD   R23,Z
                 	MOVW R30,R0
                 	.ENDM
                 
                 	.MACRO __GETB2SX
                 	MOVW R26,R28
                 	SUBI R26,LOW(-@0)
                 	SBCI R27,HIGH(-@0)
                 	LD   R26,X
                 	.ENDM
                 
                 	.MACRO __GETW2SX
                 	MOVW R26,R28
                 	SUBI R26,LOW(-@0)
                 	SBCI R27,HIGH(-@0)
                 	LD   R0,X+
                 	LD   R27,X
                 	MOV  R26,R0
                 	.ENDM
                 
                 	.MACRO __GETD2SX
                 	MOVW R26,R28
                 	SUBI R26,LOW(-@0)
                 	SBCI R27,HIGH(-@0)
                 	LD   R0,X+
                 	LD   R1,X+
                 	LD   R24,X+
                 	LD   R25,X
                 	MOVW R26,R0
                 	.ENDM
                 
                 	.MACRO __GETBRSX
                 	MOVW R30,R28
                 	SUBI R30,LOW(-@1)
                 	SBCI R31,HIGH(-@1)
                 	LD   R@0,Z
                 	.ENDM
                 
                 	.MACRO __GETWRSX
                 	MOVW R30,R28
                 	SUBI R30,LOW(-@2)
                 	SBCI R31,HIGH(-@2)
                 	LD   R@0,Z+
                 	LD   R@1,Z
                 	.ENDM
                 
                 	.MACRO __GETBRSX2
                 	MOVW R26,R28
                 	SUBI R26,LOW(-@1)
                 	SBCI R27,HIGH(-@1)
                 	LD   R@0,X
                 	.ENDM
                 
                 	.MACRO __GETWRSX2
                 	MOVW R26,R28
                 	SUBI R26,LOW(-@2)
                 	SBCI R27,HIGH(-@2)
                 	LD   R@0,X+
                 	LD   R@1,X
                 	.ENDM
                 
                 	.MACRO __LSLW8SX
                 	MOVW R30,R28
                 	SUBI R30,LOW(-@0)
                 	SBCI R31,HIGH(-@0)
                 	LD   R31,Z
                 	CLR  R30
                 	.ENDM
                 
                 	.MACRO __PUTB1SX
                 	MOVW R26,R28
                 	SUBI R26,LOW(-@0)
                 	SBCI R27,HIGH(-@0)
                 	ST   X,R30
                 	.ENDM
                 
                 	.MACRO __PUTW1SX
                 	MOVW R26,R28
                 	SUBI R26,LOW(-@0)
                 	SBCI R27,HIGH(-@0)
                 	ST   X+,R30
                 	ST   X,R31
                 	.ENDM
                 
                 	.MACRO __PUTD1SX
                 	MOVW R26,R28
                 	SUBI R26,LOW(-@0)
                 	SBCI R27,HIGH(-@0)
                 	ST   X+,R30
                 	ST   X+,R31
                 	ST   X+,R22
                 	ST   X,R23
                 	.ENDM
                 
                 	.MACRO __CLRW1SX
                 	MOVW R26,R28
                 	SUBI R26,LOW(-@0)
                 	SBCI R27,HIGH(-@0)
                 	ST   X+,R30
                 	ST   X,R30
                 	.ENDM
                 
                 	.MACRO __CLRD1SX
                 	MOVW R26,R28
                 	SUBI R26,LOW(-@0)
                 	SBCI R27,HIGH(-@0)
                 	ST   X+,R30
                 	ST   X+,R30
                 	ST   X+,R30
                 	ST   X,R30
                 	.ENDM
                 
                 	.MACRO __PUTB2SX
                 	MOVW R30,R28
                 	SUBI R30,LOW(-@0)
                 	SBCI R31,HIGH(-@0)
                 	ST   Z,R26
                 	.ENDM
                 
                 	.MACRO __PUTW2SX
                 	MOVW R30,R28
                 	SUBI R30,LOW(-@0)
                 	SBCI R31,HIGH(-@0)
                 	ST   Z+,R26
                 	ST   Z,R27
                 	.ENDM
                 
                 	.MACRO __PUTD2SX
                 	MOVW R30,R28
                 	SUBI R30,LOW(-@0)
                 	SBCI R31,HIGH(-@0)
                 	ST   Z+,R26
                 	ST   Z+,R27
                 	ST   Z+,R24
                 	ST   Z,R25
                 	.ENDM
                 
                 	.MACRO __PUTBSRX
                 	MOVW R30,R28
                 	SUBI R30,LOW(-@1)
                 	SBCI R31,HIGH(-@1)
                 	ST   Z,R@0
                 	.ENDM
                 
                 	.MACRO __PUTWSRX
                 	MOVW R30,R28
                 	SUBI R30,LOW(-@2)
                 	SBCI R31,HIGH(-@2)
                 	ST   Z+,R@0
                 	ST   Z,R@1
                 	.ENDM
                 
                 	.MACRO __PUTB1SNX
                 	MOVW R26,R28
                 	SUBI R26,LOW(-@0)
                 	SBCI R27,HIGH(-@0)
                 	LD   R0,X+
                 	LD   R27,X
                 	MOV  R26,R0
                 	SUBI R26,LOW(-@1)
                 	SBCI R27,HIGH(-@1)
                 	ST   X,R30
                 	.ENDM
                 
                 	.MACRO __PUTW1SNX
                 	MOVW R26,R28
                 	SUBI R26,LOW(-@0)
                 	SBCI R27,HIGH(-@0)
                 	LD   R0,X+
                 	LD   R27,X
                 	MOV  R26,R0
                 	SUBI R26,LOW(-@1)
                 	SBCI R27,HIGH(-@1)
                 	ST   X+,R30
                 	ST   X,R31
                 	.ENDM
                 
                 	.MACRO __PUTD1SNX
                 	MOVW R26,R28
                 	SUBI R26,LOW(-@0)
                 	SBCI R27,HIGH(-@0)
                 	LD   R0,X+
                 	LD   R27,X
                 	MOV  R26,R0
                 	SUBI R26,LOW(-@1)
                 	SBCI R27,HIGH(-@1)
                 	ST   X+,R30
                 	ST   X+,R31
                 	ST   X+,R22
                 	ST   X,R23
                 	.ENDM
                 
                 	.MACRO __MULBRR
                 	MULS R@0,R@1
                 	MOVW R30,R0
                 	.ENDM
                 
                 	.MACRO __MULBRRU
                 	MUL  R@0,R@1
                 	MOVW R30,R0
                 	.ENDM
                 
                 	.MACRO __MULBRR0
                 	MULS R@0,R@1
                 	.ENDM
                 
                 	.MACRO __MULBRRU0
                 	MUL  R@0,R@1
                 	.ENDM
                 
                 	.MACRO __MULBNWRU
                 	LDI  R26,@2
                 	MUL  R26,R@0
                 	MOVW R30,R0
                 	MUL  R26,R@1
                 	ADD  R31,R0
                 	.ENDM
                 
                 ;NAME DEFINITIONS FOR GLOBAL VARIABLES ALLOCATED TO REGISTERS
                 	.DEF _xcount=R5
                 	.DEF _lpwm=R4
                 	.DEF _rpwm=R7
                 	.DEF _i=R6
                 	.DEF _sensor=R9
                 	.DEF _j=R10
                 	.DEF _d_error=R12
                 	.DEF __lcd_x=R8
                 
                 	.CSEG
                 	.ORG 0x00
                 
                 ;START OF CODE MARKER
                 __START_OF_CODE:
                 
                 ;INTERRUPT VECTORS
000000 940c 0042 	JMP  __RESET
000002 940c 0000 	JMP  0x00
000004 940c 0000 	JMP  0x00
000006 940c 0000 	JMP  0x00
000008 940c 0000 	JMP  0x00
00000a 940c 0000 	JMP  0x00
00000c 940c 0000 	JMP  0x00
00000e 940c 0000 	JMP  0x00
000010 940c 0000 	JMP  0x00
000012 940c 0072 	JMP  _timer0_ovf_isr
000014 940c 0000 	JMP  0x00
000016 940c 0000 	JMP  0x00
000018 940c 0000 	JMP  0x00
00001a 940c 0000 	JMP  0x00
00001c 940c 0000 	JMP  0x00
00001e 940c 0000 	JMP  0x00
000020 940c 0000 	JMP  0x00
000022 940c 0000 	JMP  0x00
000024 940c 0000 	JMP  0x00
000026 940c 0000 	JMP  0x00
000028 940c 0000 	JMP  0x00
                 
                 _0x26:
D:\Punya Koko\LPKTA\LF PUTU\List\2.asm(1098): warning: .cseg .db misalignment - padding zero byte
00002a 0004      	.DB  0x4
                 _0x27:
D:\Punya Koko\LPKTA\LF PUTU\List\2.asm(1100): warning: .cseg .db misalignment - padding zero byte
00002b 000a      	.DB  0xA
                 _0x28:
D:\Punya Koko\LPKTA\LF PUTU\List\2.asm(1102): warning: .cseg .db misalignment - padding zero byte
00002c 0001      	.DB  0x1
                 _0x45:
00002d 0000
00002e 0000
00002f 0000
000030 0000      	.DB  0x0,0x0,0x0,0x0,0x0,0x0,0x0,0x0
                 _0x2000003:
000031 c080      	.DB  0x80,0xC0
                 
                 __GLOBAL_INI_TBL:
000032 0001      	.DW  0x01
000033 0166      	.DW  _Kp
000034 0054      	.DW  _0x26*2
                 
000035 0001      	.DW  0x01
000036 0168      	.DW  _Kd
000037 0056      	.DW  _0x27*2
                 
000038 0001      	.DW  0x01
000039 016a      	.DW  _intervalPWM
00003a 0058      	.DW  _0x28*2
                 
00003b 0008      	.DW  0x08
00003c 0004      	.DW  0x04
00003d 005a      	.DW  _0x45*2
                 
00003e 0002      	.DW  0x02
00003f 016c      	.DW  __base_y_G100
000040 0062      	.DW  _0x2000003*2
                 
                 _0xFFFFFFFF:
000041 0000      	.DW  0
                 
                 __RESET:
000042 94f8      	CLI
000043 27ee      	CLR  R30
000044 bbec      	OUT  EECR,R30
                 
                 ;INTERRUPT VECTORS ARE PLACED
                 ;AT THE START OF FLASH
000045 e0f1      	LDI  R31,1
000046 bffb      	OUT  GICR,R31
000047 bfeb      	OUT  GICR,R30
000048 bfe5      	OUT  MCUCR,R30
                 
                 ;DISABLE WATCHDOG
000049 e1f8      	LDI  R31,0x18
00004a bdf1      	OUT  WDTCR,R31
00004b bde1      	OUT  WDTCR,R30
                 
                 ;CLEAR R2-R14
00004c e08d      	LDI  R24,(14-2)+1
00004d e0a2      	LDI  R26,2
00004e 27bb      	CLR  R27
                 __CLEAR_REG:
00004f 93ed      	ST   X+,R30
000050 958a      	DEC  R24
000051 f7e9      	BRNE __CLEAR_REG
                 
                 ;CLEAR SRAM
000052 e080      	LDI  R24,LOW(__CLEAR_SRAM_SIZE)
000053 e094      	LDI  R25,HIGH(__CLEAR_SRAM_SIZE)
000054 e6a0      	LDI  R26,__SRAM_START
                 __CLEAR_SRAM:
000055 93ed      	ST   X+,R30
000056 9701      	SBIW R24,1
000057 f7e9      	BRNE __CLEAR_SRAM
                 
                 ;GLOBAL VARIABLES INITIALIZATION
000058 e6e4      	LDI  R30,LOW(__GLOBAL_INI_TBL*2)
000059 e0f0      	LDI  R31,HIGH(__GLOBAL_INI_TBL*2)
                 __GLOBAL_INI_NEXT:
00005a 9185      	LPM  R24,Z+
00005b 9195      	LPM  R25,Z+
00005c 9700      	SBIW R24,0
00005d f061      	BREQ __GLOBAL_INI_END
00005e 91a5      	LPM  R26,Z+
00005f 91b5      	LPM  R27,Z+
000060 9005      	LPM  R0,Z+
000061 9015      	LPM  R1,Z+
000062 01bf      	MOVW R22,R30
000063 01f0      	MOVW R30,R0
                 __GLOBAL_INI_LOOP:
000064 9005      	LPM  R0,Z+
000065 920d      	ST   X+,R0
000066 9701      	SBIW R24,1
000067 f7e1      	BRNE __GLOBAL_INI_LOOP
000068 01fb      	MOVW R30,R22
000069 cff0      	RJMP __GLOBAL_INI_NEXT
                 __GLOBAL_INI_END:
                 
                 ;HARDWARE STACK POINTER INITIALIZATION
00006a e5ef      	LDI  R30,LOW(__SRAM_END-__HEAP_SIZE)
00006b bfed      	OUT  SPL,R30
00006c e0e4      	LDI  R30,HIGH(__SRAM_END-__HEAP_SIZE)
00006d bfee      	OUT  SPH,R30
                 
                 ;DATA STACK POINTER INITIALIZATION
00006e e6c0      	LDI  R28,LOW(__SRAM_START+__DSTACK_SIZE)
00006f e0d1      	LDI  R29,HIGH(__SRAM_START+__DSTACK_SIZE)
                 
000070 940c 0105 	JMP  _main
                 
                 	.ESEG
                 	.ORG 0
                 
                 	.DSEG
                 	.ORG 0x160
                 
                 	.CSEG
                 ;/*****************************************************
                 ;This program was produced by the
                 ;CodeWizardAVR V2.05.0 Professional
                 ;Automatic Program Generator
                 ;© Copyright 1998-2010 Pavel Haiduc, HP InfoTech s.r.l.
                 ;http://www.hpinfotech.com
                 ;
                 ;Project :
                 ;Version :
                 ;Date    : 11/24/2012
                 ;Author  :
                 ;Company :
                 ;Comments:
                 ;
                 ;
                 ;Chip type               : ATmega16
                 ;Program type            : Application
                 ;AVR Core Clock frequency: 16.000000 MHz
                 ;Memory model            : Small
                 ;External RAM size       : 0
                 ;Data Stack size         : 256
                 ;*****************************************************/
                 ;
                 ;#include <mega16.h>
                 	#ifndef __SLEEP_DEFINED__
                 	#define __SLEEP_DEFINED__
                 	.EQU __se_bit=0x40
                 	.EQU __sm_mask=0xB0
                 	.EQU __sm_powerdown=0x20
                 	.EQU __sm_powersave=0x30
                 	.EQU __sm_standby=0xA0
                 	.EQU __sm_ext_standby=0xB0
                 	.EQU __sm_adc_noise_red=0x10
                 	.SET power_ctrl_reg=mcucr
                 	#endif
                 ;
                 ;#include <delay.h>
                 ;
                 ;// Alphanumeric LCD Module functions
                 ;#include <alcd.h>
                 ;
                 ;#define T1      PINB.0
                 ;
                 ;#define DIR_KA          PORTD.2
                 ;#define DIR_KI          PORTD.3
                 ;
                 ;#define PWM_KA          PORTD.4
                 ;#define PWM_KI          PORTD.5
                 ;
                 ;unsigned char xcount=0;
                 ;unsigned char lpwm=0;
                 ;unsigned char rpwm=0;
                 ;interrupt [TIM0_OVF] void timer0_ovf_isr(void)
                 ; 0000 002B {
                 
                 	.CSEG
                 _timer0_ovf_isr:
000072 93ea      	ST   -Y,R30
000073 b7ef      	IN   R30,SREG
000074 93ea      	ST   -Y,R30
                 ; 0000 002C         // Place your code here
                 ; 0000 002D         xcount++;
000075 9453      	INC  R5
                 ; 0000 002E         if(xcount<lpwm) PWM_KI = 1;
000076 1454      	CP   R5,R4
000077 f410      	BRSH _0x3
000078 9a95      	SBI  0x12,5
                 ; 0000 002F         else PWM_KI = 0;
000079 c001      	RJMP _0x6
                 _0x3:
00007a 9895      	CBI  0x12,5
                 ; 0000 0030 
                 ; 0000 0031         if(xcount<rpwm) PWM_KA = 1;
                 _0x6:
00007b 1457      	CP   R5,R7
00007c f410      	BRSH _0x9
00007d 9a94      	SBI  0x12,4
                 ; 0000 0032         else PWM_KA = 0;
00007e c001      	RJMP _0xC
                 _0x9:
00007f 9894      	CBI  0x12,4
                 ; 0000 0033 
                 ; 0000 0034         if(xcount>255) xcount = 0;
                 _0xC:
000080 efef      	LDI  R30,LOW(255)
000081 15e5      	CP   R30,R5
000082 f408      	BRSH _0xF
000083 2455      	CLR  R5
                 ; 0000 0035 
                 ; 0000 0036         TCNT0 = 0xff;
                 _0xF:
000084 efef      	LDI  R30,LOW(255)
000085 bfe2      	OUT  0x32,R30
                 ; 0000 0037 }
000086 91e9      	LD   R30,Y+
000087 bfef      	OUT  SREG,R30
000088 91e9      	LD   R30,Y+
000089 9518      	RETI
                 ;
                 ;#define ADC_VREF_TYPE 0x20
                 ;
                 ;// Read the 8 most significant bits
                 ;// of the AD conversion result
                 ;unsigned char read_adc(unsigned char adc_input)
                 ; 0000 003E {
                 _read_adc:
                 ; 0000 003F ADMUX=adc_input | (ADC_VREF_TYPE & 0xff);
                 ;	adc_input -> Y+0
00008a 81e8      	LD   R30,Y
00008b 62e0      	ORI  R30,0x20
00008c b9e7      	OUT  0x7,R30
                 ; 0000 0040 // Delay needed for the stabilization of the ADC input voltage
                 ; 0000 0041 delay_us(10);
                +
00008d e385     +LDI R24 , LOW ( 53 )
                +__DELAY_USB_LOOP :
00008e 958a     +DEC R24
00008f f7f1     +BRNE __DELAY_USB_LOOP
                 	__DELAY_USB 53
                 ; 0000 0042 // Start the AD conversion
                 ; 0000 0043 ADCSRA|=0x40;
000090 9a36      	SBI  0x6,6
                 ; 0000 0044 // Wait for the AD conversion to complete
                 ; 0000 0045 while ((ADCSRA & 0x10)==0);
                 _0x10:
000091 9b34      	SBIS 0x6,4
000092 cffe      	RJMP _0x10
                 ; 0000 0046 ADCSRA|=0x10;
000093 9a34      	SBI  0x6,4
                 ; 0000 0047 return ADCH;
000094 b1e5      	IN   R30,0x5
000095 c110      	RJMP _0x2020001
                 ; 0000 0048 }
                 ;
                 ;// Declare your global variables here
                 ;char i=0;
                 ;unsigned char sensor = 0;
                 ;eeprom int cenlimit[8];
                 ;void baca_sensor(void)
                 ; 0000 004F {
                 ; 0000 0050         sensor = 0;
                 ; 0000 0051         for(i=2;i<8;i++)
                 ; 0000 0052         {
                 ; 0000 0053                 if(read_adc(i) < cenlimit[i])   {sensor = sensor + (1 << i);}
                 ; 0000 0054                 else                            {sensor = sensor + (0 << i);}
                 ; 0000 0055         }
                 ; 0000 0056 }
                 ;
                 ;eeprom int lowlimit[8];
                 ;eeprom int uplimit[8];
                 ;int j = 0;
                 ;void calibrate_sensor(void)
                 ; 0000 005C {
                 _calibrate_sensor:
                 ; 0000 005D         unsigned char temp_s[8];
                 ; 0000 005E 
                 ; 0000 005F 
                 ; 0000 0060         for(i=0;i<8;i++)
000096 9728      	SBIW R28,8
                 ;	temp_s -> Y+0
000097 2466      	CLR  R6
                 _0x19:
000098 e0e8      	LDI  R30,LOW(8)
000099 166e      	CP   R6,R30
00009a f460      	BRSH _0x1A
                 ; 0000 0061         {
                 ; 0000 0062                 uplimit[i] = 0;
00009b d10c      	RCALL SUBOPT_0x0
00009c e0e0      	LDI  R30,LOW(0)
00009d e0f0      	LDI  R31,HIGH(0)
00009e 940e 022e 	CALL __EEPROMWRW
                 ; 0000 0063                 lowlimit[i] = 255;
0000a0 d110      	RCALL SUBOPT_0x1
0000a1 efef      	LDI  R30,LOW(255)
0000a2 e0f0      	LDI  R31,HIGH(255)
0000a3 940e 022e 	CALL __EEPROMWRW
                 ; 0000 0064         }
0000a5 9463      	INC  R6
0000a6 cff1      	RJMP _0x19
                 _0x1A:
                 ; 0000 0065 
                 ; 0000 0066         for(j=0;j<1000;j++)
0000a7 24aa      	CLR  R10
0000a8 24bb      	CLR  R11
                 _0x1C:
0000a9 eee8      	LDI  R30,LOW(1000)
0000aa e0f3      	LDI  R31,HIGH(1000)
0000ab 16ae      	CP   R10,R30
0000ac 06bf      	CPC  R11,R31
0000ad f014      	BRLT PC+3
0000ae 940c 0103 	JMP _0x1D
                 ; 0000 0067         {
                 ; 0000 0068                 for(i=0;i<8;i++)
0000b0 2466      	CLR  R6
                 _0x1F:
0000b1 e0e8      	LDI  R30,LOW(8)
0000b2 166e      	CP   R6,R30
0000b3 f540      	BRSH _0x20
                 ; 0000 0069                 {
                 ; 0000 006A                         temp_s[i] = read_adc(i);
0000b4 d105      	RCALL SUBOPT_0x2
0000b5 0fea      	ADD  R30,R26
0000b6 1ffb      	ADC  R31,R27
0000b7 93ff      	PUSH R31
0000b8 93ef      	PUSH R30
0000b9 926a      	ST   -Y,R6
0000ba dfcf      	RCALL _read_adc
0000bb 91af      	POP  R26
0000bc 91bf      	POP  R27
0000bd 93ec      	ST   X,R30
                 ; 0000 006B                         if(temp_s[i] < lowlimit[i])     lowlimit[i] = temp_s[i];
0000be d0fb      	RCALL SUBOPT_0x2
0000bf 0fae      	ADD  R26,R30
0000c0 1fbf      	ADC  R27,R31
0000c1 900c      	LD   R0,X
0000c2 d0ee      	RCALL SUBOPT_0x1
0000c3 d0fa      	RCALL SUBOPT_0x3
0000c4 17ae      	CP   R26,R30
0000c5 07bf      	CPC  R27,R31
0000c6 f42c      	BRGE _0x21
0000c7 2de6      	MOV  R30,R6
0000c8 e1a0      	LDI  R26,LOW(_lowlimit)
0000c9 e0b0      	LDI  R27,HIGH(_lowlimit)
0000ca d0f8      	RCALL SUBOPT_0x4
0000cb d0fe      	RCALL SUBOPT_0x5
                 ; 0000 006C                         if(temp_s[i] > uplimit[i])      uplimit[i] = temp_s[i];
                 _0x21:
0000cc d0ed      	RCALL SUBOPT_0x2
0000cd 0fae      	ADD  R26,R30
0000ce 1fbf      	ADC  R27,R31
0000cf 900c      	LD   R0,X
0000d0 d0d7      	RCALL SUBOPT_0x0
0000d1 d0ec      	RCALL SUBOPT_0x3
0000d2 17ea      	CP   R30,R26
0000d3 07fb      	CPC  R31,R27
0000d4 f42c      	BRGE _0x22
0000d5 2de6      	MOV  R30,R6
0000d6 e2a0      	LDI  R26,LOW(_uplimit)
0000d7 e0b0      	LDI  R27,HIGH(_uplimit)
0000d8 d0ea      	RCALL SUBOPT_0x4
0000d9 d0f0      	RCALL SUBOPT_0x5
                 ; 0000 006D                 }
                 _0x22:
0000da 9463      	INC  R6
0000db cfd5      	RJMP _0x1F
                 _0x20:
                 ; 0000 006E 
                 ; 0000 006F                 for(i=0;i<8;i++)
0000dc 2466      	CLR  R6
                 _0x24:
0000dd e0e8      	LDI  R30,LOW(8)
0000de 166e      	CP   R6,R30
0000df f4e0      	BRSH _0x25
                 ; 0000 0070                 {
                 ; 0000 0071                         cenlimit[i] = (uplimit[i] + lowlimit[i]) / 2;
0000e0 2de6      	MOV  R30,R6
0000e1 e0a0      	LDI  R26,LOW(_cenlimit)
0000e2 e0b0      	LDI  R27,HIGH(_cenlimit)
0000e3 e0f0      	LDI  R31,0
0000e4 0fee      	LSL  R30
0000e5 1fff      	ROL  R31
0000e6 0fea      	ADD  R30,R26
0000e7 1ffb      	ADC  R31,R27
0000e8 01bf      	MOVW R22,R30
0000e9 d0be      	RCALL SUBOPT_0x0
0000ea 940e 021e 	CALL __EEPROMRDW
0000ec 010f      	MOVW R0,R30
0000ed d0c3      	RCALL SUBOPT_0x1
0000ee 940e 021e 	CALL __EEPROMRDW
0000f0 01d0      	MOVW R26,R0
0000f1 0fae      	ADD  R26,R30
0000f2 1fbf      	ADC  R27,R31
0000f3 e0e2      	LDI  R30,LOW(2)
0000f4 e0f0      	LDI  R31,HIGH(2)
0000f5 940e 020b 	CALL __DIVW21
0000f7 01db      	MOVW R26,R22
0000f8 940e 022e 	CALL __EEPROMWRW
                 ; 0000 0072                 }
0000fa 9463      	INC  R6
0000fb cfe1      	RJMP _0x24
                 _0x25:
                 ; 0000 0073 
                 ; 0000 0074                 delay_ms(10);
0000fc e0ea      	LDI  R30,LOW(10)
0000fd e0f0      	LDI  R31,HIGH(10)
0000fe d0d3      	RCALL SUBOPT_0x6
                 ; 0000 0075         }
0000ff 01f5      	MOVW R30,R10
000100 9631      	ADIW R30,1
000101 015f      	MOVW R10,R30
000102 cfa6      	RJMP _0x1C
                 _0x1D:
                 ; 0000 0076 
                 ; 0000 0077 }
000103 9628      	ADIW R28,8
000104 9508      	RET
                 ;
                 ;int d_error,error,last_error = 0,PV,Kp = 4,Kd = 10,intervalPWM = 1;
                 
                 	.DSEG
                 ;void pid()
                 ; 0000 007B {
                 
                 	.CSEG
                 ; 0000 007C         baca_sensor();
                 ; 0000 007D         DIR_KA = 1;
                 ; 0000 007E         DIR_KI = 1;
                 ; 0000 007F 
                 ; 0000 0080         if(sensor==0b00000001)  error = 15;  //kanan
                 ; 0000 0081         if(sensor==0b00000011)  error = 10;
                 ; 0000 0082         if(sensor==0b00000010)  error = 5;
                 ; 0000 0083         if(sensor==0b00000110)  error = 4;
                 ; 0000 0084         if(sensor==0b00000100)  error = 3;
                 ; 0000 0085         if(sensor==0b00001100)  error = 2;
                 ; 0000 0086         if(sensor==0b00001000)  error = 1;
                 ; 0000 0087 
                 ; 0000 0088         if(sensor==0b00010000)  error = -1;
                 ; 0000 0089         if(sensor==0b00110000)  error = -2;
                 ; 0000 008A         if(sensor==0b00100000)  error = -3;
                 ; 0000 008B         if(sensor==0b01100000)  error = -4;
                 ; 0000 008C         if(sensor==0b01000000)  error = -5;
                 ; 0000 008D         if(sensor==0b11000000)  error = -10;
                 ; 0000 008E         if(sensor==0b10000000)  error = -15;      //kiri
                 ; 0000 008F 
                 ; 0000 0090         d_error = error - last_error;
                 ; 0000 0091         PV      = (Kp*error)+(Kd*d_error);
                 ; 0000 0092 
                 ; 0000 0093         rpwm = PV + intervalPWM;
                 ; 0000 0094         lpwm = PV - intervalPWM + 20;
                 ; 0000 0095 
                 ; 0000 0096         last_error = error;
                 ; 0000 0097 
                 ; 0000 0098         if(lpwm>=100)       lpwm = 100;
                 ; 0000 0099         if(lpwm<=0)         lpwm = 0;
                 ; 0000 009A 
                 ; 0000 009B         if(rpwm>=100)       rpwm = 100;
                 ; 0000 009C         if(rpwm<=0)         rpwm = 0;
                 ; 0000 009D }
                 ;
                 ;void main(void)
                 ; 0000 00A0 {
                 _main:
                 ; 0000 00A1 // Declare your local variables here
                 ; 0000 00A2 
                 ; 0000 00A3 // Input/Output Ports initialization
                 ; 0000 00A4 // Port A initialization
                 ; 0000 00A5 // Func7=In Func6=In Func5=In Func4=In Func3=In Func2=In Func1=In Func0=In
                 ; 0000 00A6 // State7=T State6=T State5=T State4=T State3=T State2=T State1=T State0=T
                 ; 0000 00A7 PORTA=0x00;
000105 e0e0      	LDI  R30,LOW(0)
000106 bbeb      	OUT  0x1B,R30
                 ; 0000 00A8 DDRA=0x00;
000107 bbea      	OUT  0x1A,R30
                 ; 0000 00A9 
                 ; 0000 00AA // Port B initialization
                 ; 0000 00AB // Func7=In Func6=In Func5=In Func4=In Func3=In Func2=In Func1=In Func0=In
                 ; 0000 00AC // State7=P State6=P State5=P State4=P State3=P State2=P State1=P State0=P
                 ; 0000 00AD PORTB=0xFF;
000108 efef      	LDI  R30,LOW(255)
000109 bbe8      	OUT  0x18,R30
                 ; 0000 00AE DDRB=0x00;
00010a e0e0      	LDI  R30,LOW(0)
00010b bbe7      	OUT  0x17,R30
                 ; 0000 00AF 
                 ; 0000 00B0 // Port C initialization
                 ; 0000 00B1 // Func7=Out Func6=Out Func5=Out Func4=Out Func3=Out Func2=Out Func1=Out Func0=Out
                 ; 0000 00B2 // State7=0 State6=0 State5=0 State4=0 State3=0 State2=0 State1=0 State0=0
                 ; 0000 00B3 PORTC=0x00;
00010c bbe5      	OUT  0x15,R30
                 ; 0000 00B4 DDRC=0xFF;
00010d efef      	LDI  R30,LOW(255)
00010e bbe4      	OUT  0x14,R30
                 ; 0000 00B5 
                 ; 0000 00B6 // Port D initialization
                 ; 0000 00B7 // Func7=Out Func6=Out Func5=Out Func4=Out Func3=Out Func2=Out Func1=Out Func0=Out
                 ; 0000 00B8 // State7=0 State6=0 State5=0 State4=0 State3=0 State2=0 State1=0 State0=0
                 ; 0000 00B9 PORTD=0x00;
00010f e0e0      	LDI  R30,LOW(0)
000110 bbe2      	OUT  0x12,R30
                 ; 0000 00BA DDRD=0xFF;
000111 efef      	LDI  R30,LOW(255)
000112 bbe1      	OUT  0x11,R30
                 ; 0000 00BB 
                 ; 0000 00BC         // Timer/Counter 0 initialization
                 ; 0000 00BD         // Clock source: System Clock
                 ; 0000 00BE         // Clock value: 62.500 kHz
                 ; 0000 00BF         // Mode: Normal top=0xFF
                 ; 0000 00C0         // OC0 output: Disconnected
                 ; 0000 00C1         TCCR0=0x05;
000113 e0e5      	LDI  R30,LOW(5)
000114 bfe3      	OUT  0x33,R30
                 ; 0000 00C2         TCNT0=0xFF;
000115 efef      	LDI  R30,LOW(255)
000116 bfe2      	OUT  0x32,R30
                 ; 0000 00C3         OCR0=0x00;
000117 e0e0      	LDI  R30,LOW(0)
000118 bfec      	OUT  0x3C,R30
                 ; 0000 00C4 
                 ; 0000 00C5         // Timer(s)/Counter(s) Interrupt(s) initialization
                 ; 0000 00C6         TIMSK=0x01;
000119 e0e1      	LDI  R30,LOW(1)
00011a bfe9      	OUT  0x39,R30
                 ; 0000 00C7 
                 ; 0000 00C8 
                 ; 0000 00C9 // Analog Comparator initialization
                 ; 0000 00CA // Analog Comparator: Off
                 ; 0000 00CB // Analog Comparator Input Capture by Timer/Counter 1: Off
                 ; 0000 00CC ACSR=0x80;
00011b e8e0      	LDI  R30,LOW(128)
00011c b9e8      	OUT  0x8,R30
                 ; 0000 00CD SFIOR=0x00;
00011d e0e0      	LDI  R30,LOW(0)
00011e bfe0      	OUT  0x30,R30
                 ; 0000 00CE 
                 ; 0000 00CF // ADC initialization
                 ; 0000 00D0 // ADC Clock frequency: 1000.000 kHz
                 ; 0000 00D1 // ADC Voltage Reference: AREF pin
                 ; 0000 00D2 // ADC Auto Trigger Source: ADC Stopped
                 ; 0000 00D3 // Only the 8 most significant bits of
                 ; 0000 00D4 // the AD conversion result are used
                 ; 0000 00D5 ADMUX=ADC_VREF_TYPE & 0xff;
00011f e2e0      	LDI  R30,LOW(32)
000120 b9e7      	OUT  0x7,R30
                 ; 0000 00D6 ADCSRA=0x84;
000121 e8e4      	LDI  R30,LOW(132)
000122 b9e6      	OUT  0x6,R30
                 ; 0000 00D7 
                 ; 0000 00D8 
                 ; 0000 00D9 
                 ; 0000 00DA // Alphanumeric LCD initialization
                 ; 0000 00DB // Connections specified in the
                 ; 0000 00DC // Project|Configure|C Compiler|Libraries|Alphanumeric LCD menu:
                 ; 0000 00DD // RS - PORTC Bit 0
                 ; 0000 00DE // RD - PORTC Bit 1
                 ; 0000 00DF // EN - PORTC Bit 2
                 ; 0000 00E0 // D4 - PORTC Bit 4
                 ; 0000 00E1 // D5 - PORTC Bit 5
                 ; 0000 00E2 // D6 - PORTC Bit 6
                 ; 0000 00E3 // D7 - PORTC Bit 7
                 ; 0000 00E4 // Characters/line: 16
                 ; 0000 00E5 lcd_init(16);
000123 e1e0      	LDI  R30,LOW(16)
000124 93ea      	ST   -Y,R30
000125 d052      	RCALL _lcd_init
                 ; 0000 00E6 
                 ; 0000 00E7 while (1)
                 _0x3F:
                 ; 0000 00E8       {
                 ; 0000 00E9                 if(!T1)
000126 99b0      	SBIC 0x16,0
000127 c006      	RJMP _0x42
                 ; 0000 00EA                 {
                 ; 0000 00EB                         delay_ms(250);
000128 efea      	LDI  R30,LOW(250)
000129 e0f0      	LDI  R31,HIGH(250)
00012a d0a7      	RCALL SUBOPT_0x6
                 ; 0000 00EC                         rpwm = 0;
00012b 2477      	CLR  R7
                 ; 0000 00ED                         lpwm = 0;
00012c 2444      	CLR  R4
                 ; 0000 00EE                         calibrate_sensor();
00012d df68      	RCALL _calibrate_sensor
                 ; 0000 00EF                 }
                 ; 0000 00F0 
                 ; 0000 00F1                 //pid();
                 ; 0000 00F2                 lpwm = rpwm = 250;
                 _0x42:
00012e efea      	LDI  R30,LOW(250)
00012f d0a6      	RCALL SUBOPT_0x7
                 ; 0000 00F3                 delay_ms(200);
                 ; 0000 00F4 
                 ; 0000 00F5                 lpwm = rpwm = 200;
000130 ece8      	LDI  R30,LOW(200)
000131 d0a4      	RCALL SUBOPT_0x7
                 ; 0000 00F6                 delay_ms(200);
                 ; 0000 00F7 
                 ; 0000 00F8                 lpwm = rpwm = 180;
000132 ebe4      	LDI  R30,LOW(180)
000133 d0a2      	RCALL SUBOPT_0x7
                 ; 0000 00F9                 delay_ms(200);
                 ; 0000 00FA 
                 ; 0000 00FB                 lpwm = rpwm = 100;
000134 e6e4      	LDI  R30,LOW(100)
000135 d0a0      	RCALL SUBOPT_0x7
                 ; 0000 00FC                 delay_ms(200);
                 ; 0000 00FD 
                 ; 0000 00FE                 lpwm = rpwm = 80;
000136 e5e0      	LDI  R30,LOW(80)
000137 d09e      	RCALL SUBOPT_0x7
                 ; 0000 00FF                 delay_ms(200);
                 ; 0000 0100       }
000138 cfed      	RJMP _0x3F
                 ; 0000 0101 }
                 _0x43:
000139 cfff      	RJMP _0x43
                 	#ifndef __SLEEP_DEFINED__
                 	#endif
                 
                 	.DSEG
                 
                 	.CSEG
                 __lcd_write_nibble_G100:
00013a 81e8      	LD   R30,Y
00013b 71e0      	ANDI R30,LOW(0x10)
00013c f011      	BREQ _0x2000004
00013d 9aac      	SBI  0x15,4
00013e c001      	RJMP _0x2000005
                 _0x2000004:
00013f 98ac      	CBI  0x15,4
                 _0x2000005:
000140 81e8      	LD   R30,Y
000141 72e0      	ANDI R30,LOW(0x20)
000142 f011      	BREQ _0x2000006
000143 9aad      	SBI  0x15,5
000144 c001      	RJMP _0x2000007
                 _0x2000006:
000145 98ad      	CBI  0x15,5
                 _0x2000007:
000146 81e8      	LD   R30,Y
000147 74e0      	ANDI R30,LOW(0x40)
000148 f011      	BREQ _0x2000008
000149 9aae      	SBI  0x15,6
00014a c001      	RJMP _0x2000009
                 _0x2000008:
00014b 98ae      	CBI  0x15,6
                 _0x2000009:
00014c 81e8      	LD   R30,Y
00014d 78e0      	ANDI R30,LOW(0x80)
00014e f011      	BREQ _0x200000A
00014f 9aaf      	SBI  0x15,7
000150 c001      	RJMP _0x200000B
                 _0x200000A:
000151 98af      	CBI  0x15,7
                 _0x200000B:
                +
000152 e08b     +LDI R24 , LOW ( 11 )
                +__DELAY_USB_LOOP :
000153 958a     +DEC R24
000154 f7f1     +BRNE __DELAY_USB_LOOP
                 	__DELAY_USB 11
000155 9aaa      	SBI  0x15,2
                +
000156 e18b     +LDI R24 , LOW ( 27 )
                +__DELAY_USB_LOOP :
000157 958a     +DEC R24
000158 f7f1     +BRNE __DELAY_USB_LOOP
                 	__DELAY_USB 27
000159 98aa      	CBI  0x15,2
                +
00015a e18b     +LDI R24 , LOW ( 27 )
                +__DELAY_USB_LOOP :
00015b 958a     +DEC R24
00015c f7f1     +BRNE __DELAY_USB_LOOP
                 	__DELAY_USB 27
00015d c048      	RJMP _0x2020001
                 __lcd_write_data:
00015e 81e8      	LD   R30,Y
00015f 93ea      	ST   -Y,R30
000160 dfd9      	RCALL __lcd_write_nibble_G100
000161 81e8          ld    r30,y
000162 95e2          swap  r30
000163 83e8          st    y,r30
000164 81e8      	LD   R30,Y
000165 93ea      	ST   -Y,R30
000166 dfd3      	RCALL __lcd_write_nibble_G100
                +
000167 ec88     +LDI R24 , LOW ( 200 )
000168 e090     +LDI R25 , HIGH ( 200 )
                +__DELAY_USW_LOOP :
000169 9701     +SBIW R24 , 1
00016a f7f1     +BRNE __DELAY_USW_LOOP
                 	__DELAY_USW 200
00016b c03a      	RJMP _0x2020001
                 _lcd_clear:
00016c e0e2      	LDI  R30,LOW(2)
00016d d06d      	RCALL SUBOPT_0x8
00016e e0ec      	LDI  R30,LOW(12)
00016f 93ea      	ST   -Y,R30
000170 dfed      	RCALL __lcd_write_data
000171 e0e1      	LDI  R30,LOW(1)
000172 d068      	RCALL SUBOPT_0x8
000173 e0e0      	LDI  R30,LOW(0)
000174 93e0 0170 	STS  __lcd_y,R30
000176 2e8e      	MOV  R8,R30
000177 9508      	RET
                 _lcd_init:
000178 9aa4      	SBI  0x14,4
000179 9aa5      	SBI  0x14,5
00017a 9aa6      	SBI  0x14,6
00017b 9aa7      	SBI  0x14,7
00017c 9aa2      	SBI  0x14,2
00017d 9aa0      	SBI  0x14,0
00017e 9aa1      	SBI  0x14,1
00017f 98aa      	CBI  0x15,2
000180 98a8      	CBI  0x15,0
000181 98a9      	CBI  0x15,1
000182 81e8      	LD   R30,Y
000183 93e0 0171 	STS  __lcd_maxx,R30
000185 58e0      	SUBI R30,-LOW(128)
                +
000186 93e0 016e+STS __base_y_G100 + ( 2 ) , R30
                 	__PUTB1MN __base_y_G100,2
000188 81e8      	LD   R30,Y
000189 54e0      	SUBI R30,-LOW(192)
                +
00018a 93e0 016f+STS __base_y_G100 + ( 3 ) , R30
                 	__PUTB1MN __base_y_G100,3
00018c e1e4      	LDI  R30,LOW(20)
00018d e0f0      	LDI  R31,HIGH(20)
00018e d043      	RCALL SUBOPT_0x6
00018f d050      	RCALL SUBOPT_0x9
000190 d04f      	RCALL SUBOPT_0x9
000191 d04e      	RCALL SUBOPT_0x9
000192 e2e0      	LDI  R30,LOW(32)
000193 93ea      	ST   -Y,R30
000194 dfa5      	RCALL __lcd_write_nibble_G100
                +
000195 e980     +LDI R24 , LOW ( 400 )
000196 e091     +LDI R25 , HIGH ( 400 )
                +__DELAY_USW_LOOP :
000197 9701     +SBIW R24 , 1
000198 f7f1     +BRNE __DELAY_USW_LOOP
                 	__DELAY_USW 400
000199 e2e8      	LDI  R30,LOW(40)
00019a 93ea      	ST   -Y,R30
00019b dfc2      	RCALL __lcd_write_data
00019c e0e4      	LDI  R30,LOW(4)
00019d 93ea      	ST   -Y,R30
00019e dfbf      	RCALL __lcd_write_data
00019f e8e5      	LDI  R30,LOW(133)
0001a0 93ea      	ST   -Y,R30
0001a1 dfbc      	RCALL __lcd_write_data
0001a2 e0e6      	LDI  R30,LOW(6)
0001a3 93ea      	ST   -Y,R30
0001a4 dfb9      	RCALL __lcd_write_data
0001a5 dfc6      	RCALL _lcd_clear
                 _0x2020001:
0001a6 9621      	ADIW R28,1
0001a7 9508      	RET
                 
                 	.ESEG
                 _cenlimit:
000000           	.BYTE 0x10
                 _lowlimit:
000010           	.BYTE 0x10
                 _uplimit:
000020           	.BYTE 0x10
                 
                 	.DSEG
                 _error:
000160           	.BYTE 0x2
                 _last_error:
000162           	.BYTE 0x2
                 _PV:
000164           	.BYTE 0x2
                 _Kp:
000166           	.BYTE 0x2
                 _Kd:
000168           	.BYTE 0x2
                 _intervalPWM:
00016a           	.BYTE 0x2
                 __base_y_G100:
00016c           	.BYTE 0x4
                 __lcd_y:
000170           	.BYTE 0x1
                 __lcd_maxx:
000171           	.BYTE 0x1
                 
                 	.CSEG
                 ;OPTIMIZER ADDED SUBROUTINE, CALLED 3 TIMES, CODE SIZE REDUCTION:13 WORDS
                 SUBOPT_0x0:
0001a8 2de6      	MOV  R30,R6
0001a9 e2a0      	LDI  R26,LOW(_uplimit)
0001aa e0b0      	LDI  R27,HIGH(_uplimit)
0001ab e0f0      	LDI  R31,0
0001ac 0fee      	LSL  R30
0001ad 1fff      	ROL  R31
0001ae 0fae      	ADD  R26,R30
0001af 1fbf      	ADC  R27,R31
0001b0 9508      	RET
                 
                 ;OPTIMIZER ADDED SUBROUTINE, CALLED 3 TIMES, CODE SIZE REDUCTION:13 WORDS
                 SUBOPT_0x1:
0001b1 2de6      	MOV  R30,R6
0001b2 e1a0      	LDI  R26,LOW(_lowlimit)
0001b3 e0b0      	LDI  R27,HIGH(_lowlimit)
0001b4 e0f0      	LDI  R31,0
0001b5 0fee      	LSL  R30
0001b6 1fff      	ROL  R31
0001b7 0fae      	ADD  R26,R30
0001b8 1fbf      	ADC  R27,R31
0001b9 9508      	RET
                 
                 ;OPTIMIZER ADDED SUBROUTINE, CALLED 5 TIMES, CODE SIZE REDUCTION:13 WORDS
                 SUBOPT_0x2:
0001ba 2de6      	MOV  R30,R6
0001bb e0f0      	LDI  R31,0
0001bc 01de      	MOVW R26,R28
0001bd 9508      	RET
                 
                 ;OPTIMIZER ADDED SUBROUTINE, CALLED 2 TIMES, CODE SIZE REDUCTION:1 WORDS
                 SUBOPT_0x3:
0001be 940e 021e 	CALL __EEPROMRDW
0001c0 2da0      	MOV  R26,R0
0001c1 e0b0      	LDI  R27,0
0001c2 9508      	RET
                 
                 ;OPTIMIZER ADDED SUBROUTINE, CALLED 2 TIMES, CODE SIZE REDUCTION:5 WORDS
                 SUBOPT_0x4:
0001c3 e0f0      	LDI  R31,0
0001c4 0fee      	LSL  R30
0001c5 1fff      	ROL  R31
0001c6 0fea      	ADD  R30,R26
0001c7 1ffb      	ADC  R31,R27
0001c8 010f      	MOVW R0,R30
0001c9 cff0      	RJMP SUBOPT_0x2
                 
                 ;OPTIMIZER ADDED SUBROUTINE, CALLED 2 TIMES, CODE SIZE REDUCTION:4 WORDS
                 SUBOPT_0x5:
0001ca 0fae      	ADD  R26,R30
0001cb 1fbf      	ADC  R27,R31
0001cc 91ec      	LD   R30,X
0001cd 01d0      	MOVW R26,R0
0001ce e0f0      	LDI  R31,0
0001cf 940e 022e 	CALL __EEPROMWRW
0001d1 9508      	RET
                 
                 ;OPTIMIZER ADDED SUBROUTINE, CALLED 10 TIMES, CODE SIZE REDUCTION:15 WORDS
                 SUBOPT_0x6:
0001d2 93fa      	ST   -Y,R31
0001d3 93ea      	ST   -Y,R30
0001d4 940c 01e8 	JMP  _delay_ms
                 
                 ;OPTIMIZER ADDED SUBROUTINE, CALLED 5 TIMES, CODE SIZE REDUCTION:13 WORDS
                 SUBOPT_0x7:
0001d6 2e7e      	MOV  R7,R30
0001d7 2e4e      	MOV  R4,R30
0001d8 ece8      	LDI  R30,LOW(200)
0001d9 e0f0      	LDI  R31,HIGH(200)
0001da cff7      	RJMP SUBOPT_0x6
                 
                 ;OPTIMIZER ADDED SUBROUTINE, CALLED 2 TIMES, CODE SIZE REDUCTION:2 WORDS
                 SUBOPT_0x8:
0001db 93ea      	ST   -Y,R30
0001dc df81      	RCALL __lcd_write_data
0001dd e0e3      	LDI  R30,LOW(3)
0001de e0f0      	LDI  R31,HIGH(3)
0001df cff2      	RJMP SUBOPT_0x6
                 
                 ;OPTIMIZER ADDED SUBROUTINE, CALLED 3 TIMES, CODE SIZE REDUCTION:9 WORDS
                 SUBOPT_0x9:
0001e0 e3e0      	LDI  R30,LOW(48)
0001e1 93ea      	ST   -Y,R30
0001e2 df57      	RCALL __lcd_write_nibble_G100
                +
0001e3 e980     +LDI R24 , LOW ( 400 )
0001e4 e091     +LDI R25 , HIGH ( 400 )
                +__DELAY_USW_LOOP :
0001e5 9701     +SBIW R24 , 1
0001e6 f7f1     +BRNE __DELAY_USW_LOOP
                 	__DELAY_USW 400
0001e7 9508      	RET
                 
                 
                 	.CSEG
                 _delay_ms:
0001e8 91e9      	ld   r30,y+
0001e9 91f9      	ld   r31,y+
0001ea 9630      	adiw r30,0
0001eb f039      	breq __delay_ms1
                 __delay_ms0:
                +
0001ec ea80     +LDI R24 , LOW ( 0xFA0 )
0001ed e09f     +LDI R25 , HIGH ( 0xFA0 )
                +__DELAY_USW_LOOP :
0001ee 9701     +SBIW R24 , 1
0001ef f7f1     +BRNE __DELAY_USW_LOOP
                 	__DELAY_USW 0xFA0
0001f0 95a8      	wdr
0001f1 9731      	sbiw r30,1
0001f2 f7c9      	brne __delay_ms0
                 __delay_ms1:
0001f3 9508      	ret
                 
                 __ANEGW1:
0001f4 95f1      	NEG  R31
0001f5 95e1      	NEG  R30
0001f6 40f0      	SBCI R31,0
0001f7 9508      	RET
                 
                 __DIVW21U:
0001f8 2400      	CLR  R0
0001f9 2411      	CLR  R1
0001fa e190      	LDI  R25,16
                 __DIVW21U1:
0001fb 0faa      	LSL  R26
0001fc 1fbb      	ROL  R27
0001fd 1c00      	ROL  R0
0001fe 1c11      	ROL  R1
0001ff 1a0e      	SUB  R0,R30
000200 0a1f      	SBC  R1,R31
000201 f418      	BRCC __DIVW21U2
000202 0e0e      	ADD  R0,R30
000203 1e1f      	ADC  R1,R31
000204 c001      	RJMP __DIVW21U3
                 __DIVW21U2:
000205 60a1      	SBR  R26,1
                 __DIVW21U3:
000206 959a      	DEC  R25
000207 f799      	BRNE __DIVW21U1
000208 01fd      	MOVW R30,R26
000209 01d0      	MOVW R26,R0
00020a 9508      	RET
                 
                 __DIVW21:
00020b d004      	RCALL __CHKSIGNW
00020c dfeb      	RCALL __DIVW21U
00020d f40e      	BRTC __DIVW211
00020e dfe5      	RCALL __ANEGW1
                 __DIVW211:
00020f 9508      	RET
                 
                 __CHKSIGNW:
000210 94e8      	CLT
000211 fff7      	SBRS R31,7
000212 c002      	RJMP __CHKSW1
000213 dfe0      	RCALL __ANEGW1
000214 9468      	SET
                 __CHKSW1:
000215 ffb7      	SBRS R27,7
000216 c006      	RJMP __CHKSW2
000217 95a0      	COM  R26
000218 95b0      	COM  R27
000219 9611      	ADIW R26,1
00021a f800      	BLD  R0,0
00021b 9403      	INC  R0
00021c fa00      	BST  R0,0
                 __CHKSW2:
00021d 9508      	RET
                 
                 __EEPROMRDW:
00021e 9611      	ADIW R26,1
00021f d002      	RCALL __EEPROMRDB
000220 2ffe      	MOV  R31,R30
000221 9711      	SBIW R26,1
                 
                 __EEPROMRDB:
000222 99e1      	SBIC EECR,EEWE
000223 cffe      	RJMP __EEPROMRDB
000224 93ff      	PUSH R31
000225 b7ff      	IN   R31,SREG
000226 94f8      	CLI
000227 bbae      	OUT  EEARL,R26
000228 bbbf      	OUT  EEARH,R27
000229 9ae0      	SBI  EECR,EERE
00022a b3ed      	IN   R30,EEDR
00022b bfff      	OUT  SREG,R31
00022c 91ff      	POP  R31
00022d 9508      	RET
                 
                 __EEPROMWRW:
00022e d007      	RCALL __EEPROMWRB
00022f 9611      	ADIW R26,1
000230 93ef      	PUSH R30
000231 2fef      	MOV  R30,R31
000232 d003      	RCALL __EEPROMWRB
000233 91ef      	POP  R30
000234 9711      	SBIW R26,1
000235 9508      	RET
                 
                 __EEPROMWRB:
000236 9be1      	SBIS EECR,EEWE
000237 c002      	RJMP __EEPROMWRB1
000238 95a8      	WDR
000239 cffc      	RJMP __EEPROMWRB
                 __EEPROMWRB1:
00023a b79f      	IN   R25,SREG
00023b 94f8      	CLI
00023c bbae      	OUT  EEARL,R26
00023d bbbf      	OUT  EEARH,R27
00023e 9ae0      	SBI  EECR,EERE
00023f b38d      	IN   R24,EEDR
000240 17e8      	CP   R30,R24
000241 f019      	BREQ __EEPROMWRB0
000242 bbed      	OUT  EEDR,R30
000243 9ae2      	SBI  EECR,EEMWE
000244 9ae1      	SBI  EECR,EEWE
                 __EEPROMWRB0:
000245 bf9f      	OUT  SREG,R25
000246 9508      	RET
                 
                 ;END OF CODE MARKER
                 __END_OF_CODE:


RESOURCE USE INFORMATION
------------------------

Notice:
The register and instruction counts are symbol table hit counts,
and hence implicitly used resources are not counted, eg, the
'lpm' instruction without operands implicitly uses r0 and z,
none of which are counted.

x,y,z are separate entities in the symbol table and are
counted separately from r26..r31 here.

.dseg memory usage only counts static data declared with .byte

ATmega16 register use summary:
r0 :  19 r1 :   5 r2 :   0 r3 :   0 r4 :   3 r5 :   5 r6 :  16 r7 :   3 
r8 :   1 r9 :   0 r10:   4 r11:   2 r12:   0 r13:   0 r14:   0 r15:   0 
r16:   0 r17:   0 r18:   0 r19:   0 r20:   0 r21:   0 r22:   4 r23:   0 
r24:  25 r25:  10 r26:  37 r27:  25 r28:   5 r29:   1 r30: 171 r31:  50 
x  :   7 y  :  31 z  :   7 
Registers used: 21 out of 35 (60.0%)

ATmega16 instruction use summary:
.lds  :   0 .lds.l:   0 .sts  :   0 .sts.l:   0 adc   :  10 add   :  10 
adiw  :   7 and   :   0 andi  :   4 asr   :   0 bclr  :   0 bld   :   1 
brbc  :   0 brbs  :   0 brcc  :   1 brcs  :   0 break :   0 breq  :   7 
brge  :   2 brhc  :   0 brhs  :   0 brid  :   0 brie  :   0 brlo  :   0 
brlt  :   1 brmi  :   0 brne  :  13 brpl  :   0 brsh  :   6 brtc  :   1 
brts  :   0 brvc  :   0 brvs  :   0 bset  :   0 bst   :   1 call  :   8 
cbi   :  10 cbr   :   0 clc   :   0 clh   :   0 cli   :   3 cln   :   0 
clr   :  12 cls   :   0 clt   :   1 clv   :   0 clz   :   0 com   :   2 
cp    :  10 cpc   :   3 cpi   :   0 cpse  :   0 dec   :   6 des   :   0 
eor   :   0 fmul  :   0 fmuls :   0 fmulsu:   0 icall :   0 ijmp  :   0 
in    :   6 inc   :   5 jmp   :  24 ld    :  17 ldd   :   0 ldi   :  96 
lds   :   0 lpm   :   7 lsl   :   5 lsr   :   0 mov   :  12 movw  :  14 
mul   :   0 muls  :   0 mulsu :   0 neg   :   2 nop   :   0 or    :   0 
ori   :   1 out   :  34 pop   :   4 push  :   4 rcall :  49 ret   :  17 
reti  :   1 rjmp  :  27 rol   :   7 ror   :   0 sbc   :   1 sbci  :   1 
sbi   :  20 sbic  :   2 sbis  :   2 sbiw  :  11 sbr   :   1 sbrc  :   0 
sbrs  :   2 sec   :   0 seh   :   0 sei   :   0 sen   :   0 ser   :   0 
ses   :   0 set   :   1 sev   :   0 sez   :   0 sleep :   0 spm   :   0 
st    :  21 std   :   0 sts   :   4 sub   :   1 subi  :   2 swap  :   1 
tst   :   0 wdr   :   2 
Instructions used: 56 out of 116 (48.3%)

ATmega16 memory use summary [bytes]:
Segment   Begin    End      Code   Data   Used    Size   Use%
---------------------------------------------------------------
[.cseg] 0x000000 0x00048e   1118     48   1166   16384   7.1%
[.dseg] 0x000060 0x000172      0     18     18    1119   1.6%
[.eseg] 0x000000 0x000030      0     48     48     512   9.4%

Assembly complete, 0 errors, 11 warnings
