
AVRASM ver. 2.1.30  D:\Punya Koko\LPKTA\APA\List\apa.asm Fri Jun 01 23:22:36 2012

                 
                 
                 ;CodeVisionAVR C Compiler V2.05.0 Professional
                 ;(C) Copyright 1998-2010 Pavel Haiduc, HP InfoTech s.r.l.
                 ;http://www.hpinfotech.com
                 
                 ;Chip type                : ATmega32
                 ;Program type             : Application
                 ;Clock frequency          : 11.059200 MHz
                 ;Memory model             : Small
                 ;Optimize for             : Size
                 ;(s)printf features       : int, width
                 ;(s)scanf features        : int, width
                 ;External RAM size        : 0
                 ;Data Stack size          : 512 byte(s)
                 ;Heap size                : 0 byte(s)
                 ;Promote 'char' to 'int'  : Yes
                 ;'char' is unsigned       : Yes
                 ;8 bit enums              : Yes
                 ;global 'const' stored in FLASH: No
                 ;Enhanced core instructions    : On
                 ;Smart register allocation     : On
                 ;Automatic register allocation : On
                 
                 	#pragma AVRPART ADMIN PART_NAME ATmega32
                 	#pragma AVRPART MEMORY PROG_FLASH 32768
                 	#pragma AVRPART MEMORY EEPROM 1024
                 	#pragma AVRPART MEMORY INT_SRAM SIZE 2143
                 	#pragma AVRPART MEMORY INT_SRAM START_ADDR 0x60
                 
                 	#define CALL_SUPPORTED 1
                 
                 	.LISTMAC
                 	.EQU UDRE=0x5
                 	.EQU RXC=0x7
                 	.EQU USR=0xB
                 	.EQU UDR=0xC
                 	.EQU SPSR=0xE
                 	.EQU SPDR=0xF
                 	.EQU EERE=0x0
                 	.EQU EEWE=0x1
                 	.EQU EEMWE=0x2
                 	.EQU EECR=0x1C
                 	.EQU EEDR=0x1D
                 	.EQU EEARL=0x1E
                 	.EQU EEARH=0x1F
                 	.EQU WDTCR=0x21
                 	.EQU MCUCR=0x35
                 	.EQU GICR=0x3B
                 	.EQU SPL=0x3D
                 	.EQU SPH=0x3E
                 	.EQU SREG=0x3F
                 
                 	.DEF R0X0=R0
                 	.DEF R0X1=R1
                 	.DEF R0X2=R2
                 	.DEF R0X3=R3
                 	.DEF R0X4=R4
                 	.DEF R0X5=R5
                 	.DEF R0X6=R6
                 	.DEF R0X7=R7
                 	.DEF R0X8=R8
                 	.DEF R0X9=R9
                 	.DEF R0XA=R10
                 	.DEF R0XB=R11
                 	.DEF R0XC=R12
                 	.DEF R0XD=R13
                 	.DEF R0XE=R14
                 	.DEF R0XF=R15
                 	.DEF R0X10=R16
                 	.DEF R0X11=R17
                 	.DEF R0X12=R18
                 	.DEF R0X13=R19
                 	.DEF R0X14=R20
                 	.DEF R0X15=R21
                 	.DEF R0X16=R22
                 	.DEF R0X17=R23
                 	.DEF R0X18=R24
                 	.DEF R0X19=R25
                 	.DEF R0X1A=R26
                 	.DEF R0X1B=R27
                 	.DEF R0X1C=R28
                 	.DEF R0X1D=R29
                 	.DEF R0X1E=R30
                 	.DEF R0X1F=R31
                 
                 	.EQU __SRAM_START=0x0060
                 	.EQU __SRAM_END=0x085F
                 	.EQU __DSTACK_SIZE=0x0200
                 	.EQU __HEAP_SIZE=0x0000
                 	.EQU __CLEAR_SRAM_SIZE=__SRAM_END-__SRAM_START+1
                 
                 	.MACRO __CPD1N
                 	CPI  R30,LOW(@0)
                 	LDI  R26,HIGH(@0)
                 	CPC  R31,R26
                 	LDI  R26,BYTE3(@0)
                 	CPC  R22,R26
                 	LDI  R26,BYTE4(@0)
                 	CPC  R23,R26
                 	.ENDM
                 
                 	.MACRO __CPD2N
                 	CPI  R26,LOW(@0)
                 	LDI  R30,HIGH(@0)
                 	CPC  R27,R30
                 	LDI  R30,BYTE3(@0)
                 	CPC  R24,R30
                 	LDI  R30,BYTE4(@0)
                 	CPC  R25,R30
                 	.ENDM
                 
                 	.MACRO __CPWRR
                 	CP   R@0,R@2
                 	CPC  R@1,R@3
                 	.ENDM
                 
                 	.MACRO __CPWRN
                 	CPI  R@0,LOW(@2)
                 	LDI  R30,HIGH(@2)
                 	CPC  R@1,R30
                 	.ENDM
                 
                 	.MACRO __ADDB1MN
                 	SUBI R30,LOW(-@0-(@1))
                 	.ENDM
                 
                 	.MACRO __ADDB2MN
                 	SUBI R26,LOW(-@0-(@1))
                 	.ENDM
                 
                 	.MACRO __ADDW1MN
                 	SUBI R30,LOW(-@0-(@1))
                 	SBCI R31,HIGH(-@0-(@1))
                 	.ENDM
                 
                 	.MACRO __ADDW2MN
                 	SUBI R26,LOW(-@0-(@1))
                 	SBCI R27,HIGH(-@0-(@1))
                 	.ENDM
                 
                 	.MACRO __ADDW1FN
                 	SUBI R30,LOW(-2*@0-(@1))
                 	SBCI R31,HIGH(-2*@0-(@1))
                 	.ENDM
                 
                 	.MACRO __ADDD1FN
                 	SUBI R30,LOW(-2*@0-(@1))
                 	SBCI R31,HIGH(-2*@0-(@1))
                 	SBCI R22,BYTE3(-2*@0-(@1))
                 	.ENDM
                 
                 	.MACRO __ADDD1N
                 	SUBI R30,LOW(-@0)
                 	SBCI R31,HIGH(-@0)
                 	SBCI R22,BYTE3(-@0)
                 	SBCI R23,BYTE4(-@0)
                 	.ENDM
                 
                 	.MACRO __ADDD2N
                 	SUBI R26,LOW(-@0)
                 	SBCI R27,HIGH(-@0)
                 	SBCI R24,BYTE3(-@0)
                 	SBCI R25,BYTE4(-@0)
                 	.ENDM
                 
                 	.MACRO __SUBD1N
                 	SUBI R30,LOW(@0)
                 	SBCI R31,HIGH(@0)
                 	SBCI R22,BYTE3(@0)
                 	SBCI R23,BYTE4(@0)
                 	.ENDM
                 
                 	.MACRO __SUBD2N
                 	SUBI R26,LOW(@0)
                 	SBCI R27,HIGH(@0)
                 	SBCI R24,BYTE3(@0)
                 	SBCI R25,BYTE4(@0)
                 	.ENDM
                 
                 	.MACRO __ANDBMNN
                 	LDS  R30,@0+(@1)
                 	ANDI R30,LOW(@2)
                 	STS  @0+(@1),R30
                 	.ENDM
                 
                 	.MACRO __ANDWMNN
                 	LDS  R30,@0+(@1)
                 	ANDI R30,LOW(@2)
                 	STS  @0+(@1),R30
                 	LDS  R30,@0+(@1)+1
                 	ANDI R30,HIGH(@2)
                 	STS  @0+(@1)+1,R30
                 	.ENDM
                 
                 	.MACRO __ANDD1N
                 	ANDI R30,LOW(@0)
                 	ANDI R31,HIGH(@0)
                 	ANDI R22,BYTE3(@0)
                 	ANDI R23,BYTE4(@0)
                 	.ENDM
                 
                 	.MACRO __ANDD2N
                 	ANDI R26,LOW(@0)
                 	ANDI R27,HIGH(@0)
                 	ANDI R24,BYTE3(@0)
                 	ANDI R25,BYTE4(@0)
                 	.ENDM
                 
                 	.MACRO __ORBMNN
                 	LDS  R30,@0+(@1)
                 	ORI  R30,LOW(@2)
                 	STS  @0+(@1),R30
                 	.ENDM
                 
                 	.MACRO __ORWMNN
                 	LDS  R30,@0+(@1)
                 	ORI  R30,LOW(@2)
                 	STS  @0+(@1),R30
                 	LDS  R30,@0+(@1)+1
                 	ORI  R30,HIGH(@2)
                 	STS  @0+(@1)+1,R30
                 	.ENDM
                 
                 	.MACRO __ORD1N
                 	ORI  R30,LOW(@0)
                 	ORI  R31,HIGH(@0)
                 	ORI  R22,BYTE3(@0)
                 	ORI  R23,BYTE4(@0)
                 	.ENDM
                 
                 	.MACRO __ORD2N
                 	ORI  R26,LOW(@0)
                 	ORI  R27,HIGH(@0)
                 	ORI  R24,BYTE3(@0)
                 	ORI  R25,BYTE4(@0)
                 	.ENDM
                 
                 	.MACRO __DELAY_USB
                 	LDI  R24,LOW(@0)
                 __DELAY_USB_LOOP:
                 	DEC  R24
                 	BRNE __DELAY_USB_LOOP
                 	.ENDM
                 
                 	.MACRO __DELAY_USW
                 	LDI  R24,LOW(@0)
                 	LDI  R25,HIGH(@0)
                 __DELAY_USW_LOOP:
                 	SBIW R24,1
                 	BRNE __DELAY_USW_LOOP
                 	.ENDM
                 
                 	.MACRO __GETD1S
                 	LDD  R30,Y+@0
                 	LDD  R31,Y+@0+1
                 	LDD  R22,Y+@0+2
                 	LDD  R23,Y+@0+3
                 	.ENDM
                 
                 	.MACRO __GETD2S
                 	LDD  R26,Y+@0
                 	LDD  R27,Y+@0+1
                 	LDD  R24,Y+@0+2
                 	LDD  R25,Y+@0+3
                 	.ENDM
                 
                 	.MACRO __PUTD1S
                 	STD  Y+@0,R30
                 	STD  Y+@0+1,R31
                 	STD  Y+@0+2,R22
                 	STD  Y+@0+3,R23
                 	.ENDM
                 
                 	.MACRO __PUTD2S
                 	STD  Y+@0,R26
                 	STD  Y+@0+1,R27
                 	STD  Y+@0+2,R24
                 	STD  Y+@0+3,R25
                 	.ENDM
                 
                 	.MACRO __PUTDZ2
                 	STD  Z+@0,R26
                 	STD  Z+@0+1,R27
                 	STD  Z+@0+2,R24
                 	STD  Z+@0+3,R25
                 	.ENDM
                 
                 	.MACRO __CLRD1S
                 	STD  Y+@0,R30
                 	STD  Y+@0+1,R30
                 	STD  Y+@0+2,R30
                 	STD  Y+@0+3,R30
                 	.ENDM
                 
                 	.MACRO __POINTB1MN
                 	LDI  R30,LOW(@0+(@1))
                 	.ENDM
                 
                 	.MACRO __POINTW1MN
                 	LDI  R30,LOW(@0+(@1))
                 	LDI  R31,HIGH(@0+(@1))
                 	.ENDM
                 
                 	.MACRO __POINTD1M
                 	LDI  R30,LOW(@0)
                 	LDI  R31,HIGH(@0)
                 	LDI  R22,BYTE3(@0)
                 	LDI  R23,BYTE4(@0)
                 	.ENDM
                 
                 	.MACRO __POINTW1FN
                 	LDI  R30,LOW(2*@0+(@1))
                 	LDI  R31,HIGH(2*@0+(@1))
                 	.ENDM
                 
                 	.MACRO __POINTD1FN
                 	LDI  R30,LOW(2*@0+(@1))
                 	LDI  R31,HIGH(2*@0+(@1))
                 	LDI  R22,BYTE3(2*@0+(@1))
                 	LDI  R23,BYTE4(2*@0+(@1))
                 	.ENDM
                 
                 	.MACRO __POINTB2MN
                 	LDI  R26,LOW(@0+(@1))
                 	.ENDM
                 
                 	.MACRO __POINTW2MN
                 	LDI  R26,LOW(@0+(@1))
                 	LDI  R27,HIGH(@0+(@1))
                 	.ENDM
                 
                 	.MACRO __POINTBRM
                 	LDI  R@0,LOW(@1)
                 	.ENDM
                 
                 	.MACRO __POINTWRM
                 	LDI  R@0,LOW(@2)
                 	LDI  R@1,HIGH(@2)
                 	.ENDM
                 
                 	.MACRO __POINTBRMN
                 	LDI  R@0,LOW(@1+(@2))
                 	.ENDM
                 
                 	.MACRO __POINTWRMN
                 	LDI  R@0,LOW(@2+(@3))
                 	LDI  R@1,HIGH(@2+(@3))
                 	.ENDM
                 
                 	.MACRO __POINTWRFN
                 	LDI  R@0,LOW(@2*2+(@3))
                 	LDI  R@1,HIGH(@2*2+(@3))
                 	.ENDM
                 
                 	.MACRO __GETD1N
                 	LDI  R30,LOW(@0)
                 	LDI  R31,HIGH(@0)
                 	LDI  R22,BYTE3(@0)
                 	LDI  R23,BYTE4(@0)
                 	.ENDM
                 
                 	.MACRO __GETD2N
                 	LDI  R26,LOW(@0)
                 	LDI  R27,HIGH(@0)
                 	LDI  R24,BYTE3(@0)
                 	LDI  R25,BYTE4(@0)
                 	.ENDM
                 
                 	.MACRO __GETB1MN
                 	LDS  R30,@0+(@1)
                 	.ENDM
                 
                 	.MACRO __GETB1HMN
                 	LDS  R31,@0+(@1)
                 	.ENDM
                 
                 	.MACRO __GETW1MN
                 	LDS  R30,@0+(@1)
                 	LDS  R31,@0+(@1)+1
                 	.ENDM
                 
                 	.MACRO __GETD1MN
                 	LDS  R30,@0+(@1)
                 	LDS  R31,@0+(@1)+1
                 	LDS  R22,@0+(@1)+2
                 	LDS  R23,@0+(@1)+3
                 	.ENDM
                 
                 	.MACRO __GETBRMN
                 	LDS  R@0,@1+(@2)
                 	.ENDM
                 
                 	.MACRO __GETWRMN
                 	LDS  R@0,@2+(@3)
                 	LDS  R@1,@2+(@3)+1
                 	.ENDM
                 
                 	.MACRO __GETWRZ
                 	LDD  R@0,Z+@2
                 	LDD  R@1,Z+@2+1
                 	.ENDM
                 
                 	.MACRO __GETD2Z
                 	LDD  R26,Z+@0
                 	LDD  R27,Z+@0+1
                 	LDD  R24,Z+@0+2
                 	LDD  R25,Z+@0+3
                 	.ENDM
                 
                 	.MACRO __GETB2MN
                 	LDS  R26,@0+(@1)
                 	.ENDM
                 
                 	.MACRO __GETW2MN
                 	LDS  R26,@0+(@1)
                 	LDS  R27,@0+(@1)+1
                 	.ENDM
                 
                 	.MACRO __GETD2MN
                 	LDS  R26,@0+(@1)
                 	LDS  R27,@0+(@1)+1
                 	LDS  R24,@0+(@1)+2
                 	LDS  R25,@0+(@1)+3
                 	.ENDM
                 
                 	.MACRO __PUTB1MN
                 	STS  @0+(@1),R30
                 	.ENDM
                 
                 	.MACRO __PUTW1MN
                 	STS  @0+(@1),R30
                 	STS  @0+(@1)+1,R31
                 	.ENDM
                 
                 	.MACRO __PUTD1MN
                 	STS  @0+(@1),R30
                 	STS  @0+(@1)+1,R31
                 	STS  @0+(@1)+2,R22
                 	STS  @0+(@1)+3,R23
                 	.ENDM
                 
                 	.MACRO __PUTB1EN
                 	LDI  R26,LOW(@0+(@1))
                 	LDI  R27,HIGH(@0+(@1))
                 	CALL __EEPROMWRB
                 	.ENDM
                 
                 	.MACRO __PUTW1EN
                 	LDI  R26,LOW(@0+(@1))
                 	LDI  R27,HIGH(@0+(@1))
                 	CALL __EEPROMWRW
                 	.ENDM
                 
                 	.MACRO __PUTD1EN
                 	LDI  R26,LOW(@0+(@1))
                 	LDI  R27,HIGH(@0+(@1))
                 	CALL __EEPROMWRD
                 	.ENDM
                 
                 	.MACRO __PUTBR0MN
                 	STS  @0+(@1),R0
                 	.ENDM
                 
                 	.MACRO __PUTBMRN
                 	STS  @0+(@1),R@2
                 	.ENDM
                 
                 	.MACRO __PUTWMRN
                 	STS  @0+(@1),R@2
                 	STS  @0+(@1)+1,R@3
                 	.ENDM
                 
                 	.MACRO __PUTBZR
                 	STD  Z+@1,R@0
                 	.ENDM
                 
                 	.MACRO __PUTWZR
                 	STD  Z+@2,R@0
                 	STD  Z+@2+1,R@1
                 	.ENDM
                 
                 	.MACRO __GETW1R
                 	MOV  R30,R@0
                 	MOV  R31,R@1
                 	.ENDM
                 
                 	.MACRO __GETW2R
                 	MOV  R26,R@0
                 	MOV  R27,R@1
                 	.ENDM
                 
                 	.MACRO __GETWRN
                 	LDI  R@0,LOW(@2)
                 	LDI  R@1,HIGH(@2)
                 	.ENDM
                 
                 	.MACRO __PUTW1R
                 	MOV  R@0,R30
                 	MOV  R@1,R31
                 	.ENDM
                 
                 	.MACRO __PUTW2R
                 	MOV  R@0,R26
                 	MOV  R@1,R27
                 	.ENDM
                 
                 	.MACRO __ADDWRN
                 	SUBI R@0,LOW(-@2)
                 	SBCI R@1,HIGH(-@2)
                 	.ENDM
                 
                 	.MACRO __ADDWRR
                 	ADD  R@0,R@2
                 	ADC  R@1,R@3
                 	.ENDM
                 
                 	.MACRO __SUBWRN
                 	SUBI R@0,LOW(@2)
                 	SBCI R@1,HIGH(@2)
                 	.ENDM
                 
                 	.MACRO __SUBWRR
                 	SUB  R@0,R@2
                 	SBC  R@1,R@3
                 	.ENDM
                 
                 	.MACRO __ANDWRN
                 	ANDI R@0,LOW(@2)
                 	ANDI R@1,HIGH(@2)
                 	.ENDM
                 
                 	.MACRO __ANDWRR
                 	AND  R@0,R@2
                 	AND  R@1,R@3
                 	.ENDM
                 
                 	.MACRO __ORWRN
                 	ORI  R@0,LOW(@2)
                 	ORI  R@1,HIGH(@2)
                 	.ENDM
                 
                 	.MACRO __ORWRR
                 	OR   R@0,R@2
                 	OR   R@1,R@3
                 	.ENDM
                 
                 	.MACRO __EORWRR
                 	EOR  R@0,R@2
                 	EOR  R@1,R@3
                 	.ENDM
                 
                 	.MACRO __GETWRS
                 	LDD  R@0,Y+@2
                 	LDD  R@1,Y+@2+1
                 	.ENDM
                 
                 	.MACRO __PUTBSR
                 	STD  Y+@1,R@0
                 	.ENDM
                 
                 	.MACRO __PUTWSR
                 	STD  Y+@2,R@0
                 	STD  Y+@2+1,R@1
                 	.ENDM
                 
                 	.MACRO __MOVEWRR
                 	MOV  R@0,R@2
                 	MOV  R@1,R@3
                 	.ENDM
                 
                 	.MACRO __INWR
                 	IN   R@0,@2
                 	IN   R@1,@2+1
                 	.ENDM
                 
                 	.MACRO __OUTWR
                 	OUT  @2+1,R@1
                 	OUT  @2,R@0
                 	.ENDM
                 
                 	.MACRO __CALL1MN
                 	LDS  R30,@0+(@1)
                 	LDS  R31,@0+(@1)+1
                 	ICALL
                 	.ENDM
                 
                 	.MACRO __CALL1FN
                 	LDI  R30,LOW(2*@0+(@1))
                 	LDI  R31,HIGH(2*@0+(@1))
                 	CALL __GETW1PF
                 	ICALL
                 	.ENDM
                 
                 	.MACRO __CALL2EN
                 	LDI  R26,LOW(@0+(@1))
                 	LDI  R27,HIGH(@0+(@1))
                 	CALL __EEPROMRDW
                 	ICALL
                 	.ENDM
                 
                 	.MACRO __GETW1STACK
                 	IN   R26,SPL
                 	IN   R27,SPH
                 	ADIW R26,@0+1
                 	LD   R30,X+
                 	LD   R31,X
                 	.ENDM
                 
                 	.MACRO __GETD1STACK
                 	IN   R26,SPL
                 	IN   R27,SPH
                 	ADIW R26,@0+1
                 	LD   R30,X+
                 	LD   R31,X+
                 	LD   R22,X
                 	.ENDM
                 
                 	.MACRO __NBST
                 	BST  R@0,@1
                 	IN   R30,SREG
                 	LDI  R31,0x40
                 	EOR  R30,R31
                 	OUT  SREG,R30
                 	.ENDM
                 
                 
                 	.MACRO __PUTB1SN
                 	LDD  R26,Y+@0
                 	LDD  R27,Y+@0+1
                 	SUBI R26,LOW(-@1)
                 	SBCI R27,HIGH(-@1)
                 	ST   X,R30
                 	.ENDM
                 
                 	.MACRO __PUTW1SN
                 	LDD  R26,Y+@0
                 	LDD  R27,Y+@0+1
                 	SUBI R26,LOW(-@1)
                 	SBCI R27,HIGH(-@1)
                 	ST   X+,R30
                 	ST   X,R31
                 	.ENDM
                 
                 	.MACRO __PUTD1SN
                 	LDD  R26,Y+@0
                 	LDD  R27,Y+@0+1
                 	SUBI R26,LOW(-@1)
                 	SBCI R27,HIGH(-@1)
                 	CALL __PUTDP1
                 	.ENDM
                 
                 	.MACRO __PUTB1SNS
                 	LDD  R26,Y+@0
                 	LDD  R27,Y+@0+1
                 	ADIW R26,@1
                 	ST   X,R30
                 	.ENDM
                 
                 	.MACRO __PUTW1SNS
                 	LDD  R26,Y+@0
                 	LDD  R27,Y+@0+1
                 	ADIW R26,@1
                 	ST   X+,R30
                 	ST   X,R31
                 	.ENDM
                 
                 	.MACRO __PUTD1SNS
                 	LDD  R26,Y+@0
                 	LDD  R27,Y+@0+1
                 	ADIW R26,@1
                 	CALL __PUTDP1
                 	.ENDM
                 
                 	.MACRO __PUTB1PMN
                 	LDS  R26,@0
                 	LDS  R27,@0+1
                 	SUBI R26,LOW(-@1)
                 	SBCI R27,HIGH(-@1)
                 	ST   X,R30
                 	.ENDM
                 
                 	.MACRO __PUTW1PMN
                 	LDS  R26,@0
                 	LDS  R27,@0+1
                 	SUBI R26,LOW(-@1)
                 	SBCI R27,HIGH(-@1)
                 	ST   X+,R30
                 	ST   X,R31
                 	.ENDM
                 
                 	.MACRO __PUTD1PMN
                 	LDS  R26,@0
                 	LDS  R27,@0+1
                 	SUBI R26,LOW(-@1)
                 	SBCI R27,HIGH(-@1)
                 	CALL __PUTDP1
                 	.ENDM
                 
                 	.MACRO __PUTB1PMNS
                 	LDS  R26,@0
                 	LDS  R27,@0+1
                 	ADIW R26,@1
                 	ST   X,R30
                 	.ENDM
                 
                 	.MACRO __PUTW1PMNS
                 	LDS  R26,@0
                 	LDS  R27,@0+1
                 	ADIW R26,@1
                 	ST   X+,R30
                 	ST   X,R31
                 	.ENDM
                 
                 	.MACRO __PUTD1PMNS
                 	LDS  R26,@0
                 	LDS  R27,@0+1
                 	ADIW R26,@1
                 	CALL __PUTDP1
                 	.ENDM
                 
                 	.MACRO __PUTB1RN
                 	MOVW R26,R@0
                 	SUBI R26,LOW(-@1)
                 	SBCI R27,HIGH(-@1)
                 	ST   X,R30
                 	.ENDM
                 
                 	.MACRO __PUTW1RN
                 	MOVW R26,R@0
                 	SUBI R26,LOW(-@1)
                 	SBCI R27,HIGH(-@1)
                 	ST   X+,R30
                 	ST   X,R31
                 	.ENDM
                 
                 	.MACRO __PUTD1RN
                 	MOVW R26,R@0
                 	SUBI R26,LOW(-@1)
                 	SBCI R27,HIGH(-@1)
                 	CALL __PUTDP1
                 	.ENDM
                 
                 	.MACRO __PUTB1RNS
                 	MOVW R26,R@0
                 	ADIW R26,@1
                 	ST   X,R30
                 	.ENDM
                 
                 	.MACRO __PUTW1RNS
                 	MOVW R26,R@0
                 	ADIW R26,@1
                 	ST   X+,R30
                 	ST   X,R31
                 	.ENDM
                 
                 	.MACRO __PUTD1RNS
                 	MOVW R26,R@0
                 	ADIW R26,@1
                 	CALL __PUTDP1
                 	.ENDM
                 
                 	.MACRO __PUTB1RON
                 	MOV  R26,R@0
                 	MOV  R27,R@1
                 	SUBI R26,LOW(-@2)
                 	SBCI R27,HIGH(-@2)
                 	ST   X,R30
                 	.ENDM
                 
                 	.MACRO __PUTW1RON
                 	MOV  R26,R@0
                 	MOV  R27,R@1
                 	SUBI R26,LOW(-@2)
                 	SBCI R27,HIGH(-@2)
                 	ST   X+,R30
                 	ST   X,R31
                 	.ENDM
                 
                 	.MACRO __PUTD1RON
                 	MOV  R26,R@0
                 	MOV  R27,R@1
                 	SUBI R26,LOW(-@2)
                 	SBCI R27,HIGH(-@2)
                 	CALL __PUTDP1
                 	.ENDM
                 
                 	.MACRO __PUTB1RONS
                 	MOV  R26,R@0
                 	MOV  R27,R@1
                 	ADIW R26,@2
                 	ST   X,R30
                 	.ENDM
                 
                 	.MACRO __PUTW1RONS
                 	MOV  R26,R@0
                 	MOV  R27,R@1
                 	ADIW R26,@2
                 	ST   X+,R30
                 	ST   X,R31
                 	.ENDM
                 
                 	.MACRO __PUTD1RONS
                 	MOV  R26,R@0
                 	MOV  R27,R@1
                 	ADIW R26,@2
                 	CALL __PUTDP1
                 	.ENDM
                 
                 
                 	.MACRO __GETB1SX
                 	MOVW R30,R28
                 	SUBI R30,LOW(-@0)
                 	SBCI R31,HIGH(-@0)
                 	LD   R30,Z
                 	.ENDM
                 
                 	.MACRO __GETB1HSX
                 	MOVW R30,R28
                 	SUBI R30,LOW(-@0)
                 	SBCI R31,HIGH(-@0)
                 	LD   R31,Z
                 	.ENDM
                 
                 	.MACRO __GETW1SX
                 	MOVW R30,R28
                 	SUBI R30,LOW(-@0)
                 	SBCI R31,HIGH(-@0)
                 	LD   R0,Z+
                 	LD   R31,Z
                 	MOV  R30,R0
                 	.ENDM
                 
                 	.MACRO __GETD1SX
                 	MOVW R30,R28
                 	SUBI R30,LOW(-@0)
                 	SBCI R31,HIGH(-@0)
                 	LD   R0,Z+
                 	LD   R1,Z+
                 	LD   R22,Z+
                 	LD   R23,Z
                 	MOVW R30,R0
                 	.ENDM
                 
                 	.MACRO __GETB2SX
                 	MOVW R26,R28
                 	SUBI R26,LOW(-@0)
                 	SBCI R27,HIGH(-@0)
                 	LD   R26,X
                 	.ENDM
                 
                 	.MACRO __GETW2SX
                 	MOVW R26,R28
                 	SUBI R26,LOW(-@0)
                 	SBCI R27,HIGH(-@0)
                 	LD   R0,X+
                 	LD   R27,X
                 	MOV  R26,R0
                 	.ENDM
                 
                 	.MACRO __GETD2SX
                 	MOVW R26,R28
                 	SUBI R26,LOW(-@0)
                 	SBCI R27,HIGH(-@0)
                 	LD   R0,X+
                 	LD   R1,X+
                 	LD   R24,X+
                 	LD   R25,X
                 	MOVW R26,R0
                 	.ENDM
                 
                 	.MACRO __GETBRSX
                 	MOVW R30,R28
                 	SUBI R30,LOW(-@1)
                 	SBCI R31,HIGH(-@1)
                 	LD   R@0,Z
                 	.ENDM
                 
                 	.MACRO __GETWRSX
                 	MOVW R30,R28
                 	SUBI R30,LOW(-@2)
                 	SBCI R31,HIGH(-@2)
                 	LD   R@0,Z+
                 	LD   R@1,Z
                 	.ENDM
                 
                 	.MACRO __GETBRSX2
                 	MOVW R26,R28
                 	SUBI R26,LOW(-@1)
                 	SBCI R27,HIGH(-@1)
                 	LD   R@0,X
                 	.ENDM
                 
                 	.MACRO __GETWRSX2
                 	MOVW R26,R28
                 	SUBI R26,LOW(-@2)
                 	SBCI R27,HIGH(-@2)
                 	LD   R@0,X+
                 	LD   R@1,X
                 	.ENDM
                 
                 	.MACRO __LSLW8SX
                 	MOVW R30,R28
                 	SUBI R30,LOW(-@0)
                 	SBCI R31,HIGH(-@0)
                 	LD   R31,Z
                 	CLR  R30
                 	.ENDM
                 
                 	.MACRO __PUTB1SX
                 	MOVW R26,R28
                 	SUBI R26,LOW(-@0)
                 	SBCI R27,HIGH(-@0)
                 	ST   X,R30
                 	.ENDM
                 
                 	.MACRO __PUTW1SX
                 	MOVW R26,R28
                 	SUBI R26,LOW(-@0)
                 	SBCI R27,HIGH(-@0)
                 	ST   X+,R30
                 	ST   X,R31
                 	.ENDM
                 
                 	.MACRO __PUTD1SX
                 	MOVW R26,R28
                 	SUBI R26,LOW(-@0)
                 	SBCI R27,HIGH(-@0)
                 	ST   X+,R30
                 	ST   X+,R31
                 	ST   X+,R22
                 	ST   X,R23
                 	.ENDM
                 
                 	.MACRO __CLRW1SX
                 	MOVW R26,R28
                 	SUBI R26,LOW(-@0)
                 	SBCI R27,HIGH(-@0)
                 	ST   X+,R30
                 	ST   X,R30
                 	.ENDM
                 
                 	.MACRO __CLRD1SX
                 	MOVW R26,R28
                 	SUBI R26,LOW(-@0)
                 	SBCI R27,HIGH(-@0)
                 	ST   X+,R30
                 	ST   X+,R30
                 	ST   X+,R30
                 	ST   X,R30
                 	.ENDM
                 
                 	.MACRO __PUTB2SX
                 	MOVW R30,R28
                 	SUBI R30,LOW(-@0)
                 	SBCI R31,HIGH(-@0)
                 	ST   Z,R26
                 	.ENDM
                 
                 	.MACRO __PUTW2SX
                 	MOVW R30,R28
                 	SUBI R30,LOW(-@0)
                 	SBCI R31,HIGH(-@0)
                 	ST   Z+,R26
                 	ST   Z,R27
                 	.ENDM
                 
                 	.MACRO __PUTD2SX
                 	MOVW R30,R28
                 	SUBI R30,LOW(-@0)
                 	SBCI R31,HIGH(-@0)
                 	ST   Z+,R26
                 	ST   Z+,R27
                 	ST   Z+,R24
                 	ST   Z,R25
                 	.ENDM
                 
                 	.MACRO __PUTBSRX
                 	MOVW R30,R28
                 	SUBI R30,LOW(-@1)
                 	SBCI R31,HIGH(-@1)
                 	ST   Z,R@0
                 	.ENDM
                 
                 	.MACRO __PUTWSRX
                 	MOVW R30,R28
                 	SUBI R30,LOW(-@2)
                 	SBCI R31,HIGH(-@2)
                 	ST   Z+,R@0
                 	ST   Z,R@1
                 	.ENDM
                 
                 	.MACRO __PUTB1SNX
                 	MOVW R26,R28
                 	SUBI R26,LOW(-@0)
                 	SBCI R27,HIGH(-@0)
                 	LD   R0,X+
                 	LD   R27,X
                 	MOV  R26,R0
                 	SUBI R26,LOW(-@1)
                 	SBCI R27,HIGH(-@1)
                 	ST   X,R30
                 	.ENDM
                 
                 	.MACRO __PUTW1SNX
                 	MOVW R26,R28
                 	SUBI R26,LOW(-@0)
                 	SBCI R27,HIGH(-@0)
                 	LD   R0,X+
                 	LD   R27,X
                 	MOV  R26,R0
                 	SUBI R26,LOW(-@1)
                 	SBCI R27,HIGH(-@1)
                 	ST   X+,R30
                 	ST   X,R31
                 	.ENDM
                 
                 	.MACRO __PUTD1SNX
                 	MOVW R26,R28
                 	SUBI R26,LOW(-@0)
                 	SBCI R27,HIGH(-@0)
                 	LD   R0,X+
                 	LD   R27,X
                 	MOV  R26,R0
                 	SUBI R26,LOW(-@1)
                 	SBCI R27,HIGH(-@1)
                 	ST   X+,R30
                 	ST   X+,R31
                 	ST   X+,R22
                 	ST   X,R23
                 	.ENDM
                 
                 	.MACRO __MULBRR
                 	MULS R@0,R@1
                 	MOVW R30,R0
                 	.ENDM
                 
                 	.MACRO __MULBRRU
                 	MUL  R@0,R@1
                 	MOVW R30,R0
                 	.ENDM
                 
                 	.MACRO __MULBRR0
                 	MULS R@0,R@1
                 	.ENDM
                 
                 	.MACRO __MULBRRU0
                 	MUL  R@0,R@1
                 	.ENDM
                 
                 	.MACRO __MULBNWRU
                 	LDI  R26,@2
                 	MUL  R26,R@0
                 	MOVW R30,R0
                 	MUL  R26,R@1
                 	ADD  R31,R0
                 	.ENDM
                 
                 	.CSEG
                 	.ORG 0x00
                 
                 ;START OF CODE MARKER
                 __START_OF_CODE:
                 
                 ;INTERRUPT VECTORS
000000 940c 0038 	JMP  __RESET
000002 940c 01c9 	JMP  _ext_int0_isr
000004 940c 0000 	JMP  0x00
000006 940c 0000 	JMP  0x00
000008 940c 0000 	JMP  0x00
00000a 940c 0000 	JMP  0x00
00000c 940c 0000 	JMP  0x00
00000e 940c 0000 	JMP  0x00
000010 940c 0000 	JMP  0x00
000012 940c 0000 	JMP  0x00
000014 940c 0000 	JMP  0x00
000016 940c 0000 	JMP  0x00
000018 940c 0000 	JMP  0x00
00001a 940c 0000 	JMP  0x00
00001c 940c 0000 	JMP  0x00
00001e 940c 0000 	JMP  0x00
000020 940c 0000 	JMP  0x00
000022 940c 0000 	JMP  0x00
000024 940c 0000 	JMP  0x00
000026 940c 0000 	JMP  0x00
000028 940c 0000 	JMP  0x00
                 
                 _tbl10_G100:
00002a 2710
00002b 03e8
00002c 0064
00002d 000a      	.DB  0x10,0x27,0xE8,0x3,0x64,0x0,0xA,0x0
00002e 0001      	.DB  0x1,0x0
                 _tbl16_G100:
00002f 1000
000030 0100
000031 0010
000032 0001      	.DB  0x0,0x10,0x0,0x1,0x10,0x0,0x1,0x0
                 
                 ;REGISTER BIT VARIABLES INITIALIZATION
                 __REG_BIT_VARS:
000033 0000      	.DW  0x0000
                 
                 
                 __GLOBAL_INI_TBL:
000034 0001      	.DW  0x01
000035 0002      	.DW  0x02
000036 0066      	.DW  __REG_BIT_VARS*2
                 
                 _0xFFFFFFFF:
000037 0000      	.DW  0
                 
                 __RESET:
000038 94f8      	CLI
000039 27ee      	CLR  R30
00003a bbec      	OUT  EECR,R30
                 
                 ;INTERRUPT VECTORS ARE PLACED
                 ;AT THE START OF FLASH
00003b e0f1      	LDI  R31,1
00003c bffb      	OUT  GICR,R31
00003d bfeb      	OUT  GICR,R30
00003e bfe5      	OUT  MCUCR,R30
                 
                 ;DISABLE WATCHDOG
00003f e1f8      	LDI  R31,0x18
000040 bdf1      	OUT  WDTCR,R31
000041 bde1      	OUT  WDTCR,R30
                 
                 ;CLEAR R2-R14
000042 e08d      	LDI  R24,(14-2)+1
000043 e0a2      	LDI  R26,2
000044 27bb      	CLR  R27
                 __CLEAR_REG:
000045 93ed      	ST   X+,R30
000046 958a      	DEC  R24
000047 f7e9      	BRNE __CLEAR_REG
                 
                 ;CLEAR SRAM
000048 e080      	LDI  R24,LOW(__CLEAR_SRAM_SIZE)
000049 e098      	LDI  R25,HIGH(__CLEAR_SRAM_SIZE)
00004a e6a0      	LDI  R26,__SRAM_START
                 __CLEAR_SRAM:
00004b 93ed      	ST   X+,R30
00004c 9701      	SBIW R24,1
00004d f7e9      	BRNE __CLEAR_SRAM
                 
                 ;GLOBAL VARIABLES INITIALIZATION
00004e e6e8      	LDI  R30,LOW(__GLOBAL_INI_TBL*2)
00004f e0f0      	LDI  R31,HIGH(__GLOBAL_INI_TBL*2)
                 __GLOBAL_INI_NEXT:
000050 9185      	LPM  R24,Z+
000051 9195      	LPM  R25,Z+
000052 9700      	SBIW R24,0
000053 f061      	BREQ __GLOBAL_INI_END
000054 91a5      	LPM  R26,Z+
000055 91b5      	LPM  R27,Z+
000056 9005      	LPM  R0,Z+
000057 9015      	LPM  R1,Z+
000058 01bf      	MOVW R22,R30
000059 01f0      	MOVW R30,R0
                 __GLOBAL_INI_LOOP:
00005a 9005      	LPM  R0,Z+
00005b 920d      	ST   X+,R0
00005c 9701      	SBIW R24,1
00005d f7e1      	BRNE __GLOBAL_INI_LOOP
00005e 01fb      	MOVW R30,R22
00005f cff0      	RJMP __GLOBAL_INI_NEXT
                 __GLOBAL_INI_END:
                 
                 ;HARDWARE STACK POINTER INITIALIZATION
000060 e5ef      	LDI  R30,LOW(__SRAM_END-__HEAP_SIZE)
000061 bfed      	OUT  SPL,R30
000062 e0e8      	LDI  R30,HIGH(__SRAM_END-__HEAP_SIZE)
000063 bfee      	OUT  SPH,R30
                 
                 ;DATA STACK POINTER INITIALIZATION
000064 e6c0      	LDI  R28,LOW(__SRAM_START+__DSTACK_SIZE)
000065 e0d2      	LDI  R29,HIGH(__SRAM_START+__DSTACK_SIZE)
                 
000066 940c 020e 	JMP  _main
                 
                 	.ESEG
                 	.ORG 0
                 
                 	.DSEG
                 	.ORG 0x260
                 
                 	.CSEG
                 ;/*****************************************************
                 ;This program was produced by the
                 ;CodeWizardAVR V2.05.0 Professional
                 ;Automatic Program Generator
                 ;© Copyright 1998-2010 Pavel Haiduc, HP InfoTech s.r.l.
                 ;http://www.hpinfotech.com
                 ;
                 ;Project :
                 ;Version :
                 ;Date    : 6/1/2012
                 ;Author  :
                 ;Company :
                 ;Comments:
                 ;
                 ;
                 ;Chip type               : ATmega32
                 ;Program type            : Application
                 ;AVR Core Clock frequency: 11.059200 MHz
                 ;Memory model            : Small
                 ;External RAM size       : 0
                 ;Data Stack size         : 512
                 ;*****************************************************/
                 ;
                 ;#include <mega32.h>
                 	#ifndef __SLEEP_DEFINED__
                 	#define __SLEEP_DEFINED__
                 	.EQU __se_bit=0x80
                 	.EQU __sm_mask=0x70
                 	.EQU __sm_powerdown=0x20
                 	.EQU __sm_powersave=0x30
                 	.EQU __sm_standby=0x60
                 	.EQU __sm_ext_standby=0x70
                 	.EQU __sm_adc_noise_red=0x10
                 	.SET power_ctrl_reg=mcucr
                 	#endif
                 ;#include <delay.h>
                 ;#include <stdio.h>
                 ;
                 ;bit baca_adc = 0;
                 ;unsigned char adc[25];
                 ;unsigned char adc_temp[25];
                 ;
                 ;#define ADC_VREF_TYPE 0x20
                 ;
                 ;#define SEL1	PINB.0
                 ;#define SEL2	PINB.1
                 ;#define SEL3	PINB.2
                 ;
                 ;// Read the 8 most significant bits
                 ;// of the AD conversion result
                 ;unsigned char read_adc(unsigned char adc_input)
                 ; 0000 0029 {
                 
                 	.CSEG
                 _read_adc:
                 ; 0000 002A ADMUX=adc_input | (ADC_VREF_TYPE & 0xff);
                 ;	adc_input -> Y+0
000068 81e8      	LD   R30,Y
000069 62e0      	ORI  R30,0x20
00006a b9e7      	OUT  0x7,R30
                 ; 0000 002B // Delay needed for the stabilization of the ADC input voltage
                 ; 0000 002C delay_us(10);
                +
00006b e285     +LDI R24 , LOW ( 37 )
                +__DELAY_USB_LOOP :
00006c 958a     +DEC R24
00006d f7f1     +BRNE __DELAY_USB_LOOP
                 	__DELAY_USB 37
                 ; 0000 002D // Start the AD conversion
                 ; 0000 002E ADCSRA|=0x40;
00006e 9a36      	SBI  0x6,6
                 ; 0000 002F // Wait for the AD conversion to complete
                 ; 0000 0030 while ((ADCSRA & 0x10)==0);
                 _0x3:
00006f 9b34      	SBIS 0x6,4
000070 cffe      	RJMP _0x3
                 ; 0000 0031 ADCSRA|=0x10;
000071 9a34      	SBI  0x6,4
                 ; 0000 0032 return ADCH;
000072 b1e5      	IN   R30,0x5
000073 940c 0259 	JMP  _0x2060001
                 ; 0000 0033 }
                 ;
                 ;void scan_adc(void)
                 ; 0000 0036 {
                 _scan_adc:
                 ; 0000 0037  	char i;
                 ; 0000 0038 
                 ; 0000 0039         if((!SEL1)&&(!SEL2)&&(!SEL3))
000075 931a      	ST   -Y,R17
                 ;	i -> R17
000076 99b0      	SBIC 0x16,0
000077 c004      	RJMP _0x7
000078 99b1      	SBIC 0x16,1
000079 c002      	RJMP _0x7
00007a 9bb2      	SBIS 0x16,2
00007b c001      	RJMP _0x8
                 _0x7:
00007c c01a      	RJMP _0x6
                 _0x8:
                 ; 0000 003A         {
                 ; 0000 003B         	for(i=0;i<3;i++)
00007d e010      	LDI  R17,LOW(0)
                 _0xA:
00007e 3013      	CPI  R17,3
00007f f4b0      	BRSH _0xB
                 ; 0000 003C                 {
                 ; 0000 003D                 	adc[i] = read_adc(i);
000080 940e 025b 	CALL SUBOPT_0x0
000082 5ae0      	SUBI R30,LOW(-_adc)
000083 4ffd      	SBCI R31,HIGH(-_adc)
000084 93ff      	PUSH R31
000085 93ef      	PUSH R30
000086 931a      	ST   -Y,R17
000087 dfe0      	RCALL _read_adc
000088 91af      	POP  R26
000089 91bf      	POP  R27
00008a 93ec      	ST   X,R30
                 ; 0000 003E                         if(adc[i]>adc_temp[i])	adc_temp[i]=adc[i];
00008b 940e 025b 	CALL SUBOPT_0x0
00008d 940e 025e 	CALL SUBOPT_0x1
00008f f420      	BRSH _0xC
000090 940e 0268 	CALL SUBOPT_0x2
000092 940e 026d 	CALL SUBOPT_0x3
                 ; 0000 003F                 }
                 _0xC:
000094 5f1f      	SUBI R17,-1
000095 cfe8      	RJMP _0xA
                 _0xB:
                 ; 0000 0040         }
                 ; 0000 0041         else if((!SEL1)&&(!SEL2)&&(SEL3))
000096 c0fb      	RJMP _0xD
                 _0x6:
000097 99b0      	SBIC 0x16,0
000098 c004      	RJMP _0xF
000099 99b1      	SBIC 0x16,1
00009a c002      	RJMP _0xF
00009b 99b2      	SBIC 0x16,2
00009c c001      	RJMP _0x10
                 _0xF:
00009d c01d      	RJMP _0xE
                 _0x10:
                 ; 0000 0042         {
                 ; 0000 0043         	for(i=3;i<6;i++)
00009e e013      	LDI  R17,LOW(3)
                 _0x12:
00009f 3016      	CPI  R17,6
0000a0 f4c8      	BRSH _0x13
                 ; 0000 0044                 {
                 ; 0000 0045                 	adc[i] = read_adc(i-3);
0000a1 940e 025b 	CALL SUBOPT_0x0
0000a3 01df      	MOVW R26,R30
0000a4 5ae0      	SUBI R30,LOW(-_adc)
0000a5 4ffd      	SBCI R31,HIGH(-_adc)
0000a6 93ff      	PUSH R31
0000a7 93ef      	PUSH R30
0000a8 01fd      	MOVW R30,R26
0000a9 9733      	SBIW R30,3
0000aa 93ea      	ST   -Y,R30
0000ab dfbc      	RCALL _read_adc
0000ac 91af      	POP  R26
0000ad 91bf      	POP  R27
0000ae 93ec      	ST   X,R30
                 ; 0000 0046                         if(adc[i]>adc_temp[i])	adc_temp[i]=adc[i];
0000af 940e 025b 	CALL SUBOPT_0x0
0000b1 940e 025e 	CALL SUBOPT_0x1
0000b3 f420      	BRSH _0x14
0000b4 940e 0268 	CALL SUBOPT_0x2
0000b6 940e 026d 	CALL SUBOPT_0x3
                 ; 0000 0047                 }
                 _0x14:
0000b8 5f1f      	SUBI R17,-1
0000b9 cfe5      	RJMP _0x12
                 _0x13:
                 ; 0000 0048         }
                 ; 0000 0049         else if((!SEL1)&&(SEL2)&&(!SEL3))
0000ba c0d7      	RJMP _0x15
                 _0xE:
0000bb 99b0      	SBIC 0x16,0
0000bc c004      	RJMP _0x17
0000bd 9bb1      	SBIS 0x16,1
0000be c002      	RJMP _0x17
0000bf 9bb2      	SBIS 0x16,2
0000c0 c001      	RJMP _0x18
                 _0x17:
0000c1 c01d      	RJMP _0x16
                 _0x18:
                 ; 0000 004A         {
                 ; 0000 004B         	for(i=6;i<9;i++)
0000c2 e016      	LDI  R17,LOW(6)
                 _0x1A:
0000c3 3019      	CPI  R17,9
0000c4 f4c8      	BRSH _0x1B
                 ; 0000 004C                 {
                 ; 0000 004D                 	adc[i] = read_adc(i-6);
0000c5 940e 025b 	CALL SUBOPT_0x0
0000c7 01df      	MOVW R26,R30
0000c8 5ae0      	SUBI R30,LOW(-_adc)
0000c9 4ffd      	SBCI R31,HIGH(-_adc)
0000ca 93ff      	PUSH R31
0000cb 93ef      	PUSH R30
0000cc 01fd      	MOVW R30,R26
0000cd 9736      	SBIW R30,6
0000ce 93ea      	ST   -Y,R30
0000cf df98      	RCALL _read_adc
0000d0 91af      	POP  R26
0000d1 91bf      	POP  R27
0000d2 93ec      	ST   X,R30
                 ; 0000 004E                         if(adc[i]>adc_temp[i])	adc_temp[i]=adc[i];
0000d3 940e 025b 	CALL SUBOPT_0x0
0000d5 940e 025e 	CALL SUBOPT_0x1
0000d7 f420      	BRSH _0x1C
0000d8 940e 0268 	CALL SUBOPT_0x2
0000da 940e 026d 	CALL SUBOPT_0x3
                 ; 0000 004F                 }
                 _0x1C:
0000dc 5f1f      	SUBI R17,-1
0000dd cfe5      	RJMP _0x1A
                 _0x1B:
                 ; 0000 0050         }
                 ; 0000 0051         else if((!SEL1)&&(SEL2)&&(!SEL3))
0000de c0b3      	RJMP _0x1D
                 _0x16:
0000df 99b0      	SBIC 0x16,0
0000e0 c004      	RJMP _0x1F
0000e1 9bb1      	SBIS 0x16,1
0000e2 c002      	RJMP _0x1F
0000e3 9bb2      	SBIS 0x16,2
0000e4 c001      	RJMP _0x20
                 _0x1F:
0000e5 c01d      	RJMP _0x1E
                 _0x20:
                 ; 0000 0052         {
                 ; 0000 0053         	for(i=9;i<12;i++)
0000e6 e019      	LDI  R17,LOW(9)
                 _0x22:
0000e7 301c      	CPI  R17,12
0000e8 f4c8      	BRSH _0x23
                 ; 0000 0054                 {
                 ; 0000 0055                 	adc[i] = read_adc(i-9);
0000e9 940e 025b 	CALL SUBOPT_0x0
0000eb 01df      	MOVW R26,R30
0000ec 5ae0      	SUBI R30,LOW(-_adc)
0000ed 4ffd      	SBCI R31,HIGH(-_adc)
0000ee 93ff      	PUSH R31
0000ef 93ef      	PUSH R30
0000f0 01fd      	MOVW R30,R26
0000f1 9739      	SBIW R30,9
0000f2 93ea      	ST   -Y,R30
0000f3 df74      	RCALL _read_adc
0000f4 91af      	POP  R26
0000f5 91bf      	POP  R27
0000f6 93ec      	ST   X,R30
                 ; 0000 0056                         if(adc[i]>adc_temp[i])	adc_temp[i]=adc[i];
0000f7 940e 025b 	CALL SUBOPT_0x0
0000f9 940e 025e 	CALL SUBOPT_0x1
0000fb f420      	BRSH _0x24
0000fc 940e 0268 	CALL SUBOPT_0x2
0000fe 940e 026d 	CALL SUBOPT_0x3
                 ; 0000 0057                 }
                 _0x24:
000100 5f1f      	SUBI R17,-1
000101 cfe5      	RJMP _0x22
                 _0x23:
                 ; 0000 0058         }
                 ; 0000 0059 
                 ; 0000 005A         else if((!SEL1)&&(SEL2)&&(!SEL3))
000102 c08f      	RJMP _0x25
                 _0x1E:
000103 99b0      	SBIC 0x16,0
000104 c004      	RJMP _0x27
000105 9bb1      	SBIS 0x16,1
000106 c002      	RJMP _0x27
000107 9bb2      	SBIS 0x16,2
000108 c001      	RJMP _0x28
                 _0x27:
000109 c01d      	RJMP _0x26
                 _0x28:
                 ; 0000 005B         {
                 ; 0000 005C         	for(i=12;i<15;i++)
00010a e01c      	LDI  R17,LOW(12)
                 _0x2A:
00010b 301f      	CPI  R17,15
00010c f4c8      	BRSH _0x2B
                 ; 0000 005D                 {
                 ; 0000 005E                 	adc[i] = read_adc(i-12);
00010d 940e 025b 	CALL SUBOPT_0x0
00010f 01df      	MOVW R26,R30
000110 5ae0      	SUBI R30,LOW(-_adc)
000111 4ffd      	SBCI R31,HIGH(-_adc)
000112 93ff      	PUSH R31
000113 93ef      	PUSH R30
000114 01fd      	MOVW R30,R26
000115 973c      	SBIW R30,12
000116 93ea      	ST   -Y,R30
000117 df50      	RCALL _read_adc
000118 91af      	POP  R26
000119 91bf      	POP  R27
00011a 93ec      	ST   X,R30
                 ; 0000 005F                         if(adc[i]>adc_temp[i])	adc_temp[i]=adc[i];
00011b 940e 025b 	CALL SUBOPT_0x0
00011d 940e 025e 	CALL SUBOPT_0x1
00011f f420      	BRSH _0x2C
000120 940e 0268 	CALL SUBOPT_0x2
000122 940e 026d 	CALL SUBOPT_0x3
                 ; 0000 0060                 }
                 _0x2C:
000124 5f1f      	SUBI R17,-1
000125 cfe5      	RJMP _0x2A
                 _0x2B:
                 ; 0000 0061         }
                 ; 0000 0062         else if((!SEL1)&&(SEL2)&&(!SEL3))
000126 c06b      	RJMP _0x2D
                 _0x26:
000127 99b0      	SBIC 0x16,0
000128 c004      	RJMP _0x2F
000129 9bb1      	SBIS 0x16,1
00012a c002      	RJMP _0x2F
00012b 9bb2      	SBIS 0x16,2
00012c c001      	RJMP _0x30
                 _0x2F:
00012d c01d      	RJMP _0x2E
                 _0x30:
                 ; 0000 0063         {
                 ; 0000 0064         	for(i=15;i<18;i++)
00012e e01f      	LDI  R17,LOW(15)
                 _0x32:
00012f 3112      	CPI  R17,18
000130 f4c8      	BRSH _0x33
                 ; 0000 0065                 {
                 ; 0000 0066                 	adc[i] = read_adc(i-15);
000131 940e 025b 	CALL SUBOPT_0x0
000133 01df      	MOVW R26,R30
000134 5ae0      	SUBI R30,LOW(-_adc)
000135 4ffd      	SBCI R31,HIGH(-_adc)
000136 93ff      	PUSH R31
000137 93ef      	PUSH R30
000138 01fd      	MOVW R30,R26
000139 973f      	SBIW R30,15
00013a 93ea      	ST   -Y,R30
00013b df2c      	RCALL _read_adc
00013c 91af      	POP  R26
00013d 91bf      	POP  R27
00013e 93ec      	ST   X,R30
                 ; 0000 0067                         if(adc[i]>adc_temp[i])	adc_temp[i]=adc[i];
00013f 940e 025b 	CALL SUBOPT_0x0
000141 940e 025e 	CALL SUBOPT_0x1
000143 f420      	BRSH _0x34
000144 940e 0268 	CALL SUBOPT_0x2
000146 940e 026d 	CALL SUBOPT_0x3
                 ; 0000 0068                 }
                 _0x34:
000148 5f1f      	SUBI R17,-1
000149 cfe5      	RJMP _0x32
                 _0x33:
                 ; 0000 0069         }
                 ; 0000 006A         else if((!SEL1)&&(SEL2)&&(!SEL3))
00014a c047      	RJMP _0x35
                 _0x2E:
00014b 99b0      	SBIC 0x16,0
00014c c004      	RJMP _0x37
00014d 9bb1      	SBIS 0x16,1
00014e c002      	RJMP _0x37
00014f 9bb2      	SBIS 0x16,2
000150 c001      	RJMP _0x38
                 _0x37:
000151 c01d      	RJMP _0x36
                 _0x38:
                 ; 0000 006B         {
                 ; 0000 006C         	for(i=18;i<21;i++)
000152 e112      	LDI  R17,LOW(18)
                 _0x3A:
000153 3115      	CPI  R17,21
000154 f4c8      	BRSH _0x3B
                 ; 0000 006D                 {
                 ; 0000 006E                 	adc[i] = read_adc(i-18);
000155 940e 025b 	CALL SUBOPT_0x0
000157 01df      	MOVW R26,R30
000158 5ae0      	SUBI R30,LOW(-_adc)
000159 4ffd      	SBCI R31,HIGH(-_adc)
00015a 93ff      	PUSH R31
00015b 93ef      	PUSH R30
00015c 01fd      	MOVW R30,R26
00015d 9772      	SBIW R30,18
00015e 93ea      	ST   -Y,R30
00015f df08      	RCALL _read_adc
000160 91af      	POP  R26
000161 91bf      	POP  R27
000162 93ec      	ST   X,R30
                 ; 0000 006F                         if(adc[i]>adc_temp[i])	adc_temp[i]=adc[i];
000163 940e 025b 	CALL SUBOPT_0x0
000165 940e 025e 	CALL SUBOPT_0x1
000167 f420      	BRSH _0x3C
000168 940e 0268 	CALL SUBOPT_0x2
00016a 940e 026d 	CALL SUBOPT_0x3
                 ; 0000 0070                 }
                 _0x3C:
00016c 5f1f      	SUBI R17,-1
00016d cfe5      	RJMP _0x3A
                 _0x3B:
                 ; 0000 0071         }
                 ; 0000 0072         else if((!SEL1)&&(SEL2)&&(!SEL3))
00016e c023      	RJMP _0x3D
                 _0x36:
00016f 99b0      	SBIC 0x16,0
000170 c004      	RJMP _0x3F
000171 9bb1      	SBIS 0x16,1
000172 c002      	RJMP _0x3F
000173 9bb2      	SBIS 0x16,2
000174 c001      	RJMP _0x40
                 _0x3F:
000175 c01c      	RJMP _0x3E
                 _0x40:
                 ; 0000 0073         {
                 ; 0000 0074         	for(i=21;i<24;i++)
000176 e115      	LDI  R17,LOW(21)
                 _0x42:
000177 3118      	CPI  R17,24
000178 f4c8      	BRSH _0x43
                 ; 0000 0075                 {
                 ; 0000 0076                 	adc[i] = read_adc(i-21);
000179 940e 025b 	CALL SUBOPT_0x0
00017b 01df      	MOVW R26,R30
00017c 5ae0      	SUBI R30,LOW(-_adc)
00017d 4ffd      	SBCI R31,HIGH(-_adc)
00017e 93ff      	PUSH R31
00017f 93ef      	PUSH R30
000180 01fd      	MOVW R30,R26
000181 9775      	SBIW R30,21
000182 93ea      	ST   -Y,R30
000183 dee4      	RCALL _read_adc
000184 91af      	POP  R26
000185 91bf      	POP  R27
000186 93ec      	ST   X,R30
                 ; 0000 0077                         if(adc[i]>adc_temp[i])	adc_temp[i]=adc[i];
000187 940e 025b 	CALL SUBOPT_0x0
000189 940e 025e 	CALL SUBOPT_0x1
00018b f420      	BRSH _0x44
00018c 940e 0268 	CALL SUBOPT_0x2
00018e 940e 026d 	CALL SUBOPT_0x3
                 ; 0000 0078                 }
                 _0x44:
000190 5f1f      	SUBI R17,-1
000191 cfe5      	RJMP _0x42
                 _0x43:
                 ; 0000 0079         }
                 ; 0000 007A 
                 ; 0000 007B         adc[24]=read_adc(3);
                 _0x3E:
                 _0x3D:
                 _0x35:
                 _0x2D:
                 _0x25:
                 _0x1D:
                 _0x15:
                 _0xD:
000192 e0e3      	LDI  R30,LOW(3)
000193 93ea      	ST   -Y,R30
000194 ded3      	RCALL _read_adc
                +
000195 93e0 0278+STS _adc + ( 24 ) , R30
                 	__PUTB1MN _adc,24
                 ; 0000 007C         if(adc[24]>adc_temp[24])
                +
000197 91a0 0278+LDS R26 , _adc + ( 24 )
                 	__GETB2MN _adc,24
                +
000199 91e0 0291+LDS R30 , _adc_temp + ( 24 )
                 	__GETB1MN _adc_temp,24
00019b 17ea      	CP   R30,R26
00019c f420      	BRSH _0x45
                 ; 0000 007D         	adc_temp[24]=adc[24];
                +
00019d 91e0 0278+LDS R30 , _adc + ( 24 )
                 	__GETB1MN _adc,24
                +
00019f 93e0 0291+STS _adc_temp + ( 24 ) , R30
                 	__PUTB1MN _adc_temp,24
                 ; 0000 007E }
                 _0x45:
0001a1 9119      	LD   R17,Y+
0001a2 9508      	RET
                 ;
                 ;void string_putchar(unsigned char nilai)
                 ; 0000 0081 {
                 _string_putchar:
                 ; 0000 0082 	char ratusan;
                 ; 0000 0083         char puluhan;
                 ; 0000 0084         char satuan;
                 ; 0000 0085 
                 ; 0000 0086         ratusan = nilai/100;
0001a3 940e 02b6 	CALL __SAVELOCR4
                 ;	nilai -> Y+4
                 ;	ratusan -> R17
                 ;	puluhan -> R16
                 ;	satuan -> R19
0001a5 81ac      	LDD  R26,Y+4
0001a6 e0b0      	LDI  R27,0
0001a7 e6e4      	LDI  R30,LOW(100)
0001a8 e0f0      	LDI  R31,HIGH(100)
0001a9 940e 0295 	CALL __DIVW21
0001ab 2f1e      	MOV  R17,R30
                 ; 0000 0087         puluhan = (nilai%100)/10;
0001ac 81ac      	LDD  R26,Y+4
0001ad 27bb      	CLR  R27
0001ae e6e4      	LDI  R30,LOW(100)
0001af e0f0      	LDI  R31,HIGH(100)
0001b0 940e 029a 	CALL __MODW21
0001b2 01df      	MOVW R26,R30
0001b3 e0ea      	LDI  R30,LOW(10)
0001b4 e0f0      	LDI  R31,HIGH(10)
0001b5 940e 0295 	CALL __DIVW21
0001b7 2f0e      	MOV  R16,R30
                 ; 0000 0088         satuan = nilai%10;
0001b8 81ac      	LDD  R26,Y+4
0001b9 27bb      	CLR  R27
0001ba e0ea      	LDI  R30,LOW(10)
0001bb e0f0      	LDI  R31,HIGH(10)
0001bc 940e 029a 	CALL __MODW21
0001be 2f3e      	MOV  R19,R30
                 ; 0000 0089 
                 ; 0000 008A         putchar(ratusan);
0001bf 931a      	ST   -Y,R17
0001c0 d094      	RCALL _putchar
                 ; 0000 008B         putchar(puluhan);
0001c1 930a      	ST   -Y,R16
0001c2 d092      	RCALL _putchar
                 ; 0000 008C         putchar(satuan);
0001c3 933a      	ST   -Y,R19
0001c4 d090      	RCALL _putchar
                 ; 0000 008D }
0001c5 940e 02bb 	CALL __LOADLOCR4
0001c7 9625      	ADIW R28,5
0001c8 9508      	RET
                 ;
                 ;// External Interrupt 0 service routine
                 ;interrupt [EXT_INT0] void ext_int0_isr(void)
                 ; 0000 0091 {
                 _ext_int0_isr:
0001c9 920a      	ST   -Y,R0
0001ca 921a      	ST   -Y,R1
0001cb 92fa      	ST   -Y,R15
0001cc 936a      	ST   -Y,R22
0001cd 937a      	ST   -Y,R23
0001ce 938a      	ST   -Y,R24
0001cf 939a      	ST   -Y,R25
0001d0 93aa      	ST   -Y,R26
0001d1 93ba      	ST   -Y,R27
0001d2 93ea      	ST   -Y,R30
0001d3 93fa      	ST   -Y,R31
0001d4 b7ef      	IN   R30,SREG
0001d5 93ea      	ST   -Y,R30
                 ; 0000 0092 // Place your code here
                 ; 0000 0093 	char j;
                 ; 0000 0094 
                 ; 0000 0095 	baca_adc = 1;
0001d6 931a      	ST   -Y,R17
                 ;	j -> R17
0001d7 9468      	SET
0001d8 f820      	BLD  R2,0
                 ; 0000 0096         for(j=0;j<25;j++)
0001d9 e010      	LDI  R17,LOW(0)
                 _0x47:
0001da 3119      	CPI  R17,25
0001db f440      	BRSH _0x48
                 ; 0000 0097         {
                 ; 0000 0098         	adc_temp[j] = 0;
0001dc 940e 025b 	CALL SUBOPT_0x0
0001de 58e7      	SUBI R30,LOW(-_adc_temp)
0001df 4ffd      	SBCI R31,HIGH(-_adc_temp)
0001e0 e0a0      	LDI  R26,LOW(0)
0001e1 83a0      	STD  Z+0,R26
                 ; 0000 0099         }
0001e2 5f1f      	SUBI R17,-1
0001e3 cff6      	RJMP _0x47
                 _0x48:
                 ; 0000 009A         for(j=0;j<25;j++)
0001e4 e010      	LDI  R17,LOW(0)
                 _0x4A:
0001e5 3119      	CPI  R17,25
0001e6 f448      	BRSH _0x4B
                 ; 0000 009B         {
                 ; 0000 009C         	scan_adc();
0001e7 de8d      	RCALL _scan_adc
                 ; 0000 009D                 delay_ms(2);
0001e8 e0e2      	LDI  R30,LOW(2)
0001e9 e0f0      	LDI  R31,HIGH(2)
0001ea 93fa      	ST   -Y,R31
0001eb 93ea      	ST   -Y,R30
0001ec 940e 0272 	CALL _delay_ms
                 ; 0000 009E         }
0001ee 5f1f      	SUBI R17,-1
0001ef cff5      	RJMP _0x4A
                 _0x4B:
                 ; 0000 009F         for(j=0;j<25;j++)
0001f0 e010      	LDI  R17,LOW(0)
                 _0x4D:
0001f1 3119      	CPI  R17,25
0001f2 f460      	BRSH _0x4E
                 ; 0000 00A0         {
                 ; 0000 00A1         	string_putchar(adc_temp[j]);
0001f3 940e 025b 	CALL SUBOPT_0x0
0001f5 58e7      	SUBI R30,LOW(-_adc_temp)
0001f6 4ffd      	SBCI R31,HIGH(-_adc_temp)
0001f7 81e0      	LD   R30,Z
0001f8 93ea      	ST   -Y,R30
0001f9 dfa9      	RCALL _string_putchar
                 ; 0000 00A2                 putchar(13);
0001fa e0ed      	LDI  R30,LOW(13)
0001fb 93ea      	ST   -Y,R30
0001fc d058      	RCALL _putchar
                 ; 0000 00A3         }
0001fd 5f1f      	SUBI R17,-1
0001fe cff2      	RJMP _0x4D
                 _0x4E:
                 ; 0000 00A4 }
0001ff 9119      	LD   R17,Y+
000200 91e9      	LD   R30,Y+
000201 bfef      	OUT  SREG,R30
000202 91f9      	LD   R31,Y+
000203 91e9      	LD   R30,Y+
000204 91b9      	LD   R27,Y+
000205 91a9      	LD   R26,Y+
000206 9199      	LD   R25,Y+
000207 9189      	LD   R24,Y+
000208 9179      	LD   R23,Y+
000209 9169      	LD   R22,Y+
00020a 90f9      	LD   R15,Y+
00020b 9019      	LD   R1,Y+
00020c 9009      	LD   R0,Y+
00020d 9518      	RETI
                 ;
                 ;// Declare your global variables here
                 ;
                 ;void main(void)
                 ; 0000 00A9 {
                 _main:
                 ; 0000 00AA // Declare your local variables here
                 ; 0000 00AB 
                 ; 0000 00AC // Input/Output Ports initialization
                 ; 0000 00AD // Port A initialization
                 ; 0000 00AE // Func7=In Func6=In Func5=In Func4=In Func3=In Func2=In Func1=In Func0=In
                 ; 0000 00AF // State7=T State6=T State5=T State4=T State3=T State2=T State1=T State0=T
                 ; 0000 00B0 PORTA=0x00;
00020e e0e0      	LDI  R30,LOW(0)
00020f bbeb      	OUT  0x1B,R30
                 ; 0000 00B1 DDRA=0x00;
000210 bbea      	OUT  0x1A,R30
                 ; 0000 00B2 
                 ; 0000 00B3 // Port B initialization
                 ; 0000 00B4 // Func7=In Func6=In Func5=In Func4=In Func3=In Func2=In Func1=In Func0=In
                 ; 0000 00B5 // State7=P State6=P State5=P State4=P State3=P State2=P State1=P State0=P
                 ; 0000 00B6 PORTB=0xFF;
000211 efef      	LDI  R30,LOW(255)
000212 bbe8      	OUT  0x18,R30
                 ; 0000 00B7 DDRB=0x00;
000213 e0e0      	LDI  R30,LOW(0)
000214 bbe7      	OUT  0x17,R30
                 ; 0000 00B8 
                 ; 0000 00B9 // Port C initialization
                 ; 0000 00BA // Func7=In Func6=In Func5=In Func4=In Func3=In Func2=In Func1=In Func0=In
                 ; 0000 00BB // State7=P State6=P State5=P State4=P State3=P State2=P State1=P State0=P
                 ; 0000 00BC PORTC=0xFF;
000215 efef      	LDI  R30,LOW(255)
000216 bbe5      	OUT  0x15,R30
                 ; 0000 00BD DDRC=0x00;
000217 e0e0      	LDI  R30,LOW(0)
000218 bbe4      	OUT  0x14,R30
                 ; 0000 00BE 
                 ; 0000 00BF // Port D initialization
                 ; 0000 00C0 // Func7=In Func6=In Func5=In Func4=In Func3=In Func2=In Func1=Out Func0=In
                 ; 0000 00C1 // State7=P State6=P State5=P State4=P State3=P State2=P State1=1 State0=P
                 ; 0000 00C2 PORTD=0xFF;
000219 efef      	LDI  R30,LOW(255)
00021a bbe2      	OUT  0x12,R30
                 ; 0000 00C3 DDRD=0x02;
00021b e0e2      	LDI  R30,LOW(2)
00021c bbe1      	OUT  0x11,R30
                 ; 0000 00C4 
                 ; 0000 00C5 // Timer/Counter 0 initialization
                 ; 0000 00C6 // Clock source: System Clock
                 ; 0000 00C7 // Clock value: Timer 0 Stopped
                 ; 0000 00C8 // Mode: Normal top=0xFF
                 ; 0000 00C9 // OC0 output: Disconnected
                 ; 0000 00CA TCCR0=0x00;
00021d e0e0      	LDI  R30,LOW(0)
00021e bfe3      	OUT  0x33,R30
                 ; 0000 00CB TCNT0=0x00;
00021f bfe2      	OUT  0x32,R30
                 ; 0000 00CC OCR0=0x00;
000220 bfec      	OUT  0x3C,R30
                 ; 0000 00CD 
                 ; 0000 00CE // Timer/Counter 1 initialization
                 ; 0000 00CF // Clock source: System Clock
                 ; 0000 00D0 // Clock value: Timer1 Stopped
                 ; 0000 00D1 // Mode: Normal top=0xFFFF
                 ; 0000 00D2 // OC1A output: Discon.
                 ; 0000 00D3 // OC1B output: Discon.
                 ; 0000 00D4 // Noise Canceler: Off
                 ; 0000 00D5 // Input Capture on Falling Edge
                 ; 0000 00D6 // Timer1 Overflow Interrupt: Off
                 ; 0000 00D7 // Input Capture Interrupt: Off
                 ; 0000 00D8 // Compare A Match Interrupt: Off
                 ; 0000 00D9 // Compare B Match Interrupt: Off
                 ; 0000 00DA TCCR1A=0x00;
000221 bdef      	OUT  0x2F,R30
                 ; 0000 00DB TCCR1B=0x00;
000222 bdee      	OUT  0x2E,R30
                 ; 0000 00DC TCNT1H=0x00;
000223 bded      	OUT  0x2D,R30
                 ; 0000 00DD TCNT1L=0x00;
000224 bdec      	OUT  0x2C,R30
                 ; 0000 00DE ICR1H=0x00;
000225 bde7      	OUT  0x27,R30
                 ; 0000 00DF ICR1L=0x00;
000226 bde6      	OUT  0x26,R30
                 ; 0000 00E0 OCR1AH=0x00;
000227 bdeb      	OUT  0x2B,R30
                 ; 0000 00E1 OCR1AL=0x00;
000228 bdea      	OUT  0x2A,R30
                 ; 0000 00E2 OCR1BH=0x00;
000229 bde9      	OUT  0x29,R30
                 ; 0000 00E3 OCR1BL=0x00;
00022a bde8      	OUT  0x28,R30
                 ; 0000 00E4 
                 ; 0000 00E5 // Timer/Counter 2 initialization
                 ; 0000 00E6 // Clock source: System Clock
                 ; 0000 00E7 // Clock value: Timer2 Stopped
                 ; 0000 00E8 // Mode: Normal top=0xFF
                 ; 0000 00E9 // OC2 output: Disconnected
                 ; 0000 00EA ASSR=0x00;
00022b bde2      	OUT  0x22,R30
                 ; 0000 00EB TCCR2=0x00;
00022c bde5      	OUT  0x25,R30
                 ; 0000 00EC TCNT2=0x00;
00022d bde4      	OUT  0x24,R30
                 ; 0000 00ED OCR2=0x00;
00022e bde3      	OUT  0x23,R30
                 ; 0000 00EE 
                 ; 0000 00EF // External Interrupt(s) initialization
                 ; 0000 00F0 // INT0: On
                 ; 0000 00F1 // INT0 Mode: Falling Edge
                 ; 0000 00F2 // INT1: Off
                 ; 0000 00F3 // INT2: Off
                 ; 0000 00F4 GICR|=0x40;
00022f b7eb      	IN   R30,0x3B
000230 64e0      	ORI  R30,0x40
000231 bfeb      	OUT  0x3B,R30
                 ; 0000 00F5 MCUCR=0x02;
000232 e0e2      	LDI  R30,LOW(2)
000233 bfe5      	OUT  0x35,R30
                 ; 0000 00F6 MCUCSR=0x00;
000234 e0e0      	LDI  R30,LOW(0)
000235 bfe4      	OUT  0x34,R30
                 ; 0000 00F7 GIFR=0x40;
000236 e4e0      	LDI  R30,LOW(64)
000237 bfea      	OUT  0x3A,R30
                 ; 0000 00F8 
                 ; 0000 00F9 // Timer(s)/Counter(s) Interrupt(s) initialization
                 ; 0000 00FA TIMSK=0x00;
000238 e0e0      	LDI  R30,LOW(0)
000239 bfe9      	OUT  0x39,R30
                 ; 0000 00FB 
                 ; 0000 00FC // USART initialization
                 ; 0000 00FD // Communication Parameters: 8 Data, 1 Stop, No Parity
                 ; 0000 00FE // USART Receiver: Off
                 ; 0000 00FF // USART Transmitter: On
                 ; 0000 0100 // USART Mode: Asynchronous
                 ; 0000 0101 // USART Baud Rate: 9600
                 ; 0000 0102 UCSRA=0x00;
00023a b9eb      	OUT  0xB,R30
                 ; 0000 0103 UCSRB=0x08;
00023b e0e8      	LDI  R30,LOW(8)
00023c b9ea      	OUT  0xA,R30
                 ; 0000 0104 UCSRC=0x86;
00023d e8e6      	LDI  R30,LOW(134)
00023e bde0      	OUT  0x20,R30
                 ; 0000 0105 UBRRH=0x00;
00023f e0e0      	LDI  R30,LOW(0)
000240 bde0      	OUT  0x20,R30
                 ; 0000 0106 UBRRL=0x47;
000241 e4e7      	LDI  R30,LOW(71)
000242 b9e9      	OUT  0x9,R30
                 ; 0000 0107 
                 ; 0000 0108 // Analog Comparator initialization
                 ; 0000 0109 // Analog Comparator: Off
                 ; 0000 010A // Analog Comparator Input Capture by Timer/Counter 1: Off
                 ; 0000 010B ACSR=0x80;
000243 e8e0      	LDI  R30,LOW(128)
000244 b9e8      	OUT  0x8,R30
                 ; 0000 010C SFIOR=0x00;
000245 e0e0      	LDI  R30,LOW(0)
000246 bfe0      	OUT  0x30,R30
                 ; 0000 010D 
                 ; 0000 010E // Analog Comparator initialization
                 ; 0000 010F // Analog Comparator: Off
                 ; 0000 0110 // Analog Comparator Input Capture by Timer/Counter 1: Off
                 ; 0000 0111 ACSR=0x80;
000247 e8e0      	LDI  R30,LOW(128)
000248 b9e8      	OUT  0x8,R30
                 ; 0000 0112 SFIOR=0x00;
000249 e0e0      	LDI  R30,LOW(0)
00024a bfe0      	OUT  0x30,R30
                 ; 0000 0113 
                 ; 0000 0114 // ADC initialization
                 ; 0000 0115 // ADC Clock frequency: 691.200 kHz
                 ; 0000 0116 // ADC Voltage Reference: AREF pin
                 ; 0000 0117 // Only the 8 most significant bits of
                 ; 0000 0118 // the AD conversion result are used
                 ; 0000 0119 ADMUX=ADC_VREF_TYPE & 0xff;
00024b e2e0      	LDI  R30,LOW(32)
00024c b9e7      	OUT  0x7,R30
                 ; 0000 011A ADCSRA=0x84;
00024d e8e4      	LDI  R30,LOW(132)
00024e b9e6      	OUT  0x6,R30
                 ; 0000 011B 
                 ; 0000 011C // SPI initialization
                 ; 0000 011D // SPI disabled
                 ; 0000 011E SPCR=0x00;
00024f e0e0      	LDI  R30,LOW(0)
000250 b9ed      	OUT  0xD,R30
                 ; 0000 011F 
                 ; 0000 0120 // TWI initialization
                 ; 0000 0121 // TWI disabled
                 ; 0000 0122 TWCR=0x00;
000251 bfe6      	OUT  0x36,R30
                 ; 0000 0123 
                 ; 0000 0124 // Global enable interrupts
                 ; 0000 0125 #asm("sei")
000252 9478      	sei
                 ; 0000 0126 
                 ; 0000 0127 while (1)
                 _0x4F:
                 ; 0000 0128       {
                 ; 0000 0129       // Place your code here
                 ; 0000 012A 
                 ; 0000 012B       }
000253 cfff      	RJMP _0x4F
                 ; 0000 012C }
                 _0x52:
000254 cfff      	RJMP _0x52
                 	#ifndef __SLEEP_DEFINED__
                 	#endif
                 
                 	.CSEG
                 _putchar:
                 putchar0:
000255 9b5d           sbis usr,udre
000256 cffe           rjmp putchar0
000257 81e8           ld   r30,y
000258 b9ec           out  udr,r30
                 _0x2060001:
000259 9621      	ADIW R28,1
00025a 9508      	RET
                 
                 	.CSEG
                 
                 	.CSEG
                 
                 	.DSEG
                 _adc:
000260           	.BYTE 0x19
                 _adc_temp:
000279           	.BYTE 0x19
                 
                 	.CSEG
                 ;OPTIMIZER ADDED SUBROUTINE, CALLED 26 TIMES, CODE SIZE REDUCTION:47 WORDS
                 SUBOPT_0x0:
00025b 2fe1      	MOV  R30,R17
00025c e0f0      	LDI  R31,0
00025d 9508      	RET
                 
                 ;OPTIMIZER ADDED SUBROUTINE, CALLED 8 TIMES, CODE SIZE REDUCTION:46 WORDS
                 SUBOPT_0x1:
00025e 010f      	MOVW R0,R30
00025f 5ae0      	SUBI R30,LOW(-_adc)
000260 4ffd      	SBCI R31,HIGH(-_adc)
000261 81a0      	LD   R26,Z
000262 01f0      	MOVW R30,R0
000263 58e7      	SUBI R30,LOW(-_adc_temp)
000264 4ffd      	SBCI R31,HIGH(-_adc_temp)
000265 81e0      	LD   R30,Z
000266 17ea      	CP   R30,R26
000267 9508      	RET
                 
                 ;OPTIMIZER ADDED SUBROUTINE, CALLED 8 TIMES, CODE SIZE REDUCTION:39 WORDS
                 SUBOPT_0x2:
000268 2fa1      	MOV  R26,R17
000269 e0b0      	LDI  R27,0
00026a 58a7      	SUBI R26,LOW(-_adc_temp)
00026b 4fbd      	SBCI R27,HIGH(-_adc_temp)
00026c cfee      	RJMP SUBOPT_0x0
                 
                 ;OPTIMIZER ADDED SUBROUTINE, CALLED 8 TIMES, CODE SIZE REDUCTION:11 WORDS
                 SUBOPT_0x3:
00026d 5ae0      	SUBI R30,LOW(-_adc)
00026e 4ffd      	SBCI R31,HIGH(-_adc)
00026f 81e0      	LD   R30,Z
000270 93ec      	ST   X,R30
000271 9508      	RET
                 
                 
                 	.CSEG
                 _delay_ms:
000272 91e9      	ld   r30,y+
000273 91f9      	ld   r31,y+
000274 9630      	adiw r30,0
000275 f039      	breq __delay_ms1
                 __delay_ms0:
                +
000276 ec8d     +LDI R24 , LOW ( 0xACD )
000277 e09a     +LDI R25 , HIGH ( 0xACD )
                +__DELAY_USW_LOOP :
000278 9701     +SBIW R24 , 1
000279 f7f1     +BRNE __DELAY_USW_LOOP
                 	__DELAY_USW 0xACD
00027a 95a8      	wdr
00027b 9731      	sbiw r30,1
00027c f7c9      	brne __delay_ms0
                 __delay_ms1:
00027d 9508      	ret
                 
                 __ANEGW1:
00027e 95f1      	NEG  R31
00027f 95e1      	NEG  R30
000280 40f0      	SBCI R31,0
000281 9508      	RET
                 
                 __DIVW21U:
000282 2400      	CLR  R0
000283 2411      	CLR  R1
000284 e190      	LDI  R25,16
                 __DIVW21U1:
000285 0faa      	LSL  R26
000286 1fbb      	ROL  R27
000287 1c00      	ROL  R0
000288 1c11      	ROL  R1
000289 1a0e      	SUB  R0,R30
00028a 0a1f      	SBC  R1,R31
00028b f418      	BRCC __DIVW21U2
00028c 0e0e      	ADD  R0,R30
00028d 1e1f      	ADC  R1,R31
00028e c001      	RJMP __DIVW21U3
                 __DIVW21U2:
00028f 60a1      	SBR  R26,1
                 __DIVW21U3:
000290 959a      	DEC  R25
000291 f799      	BRNE __DIVW21U1
000292 01fd      	MOVW R30,R26
000293 01d0      	MOVW R26,R0
000294 9508      	RET
                 
                 __DIVW21:
000295 d012      	RCALL __CHKSIGNW
000296 dfeb      	RCALL __DIVW21U
000297 f40e      	BRTC __DIVW211
000298 dfe5      	RCALL __ANEGW1
                 __DIVW211:
000299 9508      	RET
                 
                 __MODW21:
00029a 94e8      	CLT
00029b ffb7      	SBRS R27,7
00029c c004      	RJMP __MODW211
00029d 95a0      	COM  R26
00029e 95b0      	COM  R27
00029f 9611      	ADIW R26,1
0002a0 9468      	SET
                 __MODW211:
0002a1 fdf7      	SBRC R31,7
0002a2 dfdb      	RCALL __ANEGW1
0002a3 dfde      	RCALL __DIVW21U
0002a4 01fd      	MOVW R30,R26
0002a5 f40e      	BRTC __MODW212
0002a6 dfd7      	RCALL __ANEGW1
                 __MODW212:
0002a7 9508      	RET
                 
                 __CHKSIGNW:
0002a8 94e8      	CLT
0002a9 fff7      	SBRS R31,7
0002aa c002      	RJMP __CHKSW1
0002ab dfd2      	RCALL __ANEGW1
0002ac 9468      	SET
                 __CHKSW1:
0002ad ffb7      	SBRS R27,7
0002ae c006      	RJMP __CHKSW2
0002af 95a0      	COM  R26
0002b0 95b0      	COM  R27
0002b1 9611      	ADIW R26,1
0002b2 f800      	BLD  R0,0
0002b3 9403      	INC  R0
0002b4 fa00      	BST  R0,0
                 __CHKSW2:
0002b5 9508      	RET
                 
                 __SAVELOCR4:
0002b6 933a      	ST   -Y,R19
                 __SAVELOCR3:
0002b7 932a      	ST   -Y,R18
                 __SAVELOCR2:
0002b8 931a      	ST   -Y,R17
0002b9 930a      	ST   -Y,R16
0002ba 9508      	RET
                 
                 __LOADLOCR4:
0002bb 813b      	LDD  R19,Y+3
                 __LOADLOCR3:
0002bc 812a      	LDD  R18,Y+2
                 __LOADLOCR2:
0002bd 8119      	LDD  R17,Y+1
0002be 8108      	LD   R16,Y
0002bf 9508      	RET
                 
                 ;END OF CODE MARKER
                 __END_OF_CODE:


RESOURCE USE INFORMATION
------------------------

Notice:
The register and instruction counts are symbol table hit counts,
and hence implicitly used resources are not counted, eg, the
'lpm' instruction without operands implicitly uses r0 and z,
none of which are counted.

x,y,z are separate entities in the symbol table and are
counted separately from r26..r31 here.

.dseg memory usage only counts static data declared with .byte

ATmega32 register use summary:
r0 :  16 r1 :   7 r2 :   1 r3 :   0 r4 :   0 r5 :   0 r6 :   0 r7 :   0 
r8 :   0 r9 :   0 r10:   0 r11:   0 r12:   0 r13:   0 r14:   0 r15:   2 
r16:   4 r17:  44 r18:   2 r19:   4 r20:   0 r21:   0 r22:   4 r23:   2 
r24:  13 r25:   7 r26:  48 r27:  22 r28:   3 r29:   1 r30: 188 r31:  42 
x  :  12 y  :  59 z  :  12 
Registers used: 21 out of 35 (60.0%)

ATmega32 instruction use summary:
.lds  :   0 .lds.l:   0 .sts  :   0 .sts.l:   0 adc   :   1 add   :   1 
adiw  :   5 and   :   0 andi  :   0 asr   :   0 bclr  :   0 bld   :   2 
brbc  :   0 brbs  :   0 brcc  :   1 brcs  :   0 break :   0 breq  :   2 
brge  :   0 brhc  :   0 brhs  :   0 brid  :   0 brie  :   0 brlo  :   0 
brlt  :   0 brmi  :   0 brne  :   7 brpl  :   0 brsh  :  20 brtc  :   2 
brts  :   0 brvc  :   0 brvs  :   0 bset  :   0 bst   :   1 call  :  49 
cbi   :   0 cbr   :   0 clc   :   0 clh   :   0 cli   :   1 cln   :   0 
clr   :   6 cls   :   0 clt   :   2 clv   :   0 clz   :   0 com   :   4 
cp    :   2 cpc   :   0 cpi   :  11 cpse  :   0 dec   :   3 des   :   0 
eor   :   0 fmul  :   0 fmuls :   0 fmulsu:   0 icall :   0 ijmp  :   0 
in    :   3 inc   :   1 jmp   :  23 ld    :  23 ldd   :   6 ldi   :  67 
lds   :   3 lpm   :   7 lsl   :   1 lsr   :   0 mov   :   5 movw  :  23 
mul   :   0 muls  :   0 mulsu :   0 neg   :   2 nop   :   0 or    :   0 
ori   :   2 out   :  54 pop   :  16 push  :  16 rcall :  22 ret   :  14 
reti  :   1 rjmp  :  60 rol   :   3 ror   :   0 sbc   :   1 sbci  :  15 
sbi   :   2 sbic  :  11 sbis  :  15 sbiw  :  12 sbr   :   1 sbrc  :   1 
sbrs  :   3 sec   :   0 seh   :   0 sei   :   1 sen   :   0 ser   :   0 
ses   :   0 set   :   3 sev   :   0 sez   :   0 sleep :   0 spm   :   0 
st    :  46 std   :   1 sts   :   2 sub   :   1 subi  :  25 swap  :   0 
tst   :   0 wdr   :   1 
Instructions used: 56 out of 116 (48.3%)

ATmega32 memory use summary [bytes]:
Segment   Begin    End      Code   Data   Used    Size   Use%
---------------------------------------------------------------
[.cseg] 0x000000 0x000580   1380     28   1408   32768   4.3%
[.dseg] 0x000060 0x000292      0     50     50    2143   2.3%
[.eseg] 0x000000 0x000000      0      0      0    1024   0.0%

Assembly complete, 0 errors, 0 warnings
