
AVRASM ver. 2.1.30  D:\Punya Koko\LPKTA\APA\List\final.asm Sat Jun 09 00:00:51 2012

D:\Punya Koko\LPKTA\APA\List\final.asm(1059): warning: Register r5 already defined by the .DEF directive
D:\Punya Koko\LPKTA\APA\List\final.asm(1060): warning: Register r6 already defined by the .DEF directive
                 
                 
                 ;CodeVisionAVR C Compiler V2.05.0 Professional
                 ;(C) Copyright 1998-2010 Pavel Haiduc, HP InfoTech s.r.l.
                 ;http://www.hpinfotech.com
                 
                 ;Chip type                : ATmega32
                 ;Program type             : Application
                 ;Clock frequency          : 11.059200 MHz
                 ;Memory model             : Small
                 ;Optimize for             : Size
                 ;(s)printf features       : int, width
                 ;(s)scanf features        : int, width
                 ;External RAM size        : 0
                 ;Data Stack size          : 512 byte(s)
                 ;Heap size                : 0 byte(s)
                 ;Promote 'char' to 'int'  : Yes
                 ;'char' is unsigned       : Yes
                 ;8 bit enums              : Yes
                 ;global 'const' stored in FLASH: No
                 ;Enhanced core instructions    : On
                 ;Smart register allocation     : On
                 ;Automatic register allocation : On
                 
                 	#pragma AVRPART ADMIN PART_NAME ATmega32
                 	#pragma AVRPART MEMORY PROG_FLASH 32768
                 	#pragma AVRPART MEMORY EEPROM 1024
                 	#pragma AVRPART MEMORY INT_SRAM SIZE 2143
                 	#pragma AVRPART MEMORY INT_SRAM START_ADDR 0x60
                 
                 	#define CALL_SUPPORTED 1
                 
                 	.LISTMAC
                 	.EQU UDRE=0x5
                 	.EQU RXC=0x7
                 	.EQU USR=0xB
                 	.EQU UDR=0xC
                 	.EQU SPSR=0xE
                 	.EQU SPDR=0xF
                 	.EQU EERE=0x0
                 	.EQU EEWE=0x1
                 	.EQU EEMWE=0x2
                 	.EQU EECR=0x1C
                 	.EQU EEDR=0x1D
                 	.EQU EEARL=0x1E
                 	.EQU EEARH=0x1F
                 	.EQU WDTCR=0x21
                 	.EQU MCUCR=0x35
                 	.EQU GICR=0x3B
                 	.EQU SPL=0x3D
                 	.EQU SPH=0x3E
                 	.EQU SREG=0x3F
                 
                 	.DEF R0X0=R0
                 	.DEF R0X1=R1
                 	.DEF R0X2=R2
                 	.DEF R0X3=R3
                 	.DEF R0X4=R4
                 	.DEF R0X5=R5
                 	.DEF R0X6=R6
                 	.DEF R0X7=R7
                 	.DEF R0X8=R8
                 	.DEF R0X9=R9
                 	.DEF R0XA=R10
                 	.DEF R0XB=R11
                 	.DEF R0XC=R12
                 	.DEF R0XD=R13
                 	.DEF R0XE=R14
                 	.DEF R0XF=R15
                 	.DEF R0X10=R16
                 	.DEF R0X11=R17
                 	.DEF R0X12=R18
                 	.DEF R0X13=R19
                 	.DEF R0X14=R20
                 	.DEF R0X15=R21
                 	.DEF R0X16=R22
                 	.DEF R0X17=R23
                 	.DEF R0X18=R24
                 	.DEF R0X19=R25
                 	.DEF R0X1A=R26
                 	.DEF R0X1B=R27
                 	.DEF R0X1C=R28
                 	.DEF R0X1D=R29
                 	.DEF R0X1E=R30
                 	.DEF R0X1F=R31
                 
                 	.EQU __SRAM_START=0x0060
                 	.EQU __SRAM_END=0x085F
                 	.EQU __DSTACK_SIZE=0x0200
                 	.EQU __HEAP_SIZE=0x0000
                 	.EQU __CLEAR_SRAM_SIZE=__SRAM_END-__SRAM_START+1
                 
                 	.MACRO __CPD1N
                 	CPI  R30,LOW(@0)
                 	LDI  R26,HIGH(@0)
                 	CPC  R31,R26
                 	LDI  R26,BYTE3(@0)
                 	CPC  R22,R26
                 	LDI  R26,BYTE4(@0)
                 	CPC  R23,R26
                 	.ENDM
                 
                 	.MACRO __CPD2N
                 	CPI  R26,LOW(@0)
                 	LDI  R30,HIGH(@0)
                 	CPC  R27,R30
                 	LDI  R30,BYTE3(@0)
                 	CPC  R24,R30
                 	LDI  R30,BYTE4(@0)
                 	CPC  R25,R30
                 	.ENDM
                 
                 	.MACRO __CPWRR
                 	CP   R@0,R@2
                 	CPC  R@1,R@3
                 	.ENDM
                 
                 	.MACRO __CPWRN
                 	CPI  R@0,LOW(@2)
                 	LDI  R30,HIGH(@2)
                 	CPC  R@1,R30
                 	.ENDM
                 
                 	.MACRO __ADDB1MN
                 	SUBI R30,LOW(-@0-(@1))
                 	.ENDM
                 
                 	.MACRO __ADDB2MN
                 	SUBI R26,LOW(-@0-(@1))
                 	.ENDM
                 
                 	.MACRO __ADDW1MN
                 	SUBI R30,LOW(-@0-(@1))
                 	SBCI R31,HIGH(-@0-(@1))
                 	.ENDM
                 
                 	.MACRO __ADDW2MN
                 	SUBI R26,LOW(-@0-(@1))
                 	SBCI R27,HIGH(-@0-(@1))
                 	.ENDM
                 
                 	.MACRO __ADDW1FN
                 	SUBI R30,LOW(-2*@0-(@1))
                 	SBCI R31,HIGH(-2*@0-(@1))
                 	.ENDM
                 
                 	.MACRO __ADDD1FN
                 	SUBI R30,LOW(-2*@0-(@1))
                 	SBCI R31,HIGH(-2*@0-(@1))
                 	SBCI R22,BYTE3(-2*@0-(@1))
                 	.ENDM
                 
                 	.MACRO __ADDD1N
                 	SUBI R30,LOW(-@0)
                 	SBCI R31,HIGH(-@0)
                 	SBCI R22,BYTE3(-@0)
                 	SBCI R23,BYTE4(-@0)
                 	.ENDM
                 
                 	.MACRO __ADDD2N
                 	SUBI R26,LOW(-@0)
                 	SBCI R27,HIGH(-@0)
                 	SBCI R24,BYTE3(-@0)
                 	SBCI R25,BYTE4(-@0)
                 	.ENDM
                 
                 	.MACRO __SUBD1N
                 	SUBI R30,LOW(@0)
                 	SBCI R31,HIGH(@0)
                 	SBCI R22,BYTE3(@0)
                 	SBCI R23,BYTE4(@0)
                 	.ENDM
                 
                 	.MACRO __SUBD2N
                 	SUBI R26,LOW(@0)
                 	SBCI R27,HIGH(@0)
                 	SBCI R24,BYTE3(@0)
                 	SBCI R25,BYTE4(@0)
                 	.ENDM
                 
                 	.MACRO __ANDBMNN
                 	LDS  R30,@0+(@1)
                 	ANDI R30,LOW(@2)
                 	STS  @0+(@1),R30
                 	.ENDM
                 
                 	.MACRO __ANDWMNN
                 	LDS  R30,@0+(@1)
                 	ANDI R30,LOW(@2)
                 	STS  @0+(@1),R30
                 	LDS  R30,@0+(@1)+1
                 	ANDI R30,HIGH(@2)
                 	STS  @0+(@1)+1,R30
                 	.ENDM
                 
                 	.MACRO __ANDD1N
                 	ANDI R30,LOW(@0)
                 	ANDI R31,HIGH(@0)
                 	ANDI R22,BYTE3(@0)
                 	ANDI R23,BYTE4(@0)
                 	.ENDM
                 
                 	.MACRO __ANDD2N
                 	ANDI R26,LOW(@0)
                 	ANDI R27,HIGH(@0)
                 	ANDI R24,BYTE3(@0)
                 	ANDI R25,BYTE4(@0)
                 	.ENDM
                 
                 	.MACRO __ORBMNN
                 	LDS  R30,@0+(@1)
                 	ORI  R30,LOW(@2)
                 	STS  @0+(@1),R30
                 	.ENDM
                 
                 	.MACRO __ORWMNN
                 	LDS  R30,@0+(@1)
                 	ORI  R30,LOW(@2)
                 	STS  @0+(@1),R30
                 	LDS  R30,@0+(@1)+1
                 	ORI  R30,HIGH(@2)
                 	STS  @0+(@1)+1,R30
                 	.ENDM
                 
                 	.MACRO __ORD1N
                 	ORI  R30,LOW(@0)
                 	ORI  R31,HIGH(@0)
                 	ORI  R22,BYTE3(@0)
                 	ORI  R23,BYTE4(@0)
                 	.ENDM
                 
                 	.MACRO __ORD2N
                 	ORI  R26,LOW(@0)
                 	ORI  R27,HIGH(@0)
                 	ORI  R24,BYTE3(@0)
                 	ORI  R25,BYTE4(@0)
                 	.ENDM
                 
                 	.MACRO __DELAY_USB
                 	LDI  R24,LOW(@0)
                 __DELAY_USB_LOOP:
                 	DEC  R24
                 	BRNE __DELAY_USB_LOOP
                 	.ENDM
                 
                 	.MACRO __DELAY_USW
                 	LDI  R24,LOW(@0)
                 	LDI  R25,HIGH(@0)
                 __DELAY_USW_LOOP:
                 	SBIW R24,1
                 	BRNE __DELAY_USW_LOOP
                 	.ENDM
                 
                 	.MACRO __GETD1S
                 	LDD  R30,Y+@0
                 	LDD  R31,Y+@0+1
                 	LDD  R22,Y+@0+2
                 	LDD  R23,Y+@0+3
                 	.ENDM
                 
                 	.MACRO __GETD2S
                 	LDD  R26,Y+@0
                 	LDD  R27,Y+@0+1
                 	LDD  R24,Y+@0+2
                 	LDD  R25,Y+@0+3
                 	.ENDM
                 
                 	.MACRO __PUTD1S
                 	STD  Y+@0,R30
                 	STD  Y+@0+1,R31
                 	STD  Y+@0+2,R22
                 	STD  Y+@0+3,R23
                 	.ENDM
                 
                 	.MACRO __PUTD2S
                 	STD  Y+@0,R26
                 	STD  Y+@0+1,R27
                 	STD  Y+@0+2,R24
                 	STD  Y+@0+3,R25
                 	.ENDM
                 
                 	.MACRO __PUTDZ2
                 	STD  Z+@0,R26
                 	STD  Z+@0+1,R27
                 	STD  Z+@0+2,R24
                 	STD  Z+@0+3,R25
                 	.ENDM
                 
                 	.MACRO __CLRD1S
                 	STD  Y+@0,R30
                 	STD  Y+@0+1,R30
                 	STD  Y+@0+2,R30
                 	STD  Y+@0+3,R30
                 	.ENDM
                 
                 	.MACRO __POINTB1MN
                 	LDI  R30,LOW(@0+(@1))
                 	.ENDM
                 
                 	.MACRO __POINTW1MN
                 	LDI  R30,LOW(@0+(@1))
                 	LDI  R31,HIGH(@0+(@1))
                 	.ENDM
                 
                 	.MACRO __POINTD1M
                 	LDI  R30,LOW(@0)
                 	LDI  R31,HIGH(@0)
                 	LDI  R22,BYTE3(@0)
                 	LDI  R23,BYTE4(@0)
                 	.ENDM
                 
                 	.MACRO __POINTW1FN
                 	LDI  R30,LOW(2*@0+(@1))
                 	LDI  R31,HIGH(2*@0+(@1))
                 	.ENDM
                 
                 	.MACRO __POINTD1FN
                 	LDI  R30,LOW(2*@0+(@1))
                 	LDI  R31,HIGH(2*@0+(@1))
                 	LDI  R22,BYTE3(2*@0+(@1))
                 	LDI  R23,BYTE4(2*@0+(@1))
                 	.ENDM
                 
                 	.MACRO __POINTB2MN
                 	LDI  R26,LOW(@0+(@1))
                 	.ENDM
                 
                 	.MACRO __POINTW2MN
                 	LDI  R26,LOW(@0+(@1))
                 	LDI  R27,HIGH(@0+(@1))
                 	.ENDM
                 
                 	.MACRO __POINTBRM
                 	LDI  R@0,LOW(@1)
                 	.ENDM
                 
                 	.MACRO __POINTWRM
                 	LDI  R@0,LOW(@2)
                 	LDI  R@1,HIGH(@2)
                 	.ENDM
                 
                 	.MACRO __POINTBRMN
                 	LDI  R@0,LOW(@1+(@2))
                 	.ENDM
                 
                 	.MACRO __POINTWRMN
                 	LDI  R@0,LOW(@2+(@3))
                 	LDI  R@1,HIGH(@2+(@3))
                 	.ENDM
                 
                 	.MACRO __POINTWRFN
                 	LDI  R@0,LOW(@2*2+(@3))
                 	LDI  R@1,HIGH(@2*2+(@3))
                 	.ENDM
                 
                 	.MACRO __GETD1N
                 	LDI  R30,LOW(@0)
                 	LDI  R31,HIGH(@0)
                 	LDI  R22,BYTE3(@0)
                 	LDI  R23,BYTE4(@0)
                 	.ENDM
                 
                 	.MACRO __GETD2N
                 	LDI  R26,LOW(@0)
                 	LDI  R27,HIGH(@0)
                 	LDI  R24,BYTE3(@0)
                 	LDI  R25,BYTE4(@0)
                 	.ENDM
                 
                 	.MACRO __GETB1MN
                 	LDS  R30,@0+(@1)
                 	.ENDM
                 
                 	.MACRO __GETB1HMN
                 	LDS  R31,@0+(@1)
                 	.ENDM
                 
                 	.MACRO __GETW1MN
                 	LDS  R30,@0+(@1)
                 	LDS  R31,@0+(@1)+1
                 	.ENDM
                 
                 	.MACRO __GETD1MN
                 	LDS  R30,@0+(@1)
                 	LDS  R31,@0+(@1)+1
                 	LDS  R22,@0+(@1)+2
                 	LDS  R23,@0+(@1)+3
                 	.ENDM
                 
                 	.MACRO __GETBRMN
                 	LDS  R@0,@1+(@2)
                 	.ENDM
                 
                 	.MACRO __GETWRMN
                 	LDS  R@0,@2+(@3)
                 	LDS  R@1,@2+(@3)+1
                 	.ENDM
                 
                 	.MACRO __GETWRZ
                 	LDD  R@0,Z+@2
                 	LDD  R@1,Z+@2+1
                 	.ENDM
                 
                 	.MACRO __GETD2Z
                 	LDD  R26,Z+@0
                 	LDD  R27,Z+@0+1
                 	LDD  R24,Z+@0+2
                 	LDD  R25,Z+@0+3
                 	.ENDM
                 
                 	.MACRO __GETB2MN
                 	LDS  R26,@0+(@1)
                 	.ENDM
                 
                 	.MACRO __GETW2MN
                 	LDS  R26,@0+(@1)
                 	LDS  R27,@0+(@1)+1
                 	.ENDM
                 
                 	.MACRO __GETD2MN
                 	LDS  R26,@0+(@1)
                 	LDS  R27,@0+(@1)+1
                 	LDS  R24,@0+(@1)+2
                 	LDS  R25,@0+(@1)+3
                 	.ENDM
                 
                 	.MACRO __PUTB1MN
                 	STS  @0+(@1),R30
                 	.ENDM
                 
                 	.MACRO __PUTW1MN
                 	STS  @0+(@1),R30
                 	STS  @0+(@1)+1,R31
                 	.ENDM
                 
                 	.MACRO __PUTD1MN
                 	STS  @0+(@1),R30
                 	STS  @0+(@1)+1,R31
                 	STS  @0+(@1)+2,R22
                 	STS  @0+(@1)+3,R23
                 	.ENDM
                 
                 	.MACRO __PUTB1EN
                 	LDI  R26,LOW(@0+(@1))
                 	LDI  R27,HIGH(@0+(@1))
                 	CALL __EEPROMWRB
                 	.ENDM
                 
                 	.MACRO __PUTW1EN
                 	LDI  R26,LOW(@0+(@1))
                 	LDI  R27,HIGH(@0+(@1))
                 	CALL __EEPROMWRW
                 	.ENDM
                 
                 	.MACRO __PUTD1EN
                 	LDI  R26,LOW(@0+(@1))
                 	LDI  R27,HIGH(@0+(@1))
                 	CALL __EEPROMWRD
                 	.ENDM
                 
                 	.MACRO __PUTBR0MN
                 	STS  @0+(@1),R0
                 	.ENDM
                 
                 	.MACRO __PUTBMRN
                 	STS  @0+(@1),R@2
                 	.ENDM
                 
                 	.MACRO __PUTWMRN
                 	STS  @0+(@1),R@2
                 	STS  @0+(@1)+1,R@3
                 	.ENDM
                 
                 	.MACRO __PUTBZR
                 	STD  Z+@1,R@0
                 	.ENDM
                 
                 	.MACRO __PUTWZR
                 	STD  Z+@2,R@0
                 	STD  Z+@2+1,R@1
                 	.ENDM
                 
                 	.MACRO __GETW1R
                 	MOV  R30,R@0
                 	MOV  R31,R@1
                 	.ENDM
                 
                 	.MACRO __GETW2R
                 	MOV  R26,R@0
                 	MOV  R27,R@1
                 	.ENDM
                 
                 	.MACRO __GETWRN
                 	LDI  R@0,LOW(@2)
                 	LDI  R@1,HIGH(@2)
                 	.ENDM
                 
                 	.MACRO __PUTW1R
                 	MOV  R@0,R30
                 	MOV  R@1,R31
                 	.ENDM
                 
                 	.MACRO __PUTW2R
                 	MOV  R@0,R26
                 	MOV  R@1,R27
                 	.ENDM
                 
                 	.MACRO __ADDWRN
                 	SUBI R@0,LOW(-@2)
                 	SBCI R@1,HIGH(-@2)
                 	.ENDM
                 
                 	.MACRO __ADDWRR
                 	ADD  R@0,R@2
                 	ADC  R@1,R@3
                 	.ENDM
                 
                 	.MACRO __SUBWRN
                 	SUBI R@0,LOW(@2)
                 	SBCI R@1,HIGH(@2)
                 	.ENDM
                 
                 	.MACRO __SUBWRR
                 	SUB  R@0,R@2
                 	SBC  R@1,R@3
                 	.ENDM
                 
                 	.MACRO __ANDWRN
                 	ANDI R@0,LOW(@2)
                 	ANDI R@1,HIGH(@2)
                 	.ENDM
                 
                 	.MACRO __ANDWRR
                 	AND  R@0,R@2
                 	AND  R@1,R@3
                 	.ENDM
                 
                 	.MACRO __ORWRN
                 	ORI  R@0,LOW(@2)
                 	ORI  R@1,HIGH(@2)
                 	.ENDM
                 
                 	.MACRO __ORWRR
                 	OR   R@0,R@2
                 	OR   R@1,R@3
                 	.ENDM
                 
                 	.MACRO __EORWRR
                 	EOR  R@0,R@2
                 	EOR  R@1,R@3
                 	.ENDM
                 
                 	.MACRO __GETWRS
                 	LDD  R@0,Y+@2
                 	LDD  R@1,Y+@2+1
                 	.ENDM
                 
                 	.MACRO __PUTBSR
                 	STD  Y+@1,R@0
                 	.ENDM
                 
                 	.MACRO __PUTWSR
                 	STD  Y+@2,R@0
                 	STD  Y+@2+1,R@1
                 	.ENDM
                 
                 	.MACRO __MOVEWRR
                 	MOV  R@0,R@2
                 	MOV  R@1,R@3
                 	.ENDM
                 
                 	.MACRO __INWR
                 	IN   R@0,@2
                 	IN   R@1,@2+1
                 	.ENDM
                 
                 	.MACRO __OUTWR
                 	OUT  @2+1,R@1
                 	OUT  @2,R@0
                 	.ENDM
                 
                 	.MACRO __CALL1MN
                 	LDS  R30,@0+(@1)
                 	LDS  R31,@0+(@1)+1
                 	ICALL
                 	.ENDM
                 
                 	.MACRO __CALL1FN
                 	LDI  R30,LOW(2*@0+(@1))
                 	LDI  R31,HIGH(2*@0+(@1))
                 	CALL __GETW1PF
                 	ICALL
                 	.ENDM
                 
                 	.MACRO __CALL2EN
                 	LDI  R26,LOW(@0+(@1))
                 	LDI  R27,HIGH(@0+(@1))
                 	CALL __EEPROMRDW
                 	ICALL
                 	.ENDM
                 
                 	.MACRO __GETW1STACK
                 	IN   R26,SPL
                 	IN   R27,SPH
                 	ADIW R26,@0+1
                 	LD   R30,X+
                 	LD   R31,X
                 	.ENDM
                 
                 	.MACRO __GETD1STACK
                 	IN   R26,SPL
                 	IN   R27,SPH
                 	ADIW R26,@0+1
                 	LD   R30,X+
                 	LD   R31,X+
                 	LD   R22,X
                 	.ENDM
                 
                 	.MACRO __NBST
                 	BST  R@0,@1
                 	IN   R30,SREG
                 	LDI  R31,0x40
                 	EOR  R30,R31
                 	OUT  SREG,R30
                 	.ENDM
                 
                 
                 	.MACRO __PUTB1SN
                 	LDD  R26,Y+@0
                 	LDD  R27,Y+@0+1
                 	SUBI R26,LOW(-@1)
                 	SBCI R27,HIGH(-@1)
                 	ST   X,R30
                 	.ENDM
                 
                 	.MACRO __PUTW1SN
                 	LDD  R26,Y+@0
                 	LDD  R27,Y+@0+1
                 	SUBI R26,LOW(-@1)
                 	SBCI R27,HIGH(-@1)
                 	ST   X+,R30
                 	ST   X,R31
                 	.ENDM
                 
                 	.MACRO __PUTD1SN
                 	LDD  R26,Y+@0
                 	LDD  R27,Y+@0+1
                 	SUBI R26,LOW(-@1)
                 	SBCI R27,HIGH(-@1)
                 	CALL __PUTDP1
                 	.ENDM
                 
                 	.MACRO __PUTB1SNS
                 	LDD  R26,Y+@0
                 	LDD  R27,Y+@0+1
                 	ADIW R26,@1
                 	ST   X,R30
                 	.ENDM
                 
                 	.MACRO __PUTW1SNS
                 	LDD  R26,Y+@0
                 	LDD  R27,Y+@0+1
                 	ADIW R26,@1
                 	ST   X+,R30
                 	ST   X,R31
                 	.ENDM
                 
                 	.MACRO __PUTD1SNS
                 	LDD  R26,Y+@0
                 	LDD  R27,Y+@0+1
                 	ADIW R26,@1
                 	CALL __PUTDP1
                 	.ENDM
                 
                 	.MACRO __PUTB1PMN
                 	LDS  R26,@0
                 	LDS  R27,@0+1
                 	SUBI R26,LOW(-@1)
                 	SBCI R27,HIGH(-@1)
                 	ST   X,R30
                 	.ENDM
                 
                 	.MACRO __PUTW1PMN
                 	LDS  R26,@0
                 	LDS  R27,@0+1
                 	SUBI R26,LOW(-@1)
                 	SBCI R27,HIGH(-@1)
                 	ST   X+,R30
                 	ST   X,R31
                 	.ENDM
                 
                 	.MACRO __PUTD1PMN
                 	LDS  R26,@0
                 	LDS  R27,@0+1
                 	SUBI R26,LOW(-@1)
                 	SBCI R27,HIGH(-@1)
                 	CALL __PUTDP1
                 	.ENDM
                 
                 	.MACRO __PUTB1PMNS
                 	LDS  R26,@0
                 	LDS  R27,@0+1
                 	ADIW R26,@1
                 	ST   X,R30
                 	.ENDM
                 
                 	.MACRO __PUTW1PMNS
                 	LDS  R26,@0
                 	LDS  R27,@0+1
                 	ADIW R26,@1
                 	ST   X+,R30
                 	ST   X,R31
                 	.ENDM
                 
                 	.MACRO __PUTD1PMNS
                 	LDS  R26,@0
                 	LDS  R27,@0+1
                 	ADIW R26,@1
                 	CALL __PUTDP1
                 	.ENDM
                 
                 	.MACRO __PUTB1RN
                 	MOVW R26,R@0
                 	SUBI R26,LOW(-@1)
                 	SBCI R27,HIGH(-@1)
                 	ST   X,R30
                 	.ENDM
                 
                 	.MACRO __PUTW1RN
                 	MOVW R26,R@0
                 	SUBI R26,LOW(-@1)
                 	SBCI R27,HIGH(-@1)
                 	ST   X+,R30
                 	ST   X,R31
                 	.ENDM
                 
                 	.MACRO __PUTD1RN
                 	MOVW R26,R@0
                 	SUBI R26,LOW(-@1)
                 	SBCI R27,HIGH(-@1)
                 	CALL __PUTDP1
                 	.ENDM
                 
                 	.MACRO __PUTB1RNS
                 	MOVW R26,R@0
                 	ADIW R26,@1
                 	ST   X,R30
                 	.ENDM
                 
                 	.MACRO __PUTW1RNS
                 	MOVW R26,R@0
                 	ADIW R26,@1
                 	ST   X+,R30
                 	ST   X,R31
                 	.ENDM
                 
                 	.MACRO __PUTD1RNS
                 	MOVW R26,R@0
                 	ADIW R26,@1
                 	CALL __PUTDP1
                 	.ENDM
                 
                 	.MACRO __PUTB1RON
                 	MOV  R26,R@0
                 	MOV  R27,R@1
                 	SUBI R26,LOW(-@2)
                 	SBCI R27,HIGH(-@2)
                 	ST   X,R30
                 	.ENDM
                 
                 	.MACRO __PUTW1RON
                 	MOV  R26,R@0
                 	MOV  R27,R@1
                 	SUBI R26,LOW(-@2)
                 	SBCI R27,HIGH(-@2)
                 	ST   X+,R30
                 	ST   X,R31
                 	.ENDM
                 
                 	.MACRO __PUTD1RON
                 	MOV  R26,R@0
                 	MOV  R27,R@1
                 	SUBI R26,LOW(-@2)
                 	SBCI R27,HIGH(-@2)
                 	CALL __PUTDP1
                 	.ENDM
                 
                 	.MACRO __PUTB1RONS
                 	MOV  R26,R@0
                 	MOV  R27,R@1
                 	ADIW R26,@2
                 	ST   X,R30
                 	.ENDM
                 
                 	.MACRO __PUTW1RONS
                 	MOV  R26,R@0
                 	MOV  R27,R@1
                 	ADIW R26,@2
                 	ST   X+,R30
                 	ST   X,R31
                 	.ENDM
                 
                 	.MACRO __PUTD1RONS
                 	MOV  R26,R@0
                 	MOV  R27,R@1
                 	ADIW R26,@2
                 	CALL __PUTDP1
                 	.ENDM
                 
                 
                 	.MACRO __GETB1SX
                 	MOVW R30,R28
                 	SUBI R30,LOW(-@0)
                 	SBCI R31,HIGH(-@0)
                 	LD   R30,Z
                 	.ENDM
                 
                 	.MACRO __GETB1HSX
                 	MOVW R30,R28
                 	SUBI R30,LOW(-@0)
                 	SBCI R31,HIGH(-@0)
                 	LD   R31,Z
                 	.ENDM
                 
                 	.MACRO __GETW1SX
                 	MOVW R30,R28
                 	SUBI R30,LOW(-@0)
                 	SBCI R31,HIGH(-@0)
                 	LD   R0,Z+
                 	LD   R31,Z
                 	MOV  R30,R0
                 	.ENDM
                 
                 	.MACRO __GETD1SX
                 	MOVW R30,R28
                 	SUBI R30,LOW(-@0)
                 	SBCI R31,HIGH(-@0)
                 	LD   R0,Z+
                 	LD   R1,Z+
                 	LD   R22,Z+
                 	LD   R23,Z
                 	MOVW R30,R0
                 	.ENDM
                 
                 	.MACRO __GETB2SX
                 	MOVW R26,R28
                 	SUBI R26,LOW(-@0)
                 	SBCI R27,HIGH(-@0)
                 	LD   R26,X
                 	.ENDM
                 
                 	.MACRO __GETW2SX
                 	MOVW R26,R28
                 	SUBI R26,LOW(-@0)
                 	SBCI R27,HIGH(-@0)
                 	LD   R0,X+
                 	LD   R27,X
                 	MOV  R26,R0
                 	.ENDM
                 
                 	.MACRO __GETD2SX
                 	MOVW R26,R28
                 	SUBI R26,LOW(-@0)
                 	SBCI R27,HIGH(-@0)
                 	LD   R0,X+
                 	LD   R1,X+
                 	LD   R24,X+
                 	LD   R25,X
                 	MOVW R26,R0
                 	.ENDM
                 
                 	.MACRO __GETBRSX
                 	MOVW R30,R28
                 	SUBI R30,LOW(-@1)
                 	SBCI R31,HIGH(-@1)
                 	LD   R@0,Z
                 	.ENDM
                 
                 	.MACRO __GETWRSX
                 	MOVW R30,R28
                 	SUBI R30,LOW(-@2)
                 	SBCI R31,HIGH(-@2)
                 	LD   R@0,Z+
                 	LD   R@1,Z
                 	.ENDM
                 
                 	.MACRO __GETBRSX2
                 	MOVW R26,R28
                 	SUBI R26,LOW(-@1)
                 	SBCI R27,HIGH(-@1)
                 	LD   R@0,X
                 	.ENDM
                 
                 	.MACRO __GETWRSX2
                 	MOVW R26,R28
                 	SUBI R26,LOW(-@2)
                 	SBCI R27,HIGH(-@2)
                 	LD   R@0,X+
                 	LD   R@1,X
                 	.ENDM
                 
                 	.MACRO __LSLW8SX
                 	MOVW R30,R28
                 	SUBI R30,LOW(-@0)
                 	SBCI R31,HIGH(-@0)
                 	LD   R31,Z
                 	CLR  R30
                 	.ENDM
                 
                 	.MACRO __PUTB1SX
                 	MOVW R26,R28
                 	SUBI R26,LOW(-@0)
                 	SBCI R27,HIGH(-@0)
                 	ST   X,R30
                 	.ENDM
                 
                 	.MACRO __PUTW1SX
                 	MOVW R26,R28
                 	SUBI R26,LOW(-@0)
                 	SBCI R27,HIGH(-@0)
                 	ST   X+,R30
                 	ST   X,R31
                 	.ENDM
                 
                 	.MACRO __PUTD1SX
                 	MOVW R26,R28
                 	SUBI R26,LOW(-@0)
                 	SBCI R27,HIGH(-@0)
                 	ST   X+,R30
                 	ST   X+,R31
                 	ST   X+,R22
                 	ST   X,R23
                 	.ENDM
                 
                 	.MACRO __CLRW1SX
                 	MOVW R26,R28
                 	SUBI R26,LOW(-@0)
                 	SBCI R27,HIGH(-@0)
                 	ST   X+,R30
                 	ST   X,R30
                 	.ENDM
                 
                 	.MACRO __CLRD1SX
                 	MOVW R26,R28
                 	SUBI R26,LOW(-@0)
                 	SBCI R27,HIGH(-@0)
                 	ST   X+,R30
                 	ST   X+,R30
                 	ST   X+,R30
                 	ST   X,R30
                 	.ENDM
                 
                 	.MACRO __PUTB2SX
                 	MOVW R30,R28
                 	SUBI R30,LOW(-@0)
                 	SBCI R31,HIGH(-@0)
                 	ST   Z,R26
                 	.ENDM
                 
                 	.MACRO __PUTW2SX
                 	MOVW R30,R28
                 	SUBI R30,LOW(-@0)
                 	SBCI R31,HIGH(-@0)
                 	ST   Z+,R26
                 	ST   Z,R27
                 	.ENDM
                 
                 	.MACRO __PUTD2SX
                 	MOVW R30,R28
                 	SUBI R30,LOW(-@0)
                 	SBCI R31,HIGH(-@0)
                 	ST   Z+,R26
                 	ST   Z+,R27
                 	ST   Z+,R24
                 	ST   Z,R25
                 	.ENDM
                 
                 	.MACRO __PUTBSRX
                 	MOVW R30,R28
                 	SUBI R30,LOW(-@1)
                 	SBCI R31,HIGH(-@1)
                 	ST   Z,R@0
                 	.ENDM
                 
                 	.MACRO __PUTWSRX
                 	MOVW R30,R28
                 	SUBI R30,LOW(-@2)
                 	SBCI R31,HIGH(-@2)
                 	ST   Z+,R@0
                 	ST   Z,R@1
                 	.ENDM
                 
                 	.MACRO __PUTB1SNX
                 	MOVW R26,R28
                 	SUBI R26,LOW(-@0)
                 	SBCI R27,HIGH(-@0)
                 	LD   R0,X+
                 	LD   R27,X
                 	MOV  R26,R0
                 	SUBI R26,LOW(-@1)
                 	SBCI R27,HIGH(-@1)
                 	ST   X,R30
                 	.ENDM
                 
                 	.MACRO __PUTW1SNX
                 	MOVW R26,R28
                 	SUBI R26,LOW(-@0)
                 	SBCI R27,HIGH(-@0)
                 	LD   R0,X+
                 	LD   R27,X
                 	MOV  R26,R0
                 	SUBI R26,LOW(-@1)
                 	SBCI R27,HIGH(-@1)
                 	ST   X+,R30
                 	ST   X,R31
                 	.ENDM
                 
                 	.MACRO __PUTD1SNX
                 	MOVW R26,R28
                 	SUBI R26,LOW(-@0)
                 	SBCI R27,HIGH(-@0)
                 	LD   R0,X+
                 	LD   R27,X
                 	MOV  R26,R0
                 	SUBI R26,LOW(-@1)
                 	SBCI R27,HIGH(-@1)
                 	ST   X+,R30
                 	ST   X+,R31
                 	ST   X+,R22
                 	ST   X,R23
                 	.ENDM
                 
                 	.MACRO __MULBRR
                 	MULS R@0,R@1
                 	MOVW R30,R0
                 	.ENDM
                 
                 	.MACRO __MULBRRU
                 	MUL  R@0,R@1
                 	MOVW R30,R0
                 	.ENDM
                 
                 	.MACRO __MULBRR0
                 	MULS R@0,R@1
                 	.ENDM
                 
                 	.MACRO __MULBRRU0
                 	MUL  R@0,R@1
                 	.ENDM
                 
                 	.MACRO __MULBNWRU
                 	LDI  R26,@2
                 	MUL  R26,R@0
                 	MOVW R30,R0
                 	MUL  R26,R@1
                 	ADD  R31,R0
                 	.ENDM
                 
                 ;NAME DEFINITIONS FOR GLOBAL VARIABLES ALLOCATED TO REGISTERS
                 	.DEF _i=R5
                 	.DEF _time=R6
                 
                 	.CSEG
                 	.ORG 0x00
                 
                 ;START OF CODE MARKER
                 __START_OF_CODE:
                 
                 ;INTERRUPT VECTORS
000000 940c 0045 	JMP  __RESET
000002 940c 0000 	JMP  0x00
000004 940c 0000 	JMP  0x00
000006 940c 0000 	JMP  0x00
000008 940c 0000 	JMP  0x00
00000a 940c 0000 	JMP  0x00
00000c 940c 0000 	JMP  0x00
00000e 940c 0000 	JMP  0x00
000010 940c 0000 	JMP  0x00
000012 940c 0000 	JMP  0x00
000014 940c 0000 	JMP  0x00
000016 940c 0098 	JMP  _timer0_ovf_isr
000018 940c 0000 	JMP  0x00
00001a 940c 0000 	JMP  0x00
00001c 940c 0000 	JMP  0x00
00001e 940c 0000 	JMP  0x00
000020 940c 0000 	JMP  0x00
000022 940c 0000 	JMP  0x00
000024 940c 0000 	JMP  0x00
000026 940c 0000 	JMP  0x00
000028 940c 0000 	JMP  0x00
                 
                 _tbl10_G100:
00002a 2710
00002b 03e8
00002c 0064
00002d 000a      	.DB  0x10,0x27,0xE8,0x3,0x64,0x0,0xA,0x0
00002e 0001      	.DB  0x1,0x0
                 _tbl16_G100:
00002f 1000
000030 0100
000031 0010
000032 0001      	.DB  0x0,0x10,0x0,0x1,0x10,0x0,0x1,0x0
                 
                 ;REGISTER BIT VARIABLES INITIALIZATION
                 __REG_BIT_VARS:
000033 0000      	.DW  0x0000
                 
                 _0x0:
000034 756d
000035 616c
000036 0069
000037 6573      	.DB  0x6D,0x75,0x6C,0x61,0x69,0x0,0x73,0x65
000038 656c
000039 6173
00003a 0069      	.DB  0x6C,0x65,0x73,0x61,0x69,0x0
                 
                 __GLOBAL_INI_TBL:
00003b 0001      	.DW  0x01
00003c 0002      	.DW  0x02
00003d 0066      	.DW  __REG_BIT_VARS*2
                 
00003e 0006      	.DW  0x06
00003f 0260      	.DW  _0x23
000040 0068      	.DW  _0x0*2
                 
000041 0008      	.DW  0x08
000042 0266      	.DW  _0x23+6
000043 006e      	.DW  _0x0*2+6
                 
                 _0xFFFFFFFF:
000044 0000      	.DW  0
                 
                 __RESET:
000045 94f8      	CLI
000046 27ee      	CLR  R30
000047 bbec      	OUT  EECR,R30
                 
                 ;INTERRUPT VECTORS ARE PLACED
                 ;AT THE START OF FLASH
000048 e0f1      	LDI  R31,1
000049 bffb      	OUT  GICR,R31
00004a bfeb      	OUT  GICR,R30
00004b bfe5      	OUT  MCUCR,R30
                 
                 ;DISABLE WATCHDOG
00004c e1f8      	LDI  R31,0x18
00004d bdf1      	OUT  WDTCR,R31
00004e bde1      	OUT  WDTCR,R30
                 
                 ;CLEAR R2-R14
00004f e08d      	LDI  R24,(14-2)+1
000050 e0a2      	LDI  R26,2
000051 27bb      	CLR  R27
                 __CLEAR_REG:
000052 93ed      	ST   X+,R30
000053 958a      	DEC  R24
000054 f7e9      	BRNE __CLEAR_REG
                 
                 ;CLEAR SRAM
000055 e080      	LDI  R24,LOW(__CLEAR_SRAM_SIZE)
000056 e098      	LDI  R25,HIGH(__CLEAR_SRAM_SIZE)
000057 e6a0      	LDI  R26,__SRAM_START
                 __CLEAR_SRAM:
000058 93ed      	ST   X+,R30
000059 9701      	SBIW R24,1
00005a f7e9      	BRNE __CLEAR_SRAM
                 
                 ;GLOBAL VARIABLES INITIALIZATION
00005b e7e6      	LDI  R30,LOW(__GLOBAL_INI_TBL*2)
00005c e0f0      	LDI  R31,HIGH(__GLOBAL_INI_TBL*2)
                 __GLOBAL_INI_NEXT:
00005d 9185      	LPM  R24,Z+
00005e 9195      	LPM  R25,Z+
00005f 9700      	SBIW R24,0
000060 f061      	BREQ __GLOBAL_INI_END
000061 91a5      	LPM  R26,Z+
000062 91b5      	LPM  R27,Z+
000063 9005      	LPM  R0,Z+
000064 9015      	LPM  R1,Z+
000065 01bf      	MOVW R22,R30
000066 01f0      	MOVW R30,R0
                 __GLOBAL_INI_LOOP:
000067 9005      	LPM  R0,Z+
000068 920d      	ST   X+,R0
000069 9701      	SBIW R24,1
00006a f7e1      	BRNE __GLOBAL_INI_LOOP
00006b 01fb      	MOVW R30,R22
00006c cff0      	RJMP __GLOBAL_INI_NEXT
                 __GLOBAL_INI_END:
                 
                 ;HARDWARE STACK POINTER INITIALIZATION
00006d e5ef      	LDI  R30,LOW(__SRAM_END-__HEAP_SIZE)
00006e bfed      	OUT  SPL,R30
00006f e0e8      	LDI  R30,HIGH(__SRAM_END-__HEAP_SIZE)
000070 bfee      	OUT  SPH,R30
                 
                 ;DATA STACK POINTER INITIALIZATION
000071 e6c0      	LDI  R28,LOW(__SRAM_START+__DSTACK_SIZE)
000072 e0d2      	LDI  R29,HIGH(__SRAM_START+__DSTACK_SIZE)
                 
000073 940c 0228 	JMP  _main
                 
                 	.ESEG
                 	.ORG 0
                 
                 	.DSEG
                 	.ORG 0x260
                 
                 	.CSEG
                 ;/*****************************************************
                 ;This program was produced by the
                 ;CodeWizardAVR V2.05.0 Professional
                 ;Automatic Program Generator
                 ;© Copyright 1998-2010 Pavel Haiduc, HP InfoTech s.r.l.
                 ;http://www.hpinfotech.com
                 ;
                 ;Project :
                 ;Version :
                 ;Date    : 6/8/2012
                 ;Author  :
                 ;Company :
                 ;Comments:
                 ;
                 ;
                 ;Chip type               : ATmega32
                 ;Program type            : Application
                 ;AVR Core Clock frequency: 11.059200 MHz
                 ;Memory model            : Small
                 ;External RAM size       : 0
                 ;Data Stack size         : 512
                 ;*****************************************************/
                 ;
                 ;#include <mega32.h>
                 	#ifndef __SLEEP_DEFINED__
                 	#define __SLEEP_DEFINED__
                 	.EQU __se_bit=0x80
                 	.EQU __sm_mask=0x70
                 	.EQU __sm_powerdown=0x20
                 	.EQU __sm_powersave=0x30
                 	.EQU __sm_standby=0x60
                 	.EQU __sm_ext_standby=0x70
                 	.EQU __sm_adc_noise_red=0x10
                 	.SET power_ctrl_reg=mcucr
                 	#endif
                 ;
                 ;#include <delay.h>
                 ;
                 ;char i;
                 ;bit enadc;
                 ;
                 ;unsigned int time;
                 ;
                 ;unsigned char sen_buff[10];
                 ;unsigned char sen[26];
                 ;
                 ;// External Interrupt 0 service routine
                 ;//interrupt [EXT_INT0] void ext_int0_isr(void)
                 ;//{
                 ;	//for(i=0;i<26;i++)
                 ;        //{
                 ;        //	sen[i]=0;
                 ;        //}
                 ;//}
                 ;
                 ;// Standard Input/Output functions
                 ;#include <stdio.h>
                 ;
                 ;#define TRIGGER PINB.0
                 ;#define MUX_A	PINB.0
                 ;#define MUX_B	PINB.1
                 ;#define MUX_C	PINB.2
                 ;
                 ;unsigned char read_adc(unsigned char adc_input);
                 ;
                 ;char ratusan(unsigned char in)
                 ; 0000 0038 {
                 
                 	.CSEG
                 _ratusan:
                 ; 0000 0039 	in/=100;
                 ;	in -> Y+0
000075 81a8      	LD   R26,Y
000076 e0b0      	LDI  R27,0
000077 e6e4      	LDI  R30,LOW(100)
000078 e0f0      	LDI  R31,HIGH(100)
000079 940e 02cc 	CALL __DIVW21
00007b 83e8      	ST   Y,R30
                 ; 0000 003A 
                 ; 0000 003B         return (in +'0');
00007c 5de0      	SUBI R30,-LOW(48)
00007d 940c 0272 	JMP  _0x2060001
                 ; 0000 003C }
                 ;
                 ;char puluhan(unsigned char in)
                 ; 0000 003F {
                 _puluhan:
                 ; 0000 0040 	in%=100;
                 ;	in -> Y+0
00007f 81a8      	LD   R26,Y
000080 27bb      	CLR  R27
000081 e6e4      	LDI  R30,LOW(100)
000082 e0f0      	LDI  R31,HIGH(100)
000083 940e 02d1 	CALL __MODW21
000085 83e8      	ST   Y,R30
                 ; 0000 0041 
                 ; 0000 0042         return ((in / 10)+'0');
000086 81a8      	LD   R26,Y
000087 e0b0      	LDI  R27,0
000088 e0ea      	LDI  R30,LOW(10)
000089 e0f0      	LDI  R31,HIGH(10)
00008a 940e 02cc 	CALL __DIVW21
00008c 5de0      	SUBI R30,-LOW(48)
00008d 940c 0272 	JMP  _0x2060001
                 ; 0000 0043 }
                 ;
                 ;char satuan(unsigned char in)
                 ; 0000 0046 {
                 _satuan:
                 ; 0000 0047 	return ((in % 10)+'0');
                 ;	in -> Y+0
00008f 81a8      	LD   R26,Y
000090 27bb      	CLR  R27
000091 e0ea      	LDI  R30,LOW(10)
000092 e0f0      	LDI  R31,HIGH(10)
000093 940e 02d1 	CALL __MODW21
000095 5de0      	SUBI R30,-LOW(48)
000096 940c 0272 	JMP  _0x2060001
                 ; 0000 0048 }
                 ;
                 ;// Timer 0 overflow interrupt service routine
                 ;interrupt [TIM0_OVF] void timer0_ovf_isr(void)
                 ; 0000 004C {
                 _timer0_ovf_isr:
000098 920a      	ST   -Y,R0
000099 921a      	ST   -Y,R1
00009a 92fa      	ST   -Y,R15
00009b 936a      	ST   -Y,R22
00009c 937a      	ST   -Y,R23
00009d 938a      	ST   -Y,R24
00009e 939a      	ST   -Y,R25
00009f 93aa      	ST   -Y,R26
0000a0 93ba      	ST   -Y,R27
0000a1 93ea      	ST   -Y,R30
0000a2 93fa      	ST   -Y,R31
0000a3 b7ef      	IN   R30,SREG
0000a4 93ea      	ST   -Y,R30
                 ; 0000 004D 	time++;
0000a5 01f3      	MOVW R30,R6
0000a6 9631      	ADIW R30,1
0000a7 013f      	MOVW R6,R30
                 ; 0000 004E         sen_buff[0]=read_adc(0);
0000a8 940e 0286 	CALL SUBOPT_0x0
                 ; 0000 004F         sen_buff[1]=read_adc(1);
                 ; 0000 0050         sen_buff[2]=read_adc(2);
                 ; 0000 0051         sen_buff[3]=read_adc(3);
                 ; 0000 0052 
                 ; 0000 0053         if(sen_buff[0]>sen[17])	sen[17]=sen_buff[0];
                +
0000aa 91e0 0289+LDS R30 , _sen + ( 17 )
                 	__GETB1MN _sen,17
0000ac 91a0 026e 	LDS  R26,_sen_buff
0000ae 17ea      	CP   R30,R26
0000af f420      	BRSH _0x3
0000b0 91e0 026e 	LDS  R30,_sen_buff
                +
0000b2 93e0 0289+STS _sen + ( 17 ) , R30
                 	__PUTB1MN _sen,17
                 ; 0000 0054         if(sen_buff[1]>sen[9])	sen[9]=sen_buff[1];
                 _0x3:
                +
0000b4 91a0 026f+LDS R26 , _sen_buff + ( 1 )
                 	__GETB2MN _sen_buff,1
                +
0000b6 91e0 0281+LDS R30 , _sen + ( 9 )
                 	__GETB1MN _sen,9
0000b8 17ea      	CP   R30,R26
0000b9 f420      	BRSH _0x4
                +
0000ba 91e0 026f+LDS R30 , _sen_buff + ( 1 )
                 	__GETB1MN _sen_buff,1
                +
0000bc 93e0 0281+STS _sen + ( 9 ) , R30
                 	__PUTB1MN _sen,9
                 ; 0000 0055         if(sen_buff[2]>sen[1])	sen[1]=sen_buff[2];
                 _0x4:
                +
0000be 91a0 0270+LDS R26 , _sen_buff + ( 2 )
                 	__GETB2MN _sen_buff,2
                +
0000c0 91e0 0279+LDS R30 , _sen + ( 1 )
                 	__GETB1MN _sen,1
0000c2 17ea      	CP   R30,R26
0000c3 f420      	BRSH _0x5
                +
0000c4 91e0 0270+LDS R30 , _sen_buff + ( 2 )
                 	__GETB1MN _sen_buff,2
                +
0000c6 93e0 0279+STS _sen + ( 1 ) , R30
                 	__PUTB1MN _sen,1
                 ; 0000 0056         if(sen_buff[3]>sen[25])	sen[25]=sen_buff[3];
                 _0x5:
0000c8 940e 029f 	CALL SUBOPT_0x1
0000ca f410      	BRSH _0x6
0000cb 940e 02a5 	CALL SUBOPT_0x2
                 ; 0000 0057 
                 ; 0000 0058         sen_buff[0]=read_adc(0);
                 _0x6:
0000cd 940e 0286 	CALL SUBOPT_0x0
                 ; 0000 0059         sen_buff[1]=read_adc(1);
                 ; 0000 005A         sen_buff[2]=read_adc(2);
                 ; 0000 005B         sen_buff[3]=read_adc(3);
                 ; 0000 005C 
                 ; 0000 005D         if(sen_buff[0]>sen[18])	sen[18]=sen_buff[0];
                +
0000cf 91e0 028a+LDS R30 , _sen + ( 18 )
                 	__GETB1MN _sen,18
0000d1 91a0 026e 	LDS  R26,_sen_buff
0000d3 17ea      	CP   R30,R26
0000d4 f420      	BRSH _0x7
0000d5 91e0 026e 	LDS  R30,_sen_buff
                +
0000d7 93e0 028a+STS _sen + ( 18 ) , R30
                 	__PUTB1MN _sen,18
                 ; 0000 005E         if(sen_buff[1]>sen[10])	sen[10]=sen_buff[1];
                 _0x7:
                +
0000d9 91a0 026f+LDS R26 , _sen_buff + ( 1 )
                 	__GETB2MN _sen_buff,1
                +
0000db 91e0 0282+LDS R30 , _sen + ( 10 )
                 	__GETB1MN _sen,10
0000dd 17ea      	CP   R30,R26
0000de f420      	BRSH _0x8
                +
0000df 91e0 026f+LDS R30 , _sen_buff + ( 1 )
                 	__GETB1MN _sen_buff,1
                +
0000e1 93e0 0282+STS _sen + ( 10 ) , R30
                 	__PUTB1MN _sen,10
                 ; 0000 005F         if(sen_buff[2]>sen[2])	sen[2]=sen_buff[2];
                 _0x8:
                +
0000e3 91a0 0270+LDS R26 , _sen_buff + ( 2 )
                 	__GETB2MN _sen_buff,2
                +
0000e5 91e0 027a+LDS R30 , _sen + ( 2 )
                 	__GETB1MN _sen,2
0000e7 17ea      	CP   R30,R26
0000e8 f420      	BRSH _0x9
                +
0000e9 91e0 0270+LDS R30 , _sen_buff + ( 2 )
                 	__GETB1MN _sen_buff,2
                +
0000eb 93e0 027a+STS _sen + ( 2 ) , R30
                 	__PUTB1MN _sen,2
                 ; 0000 0060         if(sen_buff[3]>sen[25])	sen[25]=sen_buff[3];
                 _0x9:
0000ed 940e 029f 	CALL SUBOPT_0x1
0000ef f410      	BRSH _0xA
0000f0 940e 02a5 	CALL SUBOPT_0x2
                 ; 0000 0061 
                 ; 0000 0062         sen_buff[0]=read_adc(0);
                 _0xA:
0000f2 940e 0286 	CALL SUBOPT_0x0
                 ; 0000 0063 	sen_buff[1]=read_adc(1);
                 ; 0000 0064         sen_buff[2]=read_adc(2);
                 ; 0000 0065         sen_buff[3]=read_adc(3);
                 ; 0000 0066 
                 ; 0000 0067         if(sen_buff[0]>sen[19])	sen[18]=sen_buff[0];
                +
0000f4 91e0 028b+LDS R30 , _sen + ( 19 )
                 	__GETB1MN _sen,19
0000f6 91a0 026e 	LDS  R26,_sen_buff
0000f8 17ea      	CP   R30,R26
0000f9 f420      	BRSH _0xB
0000fa 91e0 026e 	LDS  R30,_sen_buff
                +
0000fc 93e0 028a+STS _sen + ( 18 ) , R30
                 	__PUTB1MN _sen,18
                 ; 0000 0068         if(sen_buff[1]>sen[11])	sen[11]=sen_buff[1];
                 _0xB:
                +
0000fe 91a0 026f+LDS R26 , _sen_buff + ( 1 )
                 	__GETB2MN _sen_buff,1
                +
000100 91e0 0283+LDS R30 , _sen + ( 11 )
                 	__GETB1MN _sen,11
000102 17ea      	CP   R30,R26
000103 f420      	BRSH _0xC
                +
000104 91e0 026f+LDS R30 , _sen_buff + ( 1 )
                 	__GETB1MN _sen_buff,1
                +
000106 93e0 0283+STS _sen + ( 11 ) , R30
                 	__PUTB1MN _sen,11
                 ; 0000 0069         if(sen_buff[2]>sen[3])	sen[3]=sen_buff[2];
                 _0xC:
                +
000108 91a0 0270+LDS R26 , _sen_buff + ( 2 )
                 	__GETB2MN _sen_buff,2
                +
00010a 91e0 027b+LDS R30 , _sen + ( 3 )
                 	__GETB1MN _sen,3
00010c 17ea      	CP   R30,R26
00010d f420      	BRSH _0xD
                +
00010e 91e0 0270+LDS R30 , _sen_buff + ( 2 )
                 	__GETB1MN _sen_buff,2
                +
000110 93e0 027b+STS _sen + ( 3 ) , R30
                 	__PUTB1MN _sen,3
                 ; 0000 006A         if(sen_buff[3]>sen[25])	sen[25]=sen_buff[3];
                 _0xD:
000112 940e 029f 	CALL SUBOPT_0x1
000114 f410      	BRSH _0xE
000115 940e 02a5 	CALL SUBOPT_0x2
                 ; 0000 006B 
                 ; 0000 006C         sen_buff[0]=read_adc(0);
                 _0xE:
000117 940e 0286 	CALL SUBOPT_0x0
                 ; 0000 006D         sen_buff[1]=read_adc(1);
                 ; 0000 006E         sen_buff[2]=read_adc(2);
                 ; 0000 006F         sen_buff[3]=read_adc(3);
                 ; 0000 0070 
                 ; 0000 0071         if(sen_buff[0]>sen[20])	sen[20]=sen_buff[0];
                +
000119 91e0 028c+LDS R30 , _sen + ( 20 )
                 	__GETB1MN _sen,20
00011b 91a0 026e 	LDS  R26,_sen_buff
00011d 17ea      	CP   R30,R26
00011e f420      	BRSH _0xF
00011f 91e0 026e 	LDS  R30,_sen_buff
                +
000121 93e0 028c+STS _sen + ( 20 ) , R30
                 	__PUTB1MN _sen,20
                 ; 0000 0072         if(sen_buff[1]>sen[12])	sen[12]=sen_buff[1];
                 _0xF:
                +
000123 91a0 026f+LDS R26 , _sen_buff + ( 1 )
                 	__GETB2MN _sen_buff,1
                +
000125 91e0 0284+LDS R30 , _sen + ( 12 )
                 	__GETB1MN _sen,12
000127 17ea      	CP   R30,R26
000128 f420      	BRSH _0x10
                +
000129 91e0 026f+LDS R30 , _sen_buff + ( 1 )
                 	__GETB1MN _sen_buff,1
                +
00012b 93e0 0284+STS _sen + ( 12 ) , R30
                 	__PUTB1MN _sen,12
                 ; 0000 0073         if(sen_buff[2]>sen[4])	sen[4]=sen_buff[2];
                 _0x10:
                +
00012d 91a0 0270+LDS R26 , _sen_buff + ( 2 )
                 	__GETB2MN _sen_buff,2
                +
00012f 91e0 027c+LDS R30 , _sen + ( 4 )
                 	__GETB1MN _sen,4
000131 17ea      	CP   R30,R26
000132 f420      	BRSH _0x11
                +
000133 91e0 0270+LDS R30 , _sen_buff + ( 2 )
                 	__GETB1MN _sen_buff,2
                +
000135 93e0 027c+STS _sen + ( 4 ) , R30
                 	__PUTB1MN _sen,4
                 ; 0000 0074         if(sen_buff[3]>sen[25])	sen[25]=sen_buff[3];
                 _0x11:
000137 940e 029f 	CALL SUBOPT_0x1
000139 f410      	BRSH _0x12
00013a 940e 02a5 	CALL SUBOPT_0x2
                 ; 0000 0075 
                 ; 0000 0076         sen_buff[0]=read_adc(0);
                 _0x12:
00013c 940e 0286 	CALL SUBOPT_0x0
                 ; 0000 0077         sen_buff[1]=read_adc(1);
                 ; 0000 0078         sen_buff[2]=read_adc(2);
                 ; 0000 0079         sen_buff[3]=read_adc(3);
                 ; 0000 007A 
                 ; 0000 007B 	if(sen_buff[0]>sen[21])	sen[21]=sen_buff[0];
                +
00013e 91e0 028d+LDS R30 , _sen + ( 21 )
                 	__GETB1MN _sen,21
000140 91a0 026e 	LDS  R26,_sen_buff
000142 17ea      	CP   R30,R26
000143 f420      	BRSH _0x13
000144 91e0 026e 	LDS  R30,_sen_buff
                +
000146 93e0 028d+STS _sen + ( 21 ) , R30
                 	__PUTB1MN _sen,21
                 ; 0000 007C         if(sen_buff[1]>sen[13])	sen[13]=sen_buff[1];
                 _0x13:
                +
000148 91a0 026f+LDS R26 , _sen_buff + ( 1 )
                 	__GETB2MN _sen_buff,1
                +
00014a 91e0 0285+LDS R30 , _sen + ( 13 )
                 	__GETB1MN _sen,13
00014c 17ea      	CP   R30,R26
00014d f420      	BRSH _0x14
                +
00014e 91e0 026f+LDS R30 , _sen_buff + ( 1 )
                 	__GETB1MN _sen_buff,1
                +
000150 93e0 0285+STS _sen + ( 13 ) , R30
                 	__PUTB1MN _sen,13
                 ; 0000 007D         if(sen_buff[2]>sen[5])	sen[5]=sen_buff[2];
                 _0x14:
                +
000152 91a0 0270+LDS R26 , _sen_buff + ( 2 )
                 	__GETB2MN _sen_buff,2
                +
000154 91e0 027d+LDS R30 , _sen + ( 5 )
                 	__GETB1MN _sen,5
000156 17ea      	CP   R30,R26
000157 f420      	BRSH _0x15
                +
000158 91e0 0270+LDS R30 , _sen_buff + ( 2 )
                 	__GETB1MN _sen_buff,2
                +
00015a 93e0 027d+STS _sen + ( 5 ) , R30
                 	__PUTB1MN _sen,5
                 ; 0000 007E         if(sen_buff[3]>sen[25])	sen[25]=sen_buff[3];
                 _0x15:
00015c 940e 029f 	CALL SUBOPT_0x1
00015e f410      	BRSH _0x16
00015f 940e 02a5 	CALL SUBOPT_0x2
                 ; 0000 007F 
                 ; 0000 0080         sen_buff[0]=read_adc(0);
                 _0x16:
000161 940e 0286 	CALL SUBOPT_0x0
                 ; 0000 0081         sen_buff[1]=read_adc(1);
                 ; 0000 0082         sen_buff[2]=read_adc(2);
                 ; 0000 0083         sen_buff[3]=read_adc(3);
                 ; 0000 0084 
                 ; 0000 0085                         if(sen_buff[0]>sen[22])	sen[22]=sen_buff[0];
                +
000163 91e0 028e+LDS R30 , _sen + ( 22 )
                 	__GETB1MN _sen,22
000165 91a0 026e 	LDS  R26,_sen_buff
000167 17ea      	CP   R30,R26
000168 f420      	BRSH _0x17
000169 91e0 026e 	LDS  R30,_sen_buff
                +
00016b 93e0 028e+STS _sen + ( 22 ) , R30
                 	__PUTB1MN _sen,22
                 ; 0000 0086                         if(sen_buff[1]>sen[14])	sen[14]=sen_buff[1];
                 _0x17:
                +
00016d 91a0 026f+LDS R26 , _sen_buff + ( 1 )
                 	__GETB2MN _sen_buff,1
                +
00016f 91e0 0286+LDS R30 , _sen + ( 14 )
                 	__GETB1MN _sen,14
000171 17ea      	CP   R30,R26
000172 f420      	BRSH _0x18
                +
000173 91e0 026f+LDS R30 , _sen_buff + ( 1 )
                 	__GETB1MN _sen_buff,1
                +
000175 93e0 0286+STS _sen + ( 14 ) , R30
                 	__PUTB1MN _sen,14
                 ; 0000 0087                         if(sen_buff[2]>sen[6])	sen[6]=sen_buff[2];
                 _0x18:
                +
000177 91a0 0270+LDS R26 , _sen_buff + ( 2 )
                 	__GETB2MN _sen_buff,2
                +
000179 91e0 027e+LDS R30 , _sen + ( 6 )
                 	__GETB1MN _sen,6
00017b 17ea      	CP   R30,R26
00017c f420      	BRSH _0x19
                +
00017d 91e0 0270+LDS R30 , _sen_buff + ( 2 )
                 	__GETB1MN _sen_buff,2
                +
00017f 93e0 027e+STS _sen + ( 6 ) , R30
                 	__PUTB1MN _sen,6
                 ; 0000 0088                         if(sen_buff[3]>sen[25])	sen[25]=sen_buff[3];
                 _0x19:
000181 940e 029f 	CALL SUBOPT_0x1
000183 f410      	BRSH _0x1A
000184 940e 02a5 	CALL SUBOPT_0x2
                 ; 0000 0089                 //}
                 ; 0000 008A 
                 ; 0000 008B                 //else if((MUX_A==1)&&(MUX_B==1)&&(MUX_C==0))
                 ; 0000 008C                 //{
                 ; 0000 008D                 	sen_buff[0]=read_adc(0);
                 _0x1A:
000186 940e 0286 	CALL SUBOPT_0x0
                 ; 0000 008E                         sen_buff[1]=read_adc(1);
                 ; 0000 008F                         sen_buff[2]=read_adc(2);
                 ; 0000 0090                         sen_buff[3]=read_adc(3);
                 ; 0000 0091 
                 ; 0000 0092                         if(sen_buff[0]>sen[23])	sen[23]=sen_buff[0];
                +
000188 91e0 028f+LDS R30 , _sen + ( 23 )
                 	__GETB1MN _sen,23
00018a 91a0 026e 	LDS  R26,_sen_buff
00018c 17ea      	CP   R30,R26
00018d f420      	BRSH _0x1B
00018e 91e0 026e 	LDS  R30,_sen_buff
                +
000190 93e0 028f+STS _sen + ( 23 ) , R30
                 	__PUTB1MN _sen,23
                 ; 0000 0093                         if(sen_buff[1]>sen[15])	sen[15]=sen_buff[1];
                 _0x1B:
                +
000192 91a0 026f+LDS R26 , _sen_buff + ( 1 )
                 	__GETB2MN _sen_buff,1
                +
000194 91e0 0287+LDS R30 , _sen + ( 15 )
                 	__GETB1MN _sen,15
000196 17ea      	CP   R30,R26
000197 f420      	BRSH _0x1C
                +
000198 91e0 026f+LDS R30 , _sen_buff + ( 1 )
                 	__GETB1MN _sen_buff,1
                +
00019a 93e0 0287+STS _sen + ( 15 ) , R30
                 	__PUTB1MN _sen,15
                 ; 0000 0094                         if(sen_buff[2]>sen[7])	sen[7]=sen_buff[2];
                 _0x1C:
                +
00019c 91a0 0270+LDS R26 , _sen_buff + ( 2 )
                 	__GETB2MN _sen_buff,2
                +
00019e 91e0 027f+LDS R30 , _sen + ( 7 )
                 	__GETB1MN _sen,7
0001a0 17ea      	CP   R30,R26
0001a1 f420      	BRSH _0x1D
                +
0001a2 91e0 0270+LDS R30 , _sen_buff + ( 2 )
                 	__GETB1MN _sen_buff,2
                +
0001a4 93e0 027f+STS _sen + ( 7 ) , R30
                 	__PUTB1MN _sen,7
                 ; 0000 0095                         if(sen_buff[3]>sen[25])	sen[25]=sen_buff[3];
                 _0x1D:
0001a6 940e 029f 	CALL SUBOPT_0x1
0001a8 f410      	BRSH _0x1E
0001a9 940e 02a5 	CALL SUBOPT_0x2
                 ; 0000 0096                // }
                 ; 0000 0097 
                 ; 0000 0098                 //else if((MUX_A==1)&&(MUX_B==1)&&(MUX_C==1))
                 ; 0000 0099                 //{
                 ; 0000 009A                 	sen_buff[0]=read_adc(0);
                 _0x1E:
0001ab 940e 0286 	CALL SUBOPT_0x0
                 ; 0000 009B                         sen_buff[1]=read_adc(1);
                 ; 0000 009C                         sen_buff[2]=read_adc(2);
                 ; 0000 009D                         sen_buff[3]=read_adc(3);
                 ; 0000 009E 
                 ; 0000 009F                         if(sen_buff[0]>sen[24])	sen[24]=sen_buff[0];
                +
0001ad 91e0 0290+LDS R30 , _sen + ( 24 )
                 	__GETB1MN _sen,24
0001af 91a0 026e 	LDS  R26,_sen_buff
0001b1 17ea      	CP   R30,R26
0001b2 f420      	BRSH _0x1F
0001b3 91e0 026e 	LDS  R30,_sen_buff
                +
0001b5 93e0 0290+STS _sen + ( 24 ) , R30
                 	__PUTB1MN _sen,24
                 ; 0000 00A0                         if(sen_buff[1]>sen[16])	sen[16]=sen_buff[1];
                 _0x1F:
                +
0001b7 91a0 026f+LDS R26 , _sen_buff + ( 1 )
                 	__GETB2MN _sen_buff,1
                +
0001b9 91e0 0288+LDS R30 , _sen + ( 16 )
                 	__GETB1MN _sen,16
0001bb 17ea      	CP   R30,R26
0001bc f420      	BRSH _0x20
                +
0001bd 91e0 026f+LDS R30 , _sen_buff + ( 1 )
                 	__GETB1MN _sen_buff,1
                +
0001bf 93e0 0288+STS _sen + ( 16 ) , R30
                 	__PUTB1MN _sen,16
                 ; 0000 00A1                         if(sen_buff[2]>sen[8])	sen[8]=sen_buff[2];
                 _0x20:
                +
0001c1 91a0 0270+LDS R26 , _sen_buff + ( 2 )
                 	__GETB2MN _sen_buff,2
                +
0001c3 91e0 0280+LDS R30 , _sen + ( 8 )
                 	__GETB1MN _sen,8
0001c5 17ea      	CP   R30,R26
0001c6 f420      	BRSH _0x21
                +
0001c7 91e0 0270+LDS R30 , _sen_buff + ( 2 )
                 	__GETB1MN _sen_buff,2
                +
0001c9 93e0 0280+STS _sen + ( 8 ) , R30
                 	__PUTB1MN _sen,8
                 ; 0000 00A2                         if(sen_buff[3]>sen[25])	sen[25]=sen_buff[3];
                 _0x21:
0001cb 940e 029f 	CALL SUBOPT_0x1
0001cd f410      	BRSH _0x22
0001ce 940e 02a5 	CALL SUBOPT_0x2
                 ; 0000 00A3                // }
                 ; 0000 00A4 
                 ; 0000 00A5         putchar(13);
                 _0x22:
0001d0 940e 02aa 	CALL SUBOPT_0x3
                 ; 0000 00A6         puts("mulai");
                +
0001d2 e6e0     +LDI R30 , LOW ( _0x23 + ( 0 ) )
0001d3 e0f2     +LDI R31 , HIGH ( _0x23 + ( 0 ) )
                 	__POINTW1MN _0x23,0
0001d4 93fa      	ST   -Y,R31
0001d5 93ea      	ST   -Y,R30
0001d6 940e 0274 	CALL _puts
                 ; 0000 00A7         for(i=0;i<25;i++)
0001d8 2455      	CLR  R5
                 _0x25:
0001d9 e1e9      	LDI  R30,LOW(25)
0001da 165e      	CP   R5,R30
0001db f498      	BRSH _0x26
                 ; 0000 00A8         {
                 ; 0000 00A9         	putchar(13);
0001dc 940e 02aa 	CALL SUBOPT_0x3
                 ; 0000 00AA                 putchar(ratusan(sen[i+1]));
0001de 940e 02ae 	CALL SUBOPT_0x4
0001e0 de94      	RCALL _ratusan
0001e1 93ea      	ST   -Y,R30
0001e2 d08b      	RCALL _putchar
                 ; 0000 00AB                 putchar(puluhan(sen[i+1]));
0001e3 940e 02ae 	CALL SUBOPT_0x4
0001e5 de99      	RCALL _puluhan
0001e6 93ea      	ST   -Y,R30
0001e7 d086      	RCALL _putchar
                 ; 0000 00AC                 putchar(satuan(sen[i+1]));
0001e8 940e 02ae 	CALL SUBOPT_0x4
0001ea dea4      	RCALL _satuan
0001eb 93ea      	ST   -Y,R30
0001ec d081      	RCALL _putchar
                 ; 0000 00AD         }
0001ed 9453      	INC  R5
0001ee cfea      	RJMP _0x25
                 _0x26:
                 ; 0000 00AE         putchar(13);
0001ef 940e 02aa 	CALL SUBOPT_0x3
                 ; 0000 00AF         puts("selesai");
                +
0001f1 e6e6     +LDI R30 , LOW ( _0x23 + ( 6 ) )
0001f2 e0f2     +LDI R31 , HIGH ( _0x23 + ( 6 ) )
                 	__POINTW1MN _0x23,6
0001f3 93fa      	ST   -Y,R31
0001f4 93ea      	ST   -Y,R30
0001f5 940e 0274 	CALL _puts
                 ; 0000 00B0         putchar(13);
0001f7 940e 02aa 	CALL SUBOPT_0x3
                 ; 0000 00B1 
                 ; 0000 00B2         if(time==1000)
0001f9 eee8      	LDI  R30,LOW(1000)
0001fa e0f3      	LDI  R31,HIGH(1000)
0001fb 15e6      	CP   R30,R6
0001fc 05f7      	CPC  R31,R7
0001fd f471      	BRNE _0x27
                 ; 0000 00B3         {
                 ; 0000 00B4         	for(i=0;i<26;i++)
0001fe 2455      	CLR  R5
                 _0x29:
0001ff e1ea      	LDI  R30,LOW(26)
000200 165e      	CP   R5,R30
000201 f440      	BRSH _0x2A
                 ; 0000 00B5                 {
                 ; 0000 00B6                 	sen[i]=0;
000202 2de5      	MOV  R30,R5
000203 e0f0      	LDI  R31,0
000204 58e8      	SUBI R30,LOW(-_sen)
000205 4ffd      	SBCI R31,HIGH(-_sen)
000206 e0a0      	LDI  R26,LOW(0)
000207 83a0      	STD  Z+0,R26
                 ; 0000 00B7                 }
000208 9453      	INC  R5
000209 cff5      	RJMP _0x29
                 _0x2A:
                 ; 0000 00B8                 time=0;
00020a 2466      	CLR  R6
00020b 2477      	CLR  R7
                 ; 0000 00B9         }
                 ; 0000 00BA 
                 ; 0000 00BB         TCNT0=0x94;
                 _0x27:
00020c e9e4      	LDI  R30,LOW(148)
00020d bfe2      	OUT  0x32,R30
                 ; 0000 00BC }
00020e 91e9      	LD   R30,Y+
00020f bfef      	OUT  SREG,R30
000210 91f9      	LD   R31,Y+
000211 91e9      	LD   R30,Y+
000212 91b9      	LD   R27,Y+
000213 91a9      	LD   R26,Y+
000214 9199      	LD   R25,Y+
000215 9189      	LD   R24,Y+
000216 9179      	LD   R23,Y+
000217 9169      	LD   R22,Y+
000218 90f9      	LD   R15,Y+
000219 9019      	LD   R1,Y+
00021a 9009      	LD   R0,Y+
00021b 9518      	RETI
                 
                 	.DSEG
                 _0x23:
000260           	.BYTE 0xE
                 ;
                 ;#define ADC_VREF_TYPE 0x60
                 ;
                 ;// Read the 8 most significant bits
                 ;// of the AD conversion result
                 ;unsigned char read_adc(unsigned char adc_input)
                 ; 0000 00C3 {
                 
                 	.CSEG
                 _read_adc:
                 ; 0000 00C4 ADMUX=adc_input | (ADC_VREF_TYPE & 0xff);
                 ;	adc_input -> Y+0
00021c 81e8      	LD   R30,Y
00021d 66e0      	ORI  R30,LOW(0x60)
00021e b9e7      	OUT  0x7,R30
                 ; 0000 00C5 // Delay needed for the stabilization of the ADC input voltage
                 ; 0000 00C6 delay_us(10);
                +
00021f e285     +LDI R24 , LOW ( 37 )
                +__DELAY_USB_LOOP :
000220 958a     +DEC R24
000221 f7f1     +BRNE __DELAY_USB_LOOP
                 	__DELAY_USB 37
                 ; 0000 00C7 // Start the AD conversion
                 ; 0000 00C8 ADCSRA|=0x40;
000222 9a36      	SBI  0x6,6
                 ; 0000 00C9 // Wait for the AD conversion to complete
                 ; 0000 00CA while ((ADCSRA & 0x10)==0);
                 _0x2B:
000223 9b34      	SBIS 0x6,4
000224 cffe      	RJMP _0x2B
                 ; 0000 00CB ADCSRA|=0x10;
000225 9a34      	SBI  0x6,4
                 ; 0000 00CC return ADCH;
000226 b1e5      	IN   R30,0x5
000227 c04a      	RJMP _0x2060001
                 ; 0000 00CD }
                 ;
                 ;// Declare your global variables here
                 ;
                 ;void main(void)
                 ; 0000 00D2 {
                 _main:
                 ; 0000 00D3 // Declare your local variables here
                 ; 0000 00D4 
                 ; 0000 00D5 // Input/Output Ports initialization
                 ; 0000 00D6 // Port A initialization
                 ; 0000 00D7 // Func7=In Func6=In Func5=In Func4=In Func3=In Func2=In Func1=In Func0=In
                 ; 0000 00D8 // State7=T State6=T State5=T State4=T State3=T State2=T State1=T State0=T
                 ; 0000 00D9 PORTA=0x00;
000228 e0e0      	LDI  R30,LOW(0)
000229 bbeb      	OUT  0x1B,R30
                 ; 0000 00DA DDRA=0x00;
00022a bbea      	OUT  0x1A,R30
                 ; 0000 00DB 
                 ; 0000 00DC // Port B initialization
                 ; 0000 00DD // Func7=In Func6=In Func5=In Func4=In Func3=In Func2=In Func1=In Func0=In
                 ; 0000 00DE // State7=T State6=T State5=T State4=T State3=T State2=T State1=T State0=T
                 ; 0000 00DF PORTB=0x00;
00022b bbe8      	OUT  0x18,R30
                 ; 0000 00E0 DDRB=0x00;
00022c bbe7      	OUT  0x17,R30
                 ; 0000 00E1 
                 ; 0000 00E2 // Port C initialization
                 ; 0000 00E3 // Func7=In Func6=In Func5=In Func4=In Func3=In Func2=In Func1=In Func0=In
                 ; 0000 00E4 // State7=T State6=T State5=T State4=T State3=T State2=T State1=T State0=T
                 ; 0000 00E5 PORTC=0x00;
00022d bbe5      	OUT  0x15,R30
                 ; 0000 00E6 DDRC=0x00;
00022e bbe4      	OUT  0x14,R30
                 ; 0000 00E7 
                 ; 0000 00E8 // Port D initialization
                 ; 0000 00E9 // Func7=In Func6=In Func5=In Func4=In Func3=In Func2=In Func1=Out Func0=In
                 ; 0000 00EA // State7=T State6=T State5=T State4=T State3=T State2=T State1=1 State0=P
                 ; 0000 00EB PORTD=0x03;
00022f e0e3      	LDI  R30,LOW(3)
000230 bbe2      	OUT  0x12,R30
                 ; 0000 00EC DDRD=0x02;
000231 e0e2      	LDI  R30,LOW(2)
000232 bbe1      	OUT  0x11,R30
                 ; 0000 00ED 
                 ; 0000 00EE // Timer/Counter 0 initialization
                 ; 0000 00EF // Clock source: System Clock
                 ; 0000 00F0 // Clock value: 10.800 kHz
                 ; 0000 00F1 // Mode: Normal top=0xFF
                 ; 0000 00F2 // OC0 output: Disconnected
                 ; 0000 00F3 TCCR0=0x05;
000233 e0e5      	LDI  R30,LOW(5)
000234 bfe3      	OUT  0x33,R30
                 ; 0000 00F4 TCNT0=0x94;
000235 e9e4      	LDI  R30,LOW(148)
000236 bfe2      	OUT  0x32,R30
                 ; 0000 00F5 OCR0=0x00;
000237 e0e0      	LDI  R30,LOW(0)
000238 bfec      	OUT  0x3C,R30
                 ; 0000 00F6 
                 ; 0000 00F7 // Timer/Counter 1 initialization
                 ; 0000 00F8 // Clock source: System Clock
                 ; 0000 00F9 // Clock value: Timer1 Stopped
                 ; 0000 00FA // Mode: Normal top=0xFFFF
                 ; 0000 00FB // OC1A output: Discon.
                 ; 0000 00FC // OC1B output: Discon.
                 ; 0000 00FD // Noise Canceler: Off
                 ; 0000 00FE // Input Capture on Falling Edge
                 ; 0000 00FF // Timer1 Overflow Interrupt: Off
                 ; 0000 0100 // Input Capture Interrupt: Off
                 ; 0000 0101 // Compare A Match Interrupt: Off
                 ; 0000 0102 // Compare B Match Interrupt: Off
                 ; 0000 0103 TCCR1A=0x00;
000239 bdef      	OUT  0x2F,R30
                 ; 0000 0104 TCCR1B=0x00;
00023a bdee      	OUT  0x2E,R30
                 ; 0000 0105 TCNT1H=0x00;
00023b bded      	OUT  0x2D,R30
                 ; 0000 0106 TCNT1L=0x00;
00023c bdec      	OUT  0x2C,R30
                 ; 0000 0107 ICR1H=0x00;
00023d bde7      	OUT  0x27,R30
                 ; 0000 0108 ICR1L=0x00;
00023e bde6      	OUT  0x26,R30
                 ; 0000 0109 OCR1AH=0x00;
00023f bdeb      	OUT  0x2B,R30
                 ; 0000 010A OCR1AL=0x00;
000240 bdea      	OUT  0x2A,R30
                 ; 0000 010B OCR1BH=0x00;
000241 bde9      	OUT  0x29,R30
                 ; 0000 010C OCR1BL=0x00;
000242 bde8      	OUT  0x28,R30
                 ; 0000 010D 
                 ; 0000 010E // Timer/Counter 2 initialization
                 ; 0000 010F // Clock source: System Clock
                 ; 0000 0110 // Clock value: Timer2 Stopped
                 ; 0000 0111 // Mode: Normal top=0xFF
                 ; 0000 0112 // OC2 output: Disconnected
                 ; 0000 0113 ASSR=0x00;
000243 bde2      	OUT  0x22,R30
                 ; 0000 0114 TCCR2=0x00;
000244 bde5      	OUT  0x25,R30
                 ; 0000 0115 TCNT2=0x00;
000245 bde4      	OUT  0x24,R30
                 ; 0000 0116 OCR2=0x00;
000246 bde3      	OUT  0x23,R30
                 ; 0000 0117 
                 ; 0000 0118 // External Interrupt(s) initialization
                 ; 0000 0119 // INT0: On
                 ; 0000 011A // INT0 Mode: Rising Edge
                 ; 0000 011B // INT1: Off
                 ; 0000 011C // INT2: Off
                 ; 0000 011D GICR|=0x40;
000247 b7eb      	IN   R30,0x3B
000248 64e0      	ORI  R30,0x40
000249 bfeb      	OUT  0x3B,R30
                 ; 0000 011E MCUCR=0x03;
00024a e0e3      	LDI  R30,LOW(3)
00024b bfe5      	OUT  0x35,R30
                 ; 0000 011F MCUCSR=0x00;
00024c e0e0      	LDI  R30,LOW(0)
00024d bfe4      	OUT  0x34,R30
                 ; 0000 0120 GIFR=0x40;
00024e e4e0      	LDI  R30,LOW(64)
00024f bfea      	OUT  0x3A,R30
                 ; 0000 0121 
                 ; 0000 0122 // Timer(s)/Counter(s) Interrupt(s) initialization
                 ; 0000 0123 TIMSK=0x01;
000250 e0e1      	LDI  R30,LOW(1)
000251 bfe9      	OUT  0x39,R30
                 ; 0000 0124 
                 ; 0000 0125 // USART initialization
                 ; 0000 0126 // Communication Parameters: 8 Data, 1 Stop, No Parity
                 ; 0000 0127 // USART Receiver: Off
                 ; 0000 0128 // USART Transmitter: On
                 ; 0000 0129 // USART Mode: Asynchronous
                 ; 0000 012A // USART Baud Rate: 1200
                 ; 0000 012B UCSRA=0x00;
000252 e0e0      	LDI  R30,LOW(0)
000253 b9eb      	OUT  0xB,R30
                 ; 0000 012C UCSRB=0x08;
000254 e0e8      	LDI  R30,LOW(8)
000255 b9ea      	OUT  0xA,R30
                 ; 0000 012D UCSRC=0x86;
000256 e8e6      	LDI  R30,LOW(134)
000257 bde0      	OUT  0x20,R30
                 ; 0000 012E UBRRH=0x02;
000258 e0e2      	LDI  R30,LOW(2)
000259 bde0      	OUT  0x20,R30
                 ; 0000 012F UBRRL=0x3F;
00025a e3ef      	LDI  R30,LOW(63)
00025b b9e9      	OUT  0x9,R30
                 ; 0000 0130 
                 ; 0000 0131 // Analog Comparator initialization
                 ; 0000 0132 // Analog Comparator: Off
                 ; 0000 0133 // Analog Comparator Input Capture by Timer/Counter 1: Off
                 ; 0000 0134 ACSR=0x80;
00025c e8e0      	LDI  R30,LOW(128)
00025d b9e8      	OUT  0x8,R30
                 ; 0000 0135 SFIOR=0x00;
00025e e0e0      	LDI  R30,LOW(0)
00025f bfe0      	OUT  0x30,R30
                 ; 0000 0136 
                 ; 0000 0137 // ADC initialization
                 ; 0000 0138 // ADC Clock frequency: 691.200 kHz
                 ; 0000 0139 // ADC Voltage Reference: AVCC pin
                 ; 0000 013A // Only the 8 most significant bits of
                 ; 0000 013B // the AD conversion result are used
                 ; 0000 013C ADMUX=ADC_VREF_TYPE & 0xff;
000260 e6e0      	LDI  R30,LOW(96)
000261 b9e7      	OUT  0x7,R30
                 ; 0000 013D ADCSRA=0x84;
000262 e8e4      	LDI  R30,LOW(132)
000263 b9e6      	OUT  0x6,R30
                 ; 0000 013E 
                 ; 0000 013F // SPI initialization
                 ; 0000 0140 // SPI disabled
                 ; 0000 0141 SPCR=0x00;
000264 e0e0      	LDI  R30,LOW(0)
000265 b9ed      	OUT  0xD,R30
                 ; 0000 0142 
                 ; 0000 0143 // TWI initialization
                 ; 0000 0144 // TWI disabled
                 ; 0000 0145 TWCR=0x00;
000266 bfe6      	OUT  0x36,R30
                 ; 0000 0146 
                 ; 0000 0147 time=0;
000267 2466      	CLR  R6
000268 2477      	CLR  R7
                 ; 0000 0148 
                 ; 0000 0149 enadc=0;
000269 94e8      	CLT
00026a f820      	BLD  R2,0
                 ; 0000 014A 
                 ; 0000 014B // Global enable interrupts
                 ; 0000 014C #asm("sei")
00026b 9478      	sei
                 ; 0000 014D 
                 ; 0000 014E while (1)
                 _0x2E:
                 ; 0000 014F       {
                 ; 0000 0150       /* Place your code here
                 ; 0000 0151       		if((MUX_A==0)&&(MUX_B==0)&&(MUX_C==0))
                 ; 0000 0152                 {
                 ; 0000 0153                 	sen_buff[0]=read_adc(0);
                 ; 0000 0154                         sen_buff[1]=read_adc(1);
                 ; 0000 0155                         sen_buff[2]=read_adc(2);
                 ; 0000 0156                         sen_buff[3]=read_adc(3);
                 ; 0000 0157 
                 ; 0000 0158                         if(sen_buff[0]>sen[17])	sen[17]=sen_buff[0];
                 ; 0000 0159                         if(sen_buff[1]>sen[9])	sen[9]=sen_buff[1];
                 ; 0000 015A                         if(sen_buff[2]>sen[1])	sen[1]=sen_buff[2];
                 ; 0000 015B                         if(sen_buff[3]>sen[25])	sen[25]=sen_buff[3];
                 ; 0000 015C                 }
                 ; 0000 015D 
                 ; 0000 015E                 else if((MUX_A==0)&&(MUX_B==0)&&(MUX_C==1))
                 ; 0000 015F                 {
                 ; 0000 0160                 	sen_buff[0]=read_adc(0);
                 ; 0000 0161                         sen_buff[1]=read_adc(1);
                 ; 0000 0162                         sen_buff[2]=read_adc(2);
                 ; 0000 0163                         sen_buff[3]=read_adc(3);
                 ; 0000 0164 
                 ; 0000 0165                         if(sen_buff[0]>sen[18])	sen[18]=sen_buff[0];
                 ; 0000 0166                         if(sen_buff[1]>sen[10])	sen[10]=sen_buff[1];
                 ; 0000 0167                         if(sen_buff[2]>sen[2])	sen[2]=sen_buff[2];
                 ; 0000 0168                         if(sen_buff[3]>sen[25])	sen[25]=sen_buff[3];
                 ; 0000 0169                 }
                 ; 0000 016A 
                 ; 0000 016B                 else if((MUX_A==0)&&(MUX_B==1)&&(MUX_C==0))
                 ; 0000 016C                 {
                 ; 0000 016D                 	sen_buff[0]=read_adc(0);
                 ; 0000 016E                         sen_buff[1]=read_adc(1);
                 ; 0000 016F                         sen_buff[2]=read_adc(2);
                 ; 0000 0170                         sen_buff[3]=read_adc(3);
                 ; 0000 0171 
                 ; 0000 0172                         if(sen_buff[0]>sen[19])	sen[18]=sen_buff[0];
                 ; 0000 0173                         if(sen_buff[1]>sen[11])	sen[11]=sen_buff[1];
                 ; 0000 0174                         if(sen_buff[2]>sen[3])	sen[3]=sen_buff[2];
                 ; 0000 0175                         if(sen_buff[3]>sen[25])	sen[25]=sen_buff[3];
                 ; 0000 0176                 }
                 ; 0000 0177 
                 ; 0000 0178                 else if((MUX_A==0)&&(MUX_B==1)&&(MUX_C==1))
                 ; 0000 0179                 {
                 ; 0000 017A                 	sen_buff[0]=read_adc(0);
                 ; 0000 017B                         sen_buff[1]=read_adc(1);
                 ; 0000 017C                         sen_buff[2]=read_adc(2);
                 ; 0000 017D                         sen_buff[3]=read_adc(3);
                 ; 0000 017E 
                 ; 0000 017F                         if(sen_buff[0]>sen[20])	sen[20]=sen_buff[0];
                 ; 0000 0180                         if(sen_buff[1]>sen[12])	sen[12]=sen_buff[1];
                 ; 0000 0181                         if(sen_buff[2]>sen[4])	sen[4]=sen_buff[2];
                 ; 0000 0182                         if(sen_buff[3]>sen[25])	sen[25]=sen_buff[3];
                 ; 0000 0183                 }
                 ; 0000 0184 
                 ; 0000 0185                 else if((MUX_A==1)&&(MUX_B==0)&&(MUX_C==0))
                 ; 0000 0186                 {
                 ; 0000 0187                 	sen_buff[0]=read_adc(0);
                 ; 0000 0188                         sen_buff[1]=read_adc(1);
                 ; 0000 0189                         sen_buff[2]=read_adc(2);
                 ; 0000 018A                         sen_buff[3]=read_adc(3);
                 ; 0000 018B 
                 ; 0000 018C                         if(sen_buff[0]>sen[21])	sen[21]=sen_buff[0];
                 ; 0000 018D                         if(sen_buff[1]>sen[13])	sen[13]=sen_buff[1];
                 ; 0000 018E                         if(sen_buff[2]>sen[5])	sen[5]=sen_buff[2];
                 ; 0000 018F                         if(sen_buff[3]>sen[25])	sen[25]=sen_buff[3];
                 ; 0000 0190                 }
                 ; 0000 0191 
                 ; 0000 0192                 else if((MUX_A==1)&&(MUX_B==0)&&(MUX_C==1))
                 ; 0000 0193                 {
                 ; 0000 0194                 	sen_buff[0]=read_adc(0);
                 ; 0000 0195                         sen_buff[1]=read_adc(1);
                 ; 0000 0196                         sen_buff[2]=read_adc(2);
                 ; 0000 0197                         sen_buff[3]=read_adc(3);
                 ; 0000 0198 
                 ; 0000 0199                         if(sen_buff[0]>sen[22])	sen[22]=sen_buff[0];
                 ; 0000 019A                         if(sen_buff[1]>sen[14])	sen[14]=sen_buff[1];
                 ; 0000 019B                         if(sen_buff[2]>sen[6])	sen[6]=sen_buff[2];
                 ; 0000 019C                         if(sen_buff[3]>sen[25])	sen[25]=sen_buff[3];
                 ; 0000 019D                 }
                 ; 0000 019E 
                 ; 0000 019F                 else if((MUX_A==1)&&(MUX_B==1)&&(MUX_C==0))
                 ; 0000 01A0                 {
                 ; 0000 01A1                 	sen_buff[0]=read_adc(0);
                 ; 0000 01A2                         sen_buff[1]=read_adc(1);
                 ; 0000 01A3                         sen_buff[2]=read_adc(2);
                 ; 0000 01A4                         sen_buff[3]=read_adc(3);
                 ; 0000 01A5 
                 ; 0000 01A6                         if(sen_buff[0]>sen[23])	sen[23]=sen_buff[0];
                 ; 0000 01A7                         if(sen_buff[1]>sen[15])	sen[15]=sen_buff[1];
                 ; 0000 01A8                         if(sen_buff[2]>sen[7])	sen[7]=sen_buff[2];
                 ; 0000 01A9                         if(sen_buff[3]>sen[25])	sen[25]=sen_buff[3];
                 ; 0000 01AA                 }
                 ; 0000 01AB 
                 ; 0000 01AC                 else if((MUX_A==1)&&(MUX_B==1)&&(MUX_C==1))
                 ; 0000 01AD                 {
                 ; 0000 01AE                 	sen_buff[0]=read_adc(0);
                 ; 0000 01AF                         sen_buff[1]=read_adc(1);
                 ; 0000 01B0                         sen_buff[2]=read_adc(2);
                 ; 0000 01B1                         sen_buff[3]=read_adc(3);
                 ; 0000 01B2 
                 ; 0000 01B3                         if(sen_buff[0]>sen[24])	sen[24]=sen_buff[0];
                 ; 0000 01B4                         if(sen_buff[1]>sen[16])	sen[16]=sen_buff[1];
                 ; 0000 01B5                         if(sen_buff[2]>sen[8])	sen[8]=sen_buff[2];
                 ; 0000 01B6                         if(sen_buff[3]>sen[25])	sen[25]=sen_buff[3];
                 ; 0000 01B7                 }  */
                 ; 0000 01B8       }
00026c cfff      	RJMP _0x2E
                 ; 0000 01B9 }
                 _0x31:
00026d cfff      	RJMP _0x31
                 	#ifndef __SLEEP_DEFINED__
                 	#endif
                 
                 	.CSEG
                 _putchar:
                 putchar0:
00026e 9b5d           sbis usr,udre
00026f cffe           rjmp putchar0
000270 81e8           ld   r30,y
000271 b9ec           out  udr,r30
                 _0x2060001:
000272 9621      	ADIW R28,1
000273 9508      	RET
                 _puts:
000274 931a      	ST   -Y,R17
                 _0x2000003:
000275 81a9      	LDD  R26,Y+1
000276 81ba      	LDD  R27,Y+1+1
000277 91ed      	LD   R30,X+
000278 83a9      	STD  Y+1,R26
000279 83ba      	STD  Y+1+1,R27
00027a 2f1e      	MOV  R17,R30
00027b 30e0      	CPI  R30,0
00027c f019      	BREQ _0x2000005
00027d 931a      	ST   -Y,R17
00027e dfef      	RCALL _putchar
00027f cff5      	RJMP _0x2000003
                 _0x2000005:
000280 e0ea      	LDI  R30,LOW(10)
000281 93ea      	ST   -Y,R30
000282 dfeb      	RCALL _putchar
000283 8118      	LDD  R17,Y+0
000284 9623      	ADIW R28,3
000285 9508      	RET
                 
                 	.CSEG
                 
                 	.CSEG
                 
                 	.DSEG
                 _sen_buff:
00026e           	.BYTE 0xA
                 _sen:
000278           	.BYTE 0x1A
                 
                 	.CSEG
                 ;OPTIMIZER ADDED SUBROUTINE, CALLED 8 TIMES, CODE SIZE REDUCTION:151 WORDS
                 SUBOPT_0x0:
000286 e0e0      	LDI  R30,LOW(0)
000287 93ea      	ST   -Y,R30
000288 940e 021c 	CALL _read_adc
00028a 93e0 026e 	STS  _sen_buff,R30
00028c e0e1      	LDI  R30,LOW(1)
00028d 93ea      	ST   -Y,R30
00028e 940e 021c 	CALL _read_adc
                +
000290 93e0 026f+STS _sen_buff + ( 1 ) , R30
                 	__PUTB1MN _sen_buff,1
000292 e0e2      	LDI  R30,LOW(2)
000293 93ea      	ST   -Y,R30
000294 940e 021c 	CALL _read_adc
                +
000296 93e0 0270+STS _sen_buff + ( 2 ) , R30
                 	__PUTB1MN _sen_buff,2
000298 e0e3      	LDI  R30,LOW(3)
000299 93ea      	ST   -Y,R30
00029a 940e 021c 	CALL _read_adc
                +
00029c 93e0 0271+STS _sen_buff + ( 3 ) , R30
                 	__PUTB1MN _sen_buff,3
00029e 9508      	RET
                 
                 ;OPTIMIZER ADDED SUBROUTINE, CALLED 8 TIMES, CODE SIZE REDUCTION:18 WORDS
                 SUBOPT_0x1:
                +
00029f 91a0 0271+LDS R26 , _sen_buff + ( 3 )
                 	__GETB2MN _sen_buff,3
                +
0002a1 91e0 0291+LDS R30 , _sen + ( 25 )
                 	__GETB1MN _sen,25
0002a3 17ea      	CP   R30,R26
0002a4 9508      	RET
                 
                 ;OPTIMIZER ADDED SUBROUTINE, CALLED 8 TIMES, CODE SIZE REDUCTION:11 WORDS
                 SUBOPT_0x2:
                +
0002a5 91e0 0271+LDS R30 , _sen_buff + ( 3 )
                 	__GETB1MN _sen_buff,3
                +
0002a7 93e0 0291+STS _sen + ( 25 ) , R30
                 	__PUTB1MN _sen,25
0002a9 9508      	RET
                 
                 ;OPTIMIZER ADDED SUBROUTINE, CALLED 4 TIMES, CODE SIZE REDUCTION:3 WORDS
                 SUBOPT_0x3:
0002aa e0ed      	LDI  R30,LOW(13)
0002ab 93ea      	ST   -Y,R30
0002ac 940c 026e 	JMP  _putchar
                 
                 ;OPTIMIZER ADDED SUBROUTINE, CALLED 3 TIMES, CODE SIZE REDUCTION:9 WORDS
                 SUBOPT_0x4:
0002ae 2de5      	MOV  R30,R5
0002af e0f0      	LDI  R31,0
                +
0002b0 58e7     +SUBI R30 , LOW ( - _sen - ( 1 ) )
0002b1 4ffd     +SBCI R31 , HIGH ( - _sen - ( 1 ) )
                 	__ADDW1MN _sen,1
0002b2 81e0      	LD   R30,Z
0002b3 93ea      	ST   -Y,R30
0002b4 9508      	RET
                 
                 
                 	.CSEG
                 __ANEGW1:
0002b5 95f1      	NEG  R31
0002b6 95e1      	NEG  R30
0002b7 40f0      	SBCI R31,0
0002b8 9508      	RET
                 
                 __DIVW21U:
0002b9 2400      	CLR  R0
0002ba 2411      	CLR  R1
0002bb e190      	LDI  R25,16
                 __DIVW21U1:
0002bc 0faa      	LSL  R26
0002bd 1fbb      	ROL  R27
0002be 1c00      	ROL  R0
0002bf 1c11      	ROL  R1
0002c0 1a0e      	SUB  R0,R30
0002c1 0a1f      	SBC  R1,R31
0002c2 f418      	BRCC __DIVW21U2
0002c3 0e0e      	ADD  R0,R30
0002c4 1e1f      	ADC  R1,R31
0002c5 c001      	RJMP __DIVW21U3
                 __DIVW21U2:
0002c6 60a1      	SBR  R26,1
                 __DIVW21U3:
0002c7 959a      	DEC  R25
0002c8 f799      	BRNE __DIVW21U1
0002c9 01fd      	MOVW R30,R26
0002ca 01d0      	MOVW R26,R0
0002cb 9508      	RET
                 
                 __DIVW21:
0002cc d012      	RCALL __CHKSIGNW
0002cd dfeb      	RCALL __DIVW21U
0002ce f40e      	BRTC __DIVW211
0002cf dfe5      	RCALL __ANEGW1
                 __DIVW211:
0002d0 9508      	RET
                 
                 __MODW21:
0002d1 94e8      	CLT
0002d2 ffb7      	SBRS R27,7
0002d3 c004      	RJMP __MODW211
0002d4 95a0      	COM  R26
0002d5 95b0      	COM  R27
0002d6 9611      	ADIW R26,1
0002d7 9468      	SET
                 __MODW211:
0002d8 fdf7      	SBRC R31,7
0002d9 dfdb      	RCALL __ANEGW1
0002da dfde      	RCALL __DIVW21U
0002db 01fd      	MOVW R30,R26
0002dc f40e      	BRTC __MODW212
0002dd dfd7      	RCALL __ANEGW1
                 __MODW212:
0002de 9508      	RET
                 
                 __CHKSIGNW:
0002df 94e8      	CLT
0002e0 fff7      	SBRS R31,7
0002e1 c002      	RJMP __CHKSW1
0002e2 dfd2      	RCALL __ANEGW1
0002e3 9468      	SET
                 __CHKSW1:
0002e4 ffb7      	SBRS R27,7
0002e5 c006      	RJMP __CHKSW2
0002e6 95a0      	COM  R26
0002e7 95b0      	COM  R27
0002e8 9611      	ADIW R26,1
0002e9 f800      	BLD  R0,0
0002ea 9403      	INC  R0
0002eb fa00      	BST  R0,0
                 __CHKSW2:
0002ec 9508      	RET
                 
                 ;END OF CODE MARKER
                 __END_OF_CODE:


RESOURCE USE INFORMATION
------------------------

Notice:
The register and instruction counts are symbol table hit counts,
and hence implicitly used resources are not counted, eg, the
'lpm' instruction without operands implicitly uses r0 and z,
none of which are counted.

x,y,z are separate entities in the symbol table and are
counted separately from r26..r31 here.

.dseg memory usage only counts static data declared with .byte

ATmega32 register use summary:
r0 :  14 r1 :   7 r2 :   1 r3 :   0 r4 :   0 r5 :   8 r6 :   5 r7 :   3 
r8 :   0 r9 :   0 r10:   0 r11:   0 r12:   0 r13:   0 r14:   0 r15:   2 
r16:   0 r17:   4 r18:   0 r19:   0 r20:   0 r21:   0 r22:   4 r23:   2 
r24:  11 r25:   6 r26:  72 r27:  15 r28:   3 r29:   1 r30: 247 r31:  27 
x  :   4 y  :  53 z  :   9 
Registers used: 21 out of 35 (60.0%)

ATmega32 instruction use summary:
.lds  :   0 .lds.l:   0 .sts  :   0 .sts.l:   0 adc   :   1 add   :   1 
adiw  :   5 and   :   0 andi  :   0 asr   :   0 bclr  :   0 bld   :   2 
brbc  :   0 brbs  :   0 brcc  :   1 brcs  :   0 break :   0 breq  :   2 
brge  :   0 brhc  :   0 brhs  :   0 brid  :   0 brie  :   0 brlo  :   0 
brlt  :   0 brmi  :   0 brne  :   6 brpl  :   0 brsh  :  34 brtc  :   2 
brts  :   0 brvc  :   0 brvs  :   0 bset  :   0 bst   :   1 call  :  41 
cbi   :   0 cbr   :   0 clc   :   0 clh   :   0 cli   :   1 cln   :   0 
clr   :  12 cls   :   0 clt   :   3 clv   :   0 clz   :   0 com   :   4 
cp    :  28 cpc   :   1 cpi   :   1 cpse  :   0 dec   :   3 des   :   0 
eor   :   0 fmul  :   0 fmuls :   0 fmulsu:   0 icall :   0 ijmp  :   0 
in    :   3 inc   :   3 jmp   :  26 ld    :  20 ldd   :   3 ldi   :  63 
lds   :  75 lpm   :   7 lsl   :   1 lsr   :   0 mov   :   3 movw  :   8 
mul   :   0 muls  :   0 mulsu :   0 neg   :   2 nop   :   0 or    :   0 
ori   :   2 out   :  53 pop   :   0 push  :   0 rcall :  15 ret   :  11 
reti  :   1 rjmp  :  13 rol   :   3 ror   :   0 sbc   :   1 sbci  :   3 
sbi   :   2 sbic  :   0 sbis  :   2 sbiw  :   3 sbr   :   1 sbrc  :   1 
sbrs  :   3 sec   :   0 seh   :   0 sei   :   1 sen   :   0 ser   :   0 
ses   :   0 set   :   2 sev   :   0 sez   :   0 sleep :   0 spm   :   0 
st    :  33 std   :   3 sts   :  29 sub   :   1 subi  :   5 swap  :   0 
tst   :   0 wdr   :   0 
Instructions used: 53 out of 116 (45.7%)

ATmega32 memory use summary [bytes]:
Segment   Begin    End      Code   Data   Used    Size   Use%
---------------------------------------------------------------
[.cseg] 0x000000 0x0005da   1444     54   1498   32768   4.6%
[.dseg] 0x000060 0x000292      0     50     50    2143   2.3%
[.eseg] 0x000000 0x000000      0      0      0    1024   0.0%

Assembly complete, 0 errors, 2 warnings
