
AVRASM ver. 2.1.30  D:\Punya Koko\LPKTA\APA\List\pattern.asm Fri Jun 08 23:11:34 2012

D:\Punya Koko\LPKTA\APA\List\pattern.asm(1059): warning: Register r4 already defined by the .DEF directive
D:\Punya Koko\LPKTA\APA\List\pattern.asm(1060): warning: Register r7 already defined by the .DEF directive
                 
                 
                 ;CodeVisionAVR C Compiler V2.05.0 Professional
                 ;(C) Copyright 1998-2010 Pavel Haiduc, HP InfoTech s.r.l.
                 ;http://www.hpinfotech.com
                 
                 ;Chip type                : ATmega32
                 ;Program type             : Application
                 ;Clock frequency          : 11.059200 MHz
                 ;Memory model             : Small
                 ;Optimize for             : Size
                 ;(s)printf features       : int, width
                 ;(s)scanf features        : int, width
                 ;External RAM size        : 0
                 ;Data Stack size          : 512 byte(s)
                 ;Heap size                : 0 byte(s)
                 ;Promote 'char' to 'int'  : Yes
                 ;'char' is unsigned       : Yes
                 ;8 bit enums              : Yes
                 ;global 'const' stored in FLASH: No
                 ;Enhanced core instructions    : On
                 ;Smart register allocation     : On
                 ;Automatic register allocation : On
                 
                 	#pragma AVRPART ADMIN PART_NAME ATmega32
                 	#pragma AVRPART MEMORY PROG_FLASH 32768
                 	#pragma AVRPART MEMORY EEPROM 1024
                 	#pragma AVRPART MEMORY INT_SRAM SIZE 2143
                 	#pragma AVRPART MEMORY INT_SRAM START_ADDR 0x60
                 
                 	#define CALL_SUPPORTED 1
                 
                 	.LISTMAC
                 	.EQU UDRE=0x5
                 	.EQU RXC=0x7
                 	.EQU USR=0xB
                 	.EQU UDR=0xC
                 	.EQU SPSR=0xE
                 	.EQU SPDR=0xF
                 	.EQU EERE=0x0
                 	.EQU EEWE=0x1
                 	.EQU EEMWE=0x2
                 	.EQU EECR=0x1C
                 	.EQU EEDR=0x1D
                 	.EQU EEARL=0x1E
                 	.EQU EEARH=0x1F
                 	.EQU WDTCR=0x21
                 	.EQU MCUCR=0x35
                 	.EQU GICR=0x3B
                 	.EQU SPL=0x3D
                 	.EQU SPH=0x3E
                 	.EQU SREG=0x3F
                 
                 	.DEF R0X0=R0
                 	.DEF R0X1=R1
                 	.DEF R0X2=R2
                 	.DEF R0X3=R3
                 	.DEF R0X4=R4
                 	.DEF R0X5=R5
                 	.DEF R0X6=R6
                 	.DEF R0X7=R7
                 	.DEF R0X8=R8
                 	.DEF R0X9=R9
                 	.DEF R0XA=R10
                 	.DEF R0XB=R11
                 	.DEF R0XC=R12
                 	.DEF R0XD=R13
                 	.DEF R0XE=R14
                 	.DEF R0XF=R15
                 	.DEF R0X10=R16
                 	.DEF R0X11=R17
                 	.DEF R0X12=R18
                 	.DEF R0X13=R19
                 	.DEF R0X14=R20
                 	.DEF R0X15=R21
                 	.DEF R0X16=R22
                 	.DEF R0X17=R23
                 	.DEF R0X18=R24
                 	.DEF R0X19=R25
                 	.DEF R0X1A=R26
                 	.DEF R0X1B=R27
                 	.DEF R0X1C=R28
                 	.DEF R0X1D=R29
                 	.DEF R0X1E=R30
                 	.DEF R0X1F=R31
                 
                 	.EQU __SRAM_START=0x0060
                 	.EQU __SRAM_END=0x085F
                 	.EQU __DSTACK_SIZE=0x0200
                 	.EQU __HEAP_SIZE=0x0000
                 	.EQU __CLEAR_SRAM_SIZE=__SRAM_END-__SRAM_START+1
                 
                 	.MACRO __CPD1N
                 	CPI  R30,LOW(@0)
                 	LDI  R26,HIGH(@0)
                 	CPC  R31,R26
                 	LDI  R26,BYTE3(@0)
                 	CPC  R22,R26
                 	LDI  R26,BYTE4(@0)
                 	CPC  R23,R26
                 	.ENDM
                 
                 	.MACRO __CPD2N
                 	CPI  R26,LOW(@0)
                 	LDI  R30,HIGH(@0)
                 	CPC  R27,R30
                 	LDI  R30,BYTE3(@0)
                 	CPC  R24,R30
                 	LDI  R30,BYTE4(@0)
                 	CPC  R25,R30
                 	.ENDM
                 
                 	.MACRO __CPWRR
                 	CP   R@0,R@2
                 	CPC  R@1,R@3
                 	.ENDM
                 
                 	.MACRO __CPWRN
                 	CPI  R@0,LOW(@2)
                 	LDI  R30,HIGH(@2)
                 	CPC  R@1,R30
                 	.ENDM
                 
                 	.MACRO __ADDB1MN
                 	SUBI R30,LOW(-@0-(@1))
                 	.ENDM
                 
                 	.MACRO __ADDB2MN
                 	SUBI R26,LOW(-@0-(@1))
                 	.ENDM
                 
                 	.MACRO __ADDW1MN
                 	SUBI R30,LOW(-@0-(@1))
                 	SBCI R31,HIGH(-@0-(@1))
                 	.ENDM
                 
                 	.MACRO __ADDW2MN
                 	SUBI R26,LOW(-@0-(@1))
                 	SBCI R27,HIGH(-@0-(@1))
                 	.ENDM
                 
                 	.MACRO __ADDW1FN
                 	SUBI R30,LOW(-2*@0-(@1))
                 	SBCI R31,HIGH(-2*@0-(@1))
                 	.ENDM
                 
                 	.MACRO __ADDD1FN
                 	SUBI R30,LOW(-2*@0-(@1))
                 	SBCI R31,HIGH(-2*@0-(@1))
                 	SBCI R22,BYTE3(-2*@0-(@1))
                 	.ENDM
                 
                 	.MACRO __ADDD1N
                 	SUBI R30,LOW(-@0)
                 	SBCI R31,HIGH(-@0)
                 	SBCI R22,BYTE3(-@0)
                 	SBCI R23,BYTE4(-@0)
                 	.ENDM
                 
                 	.MACRO __ADDD2N
                 	SUBI R26,LOW(-@0)
                 	SBCI R27,HIGH(-@0)
                 	SBCI R24,BYTE3(-@0)
                 	SBCI R25,BYTE4(-@0)
                 	.ENDM
                 
                 	.MACRO __SUBD1N
                 	SUBI R30,LOW(@0)
                 	SBCI R31,HIGH(@0)
                 	SBCI R22,BYTE3(@0)
                 	SBCI R23,BYTE4(@0)
                 	.ENDM
                 
                 	.MACRO __SUBD2N
                 	SUBI R26,LOW(@0)
                 	SBCI R27,HIGH(@0)
                 	SBCI R24,BYTE3(@0)
                 	SBCI R25,BYTE4(@0)
                 	.ENDM
                 
                 	.MACRO __ANDBMNN
                 	LDS  R30,@0+(@1)
                 	ANDI R30,LOW(@2)
                 	STS  @0+(@1),R30
                 	.ENDM
                 
                 	.MACRO __ANDWMNN
                 	LDS  R30,@0+(@1)
                 	ANDI R30,LOW(@2)
                 	STS  @0+(@1),R30
                 	LDS  R30,@0+(@1)+1
                 	ANDI R30,HIGH(@2)
                 	STS  @0+(@1)+1,R30
                 	.ENDM
                 
                 	.MACRO __ANDD1N
                 	ANDI R30,LOW(@0)
                 	ANDI R31,HIGH(@0)
                 	ANDI R22,BYTE3(@0)
                 	ANDI R23,BYTE4(@0)
                 	.ENDM
                 
                 	.MACRO __ANDD2N
                 	ANDI R26,LOW(@0)
                 	ANDI R27,HIGH(@0)
                 	ANDI R24,BYTE3(@0)
                 	ANDI R25,BYTE4(@0)
                 	.ENDM
                 
                 	.MACRO __ORBMNN
                 	LDS  R30,@0+(@1)
                 	ORI  R30,LOW(@2)
                 	STS  @0+(@1),R30
                 	.ENDM
                 
                 	.MACRO __ORWMNN
                 	LDS  R30,@0+(@1)
                 	ORI  R30,LOW(@2)
                 	STS  @0+(@1),R30
                 	LDS  R30,@0+(@1)+1
                 	ORI  R30,HIGH(@2)
                 	STS  @0+(@1)+1,R30
                 	.ENDM
                 
                 	.MACRO __ORD1N
                 	ORI  R30,LOW(@0)
                 	ORI  R31,HIGH(@0)
                 	ORI  R22,BYTE3(@0)
                 	ORI  R23,BYTE4(@0)
                 	.ENDM
                 
                 	.MACRO __ORD2N
                 	ORI  R26,LOW(@0)
                 	ORI  R27,HIGH(@0)
                 	ORI  R24,BYTE3(@0)
                 	ORI  R25,BYTE4(@0)
                 	.ENDM
                 
                 	.MACRO __DELAY_USB
                 	LDI  R24,LOW(@0)
                 __DELAY_USB_LOOP:
                 	DEC  R24
                 	BRNE __DELAY_USB_LOOP
                 	.ENDM
                 
                 	.MACRO __DELAY_USW
                 	LDI  R24,LOW(@0)
                 	LDI  R25,HIGH(@0)
                 __DELAY_USW_LOOP:
                 	SBIW R24,1
                 	BRNE __DELAY_USW_LOOP
                 	.ENDM
                 
                 	.MACRO __GETD1S
                 	LDD  R30,Y+@0
                 	LDD  R31,Y+@0+1
                 	LDD  R22,Y+@0+2
                 	LDD  R23,Y+@0+3
                 	.ENDM
                 
                 	.MACRO __GETD2S
                 	LDD  R26,Y+@0
                 	LDD  R27,Y+@0+1
                 	LDD  R24,Y+@0+2
                 	LDD  R25,Y+@0+3
                 	.ENDM
                 
                 	.MACRO __PUTD1S
                 	STD  Y+@0,R30
                 	STD  Y+@0+1,R31
                 	STD  Y+@0+2,R22
                 	STD  Y+@0+3,R23
                 	.ENDM
                 
                 	.MACRO __PUTD2S
                 	STD  Y+@0,R26
                 	STD  Y+@0+1,R27
                 	STD  Y+@0+2,R24
                 	STD  Y+@0+3,R25
                 	.ENDM
                 
                 	.MACRO __PUTDZ2
                 	STD  Z+@0,R26
                 	STD  Z+@0+1,R27
                 	STD  Z+@0+2,R24
                 	STD  Z+@0+3,R25
                 	.ENDM
                 
                 	.MACRO __CLRD1S
                 	STD  Y+@0,R30
                 	STD  Y+@0+1,R30
                 	STD  Y+@0+2,R30
                 	STD  Y+@0+3,R30
                 	.ENDM
                 
                 	.MACRO __POINTB1MN
                 	LDI  R30,LOW(@0+(@1))
                 	.ENDM
                 
                 	.MACRO __POINTW1MN
                 	LDI  R30,LOW(@0+(@1))
                 	LDI  R31,HIGH(@0+(@1))
                 	.ENDM
                 
                 	.MACRO __POINTD1M
                 	LDI  R30,LOW(@0)
                 	LDI  R31,HIGH(@0)
                 	LDI  R22,BYTE3(@0)
                 	LDI  R23,BYTE4(@0)
                 	.ENDM
                 
                 	.MACRO __POINTW1FN
                 	LDI  R30,LOW(2*@0+(@1))
                 	LDI  R31,HIGH(2*@0+(@1))
                 	.ENDM
                 
                 	.MACRO __POINTD1FN
                 	LDI  R30,LOW(2*@0+(@1))
                 	LDI  R31,HIGH(2*@0+(@1))
                 	LDI  R22,BYTE3(2*@0+(@1))
                 	LDI  R23,BYTE4(2*@0+(@1))
                 	.ENDM
                 
                 	.MACRO __POINTB2MN
                 	LDI  R26,LOW(@0+(@1))
                 	.ENDM
                 
                 	.MACRO __POINTW2MN
                 	LDI  R26,LOW(@0+(@1))
                 	LDI  R27,HIGH(@0+(@1))
                 	.ENDM
                 
                 	.MACRO __POINTBRM
                 	LDI  R@0,LOW(@1)
                 	.ENDM
                 
                 	.MACRO __POINTWRM
                 	LDI  R@0,LOW(@2)
                 	LDI  R@1,HIGH(@2)
                 	.ENDM
                 
                 	.MACRO __POINTBRMN
                 	LDI  R@0,LOW(@1+(@2))
                 	.ENDM
                 
                 	.MACRO __POINTWRMN
                 	LDI  R@0,LOW(@2+(@3))
                 	LDI  R@1,HIGH(@2+(@3))
                 	.ENDM
                 
                 	.MACRO __POINTWRFN
                 	LDI  R@0,LOW(@2*2+(@3))
                 	LDI  R@1,HIGH(@2*2+(@3))
                 	.ENDM
                 
                 	.MACRO __GETD1N
                 	LDI  R30,LOW(@0)
                 	LDI  R31,HIGH(@0)
                 	LDI  R22,BYTE3(@0)
                 	LDI  R23,BYTE4(@0)
                 	.ENDM
                 
                 	.MACRO __GETD2N
                 	LDI  R26,LOW(@0)
                 	LDI  R27,HIGH(@0)
                 	LDI  R24,BYTE3(@0)
                 	LDI  R25,BYTE4(@0)
                 	.ENDM
                 
                 	.MACRO __GETB1MN
                 	LDS  R30,@0+(@1)
                 	.ENDM
                 
                 	.MACRO __GETB1HMN
                 	LDS  R31,@0+(@1)
                 	.ENDM
                 
                 	.MACRO __GETW1MN
                 	LDS  R30,@0+(@1)
                 	LDS  R31,@0+(@1)+1
                 	.ENDM
                 
                 	.MACRO __GETD1MN
                 	LDS  R30,@0+(@1)
                 	LDS  R31,@0+(@1)+1
                 	LDS  R22,@0+(@1)+2
                 	LDS  R23,@0+(@1)+3
                 	.ENDM
                 
                 	.MACRO __GETBRMN
                 	LDS  R@0,@1+(@2)
                 	.ENDM
                 
                 	.MACRO __GETWRMN
                 	LDS  R@0,@2+(@3)
                 	LDS  R@1,@2+(@3)+1
                 	.ENDM
                 
                 	.MACRO __GETWRZ
                 	LDD  R@0,Z+@2
                 	LDD  R@1,Z+@2+1
                 	.ENDM
                 
                 	.MACRO __GETD2Z
                 	LDD  R26,Z+@0
                 	LDD  R27,Z+@0+1
                 	LDD  R24,Z+@0+2
                 	LDD  R25,Z+@0+3
                 	.ENDM
                 
                 	.MACRO __GETB2MN
                 	LDS  R26,@0+(@1)
                 	.ENDM
                 
                 	.MACRO __GETW2MN
                 	LDS  R26,@0+(@1)
                 	LDS  R27,@0+(@1)+1
                 	.ENDM
                 
                 	.MACRO __GETD2MN
                 	LDS  R26,@0+(@1)
                 	LDS  R27,@0+(@1)+1
                 	LDS  R24,@0+(@1)+2
                 	LDS  R25,@0+(@1)+3
                 	.ENDM
                 
                 	.MACRO __PUTB1MN
                 	STS  @0+(@1),R30
                 	.ENDM
                 
                 	.MACRO __PUTW1MN
                 	STS  @0+(@1),R30
                 	STS  @0+(@1)+1,R31
                 	.ENDM
                 
                 	.MACRO __PUTD1MN
                 	STS  @0+(@1),R30
                 	STS  @0+(@1)+1,R31
                 	STS  @0+(@1)+2,R22
                 	STS  @0+(@1)+3,R23
                 	.ENDM
                 
                 	.MACRO __PUTB1EN
                 	LDI  R26,LOW(@0+(@1))
                 	LDI  R27,HIGH(@0+(@1))
                 	CALL __EEPROMWRB
                 	.ENDM
                 
                 	.MACRO __PUTW1EN
                 	LDI  R26,LOW(@0+(@1))
                 	LDI  R27,HIGH(@0+(@1))
                 	CALL __EEPROMWRW
                 	.ENDM
                 
                 	.MACRO __PUTD1EN
                 	LDI  R26,LOW(@0+(@1))
                 	LDI  R27,HIGH(@0+(@1))
                 	CALL __EEPROMWRD
                 	.ENDM
                 
                 	.MACRO __PUTBR0MN
                 	STS  @0+(@1),R0
                 	.ENDM
                 
                 	.MACRO __PUTBMRN
                 	STS  @0+(@1),R@2
                 	.ENDM
                 
                 	.MACRO __PUTWMRN
                 	STS  @0+(@1),R@2
                 	STS  @0+(@1)+1,R@3
                 	.ENDM
                 
                 	.MACRO __PUTBZR
                 	STD  Z+@1,R@0
                 	.ENDM
                 
                 	.MACRO __PUTWZR
                 	STD  Z+@2,R@0
                 	STD  Z+@2+1,R@1
                 	.ENDM
                 
                 	.MACRO __GETW1R
                 	MOV  R30,R@0
                 	MOV  R31,R@1
                 	.ENDM
                 
                 	.MACRO __GETW2R
                 	MOV  R26,R@0
                 	MOV  R27,R@1
                 	.ENDM
                 
                 	.MACRO __GETWRN
                 	LDI  R@0,LOW(@2)
                 	LDI  R@1,HIGH(@2)
                 	.ENDM
                 
                 	.MACRO __PUTW1R
                 	MOV  R@0,R30
                 	MOV  R@1,R31
                 	.ENDM
                 
                 	.MACRO __PUTW2R
                 	MOV  R@0,R26
                 	MOV  R@1,R27
                 	.ENDM
                 
                 	.MACRO __ADDWRN
                 	SUBI R@0,LOW(-@2)
                 	SBCI R@1,HIGH(-@2)
                 	.ENDM
                 
                 	.MACRO __ADDWRR
                 	ADD  R@0,R@2
                 	ADC  R@1,R@3
                 	.ENDM
                 
                 	.MACRO __SUBWRN
                 	SUBI R@0,LOW(@2)
                 	SBCI R@1,HIGH(@2)
                 	.ENDM
                 
                 	.MACRO __SUBWRR
                 	SUB  R@0,R@2
                 	SBC  R@1,R@3
                 	.ENDM
                 
                 	.MACRO __ANDWRN
                 	ANDI R@0,LOW(@2)
                 	ANDI R@1,HIGH(@2)
                 	.ENDM
                 
                 	.MACRO __ANDWRR
                 	AND  R@0,R@2
                 	AND  R@1,R@3
                 	.ENDM
                 
                 	.MACRO __ORWRN
                 	ORI  R@0,LOW(@2)
                 	ORI  R@1,HIGH(@2)
                 	.ENDM
                 
                 	.MACRO __ORWRR
                 	OR   R@0,R@2
                 	OR   R@1,R@3
                 	.ENDM
                 
                 	.MACRO __EORWRR
                 	EOR  R@0,R@2
                 	EOR  R@1,R@3
                 	.ENDM
                 
                 	.MACRO __GETWRS
                 	LDD  R@0,Y+@2
                 	LDD  R@1,Y+@2+1
                 	.ENDM
                 
                 	.MACRO __PUTBSR
                 	STD  Y+@1,R@0
                 	.ENDM
                 
                 	.MACRO __PUTWSR
                 	STD  Y+@2,R@0
                 	STD  Y+@2+1,R@1
                 	.ENDM
                 
                 	.MACRO __MOVEWRR
                 	MOV  R@0,R@2
                 	MOV  R@1,R@3
                 	.ENDM
                 
                 	.MACRO __INWR
                 	IN   R@0,@2
                 	IN   R@1,@2+1
                 	.ENDM
                 
                 	.MACRO __OUTWR
                 	OUT  @2+1,R@1
                 	OUT  @2,R@0
                 	.ENDM
                 
                 	.MACRO __CALL1MN
                 	LDS  R30,@0+(@1)
                 	LDS  R31,@0+(@1)+1
                 	ICALL
                 	.ENDM
                 
                 	.MACRO __CALL1FN
                 	LDI  R30,LOW(2*@0+(@1))
                 	LDI  R31,HIGH(2*@0+(@1))
                 	CALL __GETW1PF
                 	ICALL
                 	.ENDM
                 
                 	.MACRO __CALL2EN
                 	LDI  R26,LOW(@0+(@1))
                 	LDI  R27,HIGH(@0+(@1))
                 	CALL __EEPROMRDW
                 	ICALL
                 	.ENDM
                 
                 	.MACRO __GETW1STACK
                 	IN   R26,SPL
                 	IN   R27,SPH
                 	ADIW R26,@0+1
                 	LD   R30,X+
                 	LD   R31,X
                 	.ENDM
                 
                 	.MACRO __GETD1STACK
                 	IN   R26,SPL
                 	IN   R27,SPH
                 	ADIW R26,@0+1
                 	LD   R30,X+
                 	LD   R31,X+
                 	LD   R22,X
                 	.ENDM
                 
                 	.MACRO __NBST
                 	BST  R@0,@1
                 	IN   R30,SREG
                 	LDI  R31,0x40
                 	EOR  R30,R31
                 	OUT  SREG,R30
                 	.ENDM
                 
                 
                 	.MACRO __PUTB1SN
                 	LDD  R26,Y+@0
                 	LDD  R27,Y+@0+1
                 	SUBI R26,LOW(-@1)
                 	SBCI R27,HIGH(-@1)
                 	ST   X,R30
                 	.ENDM
                 
                 	.MACRO __PUTW1SN
                 	LDD  R26,Y+@0
                 	LDD  R27,Y+@0+1
                 	SUBI R26,LOW(-@1)
                 	SBCI R27,HIGH(-@1)
                 	ST   X+,R30
                 	ST   X,R31
                 	.ENDM
                 
                 	.MACRO __PUTD1SN
                 	LDD  R26,Y+@0
                 	LDD  R27,Y+@0+1
                 	SUBI R26,LOW(-@1)
                 	SBCI R27,HIGH(-@1)
                 	CALL __PUTDP1
                 	.ENDM
                 
                 	.MACRO __PUTB1SNS
                 	LDD  R26,Y+@0
                 	LDD  R27,Y+@0+1
                 	ADIW R26,@1
                 	ST   X,R30
                 	.ENDM
                 
                 	.MACRO __PUTW1SNS
                 	LDD  R26,Y+@0
                 	LDD  R27,Y+@0+1
                 	ADIW R26,@1
                 	ST   X+,R30
                 	ST   X,R31
                 	.ENDM
                 
                 	.MACRO __PUTD1SNS
                 	LDD  R26,Y+@0
                 	LDD  R27,Y+@0+1
                 	ADIW R26,@1
                 	CALL __PUTDP1
                 	.ENDM
                 
                 	.MACRO __PUTB1PMN
                 	LDS  R26,@0
                 	LDS  R27,@0+1
                 	SUBI R26,LOW(-@1)
                 	SBCI R27,HIGH(-@1)
                 	ST   X,R30
                 	.ENDM
                 
                 	.MACRO __PUTW1PMN
                 	LDS  R26,@0
                 	LDS  R27,@0+1
                 	SUBI R26,LOW(-@1)
                 	SBCI R27,HIGH(-@1)
                 	ST   X+,R30
                 	ST   X,R31
                 	.ENDM
                 
                 	.MACRO __PUTD1PMN
                 	LDS  R26,@0
                 	LDS  R27,@0+1
                 	SUBI R26,LOW(-@1)
                 	SBCI R27,HIGH(-@1)
                 	CALL __PUTDP1
                 	.ENDM
                 
                 	.MACRO __PUTB1PMNS
                 	LDS  R26,@0
                 	LDS  R27,@0+1
                 	ADIW R26,@1
                 	ST   X,R30
                 	.ENDM
                 
                 	.MACRO __PUTW1PMNS
                 	LDS  R26,@0
                 	LDS  R27,@0+1
                 	ADIW R26,@1
                 	ST   X+,R30
                 	ST   X,R31
                 	.ENDM
                 
                 	.MACRO __PUTD1PMNS
                 	LDS  R26,@0
                 	LDS  R27,@0+1
                 	ADIW R26,@1
                 	CALL __PUTDP1
                 	.ENDM
                 
                 	.MACRO __PUTB1RN
                 	MOVW R26,R@0
                 	SUBI R26,LOW(-@1)
                 	SBCI R27,HIGH(-@1)
                 	ST   X,R30
                 	.ENDM
                 
                 	.MACRO __PUTW1RN
                 	MOVW R26,R@0
                 	SUBI R26,LOW(-@1)
                 	SBCI R27,HIGH(-@1)
                 	ST   X+,R30
                 	ST   X,R31
                 	.ENDM
                 
                 	.MACRO __PUTD1RN
                 	MOVW R26,R@0
                 	SUBI R26,LOW(-@1)
                 	SBCI R27,HIGH(-@1)
                 	CALL __PUTDP1
                 	.ENDM
                 
                 	.MACRO __PUTB1RNS
                 	MOVW R26,R@0
                 	ADIW R26,@1
                 	ST   X,R30
                 	.ENDM
                 
                 	.MACRO __PUTW1RNS
                 	MOVW R26,R@0
                 	ADIW R26,@1
                 	ST   X+,R30
                 	ST   X,R31
                 	.ENDM
                 
                 	.MACRO __PUTD1RNS
                 	MOVW R26,R@0
                 	ADIW R26,@1
                 	CALL __PUTDP1
                 	.ENDM
                 
                 	.MACRO __PUTB1RON
                 	MOV  R26,R@0
                 	MOV  R27,R@1
                 	SUBI R26,LOW(-@2)
                 	SBCI R27,HIGH(-@2)
                 	ST   X,R30
                 	.ENDM
                 
                 	.MACRO __PUTW1RON
                 	MOV  R26,R@0
                 	MOV  R27,R@1
                 	SUBI R26,LOW(-@2)
                 	SBCI R27,HIGH(-@2)
                 	ST   X+,R30
                 	ST   X,R31
                 	.ENDM
                 
                 	.MACRO __PUTD1RON
                 	MOV  R26,R@0
                 	MOV  R27,R@1
                 	SUBI R26,LOW(-@2)
                 	SBCI R27,HIGH(-@2)
                 	CALL __PUTDP1
                 	.ENDM
                 
                 	.MACRO __PUTB1RONS
                 	MOV  R26,R@0
                 	MOV  R27,R@1
                 	ADIW R26,@2
                 	ST   X,R30
                 	.ENDM
                 
                 	.MACRO __PUTW1RONS
                 	MOV  R26,R@0
                 	MOV  R27,R@1
                 	ADIW R26,@2
                 	ST   X+,R30
                 	ST   X,R31
                 	.ENDM
                 
                 	.MACRO __PUTD1RONS
                 	MOV  R26,R@0
                 	MOV  R27,R@1
                 	ADIW R26,@2
                 	CALL __PUTDP1
                 	.ENDM
                 
                 
                 	.MACRO __GETB1SX
                 	MOVW R30,R28
                 	SUBI R30,LOW(-@0)
                 	SBCI R31,HIGH(-@0)
                 	LD   R30,Z
                 	.ENDM
                 
                 	.MACRO __GETB1HSX
                 	MOVW R30,R28
                 	SUBI R30,LOW(-@0)
                 	SBCI R31,HIGH(-@0)
                 	LD   R31,Z
                 	.ENDM
                 
                 	.MACRO __GETW1SX
                 	MOVW R30,R28
                 	SUBI R30,LOW(-@0)
                 	SBCI R31,HIGH(-@0)
                 	LD   R0,Z+
                 	LD   R31,Z
                 	MOV  R30,R0
                 	.ENDM
                 
                 	.MACRO __GETD1SX
                 	MOVW R30,R28
                 	SUBI R30,LOW(-@0)
                 	SBCI R31,HIGH(-@0)
                 	LD   R0,Z+
                 	LD   R1,Z+
                 	LD   R22,Z+
                 	LD   R23,Z
                 	MOVW R30,R0
                 	.ENDM
                 
                 	.MACRO __GETB2SX
                 	MOVW R26,R28
                 	SUBI R26,LOW(-@0)
                 	SBCI R27,HIGH(-@0)
                 	LD   R26,X
                 	.ENDM
                 
                 	.MACRO __GETW2SX
                 	MOVW R26,R28
                 	SUBI R26,LOW(-@0)
                 	SBCI R27,HIGH(-@0)
                 	LD   R0,X+
                 	LD   R27,X
                 	MOV  R26,R0
                 	.ENDM
                 
                 	.MACRO __GETD2SX
                 	MOVW R26,R28
                 	SUBI R26,LOW(-@0)
                 	SBCI R27,HIGH(-@0)
                 	LD   R0,X+
                 	LD   R1,X+
                 	LD   R24,X+
                 	LD   R25,X
                 	MOVW R26,R0
                 	.ENDM
                 
                 	.MACRO __GETBRSX
                 	MOVW R30,R28
                 	SUBI R30,LOW(-@1)
                 	SBCI R31,HIGH(-@1)
                 	LD   R@0,Z
                 	.ENDM
                 
                 	.MACRO __GETWRSX
                 	MOVW R30,R28
                 	SUBI R30,LOW(-@2)
                 	SBCI R31,HIGH(-@2)
                 	LD   R@0,Z+
                 	LD   R@1,Z
                 	.ENDM
                 
                 	.MACRO __GETBRSX2
                 	MOVW R26,R28
                 	SUBI R26,LOW(-@1)
                 	SBCI R27,HIGH(-@1)
                 	LD   R@0,X
                 	.ENDM
                 
                 	.MACRO __GETWRSX2
                 	MOVW R26,R28
                 	SUBI R26,LOW(-@2)
                 	SBCI R27,HIGH(-@2)
                 	LD   R@0,X+
                 	LD   R@1,X
                 	.ENDM
                 
                 	.MACRO __LSLW8SX
                 	MOVW R30,R28
                 	SUBI R30,LOW(-@0)
                 	SBCI R31,HIGH(-@0)
                 	LD   R31,Z
                 	CLR  R30
                 	.ENDM
                 
                 	.MACRO __PUTB1SX
                 	MOVW R26,R28
                 	SUBI R26,LOW(-@0)
                 	SBCI R27,HIGH(-@0)
                 	ST   X,R30
                 	.ENDM
                 
                 	.MACRO __PUTW1SX
                 	MOVW R26,R28
                 	SUBI R26,LOW(-@0)
                 	SBCI R27,HIGH(-@0)
                 	ST   X+,R30
                 	ST   X,R31
                 	.ENDM
                 
                 	.MACRO __PUTD1SX
                 	MOVW R26,R28
                 	SUBI R26,LOW(-@0)
                 	SBCI R27,HIGH(-@0)
                 	ST   X+,R30
                 	ST   X+,R31
                 	ST   X+,R22
                 	ST   X,R23
                 	.ENDM
                 
                 	.MACRO __CLRW1SX
                 	MOVW R26,R28
                 	SUBI R26,LOW(-@0)
                 	SBCI R27,HIGH(-@0)
                 	ST   X+,R30
                 	ST   X,R30
                 	.ENDM
                 
                 	.MACRO __CLRD1SX
                 	MOVW R26,R28
                 	SUBI R26,LOW(-@0)
                 	SBCI R27,HIGH(-@0)
                 	ST   X+,R30
                 	ST   X+,R30
                 	ST   X+,R30
                 	ST   X,R30
                 	.ENDM
                 
                 	.MACRO __PUTB2SX
                 	MOVW R30,R28
                 	SUBI R30,LOW(-@0)
                 	SBCI R31,HIGH(-@0)
                 	ST   Z,R26
                 	.ENDM
                 
                 	.MACRO __PUTW2SX
                 	MOVW R30,R28
                 	SUBI R30,LOW(-@0)
                 	SBCI R31,HIGH(-@0)
                 	ST   Z+,R26
                 	ST   Z,R27
                 	.ENDM
                 
                 	.MACRO __PUTD2SX
                 	MOVW R30,R28
                 	SUBI R30,LOW(-@0)
                 	SBCI R31,HIGH(-@0)
                 	ST   Z+,R26
                 	ST   Z+,R27
                 	ST   Z+,R24
                 	ST   Z,R25
                 	.ENDM
                 
                 	.MACRO __PUTBSRX
                 	MOVW R30,R28
                 	SUBI R30,LOW(-@1)
                 	SBCI R31,HIGH(-@1)
                 	ST   Z,R@0
                 	.ENDM
                 
                 	.MACRO __PUTWSRX
                 	MOVW R30,R28
                 	SUBI R30,LOW(-@2)
                 	SBCI R31,HIGH(-@2)
                 	ST   Z+,R@0
                 	ST   Z,R@1
                 	.ENDM
                 
                 	.MACRO __PUTB1SNX
                 	MOVW R26,R28
                 	SUBI R26,LOW(-@0)
                 	SBCI R27,HIGH(-@0)
                 	LD   R0,X+
                 	LD   R27,X
                 	MOV  R26,R0
                 	SUBI R26,LOW(-@1)
                 	SBCI R27,HIGH(-@1)
                 	ST   X,R30
                 	.ENDM
                 
                 	.MACRO __PUTW1SNX
                 	MOVW R26,R28
                 	SUBI R26,LOW(-@0)
                 	SBCI R27,HIGH(-@0)
                 	LD   R0,X+
                 	LD   R27,X
                 	MOV  R26,R0
                 	SUBI R26,LOW(-@1)
                 	SBCI R27,HIGH(-@1)
                 	ST   X+,R30
                 	ST   X,R31
                 	.ENDM
                 
                 	.MACRO __PUTD1SNX
                 	MOVW R26,R28
                 	SUBI R26,LOW(-@0)
                 	SBCI R27,HIGH(-@0)
                 	LD   R0,X+
                 	LD   R27,X
                 	MOV  R26,R0
                 	SUBI R26,LOW(-@1)
                 	SBCI R27,HIGH(-@1)
                 	ST   X+,R30
                 	ST   X+,R31
                 	ST   X+,R22
                 	ST   X,R23
                 	.ENDM
                 
                 	.MACRO __MULBRR
                 	MULS R@0,R@1
                 	MOVW R30,R0
                 	.ENDM
                 
                 	.MACRO __MULBRRU
                 	MUL  R@0,R@1
                 	MOVW R30,R0
                 	.ENDM
                 
                 	.MACRO __MULBRR0
                 	MULS R@0,R@1
                 	.ENDM
                 
                 	.MACRO __MULBRRU0
                 	MUL  R@0,R@1
                 	.ENDM
                 
                 	.MACRO __MULBNWRU
                 	LDI  R26,@2
                 	MUL  R26,R@0
                 	MOVW R30,R0
                 	MUL  R26,R@1
                 	ADD  R31,R0
                 	.ENDM
                 
                 ;NAME DEFINITIONS FOR GLOBAL VARIABLES ALLOCATED TO REGISTERS
                 	.DEF _time=R4
                 	.DEF _i=R7
                 
                 	.CSEG
                 	.ORG 0x00
                 
                 ;START OF CODE MARKER
                 __START_OF_CODE:
                 
                 ;INTERRUPT VECTORS
000000 940c 0049 	JMP  __RESET
000002 940c 0000 	JMP  0x00
000004 940c 0000 	JMP  0x00
000006 940c 0000 	JMP  0x00
000008 940c 0000 	JMP  0x00
00000a 940c 0000 	JMP  0x00
00000c 940c 0000 	JMP  0x00
00000e 940c 0000 	JMP  0x00
000010 940c 0000 	JMP  0x00
000012 940c 0079 	JMP  _timer1_ovf_isr
000014 940c 0000 	JMP  0x00
000016 940c 0000 	JMP  0x00
000018 940c 0000 	JMP  0x00
00001a 940c 0000 	JMP  0x00
00001c 940c 0000 	JMP  0x00
00001e 940c 0000 	JMP  0x00
000020 940c 0000 	JMP  0x00
000022 940c 0000 	JMP  0x00
000024 940c 0000 	JMP  0x00
000026 940c 0000 	JMP  0x00
000028 940c 0000 	JMP  0x00
                 
                 _tbl10_G100:
00002a 2710
00002b 03e8
00002c 0064
00002d 000a      	.DB  0x10,0x27,0xE8,0x3,0x64,0x0,0xA,0x0
00002e 0001      	.DB  0x1,0x0
                 _tbl16_G100:
00002f 1000
000030 0100
000031 0010
000032 0001      	.DB  0x0,0x10,0x0,0x1,0x10,0x0,0x1,0x0
                 
                 ;REGISTER BIT VARIABLES INITIALIZATION
                 __REG_BIT_VARS:
000033 0000      	.DW  0x0000
                 
                 _0x50:
000034 0000      	.DB  0x0,0x0
                 _0x0:
000035 756d
000036 616c
000037 0069
000038 6573      	.DB  0x6D,0x75,0x6C,0x61,0x69,0x0,0x73,0x65
000039 656c
00003a 6173
00003b 0069      	.DB  0x6C,0x65,0x73,0x61,0x69,0x0
                 
                 __GLOBAL_INI_TBL:
00003c 0001      	.DW  0x01
00003d 0002      	.DW  0x02
00003e 0066      	.DW  __REG_BIT_VARS*2
                 
00003f 0006      	.DW  0x06
000040 0260      	.DW  _0x3
000041 006a      	.DW  _0x0*2
                 
000042 0008      	.DW  0x08
000043 0266      	.DW  _0x3+6
000044 0070      	.DW  _0x0*2+6
                 
000045 0002      	.DW  0x02
000046 0004      	.DW  0x04
000047 0068      	.DW  _0x50*2
                 
                 _0xFFFFFFFF:
000048 0000      	.DW  0
                 
                 __RESET:
000049 94f8      	CLI
00004a 27ee      	CLR  R30
00004b bbec      	OUT  EECR,R30
                 
                 ;INTERRUPT VECTORS ARE PLACED
                 ;AT THE START OF FLASH
00004c e0f1      	LDI  R31,1
00004d bffb      	OUT  GICR,R31
00004e bfeb      	OUT  GICR,R30
00004f bfe5      	OUT  MCUCR,R30
                 
                 ;DISABLE WATCHDOG
000050 e1f8      	LDI  R31,0x18
000051 bdf1      	OUT  WDTCR,R31
000052 bde1      	OUT  WDTCR,R30
                 
                 ;CLEAR R2-R14
000053 e08d      	LDI  R24,(14-2)+1
000054 e0a2      	LDI  R26,2
000055 27bb      	CLR  R27
                 __CLEAR_REG:
000056 93ed      	ST   X+,R30
000057 958a      	DEC  R24
000058 f7e9      	BRNE __CLEAR_REG
                 
                 ;CLEAR SRAM
000059 e080      	LDI  R24,LOW(__CLEAR_SRAM_SIZE)
00005a e098      	LDI  R25,HIGH(__CLEAR_SRAM_SIZE)
00005b e6a0      	LDI  R26,__SRAM_START
                 __CLEAR_SRAM:
00005c 93ed      	ST   X+,R30
00005d 9701      	SBIW R24,1
00005e f7e9      	BRNE __CLEAR_SRAM
                 
                 ;GLOBAL VARIABLES INITIALIZATION
00005f e7e8      	LDI  R30,LOW(__GLOBAL_INI_TBL*2)
000060 e0f0      	LDI  R31,HIGH(__GLOBAL_INI_TBL*2)
                 __GLOBAL_INI_NEXT:
000061 9185      	LPM  R24,Z+
000062 9195      	LPM  R25,Z+
000063 9700      	SBIW R24,0
000064 f061      	BREQ __GLOBAL_INI_END
000065 91a5      	LPM  R26,Z+
000066 91b5      	LPM  R27,Z+
000067 9005      	LPM  R0,Z+
000068 9015      	LPM  R1,Z+
000069 01bf      	MOVW R22,R30
00006a 01f0      	MOVW R30,R0
                 __GLOBAL_INI_LOOP:
00006b 9005      	LPM  R0,Z+
00006c 920d      	ST   X+,R0
00006d 9701      	SBIW R24,1
00006e f7e1      	BRNE __GLOBAL_INI_LOOP
00006f 01fb      	MOVW R30,R22
000070 cff0      	RJMP __GLOBAL_INI_NEXT
                 __GLOBAL_INI_END:
                 
                 ;HARDWARE STACK POINTER INITIALIZATION
000071 e5ef      	LDI  R30,LOW(__SRAM_END-__HEAP_SIZE)
000072 bfed      	OUT  SPL,R30
000073 e0e8      	LDI  R30,HIGH(__SRAM_END-__HEAP_SIZE)
000074 bfee      	OUT  SPH,R30
                 
                 ;DATA STACK POINTER INITIALIZATION
000075 e6c0      	LDI  R28,LOW(__SRAM_START+__DSTACK_SIZE)
000076 e0d2      	LDI  R29,HIGH(__SRAM_START+__DSTACK_SIZE)
                 
000077 940c 00f4 	JMP  _main
                 
                 	.ESEG
                 	.ORG 0
                 
                 	.DSEG
                 	.ORG 0x260
                 
                 	.CSEG
                 ;/*****************************************************
                 ;This program was produced by the
                 ;CodeWizardAVR V2.05.0 Professional
                 ;Automatic Program Generator
                 ;© Copyright 1998-2010 Pavel Haiduc, HP InfoTech s.r.l.
                 ;http://www.hpinfotech.com
                 ;
                 ;Project :
                 ;Version :
                 ;Date    : 6/7/2012
                 ;Author  :
                 ;Company :
                 ;Comments:
                 ;
                 ;
                 ;Chip type               : ATmega32
                 ;Program type            : Application
                 ;AVR Core Clock frequency: 11.059200 MHz
                 ;Memory model            : Small
                 ;External RAM size       : 0
                 ;Data Stack size         : 512
                 ;*****************************************************/
                 ;
                 ;#include <mega32.h>
                 	#ifndef __SLEEP_DEFINED__
                 	#define __SLEEP_DEFINED__
                 	.EQU __se_bit=0x80
                 	.EQU __sm_mask=0x70
                 	.EQU __sm_powerdown=0x20
                 	.EQU __sm_powersave=0x30
                 	.EQU __sm_standby=0x60
                 	.EQU __sm_ext_standby=0x70
                 	.EQU __sm_adc_noise_red=0x10
                 	.SET power_ctrl_reg=mcucr
                 	#endif
                 ;
                 ;#include <delay.h>
                 ;
                 ;// Standard Input/Output functions
                 ;#include <stdio.h>
                 ;
                 ;#define TRIGGER	PINB.0
                 ;#define MUX_A	PINB.0
                 ;#define MUX_B	PINB.1
                 ;#define MUX_C	PINB.2
                 ;
                 ;unsigned char read_adc(unsigned char adc_input);
                 ;char ratusan(unsigned char in);
                 ;char puluhan(unsigned char in);
                 ;char satuan(unsigned char in);
                 ;
                 ;unsigned int time=0;
                 ;unsigned char sen_buff[4],sen[26];
                 ;char i;
                 ;bit en_adc;
                 ;
                 ;// Timer1 overflow interrupt service routine
                 ;interrupt [TIM1_OVF] void timer1_ovf_isr(void)
                 ; 0000 0030 {
                 
                 	.CSEG
                 _timer1_ovf_isr:
000079 920a      	ST   -Y,R0
00007a 921a      	ST   -Y,R1
00007b 92fa      	ST   -Y,R15
00007c 936a      	ST   -Y,R22
00007d 937a      	ST   -Y,R23
00007e 938a      	ST   -Y,R24
00007f 939a      	ST   -Y,R25
000080 93aa      	ST   -Y,R26
000081 93ba      	ST   -Y,R27
000082 93ea      	ST   -Y,R30
000083 93fa      	ST   -Y,R31
000084 b7ef      	IN   R30,SREG
000085 93ea      	ST   -Y,R30
                 ; 0000 0031 	// Place your code here
                 ; 0000 0032 
                 ; 0000 0033        /* if(TRIGGER==1)
                 ; 0000 0034         {
                 ; 0000 0035         	if(en_adc==0)
                 ; 0000 0036                 {
                 ; 0000 0037                 	for(i=0;i<25;i++)
                 ; 0000 0038                         {
                 ; 0000 0039                         	sen[i+1]=0;
                 ; 0000 003A                         }
                 ; 0000 003B                 }
                 ; 0000 003C                 en_adc=1;
                 ; 0000 003D         }
                 ; 0000 003E 
                 ; 0000 003F         if(en_adc==0)
                 ; 0000 0040         {
                 ; 0000 0041         	for(i=0;i<25;i++)
                 ; 0000 0042                 {
                 ; 0000 0043                 	sen[i+1]=0;
                 ; 0000 0044                 }
                 ; 0000 0045         }
                 ; 0000 0046 
                 ; 0000 0047         if(en_adc==1)
                 ; 0000 0048         {
                 ; 0000 0049                 putchar(13);
                 ; 0000 004A                 puts("mulai");
                 ; 0000 004B                 for(i=0;i<25;i++)
                 ; 0000 004C                 {
                 ; 0000 004D                 	putchar(13);
                 ; 0000 004E                         putchar(ratusan(sen[i+1]));
                 ; 0000 004F                         putchar(puluhan(sen[i+1]));
                 ; 0000 0050                         putchar(satuan(sen[i+1]));
                 ; 0000 0051                 }
                 ; 0000 0052                 putchar(13);
                 ; 0000 0053                 puts("selesai");
                 ; 0000 0054                 putchar(13);
                 ; 0000 0055 
                 ; 0000 0056                 en_adc=0;
                 ; 0000 0057         } */
                 ; 0000 0058 
                 ; 0000 0059         putchar(13);
000086 940e 02c3 	CALL SUBOPT_0x0
                 ; 0000 005A         puts("mulai");
                +
000088 e6e0     +LDI R30 , LOW ( _0x3 + ( 0 ) )
000089 e0f2     +LDI R31 , HIGH ( _0x3 + ( 0 ) )
                 	__POINTW1MN _0x3,0
00008a 93fa      	ST   -Y,R31
00008b 93ea      	ST   -Y,R30
00008c 940e 02b1 	CALL _puts
                 ; 0000 005B         for(i=0;i<25;i++)
00008e 2477      	CLR  R7
                 _0x5:
00008f e1e9      	LDI  R30,LOW(25)
000090 167e      	CP   R7,R30
000091 f4b0      	BRSH _0x6
                 ; 0000 005C         {
                 ; 0000 005D         	putchar(13);
000092 940e 02c3 	CALL SUBOPT_0x0
                 ; 0000 005E                 putchar(ratusan(sen[i+1]));
000094 940e 02c7 	CALL SUBOPT_0x1
000096 d03a      	RCALL _ratusan
000097 93ea      	ST   -Y,R30
000098 940e 02ab 	CALL _putchar
                 ; 0000 005F                 putchar(puluhan(sen[i+1]));
00009a 940e 02c7 	CALL SUBOPT_0x1
00009c d03e      	RCALL _puluhan
00009d 93ea      	ST   -Y,R30
00009e 940e 02ab 	CALL _putchar
                 ; 0000 0060                 putchar(satuan(sen[i+1]));
0000a0 940e 02c7 	CALL SUBOPT_0x1
0000a2 d048      	RCALL _satuan
0000a3 93ea      	ST   -Y,R30
0000a4 940e 02ab 	CALL _putchar
                 ; 0000 0061         }
0000a6 9473      	INC  R7
0000a7 cfe7      	RJMP _0x5
                 _0x6:
                 ; 0000 0062         putchar(13);
0000a8 940e 02c3 	CALL SUBOPT_0x0
                 ; 0000 0063         puts("selesai");
                +
0000aa e6e6     +LDI R30 , LOW ( _0x3 + ( 6 ) )
0000ab e0f2     +LDI R31 , HIGH ( _0x3 + ( 6 ) )
                 	__POINTW1MN _0x3,6
0000ac 93fa      	ST   -Y,R31
0000ad 93ea      	ST   -Y,R30
0000ae 940e 02b1 	CALL _puts
                 ; 0000 0064         putchar(13);
0000b0 940e 02c3 	CALL SUBOPT_0x0
                 ; 0000 0065 
                 ; 0000 0066         //en_adc=0;
                 ; 0000 0067 
                 ; 0000 0068         TCNT1H=0xFF;
0000b2 efef      	LDI  R30,LOW(255)
0000b3 bded      	OUT  0x2D,R30
                 ; 0000 0069 	TCNT1L=0x94;
0000b4 e9e4      	LDI  R30,LOW(148)
0000b5 bdec      	OUT  0x2C,R30
                 ; 0000 006A }
0000b6 91e9      	LD   R30,Y+
0000b7 bfef      	OUT  SREG,R30
0000b8 91f9      	LD   R31,Y+
0000b9 91e9      	LD   R30,Y+
0000ba 91b9      	LD   R27,Y+
0000bb 91a9      	LD   R26,Y+
0000bc 9199      	LD   R25,Y+
0000bd 9189      	LD   R24,Y+
0000be 9179      	LD   R23,Y+
0000bf 9169      	LD   R22,Y+
0000c0 90f9      	LD   R15,Y+
0000c1 9019      	LD   R1,Y+
0000c2 9009      	LD   R0,Y+
0000c3 9518      	RETI
                 
                 	.DSEG
                 _0x3:
000260           	.BYTE 0xE
                 ;
                 ;#define ADC_VREF_TYPE 0x20
                 ;
                 ;// Read the 8 most significant bits
                 ;// of the AD conversion result
                 ;unsigned char read_adc(unsigned char adc_input)
                 ; 0000 0071 {
                 
                 	.CSEG
                 _read_adc:
                 ; 0000 0072 	ADMUX=adc_input | (ADC_VREF_TYPE & 0xff);
                 ;	adc_input -> Y+0
0000c4 81e8      	LD   R30,Y
0000c5 62e0      	ORI  R30,0x20
0000c6 b9e7      	OUT  0x7,R30
                 ; 0000 0073 	// Delay needed for the stabilization of the ADC input voltage
                 ; 0000 0074 	delay_us(10);
                +
0000c7 e285     +LDI R24 , LOW ( 37 )
                +__DELAY_USB_LOOP :
0000c8 958a     +DEC R24
0000c9 f7f1     +BRNE __DELAY_USB_LOOP
                 	__DELAY_USB 37
                 ; 0000 0075 	// Start the AD conversion
                 ; 0000 0076 	ADCSRA|=0x40;
0000ca 9a36      	SBI  0x6,6
                 ; 0000 0077 	// Wait for the AD conversion to complete
                 ; 0000 0078 	while ((ADCSRA & 0x10)==0);
                 _0x7:
0000cb 9b34      	SBIS 0x6,4
0000cc cffe      	RJMP _0x7
                 ; 0000 0079 	ADCSRA|=0x10;
0000cd 9a34      	SBI  0x6,4
                 ; 0000 007A 	return ADCH;
0000ce b1e5      	IN   R30,0x5
0000cf 940c 02af 	JMP  _0x2060001
                 ; 0000 007B }
                 ;
                 ;// Declare your global variables here
                 ;
                 ;char ratusan(unsigned char in)
                 ; 0000 0080 {
                 _ratusan:
                 ; 0000 0081 	in/=100;
                 ;	in -> Y+0
0000d1 81a8      	LD   R26,Y
0000d2 e0b0      	LDI  R27,0
0000d3 e6e4      	LDI  R30,LOW(100)
0000d4 e0f0      	LDI  R31,HIGH(100)
0000d5 940e 0318 	CALL __DIVW21
0000d7 83e8      	ST   Y,R30
                 ; 0000 0082         //in/=10;
                 ; 0000 0083 
                 ; 0000 0084         return (in +'0');
0000d8 5de0      	SUBI R30,-LOW(48)
0000d9 940c 02af 	JMP  _0x2060001
                 ; 0000 0085 }
                 ;
                 ;char puluhan(unsigned char in)
                 ; 0000 0088 {
                 _puluhan:
                 ; 0000 0089 	in%=100;
                 ;	in -> Y+0
0000db 81a8      	LD   R26,Y
0000dc 27bb      	CLR  R27
0000dd e6e4      	LDI  R30,LOW(100)
0000de e0f0      	LDI  R31,HIGH(100)
0000df 940e 031d 	CALL __MODW21
0000e1 83e8      	ST   Y,R30
                 ; 0000 008A 
                 ; 0000 008B         return ((in / 10)+'0');
0000e2 81a8      	LD   R26,Y
0000e3 e0b0      	LDI  R27,0
0000e4 e0ea      	LDI  R30,LOW(10)
0000e5 e0f0      	LDI  R31,HIGH(10)
0000e6 940e 0318 	CALL __DIVW21
0000e8 5de0      	SUBI R30,-LOW(48)
0000e9 940c 02af 	JMP  _0x2060001
                 ; 0000 008C }
                 ;
                 ;char satuan(unsigned char in)
                 ; 0000 008F {
                 _satuan:
                 ; 0000 0090 	return ((in % 10)+'0');
                 ;	in -> Y+0
0000eb 81a8      	LD   R26,Y
0000ec 27bb      	CLR  R27
0000ed e0ea      	LDI  R30,LOW(10)
0000ee e0f0      	LDI  R31,HIGH(10)
0000ef 940e 031d 	CALL __MODW21
0000f1 5de0      	SUBI R30,-LOW(48)
0000f2 940c 02af 	JMP  _0x2060001
                 ; 0000 0091 }
                 ;
                 ;void main(void)
                 ; 0000 0094 {
                 _main:
                 ; 0000 0095 	// Declare your local variables here
                 ; 0000 0096 
                 ; 0000 0097 	// Input/Output Ports initialization
                 ; 0000 0098 	// Port A initialization
                 ; 0000 0099 	// Func7=In Func6=In Func5=In Func4=In Func3=In Func2=In Func1=In Func0=In
                 ; 0000 009A 	// State7=P State6=P State5=P State4=P State3=T State2=T State1=T State0=T
                 ; 0000 009B 	PORTA=0xF0;
0000f4 efe0      	LDI  R30,LOW(240)
0000f5 bbeb      	OUT  0x1B,R30
                 ; 0000 009C 	DDRA=0x00;
0000f6 e0e0      	LDI  R30,LOW(0)
0000f7 bbea      	OUT  0x1A,R30
                 ; 0000 009D 
                 ; 0000 009E 	// Port B initialization
                 ; 0000 009F 	// Func7=In Func6=In Func5=In Func4=In Func3=In Func2=In Func1=In Func0=In
                 ; 0000 00A0 	// State7=P State6=P State5=P State4=P State3=P State2=P State1=P State0=P
                 ; 0000 00A1 	PORTB=0xFF;
0000f8 efef      	LDI  R30,LOW(255)
0000f9 bbe8      	OUT  0x18,R30
                 ; 0000 00A2 	DDRB=0x00;
0000fa e0e0      	LDI  R30,LOW(0)
0000fb bbe7      	OUT  0x17,R30
                 ; 0000 00A3 
                 ; 0000 00A4 	// Port C initialization
                 ; 0000 00A5 	// Func7=In Func6=In Func5=In Func4=In Func3=In Func2=In Func1=In Func0=In
                 ; 0000 00A6 	// State7=P State6=P State5=P State4=P State3=P State2=P State1=P State0=P
                 ; 0000 00A7 	PORTC=0xFF;
0000fc efef      	LDI  R30,LOW(255)
0000fd bbe5      	OUT  0x15,R30
                 ; 0000 00A8 	DDRC=0x00;
0000fe e0e0      	LDI  R30,LOW(0)
0000ff bbe4      	OUT  0x14,R30
                 ; 0000 00A9 
                 ; 0000 00AA 	// Port D initialization
                 ; 0000 00AB 	// Func7=In Func6=In Func5=In Func4=In Func3=In Func2=In Func1=Out Func0=In
                 ; 0000 00AC 	// State7=P State6=P State5=P State4=P State3=P State2=P State1=1 State0=P
                 ; 0000 00AD 	PORTD=0xFF;
000100 efef      	LDI  R30,LOW(255)
000101 bbe2      	OUT  0x12,R30
                 ; 0000 00AE 	DDRD=0x02;
000102 e0e2      	LDI  R30,LOW(2)
000103 bbe1      	OUT  0x11,R30
                 ; 0000 00AF 
                 ; 0000 00B0 	// Timer/Counter 1 initialization
                 ; 0000 00B1 	// Clock source: System Clock
                 ; 0000 00B2 	// Clock value: 10.800 kHz
                 ; 0000 00B3 	// Mode: Normal top=0xFFFF
                 ; 0000 00B4 	// OC1A output: Discon.
                 ; 0000 00B5 	// OC1B output: Discon.
                 ; 0000 00B6 	// Noise Canceler: Off
                 ; 0000 00B7 	// Input Capture on Falling Edge
                 ; 0000 00B8 	// Timer1 Overflow Interrupt: On
                 ; 0000 00B9 	// Input Capture Interrupt: Off
                 ; 0000 00BA 	// Compare A Match Interrupt: Off
                 ; 0000 00BB 	// Compare B Match Interrupt: Off
                 ; 0000 00BC 	TCCR1A=0x00;
000104 e0e0      	LDI  R30,LOW(0)
000105 bdef      	OUT  0x2F,R30
                 ; 0000 00BD 	TCCR1B=0x05;
000106 e0e5      	LDI  R30,LOW(5)
000107 bdee      	OUT  0x2E,R30
                 ; 0000 00BE 	TCNT1H=0xFF;
000108 efef      	LDI  R30,LOW(255)
000109 bded      	OUT  0x2D,R30
                 ; 0000 00BF 	TCNT1L=0x94;
00010a e9e4      	LDI  R30,LOW(148)
00010b bdec      	OUT  0x2C,R30
                 ; 0000 00C0 	ICR1H=0x00;
00010c e0e0      	LDI  R30,LOW(0)
00010d bde7      	OUT  0x27,R30
                 ; 0000 00C1 	ICR1L=0x00;
00010e bde6      	OUT  0x26,R30
                 ; 0000 00C2 	OCR1AH=0x00;
00010f bdeb      	OUT  0x2B,R30
                 ; 0000 00C3 	OCR1AL=0x00;
000110 bdea      	OUT  0x2A,R30
                 ; 0000 00C4 	OCR1BH=0x00;
000111 bde9      	OUT  0x29,R30
                 ; 0000 00C5 	OCR1BL=0x00;
000112 bde8      	OUT  0x28,R30
                 ; 0000 00C6 
                 ; 0000 00C7 	// Timer(s)/Counter(s) Interrupt(s) initialization
                 ; 0000 00C8 	TIMSK=0x04;
000113 e0e4      	LDI  R30,LOW(4)
000114 bfe9      	OUT  0x39,R30
                 ; 0000 00C9 
                 ; 0000 00CA 	// USART initialization
                 ; 0000 00CB 	// Communication Parameters: 8 Data, 1 Stop, No Parity
                 ; 0000 00CC 	// USART Receiver: Off
                 ; 0000 00CD 	// USART Transmitter: On
                 ; 0000 00CE 	// USART Mode: Asynchronous
                 ; 0000 00CF 	// USART Baud Rate: 1200
                 ; 0000 00D0 	UCSRA=0x00;
000115 e0e0      	LDI  R30,LOW(0)
000116 b9eb      	OUT  0xB,R30
                 ; 0000 00D1 	UCSRB=0x08;
000117 e0e8      	LDI  R30,LOW(8)
000118 b9ea      	OUT  0xA,R30
                 ; 0000 00D2 	UCSRC=0x86;
000119 e8e6      	LDI  R30,LOW(134)
00011a bde0      	OUT  0x20,R30
                 ; 0000 00D3 	UBRRH=0x02;
00011b e0e2      	LDI  R30,LOW(2)
00011c bde0      	OUT  0x20,R30
                 ; 0000 00D4 	UBRRL=0x3F;
00011d e3ef      	LDI  R30,LOW(63)
00011e b9e9      	OUT  0x9,R30
                 ; 0000 00D5 
                 ; 0000 00D6 	// Analog Comparator initialization
                 ; 0000 00D7 	// Analog Comparator: Off
                 ; 0000 00D8 	// Analog Comparator Input Capture by Timer/Counter 1: Off
                 ; 0000 00D9 	ACSR=0x80;
00011f e8e0      	LDI  R30,LOW(128)
000120 b9e8      	OUT  0x8,R30
                 ; 0000 00DA 	SFIOR=0x00;
000121 e0e0      	LDI  R30,LOW(0)
000122 bfe0      	OUT  0x30,R30
                 ; 0000 00DB 
                 ; 0000 00DC 	// ADC initialization
                 ; 0000 00DD 	// ADC Clock frequency: 691.200 kHz
                 ; 0000 00DE 	// ADC Voltage Reference: AREF pin
                 ; 0000 00DF 	// Only the 8 most significant bits of
                 ; 0000 00E0 	// the AD conversion result are used
                 ; 0000 00E1 	ADMUX=ADC_VREF_TYPE & 0xff;
000123 e2e0      	LDI  R30,LOW(32)
000124 b9e7      	OUT  0x7,R30
                 ; 0000 00E2 	ADCSRA=0x84;
000125 e8e4      	LDI  R30,LOW(132)
000126 b9e6      	OUT  0x6,R30
                 ; 0000 00E3 
                 ; 0000 00E4         en_adc=0;
000127 94e8      	CLT
000128 f820      	BLD  R2,0
                 ; 0000 00E5 
                 ; 0000 00E6         for(i=0;i<25;i++)
000129 2477      	CLR  R7
                 _0xB:
00012a e1e9      	LDI  R30,LOW(25)
00012b 167e      	CP   R7,R30
00012c f440      	BRSH _0xC
                 ; 0000 00E7         {
                 ; 0000 00E8         	sen[i+1]=0;
00012d 2de7      	MOV  R30,R7
00012e e0f0      	LDI  R31,0
                +
00012f 58ed     +SUBI R30 , LOW ( - _sen - ( 1 ) )
000130 4ffd     +SBCI R31 , HIGH ( - _sen - ( 1 ) )
                 	__ADDW1MN _sen,1
000131 e0a0      	LDI  R26,LOW(0)
000132 83a0      	STD  Z+0,R26
                 ; 0000 00E9         }
000133 9473      	INC  R7
000134 cff5      	RJMP _0xB
                 _0xC:
                 ; 0000 00EA 
                 ; 0000 00EB 	// Global enable interrupts
                 ; 0000 00EC 	#asm("sei")
000135 9478      	sei
                 ; 0000 00ED 
                 ; 0000 00EE 	while (1)
                 _0xD:
                 ; 0000 00EF       	{
                 ; 0000 00F0       		// Place your code here
                 ; 0000 00F1                 //putchar('C');
                 ; 0000 00F2 
                 ; 0000 00F3 
                 ; 0000 00F4                 if((MUX_A==0)&&(MUX_B==0)&&(MUX_C==0))
000136 940e 02ce 	CALL SUBOPT_0x2
000138 f431      	BRNE _0x11
000139 940e 02d3 	CALL SUBOPT_0x3
00013b f419      	BRNE _0x11
00013c 940e 02d8 	CALL SUBOPT_0x4
00013e f009      	BREQ _0x12
                 _0x11:
00013f c026      	RJMP _0x10
                 _0x12:
                 ; 0000 00F5                 {
                 ; 0000 00F6                 	sen_buff[0]=read_adc(0);
000140 940e 02dd 	CALL SUBOPT_0x5
                 ; 0000 00F7                         sen_buff[1]=read_adc(1);
                 ; 0000 00F8                         sen_buff[2]=read_adc(2);
                 ; 0000 00F9                         sen_buff[3]=read_adc(3);
                 ; 0000 00FA 
                 ; 0000 00FB                         if(sen_buff[0]>sen[17])	sen[17]=sen_buff[0];
                +
000142 91e0 0283+LDS R30 , _sen + ( 17 )
                 	__GETB1MN _sen,17
000144 91a0 026e 	LDS  R26,_sen_buff
000146 17ea      	CP   R30,R26
000147 f420      	BRSH _0x13
000148 91e0 026e 	LDS  R30,_sen_buff
                +
00014a 93e0 0283+STS _sen + ( 17 ) , R30
                 	__PUTB1MN _sen,17
                 ; 0000 00FC                         if(sen_buff[1]>sen[9])	sen[9]=sen_buff[1];
                 _0x13:
                +
00014c 91a0 026f+LDS R26 , _sen_buff + ( 1 )
                 	__GETB2MN _sen_buff,1
                +
00014e 91e0 027b+LDS R30 , _sen + ( 9 )
                 	__GETB1MN _sen,9
000150 17ea      	CP   R30,R26
000151 f420      	BRSH _0x14
                +
000152 91e0 026f+LDS R30 , _sen_buff + ( 1 )
                 	__GETB1MN _sen_buff,1
                +
000154 93e0 027b+STS _sen + ( 9 ) , R30
                 	__PUTB1MN _sen,9
                 ; 0000 00FD                         if(sen_buff[2]>sen[1])	sen[1]=sen_buff[2];
                 _0x14:
                +
000156 91a0 0270+LDS R26 , _sen_buff + ( 2 )
                 	__GETB2MN _sen_buff,2
                +
000158 91e0 0273+LDS R30 , _sen + ( 1 )
                 	__GETB1MN _sen,1
00015a 17ea      	CP   R30,R26
00015b f420      	BRSH _0x15
                +
00015c 91e0 0270+LDS R30 , _sen_buff + ( 2 )
                 	__GETB1MN _sen_buff,2
                +
00015e 93e0 0273+STS _sen + ( 1 ) , R30
                 	__PUTB1MN _sen,1
                 ; 0000 00FE                         if(sen_buff[3]>sen[25])	sen[25]=sen_buff[3];
                 _0x15:
000160 940e 02f6 	CALL SUBOPT_0x6
000162 f410      	BRSH _0x16
000163 940e 02fc 	CALL SUBOPT_0x7
                 ; 0000 00FF                 }
                 _0x16:
                 ; 0000 0100 
                 ; 0000 0101                 else if((MUX_A==0)&&(MUX_B==0)&&(MUX_C==1))
000165 c143      	RJMP _0x17
                 _0x10:
000166 940e 02ce 	CALL SUBOPT_0x2
000168 f429      	BRNE _0x19
000169 940e 02d3 	CALL SUBOPT_0x3
00016b f411      	BRNE _0x19
00016c 99b2      	SBIC 0x16,2
00016d c001      	RJMP _0x1A
                 _0x19:
00016e c026      	RJMP _0x18
                 _0x1A:
                 ; 0000 0102                 {
                 ; 0000 0103                 	sen_buff[0]=read_adc(0);
00016f 940e 02dd 	CALL SUBOPT_0x5
                 ; 0000 0104                         sen_buff[1]=read_adc(1);
                 ; 0000 0105                         sen_buff[2]=read_adc(2);
                 ; 0000 0106                         sen_buff[3]=read_adc(3);
                 ; 0000 0107 
                 ; 0000 0108                         if(sen_buff[0]>sen[18])	sen[18]=sen_buff[0];
                +
000171 91e0 0284+LDS R30 , _sen + ( 18 )
                 	__GETB1MN _sen,18
000173 91a0 026e 	LDS  R26,_sen_buff
000175 17ea      	CP   R30,R26
000176 f420      	BRSH _0x1B
000177 91e0 026e 	LDS  R30,_sen_buff
                +
000179 93e0 0284+STS _sen + ( 18 ) , R30
                 	__PUTB1MN _sen,18
                 ; 0000 0109                         if(sen_buff[1]>sen[10])	sen[10]=sen_buff[1];
                 _0x1B:
                +
00017b 91a0 026f+LDS R26 , _sen_buff + ( 1 )
                 	__GETB2MN _sen_buff,1
                +
00017d 91e0 027c+LDS R30 , _sen + ( 10 )
                 	__GETB1MN _sen,10
00017f 17ea      	CP   R30,R26
000180 f420      	BRSH _0x1C
                +
000181 91e0 026f+LDS R30 , _sen_buff + ( 1 )
                 	__GETB1MN _sen_buff,1
                +
000183 93e0 027c+STS _sen + ( 10 ) , R30
                 	__PUTB1MN _sen,10
                 ; 0000 010A                         if(sen_buff[2]>sen[2])	sen[2]=sen_buff[2];
                 _0x1C:
                +
000185 91a0 0270+LDS R26 , _sen_buff + ( 2 )
                 	__GETB2MN _sen_buff,2
                +
000187 91e0 0274+LDS R30 , _sen + ( 2 )
                 	__GETB1MN _sen,2
000189 17ea      	CP   R30,R26
00018a f420      	BRSH _0x1D
                +
00018b 91e0 0270+LDS R30 , _sen_buff + ( 2 )
                 	__GETB1MN _sen_buff,2
                +
00018d 93e0 0274+STS _sen + ( 2 ) , R30
                 	__PUTB1MN _sen,2
                 ; 0000 010B                         if(sen_buff[3]>sen[25])	sen[25]=sen_buff[3];
                 _0x1D:
00018f 940e 02f6 	CALL SUBOPT_0x6
000191 f410      	BRSH _0x1E
000192 940e 02fc 	CALL SUBOPT_0x7
                 ; 0000 010C                 }
                 _0x1E:
                 ; 0000 010D 
                 ; 0000 010E                 else if((MUX_A==0)&&(MUX_B==1)&&(MUX_C==0))
000194 c114      	RJMP _0x1F
                 _0x18:
000195 940e 02ce 	CALL SUBOPT_0x2
000197 f429      	BRNE _0x21
000198 9bb1      	SBIS 0x16,1
000199 c003      	RJMP _0x21
00019a 940e 02d8 	CALL SUBOPT_0x4
00019c f009      	BREQ _0x22
                 _0x21:
00019d c026      	RJMP _0x20
                 _0x22:
                 ; 0000 010F                 {
                 ; 0000 0110                 	sen_buff[0]=read_adc(0);
00019e 940e 02dd 	CALL SUBOPT_0x5
                 ; 0000 0111                         sen_buff[1]=read_adc(1);
                 ; 0000 0112                         sen_buff[2]=read_adc(2);
                 ; 0000 0113                         sen_buff[3]=read_adc(3);
                 ; 0000 0114 
                 ; 0000 0115                         if(sen_buff[0]>sen[19])	sen[18]=sen_buff[0];
                +
0001a0 91e0 0285+LDS R30 , _sen + ( 19 )
                 	__GETB1MN _sen,19
0001a2 91a0 026e 	LDS  R26,_sen_buff
0001a4 17ea      	CP   R30,R26
0001a5 f420      	BRSH _0x23
0001a6 91e0 026e 	LDS  R30,_sen_buff
                +
0001a8 93e0 0284+STS _sen + ( 18 ) , R30
                 	__PUTB1MN _sen,18
                 ; 0000 0116                         if(sen_buff[1]>sen[11])	sen[11]=sen_buff[1];
                 _0x23:
                +
0001aa 91a0 026f+LDS R26 , _sen_buff + ( 1 )
                 	__GETB2MN _sen_buff,1
                +
0001ac 91e0 027d+LDS R30 , _sen + ( 11 )
                 	__GETB1MN _sen,11
0001ae 17ea      	CP   R30,R26
0001af f420      	BRSH _0x24
                +
0001b0 91e0 026f+LDS R30 , _sen_buff + ( 1 )
                 	__GETB1MN _sen_buff,1
                +
0001b2 93e0 027d+STS _sen + ( 11 ) , R30
                 	__PUTB1MN _sen,11
                 ; 0000 0117                         if(sen_buff[2]>sen[3])	sen[3]=sen_buff[2];
                 _0x24:
                +
0001b4 91a0 0270+LDS R26 , _sen_buff + ( 2 )
                 	__GETB2MN _sen_buff,2
                +
0001b6 91e0 0275+LDS R30 , _sen + ( 3 )
                 	__GETB1MN _sen,3
0001b8 17ea      	CP   R30,R26
0001b9 f420      	BRSH _0x25
                +
0001ba 91e0 0270+LDS R30 , _sen_buff + ( 2 )
                 	__GETB1MN _sen_buff,2
                +
0001bc 93e0 0275+STS _sen + ( 3 ) , R30
                 	__PUTB1MN _sen,3
                 ; 0000 0118                         if(sen_buff[3]>sen[25])	sen[25]=sen_buff[3];
                 _0x25:
0001be 940e 02f6 	CALL SUBOPT_0x6
0001c0 f410      	BRSH _0x26
0001c1 940e 02fc 	CALL SUBOPT_0x7
                 ; 0000 0119                 }
                 _0x26:
                 ; 0000 011A 
                 ; 0000 011B                 else if((MUX_A==0)&&(MUX_B==1)&&(MUX_C==1))
0001c3 c0e5      	RJMP _0x27
                 _0x20:
0001c4 940e 02ce 	CALL SUBOPT_0x2
0001c6 f421      	BRNE _0x29
0001c7 9bb1      	SBIS 0x16,1
0001c8 c002      	RJMP _0x29
0001c9 99b2      	SBIC 0x16,2
0001ca c001      	RJMP _0x2A
                 _0x29:
0001cb c026      	RJMP _0x28
                 _0x2A:
                 ; 0000 011C                 {
                 ; 0000 011D                 	sen_buff[0]=read_adc(0);
0001cc 940e 02dd 	CALL SUBOPT_0x5
                 ; 0000 011E                         sen_buff[1]=read_adc(1);
                 ; 0000 011F                         sen_buff[2]=read_adc(2);
                 ; 0000 0120                         sen_buff[3]=read_adc(3);
                 ; 0000 0121 
                 ; 0000 0122                         if(sen_buff[0]>sen[20])	sen[20]=sen_buff[0];
                +
0001ce 91e0 0286+LDS R30 , _sen + ( 20 )
                 	__GETB1MN _sen,20
0001d0 91a0 026e 	LDS  R26,_sen_buff
0001d2 17ea      	CP   R30,R26
0001d3 f420      	BRSH _0x2B
0001d4 91e0 026e 	LDS  R30,_sen_buff
                +
0001d6 93e0 0286+STS _sen + ( 20 ) , R30
                 	__PUTB1MN _sen,20
                 ; 0000 0123                         if(sen_buff[1]>sen[12])	sen[12]=sen_buff[1];
                 _0x2B:
                +
0001d8 91a0 026f+LDS R26 , _sen_buff + ( 1 )
                 	__GETB2MN _sen_buff,1
                +
0001da 91e0 027e+LDS R30 , _sen + ( 12 )
                 	__GETB1MN _sen,12
0001dc 17ea      	CP   R30,R26
0001dd f420      	BRSH _0x2C
                +
0001de 91e0 026f+LDS R30 , _sen_buff + ( 1 )
                 	__GETB1MN _sen_buff,1
                +
0001e0 93e0 027e+STS _sen + ( 12 ) , R30
                 	__PUTB1MN _sen,12
                 ; 0000 0124                         if(sen_buff[2]>sen[4])	sen[4]=sen_buff[2];
                 _0x2C:
                +
0001e2 91a0 0270+LDS R26 , _sen_buff + ( 2 )
                 	__GETB2MN _sen_buff,2
                +
0001e4 91e0 0276+LDS R30 , _sen + ( 4 )
                 	__GETB1MN _sen,4
0001e6 17ea      	CP   R30,R26
0001e7 f420      	BRSH _0x2D
                +
0001e8 91e0 0270+LDS R30 , _sen_buff + ( 2 )
                 	__GETB1MN _sen_buff,2
                +
0001ea 93e0 0276+STS _sen + ( 4 ) , R30
                 	__PUTB1MN _sen,4
                 ; 0000 0125                         if(sen_buff[3]>sen[25])	sen[25]=sen_buff[3];
                 _0x2D:
0001ec 940e 02f6 	CALL SUBOPT_0x6
0001ee f410      	BRSH _0x2E
0001ef 940e 02fc 	CALL SUBOPT_0x7
                 ; 0000 0126                 }
                 _0x2E:
                 ; 0000 0127 
                 ; 0000 0128                 else if((MUX_A==1)&&(MUX_B==0)&&(MUX_C==0))
0001f1 c0b7      	RJMP _0x2F
                 _0x28:
0001f2 9bb0      	SBIS 0x16,0
0001f3 c006      	RJMP _0x31
0001f4 940e 02d3 	CALL SUBOPT_0x3
0001f6 f419      	BRNE _0x31
0001f7 940e 02d8 	CALL SUBOPT_0x4
0001f9 f009      	BREQ _0x32
                 _0x31:
0001fa c026      	RJMP _0x30
                 _0x32:
                 ; 0000 0129                 {
                 ; 0000 012A                 	sen_buff[0]=read_adc(0);
0001fb 940e 02dd 	CALL SUBOPT_0x5
                 ; 0000 012B                         sen_buff[1]=read_adc(1);
                 ; 0000 012C                         sen_buff[2]=read_adc(2);
                 ; 0000 012D                         sen_buff[3]=read_adc(3);
                 ; 0000 012E 
                 ; 0000 012F                         if(sen_buff[0]>sen[21])	sen[21]=sen_buff[0];
                +
0001fd 91e0 0287+LDS R30 , _sen + ( 21 )
                 	__GETB1MN _sen,21
0001ff 91a0 026e 	LDS  R26,_sen_buff
000201 17ea      	CP   R30,R26
000202 f420      	BRSH _0x33
000203 91e0 026e 	LDS  R30,_sen_buff
                +
000205 93e0 0287+STS _sen + ( 21 ) , R30
                 	__PUTB1MN _sen,21
                 ; 0000 0130                         if(sen_buff[1]>sen[13])	sen[13]=sen_buff[1];
                 _0x33:
                +
000207 91a0 026f+LDS R26 , _sen_buff + ( 1 )
                 	__GETB2MN _sen_buff,1
                +
000209 91e0 027f+LDS R30 , _sen + ( 13 )
                 	__GETB1MN _sen,13
00020b 17ea      	CP   R30,R26
00020c f420      	BRSH _0x34
                +
00020d 91e0 026f+LDS R30 , _sen_buff + ( 1 )
                 	__GETB1MN _sen_buff,1
                +
00020f 93e0 027f+STS _sen + ( 13 ) , R30
                 	__PUTB1MN _sen,13
                 ; 0000 0131                         if(sen_buff[2]>sen[5])	sen[5]=sen_buff[2];
                 _0x34:
                +
000211 91a0 0270+LDS R26 , _sen_buff + ( 2 )
                 	__GETB2MN _sen_buff,2
                +
000213 91e0 0277+LDS R30 , _sen + ( 5 )
                 	__GETB1MN _sen,5
000215 17ea      	CP   R30,R26
000216 f420      	BRSH _0x35
                +
000217 91e0 0270+LDS R30 , _sen_buff + ( 2 )
                 	__GETB1MN _sen_buff,2
                +
000219 93e0 0277+STS _sen + ( 5 ) , R30
                 	__PUTB1MN _sen,5
                 ; 0000 0132                         if(sen_buff[3]>sen[25])	sen[25]=sen_buff[3];
                 _0x35:
00021b 940e 02f6 	CALL SUBOPT_0x6
00021d f410      	BRSH _0x36
00021e 940e 02fc 	CALL SUBOPT_0x7
                 ; 0000 0133                 }
                 _0x36:
                 ; 0000 0134 
                 ; 0000 0135                 else if((MUX_A==1)&&(MUX_B==0)&&(MUX_C==1))
000220 c088      	RJMP _0x37
                 _0x30:
000221 9bb0      	SBIS 0x16,0
000222 c005      	RJMP _0x39
000223 940e 02d3 	CALL SUBOPT_0x3
000225 f411      	BRNE _0x39
000226 99b2      	SBIC 0x16,2
000227 c001      	RJMP _0x3A
                 _0x39:
000228 c026      	RJMP _0x38
                 _0x3A:
                 ; 0000 0136                 {
                 ; 0000 0137                 	sen_buff[0]=read_adc(0);
000229 940e 02dd 	CALL SUBOPT_0x5
                 ; 0000 0138                         sen_buff[1]=read_adc(1);
                 ; 0000 0139                         sen_buff[2]=read_adc(2);
                 ; 0000 013A                         sen_buff[3]=read_adc(3);
                 ; 0000 013B 
                 ; 0000 013C                         if(sen_buff[0]>sen[22])	sen[22]=sen_buff[0];
                +
00022b 91e0 0288+LDS R30 , _sen + ( 22 )
                 	__GETB1MN _sen,22
00022d 91a0 026e 	LDS  R26,_sen_buff
00022f 17ea      	CP   R30,R26
000230 f420      	BRSH _0x3B
000231 91e0 026e 	LDS  R30,_sen_buff
                +
000233 93e0 0288+STS _sen + ( 22 ) , R30
                 	__PUTB1MN _sen,22
                 ; 0000 013D                         if(sen_buff[1]>sen[14])	sen[14]=sen_buff[1];
                 _0x3B:
                +
000235 91a0 026f+LDS R26 , _sen_buff + ( 1 )
                 	__GETB2MN _sen_buff,1
                +
000237 91e0 0280+LDS R30 , _sen + ( 14 )
                 	__GETB1MN _sen,14
000239 17ea      	CP   R30,R26
00023a f420      	BRSH _0x3C
                +
00023b 91e0 026f+LDS R30 , _sen_buff + ( 1 )
                 	__GETB1MN _sen_buff,1
                +
00023d 93e0 0280+STS _sen + ( 14 ) , R30
                 	__PUTB1MN _sen,14
                 ; 0000 013E                         if(sen_buff[2]>sen[6])	sen[6]=sen_buff[2];
                 _0x3C:
                +
00023f 91a0 0270+LDS R26 , _sen_buff + ( 2 )
                 	__GETB2MN _sen_buff,2
                +
000241 91e0 0278+LDS R30 , _sen + ( 6 )
                 	__GETB1MN _sen,6
000243 17ea      	CP   R30,R26
000244 f420      	BRSH _0x3D
                +
000245 91e0 0270+LDS R30 , _sen_buff + ( 2 )
                 	__GETB1MN _sen_buff,2
                +
000247 93e0 0278+STS _sen + ( 6 ) , R30
                 	__PUTB1MN _sen,6
                 ; 0000 013F                         if(sen_buff[3]>sen[25])	sen[25]=sen_buff[3];
                 _0x3D:
000249 940e 02f6 	CALL SUBOPT_0x6
00024b f410      	BRSH _0x3E
00024c 940e 02fc 	CALL SUBOPT_0x7
                 ; 0000 0140                 }
                 _0x3E:
                 ; 0000 0141 
                 ; 0000 0142                 else if((MUX_A==1)&&(MUX_B==1)&&(MUX_C==0))
00024e c05a      	RJMP _0x3F
                 _0x38:
00024f 9bb0      	SBIS 0x16,0
000250 c005      	RJMP _0x41
000251 9bb1      	SBIS 0x16,1
000252 c003      	RJMP _0x41
000253 940e 02d8 	CALL SUBOPT_0x4
000255 f009      	BREQ _0x42
                 _0x41:
000256 c026      	RJMP _0x40
                 _0x42:
                 ; 0000 0143                 {
                 ; 0000 0144                 	sen_buff[0]=read_adc(0);
000257 940e 02dd 	CALL SUBOPT_0x5
                 ; 0000 0145                         sen_buff[1]=read_adc(1);
                 ; 0000 0146                         sen_buff[2]=read_adc(2);
                 ; 0000 0147                         sen_buff[3]=read_adc(3);
                 ; 0000 0148 
                 ; 0000 0149                         if(sen_buff[0]>sen[23])	sen[23]=sen_buff[0];
                +
000259 91e0 0289+LDS R30 , _sen + ( 23 )
                 	__GETB1MN _sen,23
00025b 91a0 026e 	LDS  R26,_sen_buff
00025d 17ea      	CP   R30,R26
00025e f420      	BRSH _0x43
00025f 91e0 026e 	LDS  R30,_sen_buff
                +
000261 93e0 0289+STS _sen + ( 23 ) , R30
                 	__PUTB1MN _sen,23
                 ; 0000 014A                         if(sen_buff[1]>sen[15])	sen[15]=sen_buff[1];
                 _0x43:
                +
000263 91a0 026f+LDS R26 , _sen_buff + ( 1 )
                 	__GETB2MN _sen_buff,1
                +
000265 91e0 0281+LDS R30 , _sen + ( 15 )
                 	__GETB1MN _sen,15
000267 17ea      	CP   R30,R26
000268 f420      	BRSH _0x44
                +
000269 91e0 026f+LDS R30 , _sen_buff + ( 1 )
                 	__GETB1MN _sen_buff,1
                +
00026b 93e0 0281+STS _sen + ( 15 ) , R30
                 	__PUTB1MN _sen,15
                 ; 0000 014B                         if(sen_buff[2]>sen[7])	sen[7]=sen_buff[2];
                 _0x44:
                +
00026d 91a0 0270+LDS R26 , _sen_buff + ( 2 )
                 	__GETB2MN _sen_buff,2
                +
00026f 91e0 0279+LDS R30 , _sen + ( 7 )
                 	__GETB1MN _sen,7
000271 17ea      	CP   R30,R26
000272 f420      	BRSH _0x45
                +
000273 91e0 0270+LDS R30 , _sen_buff + ( 2 )
                 	__GETB1MN _sen_buff,2
                +
000275 93e0 0279+STS _sen + ( 7 ) , R30
                 	__PUTB1MN _sen,7
                 ; 0000 014C                         if(sen_buff[3]>sen[25])	sen[25]=sen_buff[3];
                 _0x45:
000277 940e 02f6 	CALL SUBOPT_0x6
000279 f410      	BRSH _0x46
00027a 940e 02fc 	CALL SUBOPT_0x7
                 ; 0000 014D                 }
                 _0x46:
                 ; 0000 014E 
                 ; 0000 014F                 else if((MUX_A==1)&&(MUX_B==1)&&(MUX_C==1))
00027c c02c      	RJMP _0x47
                 _0x40:
00027d 9bb0      	SBIS 0x16,0
00027e c004      	RJMP _0x49
00027f 9bb1      	SBIS 0x16,1
000280 c002      	RJMP _0x49
000281 99b2      	SBIC 0x16,2
000282 c001      	RJMP _0x4A
                 _0x49:
000283 c025      	RJMP _0x48
                 _0x4A:
                 ; 0000 0150                 {
                 ; 0000 0151                 	sen_buff[0]=read_adc(0);
000284 940e 02dd 	CALL SUBOPT_0x5
                 ; 0000 0152                         sen_buff[1]=read_adc(1);
                 ; 0000 0153                         sen_buff[2]=read_adc(2);
                 ; 0000 0154                         sen_buff[3]=read_adc(3);
                 ; 0000 0155 
                 ; 0000 0156                         if(sen_buff[0]>sen[24])	sen[24]=sen_buff[0];
                +
000286 91e0 028a+LDS R30 , _sen + ( 24 )
                 	__GETB1MN _sen,24
000288 91a0 026e 	LDS  R26,_sen_buff
00028a 17ea      	CP   R30,R26
00028b f420      	BRSH _0x4B
00028c 91e0 026e 	LDS  R30,_sen_buff
                +
00028e 93e0 028a+STS _sen + ( 24 ) , R30
                 	__PUTB1MN _sen,24
                 ; 0000 0157                         if(sen_buff[1]>sen[16])	sen[16]=sen_buff[1];
                 _0x4B:
                +
000290 91a0 026f+LDS R26 , _sen_buff + ( 1 )
                 	__GETB2MN _sen_buff,1
                +
000292 91e0 0282+LDS R30 , _sen + ( 16 )
                 	__GETB1MN _sen,16
000294 17ea      	CP   R30,R26
000295 f420      	BRSH _0x4C
                +
000296 91e0 026f+LDS R30 , _sen_buff + ( 1 )
                 	__GETB1MN _sen_buff,1
                +
000298 93e0 0282+STS _sen + ( 16 ) , R30
                 	__PUTB1MN _sen,16
                 ; 0000 0158                         if(sen_buff[2]>sen[8])	sen[8]=sen_buff[2];
                 _0x4C:
                +
00029a 91a0 0270+LDS R26 , _sen_buff + ( 2 )
                 	__GETB2MN _sen_buff,2
                +
00029c 91e0 027a+LDS R30 , _sen + ( 8 )
                 	__GETB1MN _sen,8
00029e 17ea      	CP   R30,R26
00029f f420      	BRSH _0x4D
                +
0002a0 91e0 0270+LDS R30 , _sen_buff + ( 2 )
                 	__GETB1MN _sen_buff,2
                +
0002a2 93e0 027a+STS _sen + ( 8 ) , R30
                 	__PUTB1MN _sen,8
                 ; 0000 0159                         if(sen_buff[3]>sen[25])	sen[25]=sen_buff[3];
                 _0x4D:
0002a4 940e 02f6 	CALL SUBOPT_0x6
0002a6 f410      	BRSH _0x4E
0002a7 940e 02fc 	CALL SUBOPT_0x7
                 ; 0000 015A                 }
                 _0x4E:
                 ; 0000 015B       	}
                 _0x48:
                 _0x47:
                 _0x3F:
                 _0x37:
                 _0x2F:
                 _0x27:
                 _0x1F:
                 _0x17:
0002a9 ce8c      	RJMP _0xD
                 ; 0000 015C }
                 _0x4F:
0002aa cfff      	RJMP _0x4F
                 	#ifndef __SLEEP_DEFINED__
                 	#endif
                 
                 	.CSEG
                 _putchar:
                 putchar0:
0002ab 9b5d           sbis usr,udre
0002ac cffe           rjmp putchar0
0002ad 81e8           ld   r30,y
0002ae b9ec           out  udr,r30
                 _0x2060001:
0002af 9621      	ADIW R28,1
0002b0 9508      	RET
                 _puts:
0002b1 931a      	ST   -Y,R17
                 _0x2000003:
0002b2 81a9      	LDD  R26,Y+1
0002b3 81ba      	LDD  R27,Y+1+1
0002b4 91ed      	LD   R30,X+
0002b5 83a9      	STD  Y+1,R26
0002b6 83ba      	STD  Y+1+1,R27
0002b7 2f1e      	MOV  R17,R30
0002b8 30e0      	CPI  R30,0
0002b9 f019      	BREQ _0x2000005
0002ba 931a      	ST   -Y,R17
0002bb dfef      	RCALL _putchar
0002bc cff5      	RJMP _0x2000003
                 _0x2000005:
0002bd e0ea      	LDI  R30,LOW(10)
0002be 93ea      	ST   -Y,R30
0002bf dfeb      	RCALL _putchar
0002c0 8118      	LDD  R17,Y+0
0002c1 9623      	ADIW R28,3
0002c2 9508      	RET
                 
                 	.CSEG
                 
                 	.CSEG
                 
                 	.DSEG
                 _sen_buff:
00026e           	.BYTE 0x4
                 _sen:
000272           	.BYTE 0x1A
                 
                 	.CSEG
                 ;OPTIMIZER ADDED SUBROUTINE, CALLED 4 TIMES, CODE SIZE REDUCTION:3 WORDS
                 SUBOPT_0x0:
0002c3 e0ed      	LDI  R30,LOW(13)
0002c4 93ea      	ST   -Y,R30
0002c5 940c 02ab 	JMP  _putchar
                 
                 ;OPTIMIZER ADDED SUBROUTINE, CALLED 3 TIMES, CODE SIZE REDUCTION:9 WORDS
                 SUBOPT_0x1:
0002c7 2de7      	MOV  R30,R7
0002c8 e0f0      	LDI  R31,0
                +
0002c9 58ed     +SUBI R30 , LOW ( - _sen - ( 1 ) )
0002ca 4ffd     +SBCI R31 , HIGH ( - _sen - ( 1 ) )
                 	__ADDW1MN _sen,1
0002cb 81e0      	LD   R30,Z
0002cc 93ea      	ST   -Y,R30
0002cd 9508      	RET
                 
                 ;OPTIMIZER ADDED SUBROUTINE, CALLED 4 TIMES, CODE SIZE REDUCTION:3 WORDS
                 SUBOPT_0x2:
0002ce e0a0      	LDI  R26,0
0002cf 99b0      	SBIC 0x16,0
0002d0 e0a1      	LDI  R26,1
0002d1 30a0      	CPI  R26,LOW(0x0)
0002d2 9508      	RET
                 
                 ;OPTIMIZER ADDED SUBROUTINE, CALLED 4 TIMES, CODE SIZE REDUCTION:3 WORDS
                 SUBOPT_0x3:
0002d3 e0a0      	LDI  R26,0
0002d4 99b1      	SBIC 0x16,1
0002d5 e0a1      	LDI  R26,1
0002d6 30a0      	CPI  R26,LOW(0x0)
0002d7 9508      	RET
                 
                 ;OPTIMIZER ADDED SUBROUTINE, CALLED 4 TIMES, CODE SIZE REDUCTION:3 WORDS
                 SUBOPT_0x4:
0002d8 e0a0      	LDI  R26,0
0002d9 99b2      	SBIC 0x16,2
0002da e0a1      	LDI  R26,1
0002db 30a0      	CPI  R26,LOW(0x0)
0002dc 9508      	RET
                 
                 ;OPTIMIZER ADDED SUBROUTINE, CALLED 8 TIMES, CODE SIZE REDUCTION:151 WORDS
                 SUBOPT_0x5:
0002dd e0e0      	LDI  R30,LOW(0)
0002de 93ea      	ST   -Y,R30
0002df 940e 00c4 	CALL _read_adc
0002e1 93e0 026e 	STS  _sen_buff,R30
0002e3 e0e1      	LDI  R30,LOW(1)
0002e4 93ea      	ST   -Y,R30
0002e5 940e 00c4 	CALL _read_adc
                +
0002e7 93e0 026f+STS _sen_buff + ( 1 ) , R30
                 	__PUTB1MN _sen_buff,1
0002e9 e0e2      	LDI  R30,LOW(2)
0002ea 93ea      	ST   -Y,R30
0002eb 940e 00c4 	CALL _read_adc
                +
0002ed 93e0 0270+STS _sen_buff + ( 2 ) , R30
                 	__PUTB1MN _sen_buff,2
0002ef e0e3      	LDI  R30,LOW(3)
0002f0 93ea      	ST   -Y,R30
0002f1 940e 00c4 	CALL _read_adc
                +
0002f3 93e0 0271+STS _sen_buff + ( 3 ) , R30
                 	__PUTB1MN _sen_buff,3
0002f5 9508      	RET
                 
                 ;OPTIMIZER ADDED SUBROUTINE, CALLED 8 TIMES, CODE SIZE REDUCTION:18 WORDS
                 SUBOPT_0x6:
                +
0002f6 91a0 0271+LDS R26 , _sen_buff + ( 3 )
                 	__GETB2MN _sen_buff,3
                +
0002f8 91e0 028b+LDS R30 , _sen + ( 25 )
                 	__GETB1MN _sen,25
0002fa 17ea      	CP   R30,R26
0002fb 9508      	RET
                 
                 ;OPTIMIZER ADDED SUBROUTINE, CALLED 8 TIMES, CODE SIZE REDUCTION:11 WORDS
                 SUBOPT_0x7:
                +
0002fc 91e0 0271+LDS R30 , _sen_buff + ( 3 )
                 	__GETB1MN _sen_buff,3
                +
0002fe 93e0 028b+STS _sen + ( 25 ) , R30
                 	__PUTB1MN _sen,25
000300 9508      	RET
                 
                 
                 	.CSEG
                 __ANEGW1:
000301 95f1      	NEG  R31
000302 95e1      	NEG  R30
000303 40f0      	SBCI R31,0
000304 9508      	RET
                 
                 __DIVW21U:
000305 2400      	CLR  R0
000306 2411      	CLR  R1
000307 e190      	LDI  R25,16
                 __DIVW21U1:
000308 0faa      	LSL  R26
000309 1fbb      	ROL  R27
00030a 1c00      	ROL  R0
00030b 1c11      	ROL  R1
00030c 1a0e      	SUB  R0,R30
00030d 0a1f      	SBC  R1,R31
00030e f418      	BRCC __DIVW21U2
00030f 0e0e      	ADD  R0,R30
000310 1e1f      	ADC  R1,R31
000311 c001      	RJMP __DIVW21U3
                 __DIVW21U2:
000312 60a1      	SBR  R26,1
                 __DIVW21U3:
000313 959a      	DEC  R25
000314 f799      	BRNE __DIVW21U1
000315 01fd      	MOVW R30,R26
000316 01d0      	MOVW R26,R0
000317 9508      	RET
                 
                 __DIVW21:
000318 d012      	RCALL __CHKSIGNW
000319 dfeb      	RCALL __DIVW21U
00031a f40e      	BRTC __DIVW211
00031b dfe5      	RCALL __ANEGW1
                 __DIVW211:
00031c 9508      	RET
                 
                 __MODW21:
00031d 94e8      	CLT
00031e ffb7      	SBRS R27,7
00031f c004      	RJMP __MODW211
000320 95a0      	COM  R26
000321 95b0      	COM  R27
000322 9611      	ADIW R26,1
000323 9468      	SET
                 __MODW211:
000324 fdf7      	SBRC R31,7
000325 dfdb      	RCALL __ANEGW1
000326 dfde      	RCALL __DIVW21U
000327 01fd      	MOVW R30,R26
000328 f40e      	BRTC __MODW212
000329 dfd7      	RCALL __ANEGW1
                 __MODW212:
00032a 9508      	RET
                 
                 __CHKSIGNW:
00032b 94e8      	CLT
00032c fff7      	SBRS R31,7
00032d c002      	RJMP __CHKSW1
00032e dfd2      	RCALL __ANEGW1
00032f 9468      	SET
                 __CHKSW1:
000330 ffb7      	SBRS R27,7
000331 c006      	RJMP __CHKSW2
000332 95a0      	COM  R26
000333 95b0      	COM  R27
000334 9611      	ADIW R26,1
000335 f800      	BLD  R0,0
000336 9403      	INC  R0
000337 fa00      	BST  R0,0
                 __CHKSW2:
000338 9508      	RET
                 
                 ;END OF CODE MARKER
                 __END_OF_CODE:


RESOURCE USE INFORMATION
------------------------

Notice:
The register and instruction counts are symbol table hit counts,
and hence implicitly used resources are not counted, eg, the
'lpm' instruction without operands implicitly uses r0 and z,
none of which are counted.

x,y,z are separate entities in the symbol table and are
counted separately from r26..r31 here.

.dseg memory usage only counts static data declared with .byte

ATmega32 register use summary:
r0 :  14 r1 :   7 r2 :   1 r3 :   0 r4 :   0 r5 :   0 r6 :   0 r7 :   8 
r8 :   0 r9 :   0 r10:   0 r11:   0 r12:   0 r13:   0 r14:   0 r15:   2 
r16:   0 r17:   4 r18:   0 r19:   0 r20:   0 r21:   0 r22:   4 r23:   2 
r24:  11 r25:   6 r26:  81 r27:  15 r28:   3 r29:   1 r30: 232 r31:  25 
x  :   4 y  :  53 z  :   9 
Registers used: 19 out of 35 (54.3%)

ATmega32 instruction use summary:
.lds  :   0 .lds.l:   0 .sts  :   0 .sts.l:   0 adc   :   1 add   :   1 
adiw  :   4 and   :   0 andi  :   0 asr   :   0 bclr  :   0 bld   :   2 
brbc  :   0 brbs  :   0 brcc  :   1 brcs  :   0 break :   0 breq  :   6 
brge  :   0 brhc  :   0 brhs  :   0 brid  :   0 brie  :   0 brlo  :   0 
brlt  :   0 brmi  :   0 brne  :  13 brpl  :   0 brsh  :  34 brtc  :   2 
brts  :   0 brvc  :   0 brvs  :   0 bset  :   0 bst   :   1 call  :  56 
cbi   :   0 cbr   :   0 clc   :   0 clh   :   0 cli   :   1 cln   :   0 
clr   :   8 cls   :   0 clt   :   3 clv   :   0 clz   :   0 com   :   4 
cp    :  27 cpc   :   0 cpi   :   4 cpse  :   0 dec   :   3 des   :   0 
eor   :   0 fmul  :   0 fmuls :   0 fmulsu:   0 icall :   0 ijmp  :   0 
in    :   2 inc   :   3 jmp   :  27 ld    :  20 ldd   :   3 ldi   :  71 
lds   :  75 lpm   :   7 lsl   :   1 lsr   :   0 mov   :   3 movw  :   6 
mul   :   0 muls  :   0 mulsu :   0 neg   :   2 nop   :   0 or    :   0 
ori   :   1 out   :  41 pop   :   0 push  :   0 rcall :  12 ret   :  14 
reti  :   1 rjmp  :  39 rol   :   3 ror   :   0 sbc   :   1 sbci  :   3 
sbi   :   2 sbic  :   7 sbis  :  10 sbiw  :   3 sbr   :   1 sbrc  :   1 
sbrs  :   3 sec   :   0 seh   :   0 sei   :   1 sen   :   0 ser   :   0 
ses   :   0 set   :   2 sev   :   0 sez   :   0 sleep :   0 spm   :   0 
st    :  33 std   :   3 sts   :  29 sub   :   1 subi  :   5 swap  :   0 
tst   :   0 wdr   :   0 
Instructions used: 53 out of 116 (45.7%)

ATmega32 memory use summary [bytes]:
Segment   Begin    End      Code   Data   Used    Size   Use%
---------------------------------------------------------------
[.cseg] 0x000000 0x000672   1588     62   1650   32768   5.0%
[.dseg] 0x000060 0x00028c      0     44     44    2143   2.1%
[.eseg] 0x000000 0x000000      0      0      0    1024   0.0%

Assembly complete, 0 errors, 2 warnings
