Tue Dec 01 12:39:57 Saved as file C:\DOCUMENTS AND SETTINGS\WENDYNG\DESKTOP\WENDY SENSOR TENGAH.MAX
Tue Dec 01 12:42:55 Saved as file C:\DOCUMENTS AND SETTINGS\WENDYNG\DESKTOP\WENDY SENSOR TENGAH.MAX
Tue Dec 01 12:43:46 Error code 0034.912 (266)
Tue Dec 01 12:43:46 Saved as file Backup0.max
Tue Dec 01 12:43:46 Windows which were open at time of error:
Tue Dec 01 12:43:46 	ActiveWindow: &Design
Tue Dec 01 12:43:46 	Icon: &Components
Tue Dec 01 12:43:46 	Icon: &Nets
Tue Dec 01 12:43:46 	Icon: Post Proces&s
Tue Dec 01 12:43:46 End-of-list
Tue Dec 01 12:43:46 Error code 0034.912 (266)
Tue Dec 01 13:52:43 Saved as file BACKUP1.MAX
Wed Dec 02 09:58:51 Saved as file BACKUP1.MAX
Wed Dec 02 10:01:25 Error code 0034.912 (266)
Wed Dec 02 10:01:25 Saved as file Backup0.max
Wed Dec 02 10:01:25 Windows which were open at time of error:
Wed Dec 02 10:01:25 	ActiveWindow: &Route
Wed Dec 02 10:01:25 	Icon: &Components
Wed Dec 02 10:01:25 	Icon: &Nets
Wed Dec 02 10:01:25 	Icon: Post Proces&s
Wed Dec 02 10:01:25 End-of-list
Wed Dec 02 10:01:26 Error code 0034.912 (266)
Wed Dec 02 10:09:00 Error code 0034.912 (266)
Wed Dec 02 10:09:00 Saved as file Backup0.max
Wed Dec 02 10:09:00 Windows which were open at time of error:
Wed Dec 02 10:09:00 	ActiveWindow: &Route
Wed Dec 02 10:09:00 	Icon: &Components
Wed Dec 02 10:09:00 	Icon: &Nets
Wed Dec 02 10:09:00 	Icon: Post Proces&s
Wed Dec 02 10:09:00 End-of-list
Wed Dec 02 10:09:01 Error code 0034.912 (266)
Wed Dec 02 10:33:04 Error code 0034.912 (266)
Wed Dec 02 10:33:04 Saved as file Backup0.max
Wed Dec 02 10:33:04 Windows which were open at time of error:
Wed Dec 02 10:33:04 	ActiveWindow: &Route
Wed Dec 02 10:33:04 	Icon: &Components
Wed Dec 02 10:33:04 	Icon: &Nets
Wed Dec 02 10:33:04 	Icon: Post Proces&s
Wed Dec 02 10:33:04 End-of-list
Wed Dec 02 10:33:05 Error code 0034.912 (266)
Wed Dec 02 10:51:06 Saved as file BACKUP1.MAX
Wed Dec 02 11:01:36 Saved as file BACKUP1.MAX
Wed Dec 02 11:12:06 Saved as file BACKUP1.MAX
Wed Dec 02 11:22:36 Saved as file BACKUP1.MAX
Wed Dec 02 11:33:06 Saved as file BACKUP1.MAX
Tue Dec 14 11:47:44 Loaded file C:\Program Files\OrCAD\Layout_Plus\data\template.imp
Tue Dec 14 11:47:44 Loaded file C:\Program Files\OrCAD\Layout_Plus\data\template.imp
Tue Dec 14 11:47:46 Loaded file C:\Program Files\OrCAD\Layout_Plus\library\CLCC.llb
Tue Dec 14 11:47:47 Loaded file C:\Program Files\OrCAD\Layout_Plus\data\template.imp
Tue Dec 14 11:47:48 Loaded file C:\Program Files\OrCAD\Layout_Plus\data\template.imp
Tue Dec 14 11:47:48 Loaded file C:\Program Files\OrCAD\Layout_Plus\data\template.imp
Tue Dec 14 11:47:49 Loaded file C:\Program Files\OrCAD\Layout_Plus\data\template.imp
Tue Dec 14 11:48:50 Saved as file C:\DOCUMENTS AND SETTINGS\FISHNRABBIT\DESKTOP\LAYOUT SENSOR\SENSOR~2.MAX
Tue Dec 14 12:37:49 Saved as file BACKUP1.MAX
Tue Dec 14 13:00:19 Saved as file BACKUP1.MAX
Tue Dec 14 13:13:14 Saved as file C:\DOCUMENTS AND SETTINGS\FISHNRABBIT\DESKTOP\LAYOUT SENSOR\SENSOR~2.MAX
Tue Dec 14 17:37:08 Saved as file BACKUP1.MAX
Tue Dec 14 17:47:38 Saved as file BACKUP1.MAX
Tue Dec 14 17:58:08 Saved as file BACKUP1.MAX
Tue Dec 14 18:08:38 Saved as file BACKUP1.MAX
Tue Dec 14 18:19:08 Saved as file BACKUP1.MAX
Wed Dec 15 22:35:53 Saved as file BACKUP1.MAX
Wed Dec 15 22:46:23 Saved as file BACKUP1.MAX
Wed Dec 15 22:56:53 Saved as file BACKUP1.MAX
Wed Dec 15 23:07:23 Saved as file BACKUP1.MAX
Wed Dec 15 23:17:53 Saved as file BACKUP1.MAX
Wed Dec 15 23:27:53 Saved as file BACKUP1.MAX
Wed Dec 15 23:38:23 Saved as file BACKUP1.MAX
Wed Dec 15 23:48:53 Saved as file BACKUP1.MAX
Wed Dec 15 23:59:23 Saved as file BACKUP1.MAX
Thu Dec 16 00:09:53 Saved as file BACKUP1.MAX
